Mplus VERSION 8.4 (Mac)
MUTHEN & MUTHEN
03/29/2020   2:29 PM

INPUT INSTRUCTIONS

  TITLE:
  m01_step2_ri_lta_t2
  DATA:
  FILE = "/Users/agarber/Desktop/RI-LTA_Muthen20/sim2_RI1/1_t3n500replist.dat";
  type = montecarlo;
  VARIABLE:
  NAMES = u11-u15 u21-u25 u31-u35
        class1 class2 class3;
        usev = u11-u35;
      	CATEGORICAL = u11-u15 u21-u25 u31-u35;
      	CLASSES = c1(2) c2(2) c3(2);
  ANALYSIS:
  TYPE = MIXTURE;
         algorithm = integration;
      	 processors = 8;
  MODEL:
  %OVERALL%
        [c1#1-c3#1*0] (par1-par3);
    	  c2#1 on c1#1*0.5 (par11);
        c3#1 on c2#1*0.5;

    MODEL c1:

        %c1#1%
      	[u11$1*1] (p111);
      	[u12$1*1] (p211);
      	[u13$1*1] (p311);
      	[u14$1*1] (p411);
        [u15$1*1] (p511);

      	%c1#2%
      	[u11$1*-1] (p121);
      	[u12$1*-1] (p221);
      	[u13$1*-1] (p321);
      	[u14$1*-1] (p421);
        [u15$1*-1] (p521);

    MODEL c2: 	
        %c2#1%
      	[u21$1*1] (p111);
      	[u22$1*1] (p211);
      	[u23$1*1] (p311);
      	[u24$1*1] (p411);
        [u25$1*1] (p511);

      	%c2#2%
      	[u21$1*-1] (p121);
      	[u22$1*-1] (p221);
      	[u23$1*-1] (p321);
      	[u24$1*-1] (p421);
        [u25$1*-1] (p521);

    MODEL c3: 	
      	%c3#1%
      	[u31$1*1] (p111);
      	[u32$1*1] (p211);
      	[u33$1*1] (p311);
      	[u34$1*1] (p411);
        [u35$1*1] (p511);

      	%c3#2%
      	[u31$1*-1] (p121);
      	[u32$1*-1] (p221);
      	[u33$1*-1] (p321);
      	[u34$1*-1] (p421);
        [u35$1*-1] (p521);
  MODEL CONSTRAINT:
  ! Compute joint and marginal probabilities:
          New(
          trans11*.622 trans12*.378 trans21*.5 trans22*.5
          prob11*.5 prob12*.5 prob21*.561 prob22*.439);

          trans11 = 1/(1+exp(-(par2+par11)));
          trans12 = 1-trans11;
          trans21 = 1/(1+exp(-par2));
          trans22 = 1- trans21;
          !marginal probabilities at T1 and T2:
          prob11 = 1/(1+exp(-par1));
          prob12 = 1 - prob11;
          prob21 = prob11*trans11+prob12*trans21;
          prob22 = 1- prob21;



*** WARNING in MODEL command
  All variables are uncorrelated with all other variables within class.
  Check that this is what is intended.
   1 WARNING(S) FOUND IN THE INPUT INSTRUCTIONS




m01_step2_ri_lta_t2

SUMMARY OF ANALYSIS

Number of groups                                                 1
Average number of observations                                 500

Number of replications
    Requested                                                    5
    Completed                                                    5

Number of dependent variables                                   15
Number of independent variables                                  0
Number of continuous latent variables                            0
Number of categorical latent variables                           3

Observed dependent variables

  Binary and ordered categorical (ordinal)
   U11         U12         U13         U14         U15         U21
   U22         U23         U24         U25         U31         U32
   U33         U34         U35

Categorical latent variables
   C1          C2          C3


Estimator                                                      MLR
Information matrix                                        OBSERVED
Optimization Specifications for the Quasi-Newton Algorithm for
Continuous Outcomes
  Maximum number of iterations                                 100
  Convergence criterion                                  0.100D-05
Optimization Specifications for the EM Algorithm
  Maximum number of iterations                                 500
  Convergence criteria
    Loglikelihood change                                 0.100D-02
    Relative loglikelihood change                        0.100D-05
    Derivative                                           0.100D-02
Optimization Specifications for the M step of the EM Algorithm for
Categorical Latent variables
  Number of M step iterations                                    1
  M step convergence criterion                           0.100D-02
  Basis for M step termination                           ITERATION
Optimization Specifications for the M step of the EM Algorithm for
Censored, Binary or Ordered Categorical (Ordinal), Unordered
Categorical (Nominal) and Count Outcomes
  Number of M step iterations                                    1
  M step convergence criterion                           0.100D-02
  Basis for M step termination                           ITERATION
  Maximum value for logit thresholds                            15
  Minimum value for logit thresholds                           -15
  Minimum expected cell size for chi-square              0.100D-01
Optimization algorithm                                         EMA
Integration Specifications
  Type                                                    STANDARD
  Number of integration points                                  15
  Dimensions of numerical integration                            0
  Adaptive quadrature                                           ON
Parameterization                                             LOGIT
Link                                                         LOGIT
Cholesky                                                        ON

Input data file(s)
  Multiple data files from
    /Users/agarber/Desktop/RI-LTA_Muthen20/sim2_RI1/1_t3n500replist.dat
Input data format  FREE


UNIVARIATE PROPORTIONS FOR CATEGORICAL VARIABLES

NOTE:  These are average results over 5 data sets.

    U11
      Category 1    0.506
      Category 2    0.494
    U12
      Category 1    0.512
      Category 2    0.488
    U13
      Category 1    0.514
      Category 2    0.486
    U14
      Category 1    0.510
      Category 2    0.490
    U15
      Category 1    0.500
      Category 2    0.500
    U21
      Category 1    0.507
      Category 2    0.493
    U22
      Category 1    0.514
      Category 2    0.486
    U23
      Category 1    0.512
      Category 2    0.488
    U24
      Category 1    0.513
      Category 2    0.487
    U25
      Category 1    0.527
      Category 2    0.473
    U31
      Category 1    0.522
      Category 2    0.478
    U32
      Category 1    0.522
      Category 2    0.478
    U33
      Category 1    0.535
      Category 2    0.465
    U34
      Category 1    0.530
      Category 2    0.470
    U35
      Category 1    0.512
      Category 2    0.488





MODEL FIT INFORMATION

Number of Free Parameters                       15

Loglikelihood

    H0 Value

        Mean                             -4216.642
        Std Dev                             59.057
        Number of successful computations        5

             Proportions                   Percentiles
        Expected    Observed         Expected       Observed
           0.990       1.000        -4354.026      -4305.162
           0.980       1.000        -4337.927      -4305.162
           0.950       1.000        -4313.785      -4305.162
           0.900       0.800        -4292.330      -4305.162
           0.800       0.800        -4266.345      -4305.162
           0.700       0.800        -4247.612      -4305.162
           0.500       0.400        -4216.642      -4229.473
           0.300       0.200        -4185.673      -4229.436
           0.200       0.200        -4166.940      -4196.719
           0.100       0.200        -4140.955      -4196.719
           0.050       0.000        -4119.500      -4196.719
           0.020       0.000        -4095.357      -4196.719
           0.010       0.000        -4079.259      -4196.719

Information Criteria

    Akaike (AIC)

        Mean                              8463.285
        Std Dev                            118.114
        Number of successful computations        5

             Proportions                   Percentiles
        Expected    Observed         Expected       Observed
           0.990       1.000         8188.517       8274.844
           0.980       1.000         8220.715       8274.844
           0.950       1.000         8269.000       8274.844
           0.900       0.800         8311.910       8274.844
           0.800       0.800         8363.880       8274.844
           0.700       0.800         8401.346       8274.844
           0.500       0.600         8463.285       8423.438
           0.300       0.200         8525.224       8488.873
           0.200       0.200         8562.689       8488.945
           0.100       0.200         8614.659       8488.945
           0.050       0.000         8657.570       8488.945
           0.020       0.000         8705.855       8488.945
           0.010       0.000         8738.052       8488.945

    Bayesian (BIC)

        Mean                              8526.504
        Std Dev                            118.114
        Number of successful computations        5

             Proportions                   Percentiles
        Expected    Observed         Expected       Observed
           0.990       1.000         8251.736       8338.063
           0.980       1.000         8283.934       8338.063
           0.950       1.000         8332.219       8338.063
           0.900       0.800         8375.129       8338.063
           0.800       0.800         8427.099       8338.063
           0.700       0.800         8464.565       8338.063
           0.500       0.600         8526.504       8486.657
           0.300       0.200         8588.443       8552.092
           0.200       0.200         8625.908       8552.164
           0.100       0.200         8677.878       8552.164
           0.050       0.000         8720.789       8552.164
           0.020       0.000         8769.074       8552.164
           0.010       0.000         8801.272       8552.164

    Sample-Size Adjusted BIC (n* = (n + 2) / 24)

        Mean                              8478.893
        Std Dev                            118.114
        Number of successful computations        5

             Proportions                   Percentiles
        Expected    Observed         Expected       Observed
           0.990       1.000         8204.125       8290.452
           0.980       1.000         8236.323       8290.452
           0.950       1.000         8284.608       8290.452
           0.900       0.800         8327.519       8290.452
           0.800       0.800         8379.489       8290.452
           0.700       0.800         8416.954       8290.452
           0.500       0.600         8478.893       8439.046
           0.300       0.200         8540.832       8504.481
           0.200       0.200         8578.297       8504.554
           0.100       0.200         8630.267       8504.554
           0.050       0.000         8673.178       8504.554
           0.020       0.000         8721.463       8504.554
           0.010       0.000         8753.661       8504.554

Chi-Square Test of Model Fit for the Binary and Ordered Categorical
(Ordinal) Outcomes

    Pearson Chi-Square

        Mean                              5956.268
        Std Dev                            746.689
        Degrees of freedom                   32630
        Number of successful computations        5

             Proportions                   Percentiles
        Expected    Observed         Expected       Observed
           0.990       0.000        32038.653       4545.376
           0.980       0.000        32107.496       4545.376
           0.950       0.000        32210.945       4545.376
           0.900       0.000        32303.046       4545.376
           0.800       0.000        32414.807       4545.376
           0.700       0.000        32495.555       4545.376
           0.500       0.000        32629.333       5987.155
           0.300       0.000        32763.479       6125.475
           0.200       0.000        32844.804       6430.312
           0.100       0.000        32957.811       6430.312
           0.050       0.000        33051.329       6430.312
           0.020       0.000        33156.794       6430.312
           0.010       0.000        33227.229       6430.312

    Likelihood Ratio Chi-Square

        Mean                              1492.186
        Std Dev                             94.861
        Degrees of freedom                   32630
        Number of successful computations        5

             Proportions                   Percentiles
        Expected    Observed         Expected       Observed
           0.990       0.000        32038.653       1309.648
           0.980       0.000        32107.496       1309.648
           0.950       0.000        32210.945       1309.648
           0.900       0.000        32303.046       1309.648
           0.800       0.000        32414.807       1309.648
           0.700       0.000        32495.555       1309.648
           0.500       0.000        32629.333       1507.260
           0.300       0.000        32763.479       1516.242
           0.200       0.000        32844.804       1546.789
           0.100       0.000        32957.811       1546.789
           0.050       0.000        33051.329       1546.789
           0.020       0.000        33156.794       1546.789
           0.010       0.000        33227.229       1546.789



MODEL RESULTS USE THE LATENT CLASS VARIABLE ORDER

   C1  C2  C3


FINAL CLASS COUNTS AND PROPORTIONS FOR THE LATENT CLASS PATTERNS
BASED ON THE ESTIMATED MODEL

  Latent Class
    Pattern

    1  1  1        190.20760          0.38042
    1  1  2         23.40305          0.04681
    1  2  1          4.65079          0.00930
    1  2  2         30.53803          0.06108
    2  1  1         34.07589          0.06815
    2  1  2          4.21825          0.00844
    2  2  1         27.34093          0.05468
    2  2  2        185.56547          0.37113


FINAL CLASS COUNTS AND PROPORTIONS FOR EACH LATENT CLASS VARIABLE
BASED ON THE ESTIMATED MODEL

  Latent Class
    Variable    Class

    C1             1       248.79947          0.49760
                   2       251.20053          0.50240
    C2             1       251.90479          0.50381
                   2       248.09521          0.49619
    C3             1       256.27521          0.51255
                   2       243.72479          0.48745


LATENT TRANSITION PROBABILITIES BASED ON THE ESTIMATED MODEL

  C1 Classes (Rows) by C2 Classes (Columns)

            1        2

   1     0.859    0.141
   2     0.152    0.848

  C2 Classes (Rows) by C3 Classes (Columns)

            1        2

   1     0.890    0.110
   2     0.130    0.870


FINAL CLASS COUNTS AND PROPORTIONS FOR THE LATENT CLASS PATTERNS
BASED ON ESTIMATED POSTERIOR PROBABILITIES

  Latent Class
    Pattern

    1  1  1        193.44301          0.38689
    1  1  2         20.19234          0.04038
    1  2  1          7.95541          0.01591
    1  2  2         27.23298          0.05447
    2  1  1         30.86308          0.06173
    2  1  2          7.42351          0.01485
    2  2  1         24.03354          0.04807
    2  2  2        188.85612          0.37771


FINAL CLASS COUNTS AND PROPORTIONS FOR EACH LATENT CLASS VARIABLE
BASED ON ESTIMATED POSTERIOR PROBABILITIES

  Latent Class
    Variable    Class

    C1             1       248.82375          0.49765
                   2       251.17627          0.50235
    C2             1       251.92194          0.50384
                   2       248.07806          0.49616
    C3             1       256.29504          0.51259
                   2       243.70496          0.48741


FINAL CLASS COUNTS AND PROPORTIONS FOR THE LATENT CLASS PATTERNS
BASED ON THEIR MOST LIKELY LATENT CLASS PATTERN

Class Counts and Proportions

  Latent Class
    Pattern

    1  1  1              196          0.39240
    1  1  2               17          0.03480
    1  2  1                7          0.01400
    1  2  2               25          0.04960
    2  1  1               28          0.05680
    2  1  2                9          0.01880
    2  2  1               20          0.04080
    2  2  2              196          0.39280


FINAL CLASS COUNTS AND PROPORTIONS FOR EACH LATENT CLASS VARIABLE
BASED ON THEIR MOST LIKELY LATENT CLASS PATTERN

  Latent Class
    Variable    Class

    C1             1             245          0.49080
                   2             254          0.50920
    C2             1             251          0.50280
                   2             248          0.49720
    C3             1             251          0.50400
                   2             248          0.49600


AVERAGE CLASSIFICATION QUALITY

     Entropy                         0.836


MODEL RESULTS

                              ESTIMATES              S. E.     M. S. E.  95%  % Sig
                 Population   Average   Std. Dev.   Average             Cover Coeff

Parameters for Class-specific Model Parts of C1

Latent Class C1#1

 Thresholds
  U11$1               1.000     1.4852     0.1646     0.1351     0.2571 0.200 1.000
  U12$1               1.000     1.5371     0.1697     0.1380     0.3115 0.000 1.000
  U13$1               1.000     1.5436     0.1093     0.1370     0.3051 0.000 1.000
  U14$1               1.000     1.5772     0.1726     0.1394     0.3570 0.000 1.000
  U15$1               1.000     1.5097     0.1743     0.1455     0.2841 0.000 1.000

Latent Class C1#2

 Thresholds
  U11$1              -1.000    -1.3698     0.1919     0.1305     0.1662 0.200 1.000
  U12$1              -1.000    -1.3758     0.1701     0.1335     0.1644 0.400 1.000
  U13$1              -1.000    -1.3211     0.1257     0.1320     0.1157 0.200 1.000
  U14$1              -1.000    -1.3803     0.1800     0.1366     0.1706 0.200 1.000
  U15$1              -1.000    -1.3866     0.1495     0.1307     0.1673 0.000 1.000

Parameters for Class-specific Model Parts of C2

Latent Class C2#1

 Thresholds
  U21$1               1.000     1.4852     0.1646     0.1351     0.2571 0.200 1.000
  U22$1               1.000     1.5371     0.1697     0.1380     0.3115 0.000 1.000
  U23$1               1.000     1.5436     0.1093     0.1370     0.3051 0.000 1.000
  U24$1               1.000     1.5772     0.1726     0.1394     0.3570 0.000 1.000
  U25$1               1.000     1.5097     0.1743     0.1455     0.2841 0.000 1.000

Latent Class C2#2

 Thresholds
  U21$1              -1.000    -1.3698     0.1919     0.1305     0.1662 0.200 1.000
  U22$1              -1.000    -1.3758     0.1701     0.1335     0.1644 0.400 1.000
  U23$1              -1.000    -1.3211     0.1257     0.1320     0.1157 0.200 1.000
  U24$1              -1.000    -1.3803     0.1800     0.1366     0.1706 0.200 1.000
  U25$1              -1.000    -1.3866     0.1495     0.1307     0.1673 0.000 1.000

Parameters for Class-specific Model Parts of C3

Latent Class C3#1

 Thresholds
  U31$1               1.000     1.4852     0.1646     0.1351     0.2571 0.200 1.000
  U32$1               1.000     1.5371     0.1697     0.1380     0.3115 0.000 1.000
  U33$1               1.000     1.5436     0.1093     0.1370     0.3051 0.000 1.000
  U34$1               1.000     1.5772     0.1726     0.1394     0.3570 0.000 1.000
  U35$1               1.000     1.5097     0.1743     0.1455     0.2841 0.000 1.000

Latent Class C3#2

 Thresholds
  U31$1              -1.000    -1.3698     0.1919     0.1305     0.1662 0.200 1.000
  U32$1              -1.000    -1.3758     0.1701     0.1335     0.1644 0.400 1.000
  U33$1              -1.000    -1.3211     0.1257     0.1320     0.1157 0.200 1.000
  U34$1              -1.000    -1.3803     0.1800     0.1366     0.1706 0.200 1.000
  U35$1              -1.000    -1.3866     0.1495     0.1307     0.1673 0.000 1.000

Categorical Latent Variables

 C2#1     ON
  C1#1                0.500     3.5404     0.2959     0.3458     9.3140 0.000 1.000

 C3#1     ON
  C2#1                0.500     4.0311     0.3474     0.3924    12.5651 0.000 1.000

 Means
  C1#1                0.000    -0.0097     0.1465     0.1114     0.0173 0.800 0.200
  C2#1                0.000    -1.7268     0.1533     0.2360     3.0006 0.000 1.000
  C3#1                0.000    -1.9212     0.2499     0.2655     3.7409 0.000 1.000

New/Additional Parameters
  TRANS11             0.622     0.8587     0.0212     0.0303     0.0564 0.000 1.000
  TRANS12             0.378     0.1413     0.0212     0.0303     0.0564 0.000 1.000
  TRANS21             0.500     0.1518     0.0201     0.0301     0.1215 0.000 1.000
  TRANS22             0.500     0.8482     0.0201     0.0301     0.1215 0.000 1.000
  PROB11              0.500     0.4976     0.0365     0.0277     0.0011 0.800 1.000
  PROB12              0.500     0.5024     0.0365     0.0277     0.0011 0.800 1.000
  PROB21              0.561     0.5038     0.0207     0.0287     0.0036 0.600 1.000
  PROB22              0.439     0.4962     0.0207     0.0287     0.0036 0.600 1.000


QUALITY OF NUMERICAL RESULTS

     Average Condition Number for the Information Matrix      0.495E-02
       (ratio of smallest to largest eigenvalue)


TECHNICAL 1 OUTPUT


     PARAMETER SPECIFICATION FOR LATENT CLASS PATTERN 1 1 1


           NU
              U11           U12           U13           U14           U15
              ________      ________      ________      ________      ________
                    0             0             0             0             0


           NU
              U21           U22           U23           U24           U25
              ________      ________      ________      ________      ________
                    0             0             0             0             0


           NU
              U31           U32           U33           U34           U35
              ________      ________      ________      ________      ________
                    0             0             0             0             0


           THETA
              U11           U12           U13           U14           U15
              ________      ________      ________      ________      ________
 U11                0
 U12                0             0
 U13                0             0             0
 U14                0             0             0             0
 U15                0             0             0             0             0
 U21                0             0             0             0             0
 U22                0             0             0             0             0
 U23                0             0             0             0             0
 U24                0             0             0             0             0
 U25                0             0             0             0             0
 U31                0             0             0             0             0
 U32                0             0             0             0             0
 U33                0             0             0             0             0
 U34                0             0             0             0             0
 U35                0             0             0             0             0


           THETA
              U21           U22           U23           U24           U25
              ________      ________      ________      ________      ________
 U21                0
 U22                0             0
 U23                0             0             0
 U24                0             0             0             0
 U25                0             0             0             0             0
 U31                0             0             0             0             0
 U32                0             0             0             0             0
 U33                0             0             0             0             0
 U34                0             0             0             0             0
 U35                0             0             0             0             0


           THETA
              U31           U32           U33           U34           U35
              ________      ________      ________      ________      ________
 U31                0
 U32                0             0
 U33                0             0             0
 U34                0             0             0             0
 U35                0             0             0             0             0


     PARAMETER SPECIFICATION FOR LATENT CLASS PATTERN 1 1 2


           NU
              U11           U12           U13           U14           U15
              ________      ________      ________      ________      ________
                    0             0             0             0             0


           NU
              U21           U22           U23           U24           U25
              ________      ________      ________      ________      ________
                    0             0             0             0             0


           NU
              U31           U32           U33           U34           U35
              ________      ________      ________      ________      ________
                    0             0             0             0             0


           THETA
              U11           U12           U13           U14           U15
              ________      ________      ________      ________      ________
 U11                0
 U12                0             0
 U13                0             0             0
 U14                0             0             0             0
 U15                0             0             0             0             0
 U21                0             0             0             0             0
 U22                0             0             0             0             0
 U23                0             0             0             0             0
 U24                0             0             0             0             0
 U25                0             0             0             0             0
 U31                0             0             0             0             0
 U32                0             0             0             0             0
 U33                0             0             0             0             0
 U34                0             0             0             0             0
 U35                0             0             0             0             0


           THETA
              U21           U22           U23           U24           U25
              ________      ________      ________      ________      ________
 U21                0
 U22                0             0
 U23                0             0             0
 U24                0             0             0             0
 U25                0             0             0             0             0
 U31                0             0             0             0             0
 U32                0             0             0             0             0
 U33                0             0             0             0             0
 U34                0             0             0             0             0
 U35                0             0             0             0             0


           THETA
              U31           U32           U33           U34           U35
              ________      ________      ________      ________      ________
 U31                0
 U32                0             0
 U33                0             0             0
 U34                0             0             0             0
 U35                0             0             0             0             0


     PARAMETER SPECIFICATION FOR LATENT CLASS PATTERN 1 2 1


           NU
              U11           U12           U13           U14           U15
              ________      ________      ________      ________      ________
                    0             0             0             0             0


           NU
              U21           U22           U23           U24           U25
              ________      ________      ________      ________      ________
                    0             0             0             0             0


           NU
              U31           U32           U33           U34           U35
              ________      ________      ________      ________      ________
                    0             0             0             0             0


           THETA
              U11           U12           U13           U14           U15
              ________      ________      ________      ________      ________
 U11                0
 U12                0             0
 U13                0             0             0
 U14                0             0             0             0
 U15                0             0             0             0             0
 U21                0             0             0             0             0
 U22                0             0             0             0             0
 U23                0             0             0             0             0
 U24                0             0             0             0             0
 U25                0             0             0             0             0
 U31                0             0             0             0             0
 U32                0             0             0             0             0
 U33                0             0             0             0             0
 U34                0             0             0             0             0
 U35                0             0             0             0             0


           THETA
              U21           U22           U23           U24           U25
              ________      ________      ________      ________      ________
 U21                0
 U22                0             0
 U23                0             0             0
 U24                0             0             0             0
 U25                0             0             0             0             0
 U31                0             0             0             0             0
 U32                0             0             0             0             0
 U33                0             0             0             0             0
 U34                0             0             0             0             0
 U35                0             0             0             0             0


           THETA
              U31           U32           U33           U34           U35
              ________      ________      ________      ________      ________
 U31                0
 U32                0             0
 U33                0             0             0
 U34                0             0             0             0
 U35                0             0             0             0             0


     PARAMETER SPECIFICATION FOR LATENT CLASS PATTERN 1 2 2


           NU
              U11           U12           U13           U14           U15
              ________      ________      ________      ________      ________
                    0             0             0             0             0


           NU
              U21           U22           U23           U24           U25
              ________      ________      ________      ________      ________
                    0             0             0             0             0


           NU
              U31           U32           U33           U34           U35
              ________      ________      ________      ________      ________
                    0             0             0             0             0


           THETA
              U11           U12           U13           U14           U15
              ________      ________      ________      ________      ________
 U11                0
 U12                0             0
 U13                0             0             0
 U14                0             0             0             0
 U15                0             0             0             0             0
 U21                0             0             0             0             0
 U22                0             0             0             0             0
 U23                0             0             0             0             0
 U24                0             0             0             0             0
 U25                0             0             0             0             0
 U31                0             0             0             0             0
 U32                0             0             0             0             0
 U33                0             0             0             0             0
 U34                0             0             0             0             0
 U35                0             0             0             0             0


           THETA
              U21           U22           U23           U24           U25
              ________      ________      ________      ________      ________
 U21                0
 U22                0             0
 U23                0             0             0
 U24                0             0             0             0
 U25                0             0             0             0             0
 U31                0             0             0             0             0
 U32                0             0             0             0             0
 U33                0             0             0             0             0
 U34                0             0             0             0             0
 U35                0             0             0             0             0


           THETA
              U31           U32           U33           U34           U35
              ________      ________      ________      ________      ________
 U31                0
 U32                0             0
 U33                0             0             0
 U34                0             0             0             0
 U35                0             0             0             0             0


     PARAMETER SPECIFICATION FOR LATENT CLASS PATTERN 2 1 1


           NU
              U11           U12           U13           U14           U15
              ________      ________      ________      ________      ________
                    0             0             0             0             0


           NU
              U21           U22           U23           U24           U25
              ________      ________      ________      ________      ________
                    0             0             0             0             0


           NU
              U31           U32           U33           U34           U35
              ________      ________      ________      ________      ________
                    0             0             0             0             0


           THETA
              U11           U12           U13           U14           U15
              ________      ________      ________      ________      ________
 U11                0
 U12                0             0
 U13                0             0             0
 U14                0             0             0             0
 U15                0             0             0             0             0
 U21                0             0             0             0             0
 U22                0             0             0             0             0
 U23                0             0             0             0             0
 U24                0             0             0             0             0
 U25                0             0             0             0             0
 U31                0             0             0             0             0
 U32                0             0             0             0             0
 U33                0             0             0             0             0
 U34                0             0             0             0             0
 U35                0             0             0             0             0


           THETA
              U21           U22           U23           U24           U25
              ________      ________      ________      ________      ________
 U21                0
 U22                0             0
 U23                0             0             0
 U24                0             0             0             0
 U25                0             0             0             0             0
 U31                0             0             0             0             0
 U32                0             0             0             0             0
 U33                0             0             0             0             0
 U34                0             0             0             0             0
 U35                0             0             0             0             0


           THETA
              U31           U32           U33           U34           U35
              ________      ________      ________      ________      ________
 U31                0
 U32                0             0
 U33                0             0             0
 U34                0             0             0             0
 U35                0             0             0             0             0


     PARAMETER SPECIFICATION FOR LATENT CLASS PATTERN 2 1 2


           NU
              U11           U12           U13           U14           U15
              ________      ________      ________      ________      ________
                    0             0             0             0             0


           NU
              U21           U22           U23           U24           U25
              ________      ________      ________      ________      ________
                    0             0             0             0             0


           NU
              U31           U32           U33           U34           U35
              ________      ________      ________      ________      ________
                    0             0             0             0             0


           THETA
              U11           U12           U13           U14           U15
              ________      ________      ________      ________      ________
 U11                0
 U12                0             0
 U13                0             0             0
 U14                0             0             0             0
 U15                0             0             0             0             0
 U21                0             0             0             0             0
 U22                0             0             0             0             0
 U23                0             0             0             0             0
 U24                0             0             0             0             0
 U25                0             0             0             0             0
 U31                0             0             0             0             0
 U32                0             0             0             0             0
 U33                0             0             0             0             0
 U34                0             0             0             0             0
 U35                0             0             0             0             0


           THETA
              U21           U22           U23           U24           U25
              ________      ________      ________      ________      ________
 U21                0
 U22                0             0
 U23                0             0             0
 U24                0             0             0             0
 U25                0             0             0             0             0
 U31                0             0             0             0             0
 U32                0             0             0             0             0
 U33                0             0             0             0             0
 U34                0             0             0             0             0
 U35                0             0             0             0             0


           THETA
              U31           U32           U33           U34           U35
              ________      ________      ________      ________      ________
 U31                0
 U32                0             0
 U33                0             0             0
 U34                0             0             0             0
 U35                0             0             0             0             0


     PARAMETER SPECIFICATION FOR LATENT CLASS PATTERN 2 2 1


           NU
              U11           U12           U13           U14           U15
              ________      ________      ________      ________      ________
                    0             0             0             0             0


           NU
              U21           U22           U23           U24           U25
              ________      ________      ________      ________      ________
                    0             0             0             0             0


           NU
              U31           U32           U33           U34           U35
              ________      ________      ________      ________      ________
                    0             0             0             0             0


           THETA
              U11           U12           U13           U14           U15
              ________      ________      ________      ________      ________
 U11                0
 U12                0             0
 U13                0             0             0
 U14                0             0             0             0
 U15                0             0             0             0             0
 U21                0             0             0             0             0
 U22                0             0             0             0             0
 U23                0             0             0             0             0
 U24                0             0             0             0             0
 U25                0             0             0             0             0
 U31                0             0             0             0             0
 U32                0             0             0             0             0
 U33                0             0             0             0             0
 U34                0             0             0             0             0
 U35                0             0             0             0             0


           THETA
              U21           U22           U23           U24           U25
              ________      ________      ________      ________      ________
 U21                0
 U22                0             0
 U23                0             0             0
 U24                0             0             0             0
 U25                0             0             0             0             0
 U31                0             0             0             0             0
 U32                0             0             0             0             0
 U33                0             0             0             0             0
 U34                0             0             0             0             0
 U35                0             0             0             0             0


           THETA
              U31           U32           U33           U34           U35
              ________      ________      ________      ________      ________
 U31                0
 U32                0             0
 U33                0             0             0
 U34                0             0             0             0
 U35                0             0             0             0             0


     PARAMETER SPECIFICATION FOR LATENT CLASS PATTERN 2 2 2


           NU
              U11           U12           U13           U14           U15
              ________      ________      ________      ________      ________
                    0             0             0             0             0


           NU
              U21           U22           U23           U24           U25
              ________      ________      ________      ________      ________
                    0             0             0             0             0


           NU
              U31           U32           U33           U34           U35
              ________      ________      ________      ________      ________
                    0             0             0             0             0


           THETA
              U11           U12           U13           U14           U15
              ________      ________      ________      ________      ________
 U11                0
 U12                0             0
 U13                0             0             0
 U14                0             0             0             0
 U15                0             0             0             0             0
 U21                0             0             0             0             0
 U22                0             0             0             0             0
 U23                0             0             0             0             0
 U24                0             0             0             0             0
 U25                0             0             0             0             0
 U31                0             0             0             0             0
 U32                0             0             0             0             0
 U33                0             0             0             0             0
 U34                0             0             0             0             0
 U35                0             0             0             0             0


           THETA
              U21           U22           U23           U24           U25
              ________      ________      ________      ________      ________
 U21                0
 U22                0             0
 U23                0             0             0
 U24                0             0             0             0
 U25                0             0             0             0             0
 U31                0             0             0             0             0
 U32                0             0             0             0             0
 U33                0             0             0             0             0
 U34                0             0             0             0             0
 U35                0             0             0             0             0


           THETA
              U31           U32           U33           U34           U35
              ________      ________      ________      ________      ________
 U31                0
 U32                0             0
 U33                0             0             0
 U34                0             0             0             0
 U35                0             0             0             0             0


     PARAMETER SPECIFICATION FOR LATENT CLASS INDICATOR MODEL PART


           TAU(U) FOR LATENT CLASS PATTERN 1 1 1
              U11$1         U12$1         U13$1         U14$1         U15$1
              ________      ________      ________      ________      ________
                    1             2             3             4             5


           TAU(U) FOR LATENT CLASS PATTERN 1 1 1
              U21$1         U22$1         U23$1         U24$1         U25$1
              ________      ________      ________      ________      ________
                    1             2             3             4             5


           TAU(U) FOR LATENT CLASS PATTERN 1 1 1
              U31$1         U32$1         U33$1         U34$1         U35$1
              ________      ________      ________      ________      ________
                    1             2             3             4             5


           TAU(U) FOR LATENT CLASS PATTERN 1 1 2
              U11$1         U12$1         U13$1         U14$1         U15$1
              ________      ________      ________      ________      ________
                    1             2             3             4             5


           TAU(U) FOR LATENT CLASS PATTERN 1 1 2
              U21$1         U22$1         U23$1         U24$1         U25$1
              ________      ________      ________      ________      ________
                    1             2             3             4             5


           TAU(U) FOR LATENT CLASS PATTERN 1 1 2
              U31$1         U32$1         U33$1         U34$1         U35$1
              ________      ________      ________      ________      ________
                    6             7             8             9            10


           TAU(U) FOR LATENT CLASS PATTERN 1 2 1
              U11$1         U12$1         U13$1         U14$1         U15$1
              ________      ________      ________      ________      ________
                    1             2             3             4             5


           TAU(U) FOR LATENT CLASS PATTERN 1 2 1
              U21$1         U22$1         U23$1         U24$1         U25$1
              ________      ________      ________      ________      ________
                    6             7             8             9            10


           TAU(U) FOR LATENT CLASS PATTERN 1 2 1
              U31$1         U32$1         U33$1         U34$1         U35$1
              ________      ________      ________      ________      ________
                    1             2             3             4             5


           TAU(U) FOR LATENT CLASS PATTERN 1 2 2
              U11$1         U12$1         U13$1         U14$1         U15$1
              ________      ________      ________      ________      ________
                    1             2             3             4             5


           TAU(U) FOR LATENT CLASS PATTERN 1 2 2
              U21$1         U22$1         U23$1         U24$1         U25$1
              ________      ________      ________      ________      ________
                    6             7             8             9            10


           TAU(U) FOR LATENT CLASS PATTERN 1 2 2
              U31$1         U32$1         U33$1         U34$1         U35$1
              ________      ________      ________      ________      ________
                    6             7             8             9            10


           TAU(U) FOR LATENT CLASS PATTERN 2 1 1
              U11$1         U12$1         U13$1         U14$1         U15$1
              ________      ________      ________      ________      ________
                    6             7             8             9            10


           TAU(U) FOR LATENT CLASS PATTERN 2 1 1
              U21$1         U22$1         U23$1         U24$1         U25$1
              ________      ________      ________      ________      ________
                    1             2             3             4             5


           TAU(U) FOR LATENT CLASS PATTERN 2 1 1
              U31$1         U32$1         U33$1         U34$1         U35$1
              ________      ________      ________      ________      ________
                    1             2             3             4             5


           TAU(U) FOR LATENT CLASS PATTERN 2 1 2
              U11$1         U12$1         U13$1         U14$1         U15$1
              ________      ________      ________      ________      ________
                    6             7             8             9            10


           TAU(U) FOR LATENT CLASS PATTERN 2 1 2
              U21$1         U22$1         U23$1         U24$1         U25$1
              ________      ________      ________      ________      ________
                    1             2             3             4             5


           TAU(U) FOR LATENT CLASS PATTERN 2 1 2
              U31$1         U32$1         U33$1         U34$1         U35$1
              ________      ________      ________      ________      ________
                    6             7             8             9            10


           TAU(U) FOR LATENT CLASS PATTERN 2 2 1
              U11$1         U12$1         U13$1         U14$1         U15$1
              ________      ________      ________      ________      ________
                    6             7             8             9            10


           TAU(U) FOR LATENT CLASS PATTERN 2 2 1
              U21$1         U22$1         U23$1         U24$1         U25$1
              ________      ________      ________      ________      ________
                    6             7             8             9            10


           TAU(U) FOR LATENT CLASS PATTERN 2 2 1
              U31$1         U32$1         U33$1         U34$1         U35$1
              ________      ________      ________      ________      ________
                    1             2             3             4             5


           TAU(U) FOR LATENT CLASS PATTERN 2 2 2
              U11$1         U12$1         U13$1         U14$1         U15$1
              ________      ________      ________      ________      ________
                    6             7             8             9            10


           TAU(U) FOR LATENT CLASS PATTERN 2 2 2
              U21$1         U22$1         U23$1         U24$1         U25$1
              ________      ________      ________      ________      ________
                    6             7             8             9            10


           TAU(U) FOR LATENT CLASS PATTERN 2 2 2
              U31$1         U32$1         U33$1         U34$1         U35$1
              ________      ________      ________      ________      ________
                    6             7             8             9            10


     PARAMETER SPECIFICATION FOR LATENT CLASS REGRESSION MODEL PART


           ALPHA(C)
              C1#1          C1#2          C2#1          C2#2          C3#1
              ________      ________      ________      ________      ________
                   11             0            12             0            13


           ALPHA(C)
              C3#2
              ________
                    0


           BETA(C)
              C1#1          C1#2
              ________      ________
 C2#1              14             0
 C2#2               0             0


           BETA(C)
              C2#1          C2#2
              ________      ________
 C3#1              15             0
 C3#2               0             0


     PARAMETER SPECIFICATION FOR THE ADDITIONAL PARAMETERS


           NEW/ADDITIONAL PARAMETERS
              TRANS11       TRANS12       TRANS21       TRANS22       PROB11
              ________      ________      ________      ________      ________
                   16            17            18            19            20


           NEW/ADDITIONAL PARAMETERS
              PROB12        PROB21        PROB22
              ________      ________      ________
                   21            22            23


     STARTING VALUES FOR LATENT CLASS PATTERN 1 1 1


           NU
              U11           U12           U13           U14           U15
              ________      ________      ________      ________      ________
                0.000         0.000         0.000         0.000         0.000


           NU
              U21           U22           U23           U24           U25
              ________      ________      ________      ________      ________
                0.000         0.000         0.000         0.000         0.000


           NU
              U31           U32           U33           U34           U35
              ________      ________      ________      ________      ________
                0.000         0.000         0.000         0.000         0.000


           THETA
              U11           U12           U13           U14           U15
              ________      ________      ________      ________      ________
 U11            1.000
 U12            0.000         1.000
 U13            0.000         0.000         1.000
 U14            0.000         0.000         0.000         1.000
 U15            0.000         0.000         0.000         0.000         1.000
 U21            0.000         0.000         0.000         0.000         0.000
 U22            0.000         0.000         0.000         0.000         0.000
 U23            0.000         0.000         0.000         0.000         0.000
 U24            0.000         0.000         0.000         0.000         0.000
 U25            0.000         0.000         0.000         0.000         0.000
 U31            0.000         0.000         0.000         0.000         0.000
 U32            0.000         0.000         0.000         0.000         0.000
 U33            0.000         0.000         0.000         0.000         0.000
 U34            0.000         0.000         0.000         0.000         0.000
 U35            0.000         0.000         0.000         0.000         0.000


           THETA
              U21           U22           U23           U24           U25
              ________      ________      ________      ________      ________
 U21            1.000
 U22            0.000         1.000
 U23            0.000         0.000         1.000
 U24            0.000         0.000         0.000         1.000
 U25            0.000         0.000         0.000         0.000         1.000
 U31            0.000         0.000         0.000         0.000         0.000
 U32            0.000         0.000         0.000         0.000         0.000
 U33            0.000         0.000         0.000         0.000         0.000
 U34            0.000         0.000         0.000         0.000         0.000
 U35            0.000         0.000         0.000         0.000         0.000


           THETA
              U31           U32           U33           U34           U35
              ________      ________      ________      ________      ________
 U31            1.000
 U32            0.000         1.000
 U33            0.000         0.000         1.000
 U34            0.000         0.000         0.000         1.000
 U35            0.000         0.000         0.000         0.000         1.000


     STARTING VALUES FOR LATENT CLASS PATTERN 1 1 2


           NU
              U11           U12           U13           U14           U15
              ________      ________      ________      ________      ________
                0.000         0.000         0.000         0.000         0.000


           NU
              U21           U22           U23           U24           U25
              ________      ________      ________      ________      ________
                0.000         0.000         0.000         0.000         0.000


           NU
              U31           U32           U33           U34           U35
              ________      ________      ________      ________      ________
                0.000         0.000         0.000         0.000         0.000


           THETA
              U11           U12           U13           U14           U15
              ________      ________      ________      ________      ________
 U11            1.000
 U12            0.000         1.000
 U13            0.000         0.000         1.000
 U14            0.000         0.000         0.000         1.000
 U15            0.000         0.000         0.000         0.000         1.000
 U21            0.000         0.000         0.000         0.000         0.000
 U22            0.000         0.000         0.000         0.000         0.000
 U23            0.000         0.000         0.000         0.000         0.000
 U24            0.000         0.000         0.000         0.000         0.000
 U25            0.000         0.000         0.000         0.000         0.000
 U31            0.000         0.000         0.000         0.000         0.000
 U32            0.000         0.000         0.000         0.000         0.000
 U33            0.000         0.000         0.000         0.000         0.000
 U34            0.000         0.000         0.000         0.000         0.000
 U35            0.000         0.000         0.000         0.000         0.000


           THETA
              U21           U22           U23           U24           U25
              ________      ________      ________      ________      ________
 U21            1.000
 U22            0.000         1.000
 U23            0.000         0.000         1.000
 U24            0.000         0.000         0.000         1.000
 U25            0.000         0.000         0.000         0.000         1.000
 U31            0.000         0.000         0.000         0.000         0.000
 U32            0.000         0.000         0.000         0.000         0.000
 U33            0.000         0.000         0.000         0.000         0.000
 U34            0.000         0.000         0.000         0.000         0.000
 U35            0.000         0.000         0.000         0.000         0.000


           THETA
              U31           U32           U33           U34           U35
              ________      ________      ________      ________      ________
 U31            1.000
 U32            0.000         1.000
 U33            0.000         0.000         1.000
 U34            0.000         0.000         0.000         1.000
 U35            0.000         0.000         0.000         0.000         1.000


     STARTING VALUES FOR LATENT CLASS PATTERN 1 2 1


           NU
              U11           U12           U13           U14           U15
              ________      ________      ________      ________      ________
                0.000         0.000         0.000         0.000         0.000


           NU
              U21           U22           U23           U24           U25
              ________      ________      ________      ________      ________
                0.000         0.000         0.000         0.000         0.000


           NU
              U31           U32           U33           U34           U35
              ________      ________      ________      ________      ________
                0.000         0.000         0.000         0.000         0.000


           THETA
              U11           U12           U13           U14           U15
              ________      ________      ________      ________      ________
 U11            1.000
 U12            0.000         1.000
 U13            0.000         0.000         1.000
 U14            0.000         0.000         0.000         1.000
 U15            0.000         0.000         0.000         0.000         1.000
 U21            0.000         0.000         0.000         0.000         0.000
 U22            0.000         0.000         0.000         0.000         0.000
 U23            0.000         0.000         0.000         0.000         0.000
 U24            0.000         0.000         0.000         0.000         0.000
 U25            0.000         0.000         0.000         0.000         0.000
 U31            0.000         0.000         0.000         0.000         0.000
 U32            0.000         0.000         0.000         0.000         0.000
 U33            0.000         0.000         0.000         0.000         0.000
 U34            0.000         0.000         0.000         0.000         0.000
 U35            0.000         0.000         0.000         0.000         0.000


           THETA
              U21           U22           U23           U24           U25
              ________      ________      ________      ________      ________
 U21            1.000
 U22            0.000         1.000
 U23            0.000         0.000         1.000
 U24            0.000         0.000         0.000         1.000
 U25            0.000         0.000         0.000         0.000         1.000
 U31            0.000         0.000         0.000         0.000         0.000
 U32            0.000         0.000         0.000         0.000         0.000
 U33            0.000         0.000         0.000         0.000         0.000
 U34            0.000         0.000         0.000         0.000         0.000
 U35            0.000         0.000         0.000         0.000         0.000


           THETA
              U31           U32           U33           U34           U35
              ________      ________      ________      ________      ________
 U31            1.000
 U32            0.000         1.000
 U33            0.000         0.000         1.000
 U34            0.000         0.000         0.000         1.000
 U35            0.000         0.000         0.000         0.000         1.000


     STARTING VALUES FOR LATENT CLASS PATTERN 1 2 2


           NU
              U11           U12           U13           U14           U15
              ________      ________      ________      ________      ________
                0.000         0.000         0.000         0.000         0.000


           NU
              U21           U22           U23           U24           U25
              ________      ________      ________      ________      ________
                0.000         0.000         0.000         0.000         0.000


           NU
              U31           U32           U33           U34           U35
              ________      ________      ________      ________      ________
                0.000         0.000         0.000         0.000         0.000


           THETA
              U11           U12           U13           U14           U15
              ________      ________      ________      ________      ________
 U11            1.000
 U12            0.000         1.000
 U13            0.000         0.000         1.000
 U14            0.000         0.000         0.000         1.000
 U15            0.000         0.000         0.000         0.000         1.000
 U21            0.000         0.000         0.000         0.000         0.000
 U22            0.000         0.000         0.000         0.000         0.000
 U23            0.000         0.000         0.000         0.000         0.000
 U24            0.000         0.000         0.000         0.000         0.000
 U25            0.000         0.000         0.000         0.000         0.000
 U31            0.000         0.000         0.000         0.000         0.000
 U32            0.000         0.000         0.000         0.000         0.000
 U33            0.000         0.000         0.000         0.000         0.000
 U34            0.000         0.000         0.000         0.000         0.000
 U35            0.000         0.000         0.000         0.000         0.000


           THETA
              U21           U22           U23           U24           U25
              ________      ________      ________      ________      ________
 U21            1.000
 U22            0.000         1.000
 U23            0.000         0.000         1.000
 U24            0.000         0.000         0.000         1.000
 U25            0.000         0.000         0.000         0.000         1.000
 U31            0.000         0.000         0.000         0.000         0.000
 U32            0.000         0.000         0.000         0.000         0.000
 U33            0.000         0.000         0.000         0.000         0.000
 U34            0.000         0.000         0.000         0.000         0.000
 U35            0.000         0.000         0.000         0.000         0.000


           THETA
              U31           U32           U33           U34           U35
              ________      ________      ________      ________      ________
 U31            1.000
 U32            0.000         1.000
 U33            0.000         0.000         1.000
 U34            0.000         0.000         0.000         1.000
 U35            0.000         0.000         0.000         0.000         1.000


     STARTING VALUES FOR LATENT CLASS PATTERN 2 1 1


           NU
              U11           U12           U13           U14           U15
              ________      ________      ________      ________      ________
                0.000         0.000         0.000         0.000         0.000


           NU
              U21           U22           U23           U24           U25
              ________      ________      ________      ________      ________
                0.000         0.000         0.000         0.000         0.000


           NU
              U31           U32           U33           U34           U35
              ________      ________      ________      ________      ________
                0.000         0.000         0.000         0.000         0.000


           THETA
              U11           U12           U13           U14           U15
              ________      ________      ________      ________      ________
 U11            1.000
 U12            0.000         1.000
 U13            0.000         0.000         1.000
 U14            0.000         0.000         0.000         1.000
 U15            0.000         0.000         0.000         0.000         1.000
 U21            0.000         0.000         0.000         0.000         0.000
 U22            0.000         0.000         0.000         0.000         0.000
 U23            0.000         0.000         0.000         0.000         0.000
 U24            0.000         0.000         0.000         0.000         0.000
 U25            0.000         0.000         0.000         0.000         0.000
 U31            0.000         0.000         0.000         0.000         0.000
 U32            0.000         0.000         0.000         0.000         0.000
 U33            0.000         0.000         0.000         0.000         0.000
 U34            0.000         0.000         0.000         0.000         0.000
 U35            0.000         0.000         0.000         0.000         0.000


           THETA
              U21           U22           U23           U24           U25
              ________      ________      ________      ________      ________
 U21            1.000
 U22            0.000         1.000
 U23            0.000         0.000         1.000
 U24            0.000         0.000         0.000         1.000
 U25            0.000         0.000         0.000         0.000         1.000
 U31            0.000         0.000         0.000         0.000         0.000
 U32            0.000         0.000         0.000         0.000         0.000
 U33            0.000         0.000         0.000         0.000         0.000
 U34            0.000         0.000         0.000         0.000         0.000
 U35            0.000         0.000         0.000         0.000         0.000


           THETA
              U31           U32           U33           U34           U35
              ________      ________      ________      ________      ________
 U31            1.000
 U32            0.000         1.000
 U33            0.000         0.000         1.000
 U34            0.000         0.000         0.000         1.000
 U35            0.000         0.000         0.000         0.000         1.000


     STARTING VALUES FOR LATENT CLASS PATTERN 2 1 2


           NU
              U11           U12           U13           U14           U15
              ________      ________      ________      ________      ________
                0.000         0.000         0.000         0.000         0.000


           NU
              U21           U22           U23           U24           U25
              ________      ________      ________      ________      ________
                0.000         0.000         0.000         0.000         0.000


           NU
              U31           U32           U33           U34           U35
              ________      ________      ________      ________      ________
                0.000         0.000         0.000         0.000         0.000


           THETA
              U11           U12           U13           U14           U15
              ________      ________      ________      ________      ________
 U11            1.000
 U12            0.000         1.000
 U13            0.000         0.000         1.000
 U14            0.000         0.000         0.000         1.000
 U15            0.000         0.000         0.000         0.000         1.000
 U21            0.000         0.000         0.000         0.000         0.000
 U22            0.000         0.000         0.000         0.000         0.000
 U23            0.000         0.000         0.000         0.000         0.000
 U24            0.000         0.000         0.000         0.000         0.000
 U25            0.000         0.000         0.000         0.000         0.000
 U31            0.000         0.000         0.000         0.000         0.000
 U32            0.000         0.000         0.000         0.000         0.000
 U33            0.000         0.000         0.000         0.000         0.000
 U34            0.000         0.000         0.000         0.000         0.000
 U35            0.000         0.000         0.000         0.000         0.000


           THETA
              U21           U22           U23           U24           U25
              ________      ________      ________      ________      ________
 U21            1.000
 U22            0.000         1.000
 U23            0.000         0.000         1.000
 U24            0.000         0.000         0.000         1.000
 U25            0.000         0.000         0.000         0.000         1.000
 U31            0.000         0.000         0.000         0.000         0.000
 U32            0.000         0.000         0.000         0.000         0.000
 U33            0.000         0.000         0.000         0.000         0.000
 U34            0.000         0.000         0.000         0.000         0.000
 U35            0.000         0.000         0.000         0.000         0.000


           THETA
              U31           U32           U33           U34           U35
              ________      ________      ________      ________      ________
 U31            1.000
 U32            0.000         1.000
 U33            0.000         0.000         1.000
 U34            0.000         0.000         0.000         1.000
 U35            0.000         0.000         0.000         0.000         1.000


     STARTING VALUES FOR LATENT CLASS PATTERN 2 2 1


           NU
              U11           U12           U13           U14           U15
              ________      ________      ________      ________      ________
                0.000         0.000         0.000         0.000         0.000


           NU
              U21           U22           U23           U24           U25
              ________      ________      ________      ________      ________
                0.000         0.000         0.000         0.000         0.000


           NU
              U31           U32           U33           U34           U35
              ________      ________      ________      ________      ________
                0.000         0.000         0.000         0.000         0.000


           THETA
              U11           U12           U13           U14           U15
              ________      ________      ________      ________      ________
 U11            1.000
 U12            0.000         1.000
 U13            0.000         0.000         1.000
 U14            0.000         0.000         0.000         1.000
 U15            0.000         0.000         0.000         0.000         1.000
 U21            0.000         0.000         0.000         0.000         0.000
 U22            0.000         0.000         0.000         0.000         0.000
 U23            0.000         0.000         0.000         0.000         0.000
 U24            0.000         0.000         0.000         0.000         0.000
 U25            0.000         0.000         0.000         0.000         0.000
 U31            0.000         0.000         0.000         0.000         0.000
 U32            0.000         0.000         0.000         0.000         0.000
 U33            0.000         0.000         0.000         0.000         0.000
 U34            0.000         0.000         0.000         0.000         0.000
 U35            0.000         0.000         0.000         0.000         0.000


           THETA
              U21           U22           U23           U24           U25
              ________      ________      ________      ________      ________
 U21            1.000
 U22            0.000         1.000
 U23            0.000         0.000         1.000
 U24            0.000         0.000         0.000         1.000
 U25            0.000         0.000         0.000         0.000         1.000
 U31            0.000         0.000         0.000         0.000         0.000
 U32            0.000         0.000         0.000         0.000         0.000
 U33            0.000         0.000         0.000         0.000         0.000
 U34            0.000         0.000         0.000         0.000         0.000
 U35            0.000         0.000         0.000         0.000         0.000


           THETA
              U31           U32           U33           U34           U35
              ________      ________      ________      ________      ________
 U31            1.000
 U32            0.000         1.000
 U33            0.000         0.000         1.000
 U34            0.000         0.000         0.000         1.000
 U35            0.000         0.000         0.000         0.000         1.000


     STARTING VALUES FOR LATENT CLASS PATTERN 2 2 2


           NU
              U11           U12           U13           U14           U15
              ________      ________      ________      ________      ________
                0.000         0.000         0.000         0.000         0.000


           NU
              U21           U22           U23           U24           U25
              ________      ________      ________      ________      ________
                0.000         0.000         0.000         0.000         0.000


           NU
              U31           U32           U33           U34           U35
              ________      ________      ________      ________      ________
                0.000         0.000         0.000         0.000         0.000


           THETA
              U11           U12           U13           U14           U15
              ________      ________      ________      ________      ________
 U11            1.000
 U12            0.000         1.000
 U13            0.000         0.000         1.000
 U14            0.000         0.000         0.000         1.000
 U15            0.000         0.000         0.000         0.000         1.000
 U21            0.000         0.000         0.000         0.000         0.000
 U22            0.000         0.000         0.000         0.000         0.000
 U23            0.000         0.000         0.000         0.000         0.000
 U24            0.000         0.000         0.000         0.000         0.000
 U25            0.000         0.000         0.000         0.000         0.000
 U31            0.000         0.000         0.000         0.000         0.000
 U32            0.000         0.000         0.000         0.000         0.000
 U33            0.000         0.000         0.000         0.000         0.000
 U34            0.000         0.000         0.000         0.000         0.000
 U35            0.000         0.000         0.000         0.000         0.000


           THETA
              U21           U22           U23           U24           U25
              ________      ________      ________      ________      ________
 U21            1.000
 U22            0.000         1.000
 U23            0.000         0.000         1.000
 U24            0.000         0.000         0.000         1.000
 U25            0.000         0.000         0.000         0.000         1.000
 U31            0.000         0.000         0.000         0.000         0.000
 U32            0.000         0.000         0.000         0.000         0.000
 U33            0.000         0.000         0.000         0.000         0.000
 U34            0.000         0.000         0.000         0.000         0.000
 U35            0.000         0.000         0.000         0.000         0.000


           THETA
              U31           U32           U33           U34           U35
              ________      ________      ________      ________      ________
 U31            1.000
 U32            0.000         1.000
 U33            0.000         0.000         1.000
 U34            0.000         0.000         0.000         1.000
 U35            0.000         0.000         0.000         0.000         1.000


     STARTING VALUES FOR LATENT CLASS INDICATOR MODEL PART


           TAU(U) FOR LATENT CLASS PATTERN 1 1 1
              U11$1         U12$1         U13$1         U14$1         U15$1
              ________      ________      ________      ________      ________
                1.000         1.000         1.000         1.000         1.000


           TAU(U) FOR LATENT CLASS PATTERN 1 1 1
              U21$1         U22$1         U23$1         U24$1         U25$1
              ________      ________      ________      ________      ________
                1.000         1.000         1.000         1.000         1.000


           TAU(U) FOR LATENT CLASS PATTERN 1 1 1
              U31$1         U32$1         U33$1         U34$1         U35$1
              ________      ________      ________      ________      ________
                1.000         1.000         1.000         1.000         1.000


           TAU(U) FOR LATENT CLASS PATTERN 1 1 2
              U11$1         U12$1         U13$1         U14$1         U15$1
              ________      ________      ________      ________      ________
                1.000         1.000         1.000         1.000         1.000


           TAU(U) FOR LATENT CLASS PATTERN 1 1 2
              U21$1         U22$1         U23$1         U24$1         U25$1
              ________      ________      ________      ________      ________
                1.000         1.000         1.000         1.000         1.000


           TAU(U) FOR LATENT CLASS PATTERN 1 1 2
              U31$1         U32$1         U33$1         U34$1         U35$1
              ________      ________      ________      ________      ________
               -1.000        -1.000        -1.000        -1.000        -1.000


           TAU(U) FOR LATENT CLASS PATTERN 1 2 1
              U11$1         U12$1         U13$1         U14$1         U15$1
              ________      ________      ________      ________      ________
                1.000         1.000         1.000         1.000         1.000


           TAU(U) FOR LATENT CLASS PATTERN 1 2 1
              U21$1         U22$1         U23$1         U24$1         U25$1
              ________      ________      ________      ________      ________
               -1.000        -1.000        -1.000        -1.000        -1.000


           TAU(U) FOR LATENT CLASS PATTERN 1 2 1
              U31$1         U32$1         U33$1         U34$1         U35$1
              ________      ________      ________      ________      ________
                1.000         1.000         1.000         1.000         1.000


           TAU(U) FOR LATENT CLASS PATTERN 1 2 2
              U11$1         U12$1         U13$1         U14$1         U15$1
              ________      ________      ________      ________      ________
                1.000         1.000         1.000         1.000         1.000


           TAU(U) FOR LATENT CLASS PATTERN 1 2 2
              U21$1         U22$1         U23$1         U24$1         U25$1
              ________      ________      ________      ________      ________
               -1.000        -1.000        -1.000        -1.000        -1.000


           TAU(U) FOR LATENT CLASS PATTERN 1 2 2
              U31$1         U32$1         U33$1         U34$1         U35$1
              ________      ________      ________      ________      ________
               -1.000        -1.000        -1.000        -1.000        -1.000


           TAU(U) FOR LATENT CLASS PATTERN 2 1 1
              U11$1         U12$1         U13$1         U14$1         U15$1
              ________      ________      ________      ________      ________
               -1.000        -1.000        -1.000        -1.000        -1.000


           TAU(U) FOR LATENT CLASS PATTERN 2 1 1
              U21$1         U22$1         U23$1         U24$1         U25$1
              ________      ________      ________      ________      ________
                1.000         1.000         1.000         1.000         1.000


           TAU(U) FOR LATENT CLASS PATTERN 2 1 1
              U31$1         U32$1         U33$1         U34$1         U35$1
              ________      ________      ________      ________      ________
                1.000         1.000         1.000         1.000         1.000


           TAU(U) FOR LATENT CLASS PATTERN 2 1 2
              U11$1         U12$1         U13$1         U14$1         U15$1
              ________      ________      ________      ________      ________
               -1.000        -1.000        -1.000        -1.000        -1.000


           TAU(U) FOR LATENT CLASS PATTERN 2 1 2
              U21$1         U22$1         U23$1         U24$1         U25$1
              ________      ________      ________      ________      ________
                1.000         1.000         1.000         1.000         1.000


           TAU(U) FOR LATENT CLASS PATTERN 2 1 2
              U31$1         U32$1         U33$1         U34$1         U35$1
              ________      ________      ________      ________      ________
               -1.000        -1.000        -1.000        -1.000        -1.000


           TAU(U) FOR LATENT CLASS PATTERN 2 2 1
              U11$1         U12$1         U13$1         U14$1         U15$1
              ________      ________      ________      ________      ________
               -1.000        -1.000        -1.000        -1.000        -1.000


           TAU(U) FOR LATENT CLASS PATTERN 2 2 1
              U21$1         U22$1         U23$1         U24$1         U25$1
              ________      ________      ________      ________      ________
               -1.000        -1.000        -1.000        -1.000        -1.000


           TAU(U) FOR LATENT CLASS PATTERN 2 2 1
              U31$1         U32$1         U33$1         U34$1         U35$1
              ________      ________      ________      ________      ________
                1.000         1.000         1.000         1.000         1.000


           TAU(U) FOR LATENT CLASS PATTERN 2 2 2
              U11$1         U12$1         U13$1         U14$1         U15$1
              ________      ________      ________      ________      ________
               -1.000        -1.000        -1.000        -1.000        -1.000


           TAU(U) FOR LATENT CLASS PATTERN 2 2 2
              U21$1         U22$1         U23$1         U24$1         U25$1
              ________      ________      ________      ________      ________
               -1.000        -1.000        -1.000        -1.000        -1.000


           TAU(U) FOR LATENT CLASS PATTERN 2 2 2
              U31$1         U32$1         U33$1         U34$1         U35$1
              ________      ________      ________      ________      ________
               -1.000        -1.000        -1.000        -1.000        -1.000


     STARTING VALUES FOR LATENT CLASS REGRESSION MODEL PART


           ALPHA(C)
              C1#1          C1#2          C2#1          C2#2          C3#1
              ________      ________      ________      ________      ________
                0.000         0.000         0.000         0.000         0.000


           ALPHA(C)
              C3#2
              ________
                0.000


           BETA(C)
              C1#1          C1#2
              ________      ________
 C2#1           0.500         0.000
 C2#2           0.000         0.000


           BETA(C)
              C2#1          C2#2
              ________      ________
 C3#1           0.500         0.000
 C3#2           0.000         0.000


     STARTING VALUES FOR THE ADDITIONAL PARAMETERS


           NEW/ADDITIONAL PARAMETERS
              TRANS11       TRANS12       TRANS21       TRANS22       PROB11
              ________      ________      ________      ________      ________
                0.622         0.378         0.500         0.500         0.500


           NEW/ADDITIONAL PARAMETERS
              PROB12        PROB21        PROB22
              ________      ________      ________
                0.500         0.561         0.439


     Beginning Time:  14:29:11
        Ending Time:  14:29:11
       Elapsed Time:  00:00:00



MUTHEN & MUTHEN
3463 Stoner Ave.
Los Angeles, CA  90066

Tel: (310) 391-9971
Fax: (310) 391-8971
Web: www.StatModel.com
Support: Support@StatModel.com

Copyright (c) 1998-2019 Muthen & Muthen
