Mplus VERSION 8.6 (Mac)
MUTHEN & MUTHEN
05/26/2021   3:14 PM

INPUT INSTRUCTIONS

  TITLE:
  Varimax Orthogonal EFA - LAB 5 DEMO
  DATA:
  FILE = "/Users/agarber/github/NTNU-workshop/05-cfa/efa_mplus/efa_varimax_orthogonal.dat";

  VARIABLE:
  NAMES = BYS22A BYS22C BYS22D BYS22E BYS22F BYS22G BYS22H BYS24A BYS24B BYS24C BYS24D
       BYS24E BYS24F BYS22B;
   MISSING=.;
    ! removed BYS24G (due to low loading < .2)
      usevar = BYS22A-BYS22B;
  ANALYSIS:
  type = efa 1 3;
       estimator = mlr;
       rotation = varimax; ! orthogonal (no factor correlations)
       parallel=50; ! run parallel analysis
  OUTPUT:
  sampstat;
  PLOT:
  type = plot3;



*** WARNING
  Data set contains cases with missing on all variables.
  These cases were not included in the analysis.
  Number of cases with missing on all variables:  31
   1 WARNING(S) FOUND IN THE INPUT INSTRUCTIONS




Varimax Orthogonal EFA - LAB 5 DEMO

SUMMARY OF ANALYSIS

Number of groups                                                 1
Number of observations                                         366

Number of dependent variables                                   14
Number of independent variables                                  0
Number of continuous latent variables                            0

Observed dependent variables

  Continuous
   BYS22A      BYS22C      BYS22D      BYS22E      BYS22F      BYS22G
   BYS22H      BYS24A      BYS24B      BYS24C      BYS24D      BYS24E
   BYS24F      BYS22B


Estimator                                                      MLR
Rotation                                                   VARIMAX
Row standardization                                    CORRELATION
Type of rotation                                        ORTHOGONAL
Information matrix                                        OBSERVED
Maximum number of iterations                                  1000
Convergence criterion                                    0.500D-04
Maximum number of steepest descent iterations                   20
Maximum number of iterations for H1                           2000
Convergence criterion for H1                             0.100D-03
Optimization Specifications for the Exploratory Factor Analysis
Rotation Algorithm
  Number of random starts                                        0
  Maximum number of iterations                               10000
  Derivative convergence criterion                       0.100D-04

Input data file(s)
  /Users/agarber/github/NTNU-workshop/05-cfa/efa_mplus/efa_varimax_orthogonal.da

Input data format  FREE


SUMMARY OF DATA

     Number of missing data patterns            17


COVARIANCE COVERAGE OF DATA

Minimum covariance coverage value   0.100


     PROPORTION OF DATA PRESENT


           Covariance Coverage
              BYS22A        BYS22C        BYS22D        BYS22E        BYS22F
              ________      ________      ________      ________      ________
 BYS22A         0.992
 BYS22C         0.986         0.989
 BYS22D         0.981         0.981         0.984
 BYS22E         0.984         0.981         0.978         0.986
 BYS22F         0.986         0.986         0.978         0.981         0.989
 BYS22G         0.989         0.986         0.984         0.986         0.986
 BYS22H         0.986         0.986         0.984         0.984         0.984
 BYS24A         0.992         0.989         0.984         0.986         0.989
 BYS24B         0.989         0.986         0.981         0.984         0.986
 BYS24C         0.973         0.973         0.967         0.967         0.970
 BYS24D         0.984         0.981         0.975         0.981         0.981
 BYS24E         0.992         0.989         0.984         0.986         0.989
 BYS24F         0.984         0.984         0.975         0.978         0.984
 BYS22B         0.984         0.984         0.978         0.978         0.981


           Covariance Coverage
              BYS22G        BYS22H        BYS24A        BYS24B        BYS24C
              ________      ________      ________      ________      ________
 BYS22G         0.992
 BYS22H         0.989         0.989
 BYS24A         0.992         0.989         0.997
 BYS24B         0.989         0.986         0.995         0.997
 BYS24C         0.973         0.973         0.978         0.978         0.978
 BYS24D         0.984         0.981         0.989         0.986         0.973
 BYS24E         0.992         0.989         0.997         0.995         0.978
 BYS24F         0.984         0.981         0.989         0.986         0.970
 BYS22B         0.984         0.984         0.989         0.986         0.973


           Covariance Coverage
              BYS24D        BYS24E        BYS24F        BYS22B
              ________      ________      ________      ________
 BYS24D         0.989
 BYS24E         0.989         0.997
 BYS24F         0.981         0.989         0.989
 BYS22B         0.981         0.989         0.981         0.989


SAMPLE STATISTICS


     ESTIMATED SAMPLE STATISTICS


           Means
              BYS22A        BYS22C        BYS22D        BYS22E        BYS22F
              ________      ________      ________      ________      ________
                1.515         1.231         1.157         1.245         1.039


           Means
              BYS22G        BYS22H        BYS24A        BYS24B        BYS24C
              ________      ________      ________      ________      ________
                1.189         1.269         2.386         1.485         2.597


           Means
              BYS24D        BYS24E        BYS24F        BYS22B
              ________      ________      ________      ________
                1.686         1.161         1.092         1.366


           Covariances
              BYS22A        BYS22C        BYS22D        BYS22E        BYS22F
              ________      ________      ________      ________      ________
 BYS22A         0.415
 BYS22C         0.109         0.299
 BYS22D         0.091         0.107         0.198
 BYS22E         0.110         0.133         0.114         0.290
 BYS22F         0.030         0.016         0.024         0.029         0.048
 BYS22G         0.124         0.110         0.073         0.102         0.031
 BYS22H         0.069         0.141         0.035         0.102         0.025
 BYS24A         0.118         0.039         0.009         0.045        -0.026
 BYS24B         0.122         0.060         0.078         0.032        -0.002
 BYS24C         0.051         0.049        -0.003         0.015        -0.029
 BYS24D         0.137         0.145         0.129         0.119        -0.005
 BYS24E         0.045         0.064         0.082         0.056        -0.006
 BYS24F         0.042         0.017         0.044         0.027        -0.004
 BYS22B         0.108         0.069         0.086         0.063         0.005


           Covariances
              BYS22G        BYS22H        BYS24A        BYS24B        BYS24C
              ________      ________      ________      ________      ________
 BYS22G         0.198
 BYS22H         0.084         0.330
 BYS24A         0.044        -0.031         1.387
 BYS24B         0.042        -0.008         0.456         0.907
 BYS24C         0.005         0.011         0.451         0.337         1.179
 BYS24D         0.103         0.037         0.321         0.330         0.251
 BYS24E         0.043        -0.022         0.118         0.189         0.125
 BYS24F         0.024        -0.002         0.060         0.079         0.070
 BYS22B         0.065         0.038         0.128         0.206         0.146


           Covariances
              BYS24D        BYS24E        BYS24F        BYS22B
              ________      ________      ________      ________
 BYS24D         0.851
 BYS24E         0.286         0.333
 BYS24F         0.105         0.070         0.105
 BYS22B         0.237         0.109         0.051         0.441


           Correlations
              BYS22A        BYS22C        BYS22D        BYS22E        BYS22F
              ________      ________      ________      ________      ________
 BYS22A         1.000
 BYS22C         0.308         1.000
 BYS22D         0.318         0.438         1.000
 BYS22E         0.317         0.451         0.474         1.000
 BYS22F         0.209         0.131         0.247         0.245         1.000
 BYS22G         0.434         0.452         0.368         0.425         0.319
 BYS22H         0.187         0.450         0.135         0.328         0.201
 BYS24A         0.155         0.061         0.018         0.070        -0.102
 BYS24B         0.198         0.116         0.184         0.062        -0.011
 BYS24C         0.073         0.082        -0.005         0.026        -0.120
 BYS24D         0.231         0.287         0.315         0.239        -0.023
 BYS24E         0.122         0.203         0.321         0.181        -0.049
 BYS24F         0.200         0.097         0.306         0.154        -0.050
 BYS22B         0.252         0.190         0.291         0.176         0.034


           Correlations
              BYS22G        BYS22H        BYS24A        BYS24B        BYS24C
              ________      ________      ________      ________      ________
 BYS22G         1.000
 BYS22H         0.327         1.000
 BYS24A         0.085        -0.046         1.000
 BYS24B         0.099        -0.014         0.407         1.000
 BYS24C         0.010         0.018         0.353         0.325         1.000
 BYS24D         0.251         0.070         0.296         0.376         0.251
 BYS24E         0.169        -0.066         0.174         0.345         0.200
 BYS24F         0.169        -0.009         0.156         0.255         0.199
 BYS22B         0.219         0.100         0.163         0.326         0.202


           Correlations
              BYS24D        BYS24E        BYS24F        BYS22B
              ________      ________      ________      ________
 BYS24D         1.000
 BYS24E         0.538         1.000
 BYS24F         0.351         0.375         1.000
 BYS22B         0.386         0.284         0.239         1.000


     MAXIMUM LOG-LIKELIHOOD VALUE FOR THE UNRESTRICTED (H1) MODEL IS -3925.689


UNIVARIATE SAMPLE STATISTICS


     UNIVARIATE HIGHER-ORDER MOMENT DESCRIPTIVE STATISTICS

         Variable/         Mean/     Skewness/   Minimum/ % with                Percentiles
        Sample Size      Variance    Kurtosis    Maximum  Min/Max      20%/60%    40%/80%    Median

     BYS22A                1.515       0.871       1.000   56.75%       1.000      1.000      1.000
             363.000       0.415      -0.324       3.000    8.26%       2.000      2.000
     BYS22C                1.232       2.288       1.000   82.87%       1.000      1.000      1.000
             362.000       0.300       4.063       3.000    6.08%       1.000      1.000
     BYS22D                1.156       2.943       1.000   87.78%       1.000      1.000      1.000
             360.000       0.198       8.004       3.000    3.33%       1.000      1.000
     BYS22E                1.247       2.115       1.000   80.61%       1.000      1.000      1.000
             361.000       0.291       3.447       3.000    5.26%       1.000      1.000
     BYS22F                1.039       6.248       1.000   96.69%       1.000      1.000      1.000
             362.000       0.048      42.294       3.000    0.55%       1.000      1.000
     BYS22G                1.190       2.298       1.000   83.20%       1.000      1.000      1.000
             363.000       0.198       4.660       3.000    2.20%       1.000      1.000
     BYS22H                1.271       2.008       1.000   79.56%       1.000      1.000      1.000
             362.000       0.330       2.841       3.000    6.63%       1.000      2.000
     BYS24A                2.386       0.766       1.000   24.11%       1.000      2.000      2.000
             365.000       1.388      -0.142       5.000    8.77%       2.000      3.000
     BYS24B                1.485       2.211       1.000   72.60%       1.000      1.000      1.000
             365.000       0.907       4.403       5.000    3.01%       1.000      2.000
     BYS24C                2.587       0.611       1.000   13.69%       2.000      2.000      2.000
             358.000       1.170      -0.074       5.000    8.10%       3.000      3.000
     BYS24D                1.685       1.613       1.000   53.59%       1.000      1.000      1.000
             362.000       0.851       2.776       5.000    2.76%       2.000      2.000
     BYS24E                1.162       4.347       1.000   90.41%       1.000      1.000      1.000
             365.000       0.333      20.721       5.000    0.82%       1.000      1.000
     BYS24F                1.091       3.765       1.000   91.99%       1.000      1.000      1.000
             362.000       0.105      14.602       3.000    1.10%       1.000      1.000
     BYS22B                1.365       1.577       1.000   74.03%       1.000      1.000      1.000
             362.000       0.442       1.046       3.000   10.50%       1.000      2.000


SUMMARY OF MODEL FIT INFORMATION


                                  Degrees of
     Model           Chi-Square    Freedom     P-Value

     1-factor           523.059        77       0.0000
     2-factor           190.954        64       0.0000
     3-factor           113.941        52       0.0000

                                               Degrees of
     Models Compared              Chi-Square    Freedom     P-Value

     1-factor against 2-factor       332.105        13       0.0000
     2-factor against 3-factor        77.013        12       0.0000



RESULTS FOR EXPLORATORY FACTOR ANALYSIS


           EIGENVALUES FOR SAMPLE CORRELATION MATRIX
                  1             2             3             4             5
              ________      ________      ________      ________      ________
                3.823         2.202         1.160         0.968         0.788


           EIGENVALUES FOR SAMPLE CORRELATION MATRIX
                  6             7             8             9            10
              ________      ________      ________      ________      ________
                0.760         0.722         0.655         0.609         0.579


           EIGENVALUES FOR SAMPLE CORRELATION MATRIX
                 11            12            13            14
              ________      ________      ________      ________
                0.506         0.466         0.406         0.357


EXPLORATORY FACTOR ANALYSIS WITH 1 FACTOR(S):


MODEL FIT INFORMATION

Chi-Square Test of Model Fit

          Value                            523.059*
          Degrees of Freedom                    77
          P-Value                           0.0000

*   The chi-square value for MLM, MLMV, MLR, ULSMV, WLSM and WLSMV cannot be used
    for chi-square difference testing in the regular way.  MLM, MLR and WLSM
    chi-square difference testing is described on the Mplus website.  MLMV, WLSMV,
    and ULSMV difference testing is done using the DIFFTEST option.

RMSEA (Root Mean Square Error Of Approximation)

          Estimate                           0.126
          90 Percent C.I.                    0.116  0.136
          Probability RMSEA <= .05           0.000

Root Mean Square Residual

          Value                              0.121


           ESTIMATED FACTOR LOADINGS
                  1
              ________
 BYS22A         0.518
 BYS22C         0.605
 BYS22D         0.642
 BYS22E         0.586
 BYS22F         0.233
 BYS22G         0.597
 BYS22H         0.328
 BYS24A         0.248
 BYS24B         0.380
 BYS24C         0.208
 BYS24D         0.576
 BYS24E         0.476
 BYS24F         0.404
 BYS22B         0.465


           ESTIMATED RESIDUAL VARIANCES
              BYS22A        BYS22C        BYS22D        BYS22E        BYS22F
              ________      ________      ________      ________      ________
                0.731         0.634         0.588         0.656         0.946


           ESTIMATED RESIDUAL VARIANCES
              BYS22G        BYS22H        BYS24A        BYS24B        BYS24C
              ________      ________      ________      ________      ________
                0.644         0.892         0.939         0.856         0.957


           ESTIMATED RESIDUAL VARIANCES
              BYS24D        BYS24E        BYS24F        BYS22B
              ________      ________      ________      ________
                0.668         0.774         0.836         0.783


EXPLORATORY FACTOR ANALYSIS WITH 2 FACTOR(S):


MODEL FIT INFORMATION

Chi-Square Test of Model Fit

          Value                            190.954*
          Degrees of Freedom                    64
          P-Value                           0.0000

*   The chi-square value for MLM, MLMV, MLR, ULSMV, WLSM and WLSMV cannot be used
    for chi-square difference testing in the regular way.  MLM, MLR and WLSM
    chi-square difference testing is described on the Mplus website.  MLMV, WLSMV,
    and ULSMV difference testing is done using the DIFFTEST option.

RMSEA (Root Mean Square Error Of Approximation)

          Estimate                           0.074
          90 Percent C.I.                    0.062  0.086
          Probability RMSEA <= .05           0.001

Root Mean Square Residual

          Value                              0.052


           VARIMAX ROTATED LOADINGS
                  1             2
              ________      ________
 BYS22A         0.474         0.221
 BYS22C         0.653         0.169
 BYS22D         0.569         0.296
 BYS22E         0.655         0.132
 BYS22F         0.411        -0.144
 BYS22G         0.665         0.141
 BYS22H         0.509        -0.094
 BYS24A        -0.038         0.459
 BYS24B         0.027         0.597
 BYS24C        -0.064         0.431
 BYS24D         0.231         0.691
 BYS24E         0.133         0.632
 BYS24F         0.133         0.484
 BYS22B         0.225         0.464


           ESTIMATED RESIDUAL VARIANCES
              BYS22A        BYS22C        BYS22D        BYS22E        BYS22F
              ________      ________      ________      ________      ________
                0.727         0.544         0.588         0.553         0.810


           ESTIMATED RESIDUAL VARIANCES
              BYS22G        BYS22H        BYS24A        BYS24B        BYS24C
              ________      ________      ________      ________      ________
                0.538         0.732         0.788         0.643         0.810


           ESTIMATED RESIDUAL VARIANCES
              BYS24D        BYS24E        BYS24F        BYS22B
              ________      ________      ________      ________
                0.470         0.583         0.748         0.734


EXPLORATORY FACTOR ANALYSIS WITH 3 FACTOR(S):


MODEL FIT INFORMATION

Chi-Square Test of Model Fit

          Value                            113.941*
          Degrees of Freedom                    52
          P-Value                           0.0000

*   The chi-square value for MLM, MLMV, MLR, ULSMV, WLSM and WLSMV cannot be used
    for chi-square difference testing in the regular way.  MLM, MLR and WLSM
    chi-square difference testing is described on the Mplus website.  MLMV, WLSMV,
    and ULSMV difference testing is done using the DIFFTEST option.

RMSEA (Root Mean Square Error Of Approximation)

          Estimate                           0.057
          90 Percent C.I.                    0.043  0.071
          Probability RMSEA <= .05           0.197

Root Mean Square Residual

          Value                              0.036


           VARIMAX ROTATED LOADINGS
                  1             2             3
              ________      ________      ________
 BYS22A         0.481         0.186         0.164
 BYS22C         0.647         0.076         0.203
 BYS22D         0.500        -0.079         0.489
 BYS22E         0.624        -0.012         0.233
 BYS22F         0.404        -0.149        -0.029
 BYS22G         0.654         0.069         0.176
 BYS22H         0.559         0.035        -0.124
 BYS24A         0.009         0.633         0.113
 BYS24B         0.033         0.538         0.346
 BYS24C        -0.030         0.530         0.138
 BYS24D         0.175         0.350         0.606
 BYS24E         0.023         0.176         0.719
 BYS24F         0.074         0.170         0.490
 BYS22B         0.205         0.274         0.371


           ESTIMATED RESIDUAL VARIANCES
              BYS22A        BYS22C        BYS22D        BYS22E        BYS22F
              ________      ________      ________      ________      ________
                0.707         0.535         0.505         0.556         0.814


           ESTIMATED RESIDUAL VARIANCES
              BYS22G        BYS22H        BYS24A        BYS24B        BYS24C
              ________      ________      ________      ________      ________
                0.537         0.671         0.586         0.590         0.699


           ESTIMATED RESIDUAL VARIANCES
              BYS24D        BYS24E        BYS24F        BYS22B
              ________      ________      ________      ________
                0.479         0.452         0.726         0.745


PLOT INFORMATION

The following plots are available:

  Histograms (sample values)
  Scatterplots (sample values)
  Eigenvalues for exploratory factor analysis

     Beginning Time:  15:14:26
        Ending Time:  15:14:26
       Elapsed Time:  00:00:00



MUTHEN & MUTHEN
3463 Stoner Ave.
Los Angeles, CA  90066

Tel: (310) 391-9971
Fax: (310) 391-8971
Web: www.StatModel.com
Support: Support@StatModel.com

Copyright (c) 1998-2021 Muthen & Muthen
