Mplus VERSION 8.6 (Mac)
MUTHEN & MUTHEN
05/31/2021  12:03 PM

INPUT INSTRUCTIONS

  TITLE:
  Class 6
  DATA:
  FILE = "/Users/agarber/github/NTNU-workshop/19-intro-mixtures/enum_lsay/lca_lsay.dat";

  VARIABLE:
  NAMES = Enjoy Useful Logical Job Adult female mathg12;
   MISSING=.;
   categorical = Enjoy-Adult;
  usevar = Enjoy-Adult;
  classes = c(6);
  ANALYSIS:
  estimator = mlr;
      type = mixture;
      starts = 200 100;
      processors = 10;
  OUTPUT:
  sampstat residual tech11 tech14;
  PLOT:
  type = plot3;
      series = Enjoy-Adult(*);



*** WARNING in OUTPUT command
  SAMPSTAT option is not available when all outcomes are censored, ordered
  categorical, unordered categorical (nominal), count or continuous-time
  survival variables.  Request for SAMPSTAT is ignored.
   1 WARNING(S) FOUND IN THE INPUT INSTRUCTIONS




Class 6

SUMMARY OF ANALYSIS

Number of groups                                                 1
Number of observations                                        3061

Number of dependent variables                                    5
Number of independent variables                                  0
Number of continuous latent variables                            0
Number of categorical latent variables                           1

Observed dependent variables

  Binary and ordered categorical (ordinal)
   ENJOY       USEFUL      LOGICAL     JOB         ADULT

Categorical latent variables
   C


Estimator                                                      MLR
Information matrix                                        OBSERVED
Optimization Specifications for the Quasi-Newton Algorithm for
Continuous Outcomes
  Maximum number of iterations                                 100
  Convergence criterion                                  0.100D-05
Optimization Specifications for the EM Algorithm
  Maximum number of iterations                                 500
  Convergence criteria
    Loglikelihood change                                 0.100D-06
    Relative loglikelihood change                        0.100D-06
    Derivative                                           0.100D-05
Optimization Specifications for the M step of the EM Algorithm for
Categorical Latent variables
  Number of M step iterations                                    1
  M step convergence criterion                           0.100D-05
  Basis for M step termination                           ITERATION
Optimization Specifications for the M step of the EM Algorithm for
Censored, Binary or Ordered Categorical (Ordinal), Unordered
Categorical (Nominal) and Count Outcomes
  Number of M step iterations                                    1
  M step convergence criterion                           0.100D-05
  Basis for M step termination                           ITERATION
  Maximum value for logit thresholds                            15
  Minimum value for logit thresholds                           -15
  Minimum expected cell size for chi-square              0.100D-01
Maximum number of iterations for H1                           2000
Convergence criterion for H1                             0.100D-03
Optimization algorithm                                         EMA
Random Starts Specifications
  Number of initial stage random starts                        200
  Number of final stage optimizations                          100
  Number of initial stage iterations                            10
  Initial stage convergence criterion                    0.100D+01
  Random starts scale                                    0.500D+01
  Random seed for generating random starts                       0
Link                                                         LOGIT

Input data file(s)
  /Users/agarber/github/NTNU-workshop/19-intro-mixtures/enum_lsay/lca_lsay.dat
Input data format  FREE


SUMMARY OF DATA

     Number of missing data patterns            21
     Number of y missing data patterns           0
     Number of u missing data patterns          21


COVARIANCE COVERAGE OF DATA

Minimum covariance coverage value   0.100


     PROPORTION OF DATA PRESENT FOR U


           Covariance Coverage
              ENJOY         USEFUL        LOGICAL       JOB           ADULT
              ________      ________      ________      ________      ________
 ENJOY          0.994
 USEFUL         0.972         0.976
 LOGICAL        0.972         0.960         0.977
 JOB            0.979         0.965         0.966         0.984
 ADULT          0.989         0.973         0.975         0.982         0.994


UNIVARIATE PROPORTIONS AND COUNTS FOR CATEGORICAL VARIABLES

    ENJOY
      Category 1    0.387         1177.000
      Category 2    0.613         1865.000
    USEFUL
      Category 1    0.596         1782.000
      Category 2    0.404         1206.000
    LOGICAL
      Category 1    0.508         1519.000
      Category 2    0.492         1473.000
    JOB
      Category 1    0.596         1796.000
      Category 2    0.404         1216.000
    ADULT
      Category 1    0.539         1639.000
      Category 2    0.461         1404.000


RANDOM STARTS RESULTS RANKED FROM THE BEST TO THE WORST LOGLIKELIHOOD VALUES

Final stage loglikelihood values at local maxima, seeds, and initial stage start numbers:

           -8661.541  587946           120
           -8661.541  227563           63
           -8661.541  383986           159
           -8661.541  127215           9
           -8661.541  259507           53
           -8661.541  533738           11
           -8661.541  782200           84
           -8661.541  830392           35
           -8661.541  928287           197
           -8661.541  645664           39
           -8661.542  107446           12
           -8661.566  570782           193
           -8661.572  848890           95
           -8661.572  292884           103
           -8661.572  813779           92
           -8661.586  370466           41
           -8661.589  794236           127
           -8661.614  576596           99
           -8661.661  606576           151
           -8661.680  152496           123
           -8661.685  407168           44
           -8661.685  484501           163
           -8661.686  471398           74
           -8661.701  636396           168
           -8661.703  476498           179
           -8661.707  856536           144
           -8661.715  100874           108
           -8661.759  462953           7
           -8661.777  440841           118
           -8662.003  784664           75
           -8662.070  963053           43
           -8662.286  313407           132

68 perturbed starting value run(s) did not converge or were rejected in the third stage.



THE BEST LOGLIKELIHOOD VALUE HAS BEEN REPLICATED.  RERUN WITH AT LEAST TWICE THE
RANDOM STARTS TO CHECK THAT THE BEST LOGLIKELIHOOD IS STILL OBTAINED AND REPLICATED.

     IN THE OPTIMIZATION, ONE OR MORE LOGIT THRESHOLDS APPROACHED EXTREME VALUES
     OF -15.000 AND 15.000 AND WERE FIXED TO STABILIZE MODEL ESTIMATION.  THESE
     VALUES IMPLY PROBABILITIES OF 0 AND 1.  IN THE MODEL RESULTS SECTION, THESE
     PARAMETERS HAVE 0 STANDARD ERRORS AND 999 IN THE Z-SCORE AND P-VALUE COLUMNS.

     THE STANDARD ERRORS OF THE MODEL PARAMETER ESTIMATES MAY NOT BE
     TRUSTWORTHY FOR SOME PARAMETERS DUE TO A NON-POSITIVE DEFINITE
     FIRST-ORDER DERIVATIVE PRODUCT MATRIX.  THIS MAY BE DUE TO THE STARTING
     VALUES BUT MAY ALSO BE AN INDICATION OF MODEL NONIDENTIFICATION.  THE
     CONDITION NUMBER IS      -0.839D-16.  PROBLEM INVOLVING THE FOLLOWING PARAMETER:
     Parameter 34, [ C#4 ]

     ONE OR MORE PARAMETERS WERE FIXED TO AVOID SINGULARITY OF THE
     INFORMATION MATRIX. THE SINGULARITY IS MOST LIKELY BECAUSE THE
     MODEL IS NOT IDENTIFIED, OR BECAUSE OF EMPTY CELLS IN THE JOINT
     DISTRIBUTION OF THE CATEGORICAL VARIABLES IN THE MODEL.
     THE FOLLOWING PARAMETERS WERE FIXED:
     Parameter 30, %C#6%: [ ADULT$1 ]




THE MODEL ESTIMATION TERMINATED NORMALLY

     THE DEGREES OF FREEDOM FOR THIS MODEL ARE NEGATIVE.  THE MODEL IS NOT
     IDENTIFIED OR TOO MANY CELLS WERE DELETED.  A CHI-SQUARE TEST IS NOT
     AVAILABLE.



MODEL FIT INFORMATION

Number of Free Parameters                       35

Loglikelihood

          H0 Value                       -8661.541
          H0 Scaling Correction Factor      0.9143
            for MLR

Information Criteria

          Akaike (AIC)                   17393.082
          Bayesian (BIC)                 17604.009
          Sample-Size Adjusted BIC       17492.800
            (n* = (n + 2) / 24)



FINAL CLASS COUNTS AND PROPORTIONS FOR THE LATENT CLASSES
BASED ON THE ESTIMATED MODEL

    Latent
   Classes

       1        292.64379          0.09560
       2        281.63339          0.09201
       3        375.64893          0.12272
       4        902.42282          0.29481
       5        916.23611          0.29933
       6        292.41496          0.09553


FINAL CLASS COUNTS AND PROPORTIONS FOR THE LATENT CLASSES
BASED ON ESTIMATED POSTERIOR PROBABILITIES

    Latent
   Classes

       1        292.64379          0.09560
       2        281.63339          0.09201
       3        375.64893          0.12272
       4        902.42282          0.29481
       5        916.23611          0.29933
       6        292.41496          0.09553


FINAL CLASS COUNTS AND PROPORTIONS FOR THE LATENT CLASSES
BASED ON THEIR MOST LIKELY LATENT CLASS MEMBERSHIP

Class Counts and Proportions

    Latent
   Classes

       1              282          0.09213
       2              235          0.07677
       3              420          0.13721
       4              912          0.29794
       5             1027          0.33551
       6              185          0.06044


CLASSIFICATION QUALITY

     Entropy                         0.645


Average Latent Class Probabilities for Most Likely Latent Class Membership (Row)
by Latent Class (Column)

           1        2        3        4        5        6

    1   0.517    0.142    0.129    0.049    0.084    0.079
    2   0.150    0.667    0.022    0.154    0.006    0.001
    3   0.010    0.133    0.538    0.026    0.065    0.228
    4   0.028    0.005    0.034    0.911    0.001    0.020
    5   0.065    0.013    0.043    0.001    0.826    0.051
    6   0.081    0.059    0.173    0.056    0.076    0.556


Classification Probabilities for the Most Likely Latent Class Membership (Column)
by Latent Class (Row)

           1        2        3        4        5        6

    1   0.498    0.121    0.014    0.088    0.228    0.051
    2   0.142    0.556    0.198    0.016    0.049    0.039
    3   0.097    0.014    0.602    0.084    0.118    0.085
    4   0.015    0.040    0.012    0.921    0.001    0.011
    5   0.026    0.001    0.030    0.001    0.926    0.015
    6   0.077    0.001    0.328    0.063    0.180    0.352


Logits for the Classification Probabilities for the Most Likely Latent Class Membership (Column)
by Latent Class (Row)

              1        2        3        4        5        6

    1      2.276    0.858   -1.287    0.544    1.496    0.000
    2      1.303    2.666    1.631   -0.883    0.235    0.000
    3      0.126   -1.817    1.954   -0.021    0.328    0.000
    4      0.291    1.259    0.040    4.391   -2.852    0.000
    5      0.526   -2.359    0.676   -2.595    4.106    0.000
    6     -1.524   -6.090   -0.071   -1.716   -0.669    0.000


MODEL RESULTS

                                                    Two-Tailed
                    Estimate       S.E.  Est./S.E.    P-Value

Latent Class 1

 Thresholds
    ENJOY$1           -0.694      0.387     -1.791      0.073
    USEFUL$1           0.504      0.874      0.576      0.565
    LOGICAL$1          3.603      3.935      0.916      0.360
    JOB$1              0.796      1.194      0.667      0.505
    ADULT$1           -0.513      1.570     -0.326      0.744

Latent Class 2

 Thresholds
    ENJOY$1           -0.696      0.417     -1.671      0.095
    USEFUL$1          15.000      0.000    999.000    999.000
    LOGICAL$1         -0.266      0.791     -0.336      0.737
    JOB$1             -0.554      1.417     -0.391      0.696
    ADULT$1           -2.091      4.171     -0.501      0.616

Latent Class 3

 Thresholds
    ENJOY$1           -0.849      0.442     -1.919      0.055
    USEFUL$1           0.824      0.783      1.052      0.293
    LOGICAL$1         -1.224      2.427     -0.505      0.614
    JOB$1              3.012      0.754      3.993      0.000
    ADULT$1            0.838      1.742      0.481      0.630

Latent Class 4

 Thresholds
    ENJOY$1           -1.931      0.123    -15.671      0.000
    USEFUL$1          -2.947      1.465     -2.012      0.044
    LOGICAL$1         -2.340      0.357     -6.554      0.000
    JOB$1             -1.933      0.294     -6.569      0.000
    ADULT$1           -2.661      0.542     -4.910      0.000

Latent Class 5

 Thresholds
    ENJOY$1            0.769      0.150      5.128      0.000
    USEFUL$1           3.973      1.529      2.599      0.009
    LOGICAL$1          3.353      1.744      1.923      0.055
    JOB$1              2.713      0.338      8.035      0.000
    ADULT$1            3.770      1.431      2.634      0.008

Latent Class 6

 Thresholds
    ENJOY$1           -0.079      0.934     -0.085      0.933
    USEFUL$1           0.124      1.046      0.119      0.905
    LOGICAL$1         -0.718      1.223     -0.587      0.557
    JOB$1              0.593      0.913      0.650      0.516
    ADULT$1            5.471      0.000    999.000    999.000

Categorical Latent Variables

 Means
    C#1                0.001      1.415      0.001      1.000
    C#2               -0.038      2.367     -0.016      0.987
    C#3                0.250      2.090      0.120      0.905
    C#4                1.127      1.466      0.769      0.442
    C#5                1.142      1.490      0.767      0.443


QUALITY OF NUMERICAL RESULTS

     Condition Number for the Information Matrix              0.349E-09
       (ratio of smallest to largest eigenvalue)


RESULTS IN PROBABILITY SCALE

                                                    Two-Tailed
                    Estimate       S.E.  Est./S.E.    P-Value

Latent Class 1

 ENJOY
    Category 1         0.333      0.086      3.873      0.000
    Category 2         0.667      0.086      7.749      0.000
 USEFUL
    Category 1         0.623      0.205      3.036      0.002
    Category 2         0.377      0.205      1.834      0.067
 LOGICAL
    Category 1         0.973      0.102      9.581      0.000
    Category 2         0.027      0.102      0.261      0.794
 JOB
    Category 1         0.689      0.256      2.695      0.007
    Category 2         0.311      0.256      1.215      0.224
 ADULT
    Category 1         0.375      0.368      1.018      0.309
    Category 2         0.625      0.368      1.700      0.089

Latent Class 2

 ENJOY
    Category 1         0.333      0.092      3.597      0.000
    Category 2         0.667      0.092      7.216      0.000
 USEFUL
    Category 1         1.000      0.000      0.000      1.000
    Category 2         0.000      0.000      0.000      1.000
 LOGICAL
    Category 1         0.434      0.194      2.235      0.025
    Category 2         0.566      0.194      2.915      0.004
 JOB
    Category 1         0.365      0.328      1.111      0.267
    Category 2         0.635      0.328      1.934      0.053
 ADULT
    Category 1         0.110      0.408      0.269      0.788
    Category 2         0.890      0.408      2.180      0.029

Latent Class 3

 ENJOY
    Category 1         0.300      0.093      3.228      0.001
    Category 2         0.700      0.093      7.544      0.000
 USEFUL
    Category 1         0.695      0.166      4.188      0.000
    Category 2         0.305      0.166      1.838      0.066
 LOGICAL
    Category 1         0.227      0.426      0.533      0.594
    Category 2         0.773      0.426      1.814      0.070
 JOB
    Category 1         0.953      0.034     28.277      0.000
    Category 2         0.047      0.034      1.391      0.164
 ADULT
    Category 1         0.698      0.367      1.901      0.057
    Category 2         0.302      0.367      0.822      0.411

Latent Class 4

 ENJOY
    Category 1         0.127      0.014      9.290      0.000
    Category 2         0.873      0.014     64.092      0.000
 USEFUL
    Category 1         0.050      0.069      0.719      0.472
    Category 2         0.950      0.069     13.693      0.000
 LOGICAL
    Category 1         0.088      0.029      3.071      0.002
    Category 2         0.912      0.029     31.872      0.000
 JOB
    Category 1         0.126      0.032      3.890      0.000
    Category 2         0.874      0.032     26.881      0.000
 ADULT
    Category 1         0.065      0.033      1.974      0.048
    Category 2         0.935      0.033     28.243      0.000

Latent Class 5

 ENJOY
    Category 1         0.683      0.032     21.055      0.000
    Category 2         0.317      0.032      9.757      0.000
 USEFUL
    Category 1         0.982      0.028     35.407      0.000
    Category 2         0.018      0.028      0.667      0.505
 LOGICAL
    Category 1         0.966      0.057     16.961      0.000
    Category 2         0.034      0.057      0.594      0.553
 JOB
    Category 1         0.938      0.020     47.597      0.000
    Category 2         0.062      0.020      3.159      0.002
 ADULT
    Category 1         0.977      0.032     31.016      0.000
    Category 2         0.023      0.032      0.715      0.475

Latent Class 6

 ENJOY
    Category 1         0.480      0.233      2.060      0.039
    Category 2         0.520      0.233      2.230      0.026
 USEFUL
    Category 1         0.531      0.261      2.038      0.042
    Category 2         0.469      0.261      1.800      0.072
 LOGICAL
    Category 1         0.328      0.269      1.217      0.224
    Category 2         0.672      0.269      2.495      0.013
 JOB
    Category 1         0.644      0.209      3.079      0.002
    Category 2         0.356      0.209      1.701      0.089
 ADULT
    Category 1         0.996      0.000      0.000      1.000
    Category 2         0.004      0.000      0.000      1.000


LATENT CLASS INDICATOR ODDS RATIOS FOR THE LATENT CLASSES

                                                95% C.I.
                    Estimate       S.E.  Lower 2.5% Upper 2.5%

Latent Class 1 Compared to Latent Class 2

 ENJOY
    Category > 1       0.997      0.661      0.272      3.660
 USEFUL
    Category > 1   *********      0.000  *********  *********
 LOGICAL
    Category > 1       0.021      0.078      0.000     32.323
 JOB
    Category > 1       0.259      0.454      0.008      8.063
 ADULT
    Category > 1       0.206      0.944      0.000   1613.646

Latent Class 1 Compared to Latent Class 3

 ENJOY
    Category > 1       0.856      0.471      0.291      2.520
 USEFUL
    Category > 1       1.377      1.092      0.291      6.520
 LOGICAL
    Category > 1       0.008      0.048      0.000   1010.434
 JOB
    Category > 1       9.170      9.389      1.232     68.231
 ADULT
    Category > 1       3.861      7.941      0.069    217.457

Latent Class 1 Compared to Latent Class 4

 ENJOY
    Category > 1       0.290      0.117      0.131      0.640
 USEFUL
    Category > 1       0.032      0.056      0.001      0.981
 LOGICAL
    Category > 1       0.003      0.010      0.000      4.435
 JOB
    Category > 1       0.065      0.076      0.007      0.644
 ADULT
    Category > 1       0.117      0.189      0.005      2.786

Latent Class 1 Compared to Latent Class 5

 ENJOY
    Category > 1       4.317      1.716      1.981      9.409
 USEFUL
    Category > 1      32.098     57.773      0.943   1092.902
 LOGICAL
    Category > 1       0.779      3.310      0.000   3233.128
 JOB
    Category > 1       6.796      8.246      0.630     73.287
 ADULT
    Category > 1      72.448    131.756      2.051   2559.076

Latent Class 1 Compared to Latent Class 6

 ENJOY
    Category > 1       1.849      1.922      0.241     14.185
 USEFUL
    Category > 1       0.684      0.754      0.079      5.938
 LOGICAL
    Category > 1       0.013      0.061      0.000    112.171
 JOB
    Category > 1       0.816      1.209      0.045     14.898
 ADULT
    Category > 1     396.809    623.150     18.274   8616.586

Latent Class 2 Compared to Latent Class 3

 ENJOY
    Category > 1       0.858      0.633      0.202      3.645
 USEFUL
    Category > 1       0.000      0.000      0.000      0.000
 LOGICAL
    Category > 1       0.383      1.072      0.002     92.261
 JOB
    Category > 1      35.388     65.059      0.964   1299.480
 ADULT
    Category > 1      18.713     64.677      0.021  16372.521

Latent Class 2 Compared to Latent Class 4

 ENJOY
    Category > 1       0.291      0.126      0.124      0.680
 USEFUL
    Category > 1       0.000      0.000      0.000      0.000
 LOGICAL
    Category > 1       0.126      0.090      0.031      0.510
 JOB
    Category > 1       0.252      0.315      0.022      2.922
 ADULT
    Category > 1       0.566      2.167      0.000   1030.224

Latent Class 2 Compared to Latent Class 5

 ENJOY
    Category > 1       4.329      1.923      1.813     10.338
 USEFUL
    Category > 1       0.000      0.000      0.000      0.000
 LOGICAL
    Category > 1      37.265     75.635      0.698   1990.570
 JOB
    Category > 1      26.229     36.868      1.668    412.340
 ADULT
    Category > 1     351.135   1618.483      0.042  *********

Latent Class 2 Compared to Latent Class 6

 ENJOY
    Category > 1       1.854      1.929      0.241     14.258
 USEFUL
    Category > 1       0.000      0.000      0.000      0.000
 LOGICAL
    Category > 1       0.636      0.875      0.043      9.428
 JOB
    Category > 1       3.150      6.290      0.063    157.812
 ADULT
    Category > 1    1923.230   8021.042      0.542  *********

Latent Class 3 Compared to Latent Class 4

 ENJOY
    Category > 1       0.339      0.159      0.135      0.849
 USEFUL
    Category > 1       0.023      0.037      0.001      0.545
 LOGICAL
    Category > 1       0.328      0.860      0.002     56.152
 JOB
    Category > 1       0.007      0.006      0.001      0.035
 ADULT
    Category > 1       0.030      0.045      0.002      0.568

Latent Class 3 Compared to Latent Class 5

 ENJOY
    Category > 1       5.044      2.340      2.032     12.520
 USEFUL
    Category > 1      23.311     39.835      0.818    663.990
 LOGICAL
    Category > 1      97.217    317.690      0.161  58802.590
 JOB
    Category > 1       0.741      0.659      0.130      4.237
 ADULT
    Category > 1      18.764     42.514      0.221   1592.116

Latent Class 3 Compared to Latent Class 6

 ENJOY
    Category > 1       2.160      2.329      0.261     17.880
 USEFUL
    Category > 1       0.497      0.559      0.055      4.512
 LOGICAL
    Category > 1       1.659      3.921      0.016    170.327
 JOB
    Category > 1       0.089      0.098      0.010      0.770
 ADULT
    Category > 1     102.773    179.051      3.380   3125.168

Latent Class 4 Compared to Latent Class 5

 ENJOY
    Category > 1      14.888      3.123      9.868     22.460
 USEFUL
    Category > 1    1012.216   2178.928     14.891  68806.484
 LOGICAL
    Category > 1     296.570    524.434      9.266   9492.085
 JOB
    Category > 1     104.124     48.863     41.504    261.222
 ADULT
    Category > 1     620.696    983.001     27.848  13834.354

Latent Class 4 Compared to Latent Class 6

 ENJOY
    Category > 1       6.375      5.975      1.015     40.027
 USEFUL
    Category > 1      21.576     39.316      0.607    767.435
 LOGICAL
    Category > 1       5.062      6.407      0.424     60.488
 JOB
    Category > 1      12.503     12.391      1.793     87.212
 ADULT
    Category > 1    3399.663   1842.366   1175.274   9834.053

Latent Class 5 Compared to Latent Class 6

 ENJOY
    Category > 1       0.428      0.399      0.069      2.654
 USEFUL
    Category > 1       0.021      0.041      0.001      0.907
 LOGICAL
    Category > 1       0.017      0.038      0.000      1.311
 JOB
    Category > 1       0.120      0.121      0.017      0.869
 ADULT
    Category > 1       5.477      7.838      0.331     90.519


RESIDUAL OUTPUT


     UNIVARIATE DISTRIBUTION FIT FOR CLASS 1

     Variable          Observed      Estimated      Residual (Obs.-Est.)    Stand. Residual
     ENJOY
       Category 1        0.333          0.333                  0.000                0.000
       Category 2        0.667          0.667                  0.000                0.000
     USEFUL
       Category 1        0.623          0.623                  0.000                0.000
       Category 2        0.377          0.377                  0.000                0.000
     LOGICAL
       Category 1        0.973          0.973                  0.000                0.000
       Category 2        0.027          0.027                  0.000                0.000
     JOB
       Category 1        0.689          0.689                  0.000                0.000
       Category 2        0.311          0.311                  0.000                0.000
     ADULT
       Category 1        0.375          0.375                  0.000                0.000
       Category 2        0.625          0.625                  0.000                0.000


     BIVARIATE DISTRIBUTIONS FIT FOR CLASS 1

     Variable       Variable          Observed     Estimated    Residual (Obs.-Est.)  Stand. Residual
     ENJOY          USEFUL
       Category 1     Category 1        0.209       0.208             0.001            0.056
       Category 1     Category 2        0.126       0.126             0.000            0.002
       Category 2     Category 1        0.416       0.416             0.000            0.004
       Category 2     Category 2        0.250       0.251            -0.001           -0.058
     ENJOY          LOGICAL
       Category 1     Category 1        0.324       0.324             0.000           -0.007
       Category 1     Category 2        0.009       0.009             0.000            0.003
       Category 2     Category 1        0.649       0.649             0.000            0.005
       Category 2     Category 2        0.018       0.018             0.000            0.006
     ENJOY          JOB
       Category 1     Category 1        0.229       0.230            -0.001           -0.046
       Category 1     Category 2        0.103       0.104             0.000           -0.006
       Category 2     Category 1        0.460       0.460             0.000            0.010
       Category 2     Category 2        0.208       0.207             0.001            0.040
     ENJOY          ADULT
       Category 1     Category 1        0.125       0.125             0.000           -0.003
       Category 1     Category 2        0.209       0.208             0.001            0.035
       Category 2     Category 1        0.249       0.250            -0.001           -0.039
       Category 2     Category 2        0.417       0.417             0.000            0.007
     USEFUL         LOGICAL
       Category 1     Category 1        0.610       0.607             0.003            0.103
       Category 1     Category 2        0.017       0.017             0.000            0.016
       Category 2     Category 1        0.364       0.367            -0.003           -0.106
       Category 2     Category 2        0.010       0.010             0.000           -0.010
     USEFUL         JOB
       Category 1     Category 1        0.431       0.430             0.002            0.061
       Category 1     Category 2        0.193       0.194            -0.001           -0.054
       Category 2     Category 1        0.260       0.260             0.000            0.019
       Category 2     Category 2        0.116       0.117            -0.001           -0.054
     USEFUL         ADULT
       Category 1     Category 1        0.234       0.233             0.000            0.014
       Category 1     Category 2        0.390       0.390             0.000            0.000
       Category 2     Category 1        0.141       0.141             0.000            0.000
       Category 2     Category 2        0.235       0.236             0.000           -0.014
     LOGICAL        JOB
       Category 1     Category 1        0.669       0.671            -0.002           -0.065
       Category 1     Category 2        0.304       0.303             0.002            0.068
       Category 2     Category 1        0.018       0.018             0.000           -0.012
       Category 2     Category 2        0.008       0.008             0.000            0.006
     LOGICAL        ADULT
       Category 1     Category 1        0.363       0.365            -0.002           -0.053
       Category 1     Category 2        0.610       0.609             0.001            0.050
       Category 2     Category 1        0.010       0.010             0.000           -0.003
       Category 2     Category 2        0.017       0.017             0.000            0.011
     JOB            ADULT
       Category 1     Category 1        0.259       0.258             0.001            0.045
       Category 1     Category 2        0.430       0.431            -0.001           -0.044
       Category 2     Category 1        0.117       0.116             0.001            0.031
       Category 2     Category 2        0.194       0.194             0.000           -0.020


     UNIVARIATE DISTRIBUTION FIT FOR CLASS 2

     Variable          Observed      Estimated      Residual (Obs.-Est.)    Stand. Residual
     ENJOY
       Category 1        0.333          0.333                  0.000                0.000
       Category 2        0.667          0.667                  0.000                0.000
     USEFUL
       Category 1        1.000          1.000                  0.000               -0.005
       Category 2        0.000          0.000                  0.000                0.005
     LOGICAL
       Category 1        0.434          0.434                  0.000                0.000
       Category 2        0.566          0.566                  0.000                0.000
     JOB
       Category 1        0.365          0.365                  0.000                0.000
       Category 2        0.635          0.635                  0.000                0.000
     ADULT
       Category 1        0.110          0.110                  0.000                0.000
       Category 2        0.890          0.890                  0.000                0.000


     BIVARIATE DISTRIBUTIONS FIT FOR CLASS 2

     Variable       Variable          Observed     Estimated    Residual (Obs.-Est.)  Stand. Residual
     ENJOY          USEFUL
       Category 1     Category 1        0.335       0.333             0.002            0.075
       Category 1     Category 2        0.000       0.000             0.000            0.002
       Category 2     Category 1        0.665       0.667            -0.002           -0.075
       Category 2     Category 2        0.000       0.000             0.000            0.003
     ENJOY          LOGICAL
       Category 1     Category 1        0.145       0.144             0.001            0.042
       Category 1     Category 2        0.189       0.188             0.001            0.045
       Category 2     Category 1        0.289       0.290            -0.001           -0.028
       Category 2     Category 2        0.377       0.378            -0.001           -0.041
     ENJOY          JOB
       Category 1     Category 1        0.121       0.121             0.000           -0.015
       Category 1     Category 2        0.211       0.211             0.000           -0.001
       Category 2     Category 1        0.243       0.244             0.000           -0.009
       Category 2     Category 2        0.424       0.424             0.001            0.019
     ENJOY          ADULT
       Category 1     Category 1        0.037       0.037             0.000            0.004
       Category 1     Category 2        0.297       0.296             0.000            0.018
       Category 2     Category 1        0.073       0.073             0.000           -0.005
       Category 2     Category 2        0.594       0.594             0.000           -0.015
     USEFUL         LOGICAL
       Category 1     Category 1        0.432       0.434            -0.002           -0.061
       Category 1     Category 2        0.568       0.566             0.002            0.061
       Category 2     Category 1        0.000       0.000             0.000            0.002
       Category 2     Category 2        0.000       0.000             0.000            0.003
     USEFUL         JOB
       Category 1     Category 1        0.365       0.365             0.000            0.002
       Category 1     Category 2        0.635       0.635             0.000           -0.002
       Category 2     Category 1        0.000       0.000             0.000            0.002
       Category 2     Category 2        0.000       0.000             0.000            0.003
     USEFUL         ADULT
       Category 1     Category 1        0.109       0.110            -0.001           -0.055
       Category 1     Category 2        0.891       0.890             0.001            0.055
       Category 2     Category 1        0.000       0.000             0.000            0.001
       Category 2     Category 2        0.000       0.000             0.000            0.005
     LOGICAL        JOB
       Category 1     Category 1        0.158       0.158            -0.001           -0.038
       Category 1     Category 2        0.277       0.276             0.001            0.044
       Category 2     Category 1        0.205       0.207            -0.001           -0.056
       Category 2     Category 2        0.361       0.359             0.001            0.036
     LOGICAL        ADULT
       Category 1     Category 1        0.047       0.048             0.000           -0.034
       Category 1     Category 2        0.386       0.386            -0.001           -0.022
       Category 2     Category 1        0.062       0.062             0.000           -0.020
       Category 2     Category 2        0.505       0.504             0.001            0.046
     JOB            ADULT
       Category 1     Category 1        0.040       0.040             0.000           -0.007
       Category 1     Category 2        0.325       0.325             0.000            0.003
       Category 2     Category 1        0.070       0.070             0.000           -0.009
       Category 2     Category 2        0.565       0.565             0.000            0.004


     UNIVARIATE DISTRIBUTION FIT FOR CLASS 3

     Variable          Observed      Estimated      Residual (Obs.-Est.)    Stand. Residual
     ENJOY
       Category 1        0.300          0.300                  0.000                0.000
       Category 2        0.700          0.700                  0.000                0.000
     USEFUL
       Category 1        0.695          0.695                  0.000                0.000
       Category 2        0.305          0.305                  0.000                0.000
     LOGICAL
       Category 1        0.227          0.227                  0.000                0.000
       Category 2        0.773          0.773                  0.000                0.000
     JOB
       Category 1        0.953          0.953                  0.000                0.000
       Category 2        0.047          0.047                  0.000                0.000
     ADULT
       Category 1        0.698          0.698                  0.000                0.000
       Category 2        0.302          0.302                  0.000                0.000


     BIVARIATE DISTRIBUTIONS FIT FOR CLASS 3

     Variable       Variable          Observed     Estimated    Residual (Obs.-Est.)  Stand. Residual
     ENJOY          USEFUL
       Category 1     Category 1        0.208       0.208            -0.001           -0.028
       Category 1     Category 2        0.091       0.091             0.000           -0.024
       Category 2     Category 1        0.488       0.487             0.001            0.032
       Category 2     Category 2        0.214       0.214             0.000            0.006
     ENJOY          LOGICAL
       Category 1     Category 1        0.068       0.068             0.000           -0.031
       Category 1     Category 2        0.231       0.232             0.000           -0.011
       Category 2     Category 1        0.159       0.159             0.000           -0.024
       Category 2     Category 2        0.542       0.541             0.001            0.042
     ENJOY          JOB
       Category 1     Category 1        0.286       0.286             0.001            0.028
       Category 1     Category 2        0.014       0.014             0.000            0.013
       Category 2     Category 1        0.667       0.668            -0.001           -0.033
       Category 2     Category 2        0.033       0.033             0.000            0.008
     ENJOY          ADULT
       Category 1     Category 1        0.209       0.209             0.000            0.003
       Category 1     Category 2        0.091       0.090             0.000            0.018
       Category 2     Category 1        0.488       0.489            -0.001           -0.024
       Category 2     Category 2        0.212       0.211             0.000            0.013
     USEFUL         LOGICAL
       Category 1     Category 1        0.159       0.158             0.001            0.061
       Category 1     Category 2        0.540       0.537             0.003            0.108
       Category 2     Category 1        0.068       0.069            -0.001           -0.060
       Category 2     Category 2        0.233       0.236            -0.003           -0.144
     USEFUL         JOB
       Category 1     Category 1        0.662       0.662             0.000            0.002
       Category 1     Category 2        0.032       0.033             0.000           -0.046
       Category 2     Category 1        0.291       0.291             0.001            0.023
       Category 2     Category 2        0.014       0.014             0.000           -0.026
     USEFUL         ADULT
       Category 1     Category 1        0.486       0.485             0.001            0.046
       Category 1     Category 2        0.210       0.210             0.000            0.005
       Category 2     Category 1        0.212       0.213            -0.001           -0.037
       Category 2     Category 2        0.092       0.092            -0.001           -0.034
     LOGICAL        JOB
       Category 1     Category 1        0.218       0.217             0.001            0.054
       Category 1     Category 2        0.011       0.011             0.000            0.026
       Category 2     Category 1        0.735       0.737            -0.001           -0.066
       Category 2     Category 2        0.036       0.036             0.000            0.022
     LOGICAL        ADULT
       Category 1     Category 1        0.158       0.159            -0.001           -0.033
       Category 1     Category 2        0.069       0.069             0.000            0.010
       Category 2     Category 1        0.539       0.540            -0.001           -0.023
       Category 2     Category 2        0.234       0.233             0.001            0.050
     JOB            ADULT
       Category 1     Category 1        0.665       0.665            -0.001           -0.029
       Category 1     Category 2        0.288       0.288             0.001            0.029
       Category 2     Category 1        0.033       0.033             0.000            0.000
       Category 2     Category 2        0.014       0.014             0.000            0.008


     UNIVARIATE DISTRIBUTION FIT FOR CLASS 4

     Variable          Observed      Estimated      Residual (Obs.-Est.)    Stand. Residual
     ENJOY
       Category 1        0.127          0.127                  0.000                0.000
       Category 2        0.873          0.873                  0.000                0.000
     USEFUL
       Category 1        0.050          0.050                  0.000                0.000
       Category 2        0.950          0.950                  0.000                0.000
     LOGICAL
       Category 1        0.088          0.088                  0.000                0.000
       Category 2        0.912          0.912                  0.000                0.000
     JOB
       Category 1        0.126          0.126                  0.000                0.000
       Category 2        0.874          0.874                  0.000                0.000
     ADULT
       Category 1        0.065          0.065                  0.000                0.000
       Category 2        0.935          0.935                  0.000                0.000


     BIVARIATE DISTRIBUTIONS FIT FOR CLASS 4

     Variable       Variable          Observed     Estimated    Residual (Obs.-Est.)  Stand. Residual
     ENJOY          USEFUL
       Category 1     Category 1        0.006       0.006             0.000            0.029
       Category 1     Category 2        0.121       0.120             0.001            0.089
       Category 2     Category 1        0.044       0.044             0.000            0.018
       Category 2     Category 2        0.829       0.830            -0.001           -0.093
     ENJOY          LOGICAL
       Category 1     Category 1        0.011       0.011             0.000           -0.032
       Category 1     Category 2        0.115       0.115            -0.001           -0.053
       Category 2     Category 1        0.076       0.077             0.000           -0.034
       Category 2     Category 2        0.798       0.797             0.001            0.072
     ENJOY          JOB
       Category 1     Category 1        0.016       0.016             0.000            0.034
       Category 1     Category 2        0.111       0.111             0.001            0.069
       Category 2     Category 1        0.111       0.110             0.000            0.012
       Category 2     Category 2        0.762       0.763            -0.001           -0.069
     ENJOY          ADULT
       Category 1     Category 1        0.008       0.008             0.000            0.007
       Category 1     Category 2        0.118       0.118             0.000           -0.013
       Category 2     Category 1        0.057       0.057             0.000            0.028
       Category 2     Category 2        0.816       0.816             0.000           -0.008
     USEFUL         LOGICAL
       Category 1     Category 1        0.004       0.004             0.000            0.002
       Category 1     Category 2        0.046       0.045             0.000            0.071
       Category 2     Category 1        0.083       0.084            -0.001           -0.085
       Category 2     Category 2        0.867       0.867             0.000            0.026
     USEFUL         JOB
       Category 1     Category 1        0.006       0.006             0.000           -0.015
       Category 1     Category 2        0.043       0.044             0.000           -0.014
       Category 2     Category 1        0.120       0.120             0.000           -0.040
       Category 2     Category 2        0.831       0.830             0.001            0.045
     USEFUL         ADULT
       Category 1     Category 1        0.003       0.003             0.000           -0.028
       Category 1     Category 2        0.047       0.047             0.000            0.030
       Category 2     Category 1        0.061       0.062            -0.001           -0.153
       Category 2     Category 2        0.889       0.888             0.001            0.102
     LOGICAL        JOB
       Category 1     Category 1        0.011       0.011             0.000           -0.034
       Category 1     Category 2        0.076       0.077            -0.001           -0.076
       Category 2     Category 1        0.115       0.115             0.000           -0.007
       Category 2     Category 2        0.798       0.797             0.001            0.065
     LOGICAL        ADULT
       Category 1     Category 1        0.006       0.006             0.000           -0.010
       Category 1     Category 2        0.082       0.082             0.000           -0.012
       Category 2     Category 1        0.059       0.060             0.000           -0.021
       Category 2     Category 2        0.853       0.853             0.000            0.025
     JOB            ADULT
       Category 1     Category 1        0.008       0.008             0.000           -0.009
       Category 1     Category 2        0.118       0.118             0.000           -0.045
       Category 2     Category 1        0.057       0.057             0.000            0.009
       Category 2     Category 2        0.817       0.816             0.000            0.034


     UNIVARIATE DISTRIBUTION FIT FOR CLASS 5

     Variable          Observed      Estimated      Residual (Obs.-Est.)    Stand. Residual
     ENJOY
       Category 1        0.683          0.683                  0.000                0.000
       Category 2        0.317          0.317                  0.000                0.000
     USEFUL
       Category 1        0.982          0.982                  0.000                0.000
       Category 2        0.018          0.018                  0.000                0.000
     LOGICAL
       Category 1        0.966          0.966                  0.000                0.000
       Category 2        0.034          0.034                  0.000                0.000
     JOB
       Category 1        0.938          0.938                  0.000                0.000
       Category 2        0.062          0.062                  0.000                0.000
     ADULT
       Category 1        0.977          0.977                  0.000                0.000
       Category 2        0.023          0.023                  0.000                0.000


     BIVARIATE DISTRIBUTIONS FIT FOR CLASS 5

     Variable       Variable          Observed     Estimated    Residual (Obs.-Est.)  Stand. Residual
     ENJOY          USEFUL
       Category 1     Category 1        0.671       0.671             0.000            0.013
       Category 1     Category 2        0.012       0.013             0.000           -0.048
       Category 2     Category 1        0.311       0.311             0.000            0.004
       Category 2     Category 2        0.006       0.006             0.000           -0.033
     ENJOY          LOGICAL
       Category 1     Category 1        0.660       0.660             0.000            0.001
       Category 1     Category 2        0.023       0.023             0.000            0.006
       Category 2     Category 1        0.306       0.306             0.000           -0.004
       Category 2     Category 2        0.011       0.011             0.000            0.004
     ENJOY          JOB
       Category 1     Category 1        0.641       0.641             0.000            0.012
       Category 1     Category 2        0.043       0.043             0.000            0.050
       Category 2     Category 1        0.296       0.297            -0.001           -0.042
       Category 2     Category 2        0.020       0.020             0.000            0.023
     ENJOY          ADULT
       Category 1     Category 1        0.669       0.668             0.001            0.037
       Category 1     Category 2        0.015       0.015             0.000            0.014
       Category 2     Category 1        0.309       0.310            -0.001           -0.042
       Category 2     Category 2        0.007       0.007             0.000            0.002
     USEFUL         LOGICAL
       Category 1     Category 1        0.949       0.948             0.001            0.110
       Category 1     Category 2        0.033       0.033             0.000           -0.050
       Category 2     Category 1        0.017       0.018             0.000           -0.111
       Category 2     Category 2        0.001       0.001             0.000           -0.028
     USEFUL         JOB
       Category 1     Category 1        0.921       0.920             0.001            0.056
       Category 1     Category 2        0.060       0.061            -0.001           -0.074
       Category 2     Category 1        0.017       0.017             0.000            0.020
       Category 2     Category 2        0.001       0.001             0.000           -0.005
     USEFUL         ADULT
       Category 1     Category 1        0.960       0.959             0.000            0.026
       Category 1     Category 2        0.022       0.022             0.000           -0.028
       Category 2     Category 1        0.018       0.018             0.000           -0.007
       Category 2     Category 2        0.000       0.000             0.000           -0.005
     LOGICAL        JOB
       Category 1     Category 1        0.906       0.906             0.000           -0.003
       Category 1     Category 2        0.060       0.060             0.000            0.027
       Category 2     Category 1        0.032       0.032             0.000           -0.031
       Category 2     Category 2        0.002       0.002             0.000           -0.003
     LOGICAL        ADULT
       Category 1     Category 1        0.944       0.944             0.000           -0.028
       Category 1     Category 2        0.022       0.022             0.000            0.022
       Category 2     Category 1        0.033       0.033             0.000            0.017
       Category 2     Category 2        0.001       0.001             0.000            0.007
     JOB            ADULT
       Category 1     Category 1        0.917       0.917             0.000            0.024
       Category 1     Category 2        0.021       0.021             0.000           -0.060
       Category 2     Category 1        0.061       0.061             0.000            0.011
       Category 2     Category 2        0.001       0.001             0.000           -0.014


     UNIVARIATE DISTRIBUTION FIT FOR CLASS 6

     Variable          Observed      Estimated      Residual (Obs.-Est.)    Stand. Residual
     ENJOY
       Category 1        0.480          0.480                  0.000                0.000
       Category 2        0.520          0.520                  0.000                0.000
     USEFUL
       Category 1        0.531          0.531                  0.000                0.000
       Category 2        0.469          0.469                  0.000                0.000
     LOGICAL
       Category 1        0.328          0.328                  0.000                0.000
       Category 2        0.672          0.672                  0.000                0.000
     JOB
       Category 1        0.644          0.644                  0.000                0.000
       Category 2        0.356          0.356                  0.000                0.000
     ADULT
       Category 1        0.996          0.996                  0.000                0.000
       Category 2        0.004          0.004                  0.000                0.000


     BIVARIATE DISTRIBUTIONS FIT FOR CLASS 6

     Variable       Variable          Observed     Estimated    Residual (Obs.-Est.)  Stand. Residual
     ENJOY          USEFUL
       Category 1     Category 1        0.256       0.255             0.001            0.021
       Category 1     Category 2        0.225       0.225             0.000           -0.002
       Category 2     Category 1        0.276       0.276             0.000            0.002
       Category 2     Category 2        0.243       0.244            -0.001           -0.021
     ENJOY          LOGICAL
       Category 1     Category 1        0.157       0.157            -0.001           -0.030
       Category 1     Category 2        0.323       0.323             0.001            0.020
       Category 2     Category 1        0.170       0.170            -0.001           -0.029
       Category 2     Category 2        0.350       0.349             0.001            0.026
     ENJOY          JOB
       Category 1     Category 1        0.308       0.309            -0.001           -0.045
       Category 1     Category 2        0.171       0.171             0.000            0.020
       Category 2     Category 1        0.334       0.335             0.000           -0.010
       Category 2     Category 2        0.186       0.185             0.001            0.046
     ENJOY          ADULT
       Category 1     Category 1        0.479       0.478             0.000            0.014
       Category 1     Category 2        0.002       0.002             0.000            0.002
       Category 2     Category 1        0.517       0.518             0.000           -0.014
       Category 2     Category 2        0.002       0.002             0.000            0.000
     USEFUL         LOGICAL
       Category 1     Category 1        0.176       0.174             0.002            0.088
       Category 1     Category 2        0.359       0.357             0.002            0.080
       Category 2     Category 1        0.153       0.154            -0.001           -0.041
       Category 2     Category 2        0.312       0.315            -0.003           -0.122
     USEFUL         JOB
       Category 1     Category 1        0.344       0.342             0.002            0.073
       Category 1     Category 2        0.187       0.189            -0.002           -0.067
       Category 2     Category 1        0.303       0.302             0.001            0.045
       Category 2     Category 2        0.165       0.167            -0.002           -0.077
     USEFUL         ADULT
       Category 1     Category 1        0.530       0.529             0.001            0.037
       Category 1     Category 2        0.002       0.002             0.000            0.007
       Category 2     Category 1        0.466       0.467            -0.001           -0.038
       Category 2     Category 2        0.002       0.002             0.000            0.003
     LOGICAL        JOB
       Category 1     Category 1        0.212       0.211             0.001            0.030
       Category 1     Category 2        0.119       0.117             0.002            0.116
       Category 2     Category 1        0.429       0.433            -0.004           -0.146
       Category 2     Category 2        0.241       0.239             0.001            0.053
     LOGICAL        ADULT
       Category 1     Category 1        0.326       0.326             0.000           -0.015
       Category 1     Category 2        0.001       0.001             0.000            0.003
       Category 2     Category 1        0.670       0.669             0.000            0.014
       Category 2     Category 2        0.003       0.003             0.000            0.006
     JOB            ADULT
       Category 1     Category 1        0.641       0.641             0.000           -0.010
       Category 1     Category 2        0.003       0.003             0.000            0.003
       Category 2     Category 1        0.355       0.354             0.000            0.010
       Category 2     Category 2        0.001       0.001             0.000            0.003


TECHNICAL 1 OUTPUT


     PARAMETER SPECIFICATION FOR LATENT CLASS 1


     PARAMETER SPECIFICATION FOR LATENT CLASS 2


     PARAMETER SPECIFICATION FOR LATENT CLASS 3


     PARAMETER SPECIFICATION FOR LATENT CLASS 4


     PARAMETER SPECIFICATION FOR LATENT CLASS 5


     PARAMETER SPECIFICATION FOR LATENT CLASS 6


     PARAMETER SPECIFICATION FOR LATENT CLASS INDICATOR MODEL PART


           TAU(U) FOR LATENT CLASS 1
              ENJOY$1       USEFUL$1      LOGICAL$      JOB$1         ADULT$1
              ________      ________      ________      ________      ________
                    1             2             3             4             5


           TAU(U) FOR LATENT CLASS 2
              ENJOY$1       USEFUL$1      LOGICAL$      JOB$1         ADULT$1
              ________      ________      ________      ________      ________
                    6             7             8             9            10


           TAU(U) FOR LATENT CLASS 3
              ENJOY$1       USEFUL$1      LOGICAL$      JOB$1         ADULT$1
              ________      ________      ________      ________      ________
                   11            12            13            14            15


           TAU(U) FOR LATENT CLASS 4
              ENJOY$1       USEFUL$1      LOGICAL$      JOB$1         ADULT$1
              ________      ________      ________      ________      ________
                   16            17            18            19            20


           TAU(U) FOR LATENT CLASS 5
              ENJOY$1       USEFUL$1      LOGICAL$      JOB$1         ADULT$1
              ________      ________      ________      ________      ________
                   21            22            23            24            25


           TAU(U) FOR LATENT CLASS 6
              ENJOY$1       USEFUL$1      LOGICAL$      JOB$1         ADULT$1
              ________      ________      ________      ________      ________
                   26            27            28            29            30


     PARAMETER SPECIFICATION FOR LATENT CLASS REGRESSION MODEL PART


           ALPHA(C)
              C#1           C#2           C#3           C#4           C#5
              ________      ________      ________      ________      ________
                   31            32            33            34            35


           ALPHA(C)
              C#6
              ________
                    0


     STARTING VALUES FOR LATENT CLASS 1


     STARTING VALUES FOR LATENT CLASS 2


     STARTING VALUES FOR LATENT CLASS 3


     STARTING VALUES FOR LATENT CLASS 4


     STARTING VALUES FOR LATENT CLASS 5


     STARTING VALUES FOR LATENT CLASS 6


     STARTING VALUES FOR LATENT CLASS INDICATOR MODEL PART


           TAU(U) FOR LATENT CLASS 1
              ENJOY$1       USEFUL$1      LOGICAL$      JOB$1         ADULT$1
              ________      ________      ________      ________      ________
               -2.460        -1.610        -1.969        -1.610        -1.845


           TAU(U) FOR LATENT CLASS 2
              ENJOY$1       USEFUL$1      LOGICAL$      JOB$1         ADULT$1
              ________      ________      ________      ________      ________
               -1.460        -0.610        -0.969        -0.610        -0.845


           TAU(U) FOR LATENT CLASS 3
              ENJOY$1       USEFUL$1      LOGICAL$      JOB$1         ADULT$1
              ________      ________      ________      ________      ________
               -0.460         0.390         0.031         0.390         0.155


           TAU(U) FOR LATENT CLASS 4
              ENJOY$1       USEFUL$1      LOGICAL$      JOB$1         ADULT$1
              ________      ________      ________      ________      ________
               -0.460         0.390         0.031         0.390         0.155


           TAU(U) FOR LATENT CLASS 5
              ENJOY$1       USEFUL$1      LOGICAL$      JOB$1         ADULT$1
              ________      ________      ________      ________      ________
                0.540         1.390         1.031         1.390         1.155


           TAU(U) FOR LATENT CLASS 6
              ENJOY$1       USEFUL$1      LOGICAL$      JOB$1         ADULT$1
              ________      ________      ________      ________      ________
                1.540         2.390         2.031         2.390         2.155


     STARTING VALUES FOR LATENT CLASS REGRESSION MODEL PART


           ALPHA(C)
              C#1           C#2           C#3           C#4           C#5
              ________      ________      ________      ________      ________
                0.000         0.000         0.000         0.000         0.000


           ALPHA(C)
              C#6
              ________
                0.000


TECHNICAL 11 OUTPUT

     Random Starts Specifications for the k-1 Class Analysis Model
        Number of initial stage random starts                 200
        Number of final stage optimizations                   100



     VUONG-LO-MENDELL-RUBIN LIKELIHOOD RATIO TEST FOR 5 (H0) VERSUS 6 CLASSES

          H0 Loglikelihood Value                        -8662.386
          2 Times the Loglikelihood Difference              1.690
          Difference in the Number of Parameters                6
          Mean                                              4.690
          Standard Deviation                                4.084
          P-Value                                          0.7884

     LO-MENDELL-RUBIN ADJUSTED LRT TEST

          Value                                             1.656
          P-Value                                          0.7916


TECHNICAL 14 OUTPUT

     Random Starts Specifications for the k-1 Class Analysis Model
        Number of initial stage random starts                 200
        Number of final stage optimizations                   100

     Random Starts Specification for the k-1 Class Model for Generated Data
        Number of initial stage random starts                   0
        Number of final stage optimizations for the
           initial stage random starts                          0
     Random Starts Specification for the k Class Model for Generated Data
        Number of initial stage random starts                  40
        Number of final stage optimizations                     8
     Number of bootstrap draws requested                   Varies


     PARAMETRIC BOOTSTRAPPED LIKELIHOOD RATIO TEST FOR 5 (H0) VERSUS 6 CLASSES

          H0 Loglikelihood Value                        -8662.386
          2 Times the Loglikelihood Difference              1.690
          Difference in the Number of Parameters                6
          Approximate P-Value                              0.6667
          Successful Bootstrap Draws                            3


PLOT INFORMATION

The following plots are available:

  Histograms (sample values)
  Scatterplots (sample values)
  Sample proportions and estimated probabilities

     Beginning Time:  12:03:43
        Ending Time:  12:03:45
       Elapsed Time:  00:00:02



MUTHEN & MUTHEN
3463 Stoner Ave.
Los Angeles, CA  90066

Tel: (310) 391-9971
Fax: (310) 391-8971
Web: www.StatModel.com
Support: Support@StatModel.com

Copyright (c) 1998-2021 Muthen & Muthen
