Mplus VERSION 8.6 (Mac)
MUTHEN & MUTHEN
05/29/2021  12:10 PM

INPUT INSTRUCTIONS

  TITLE:
  C4 LCA - Save response patterns
  DATA:
  FILE = "/Users/agarber/github/NTNU-workshop/21-response-patterns/resp_pattrn/LSAY.dat";

  VARIABLE:
  NAMES = Enjoy Useful Logical Job Adult;
   MISSING=.;
   categorical = Enjoy-Adult;
     usevar = Enjoy-Adult;

     classes = c(4);
  ANALYSIS:
  estimator = mlr;
      type = mixture;
      starts = 500 100;
  OUTPUT:
  sampstat residual patterns tech10 tech11 tech14
  SAVEDATA:
  File=3step_savedata.dat;
      Save=cprob;
      Missflag= 999;
      !!!!!!!! Code to save response frequency data !!!!!!!!
      response is resp_patterns.dat;
      !!!!!!!!!!!!!!!!!!!!!!!!!!!!!!!!!!!!!!!!!!!!!!!!!!!!!!
  PLOT:
  type = plot3;
      series = Enjoy-Adult(*);



*** WARNING in OUTPUT command
  SAMPSTAT option is not available when all outcomes are censored, ordered
  categorical, unordered categorical (nominal), count or continuous-time
  survival variables.  Request for SAMPSTAT is ignored.
   1 WARNING(S) FOUND IN THE INPUT INSTRUCTIONS




C4 LCA - Save response patterns

SUMMARY OF ANALYSIS

Number of groups                                                 1
Number of observations                                        3061

Number of dependent variables                                    5
Number of independent variables                                  0
Number of continuous latent variables                            0
Number of categorical latent variables                           1

Observed dependent variables

  Binary and ordered categorical (ordinal)
   ENJOY       USEFUL      LOGICAL     JOB         ADULT

Categorical latent variables
   C


Estimator                                                      MLR
Information matrix                                        OBSERVED
Optimization Specifications for the Quasi-Newton Algorithm for
Continuous Outcomes
  Maximum number of iterations                                 100
  Convergence criterion                                  0.100D-05
Optimization Specifications for the EM Algorithm
  Maximum number of iterations                                 500
  Convergence criteria
    Loglikelihood change                                 0.100D-06
    Relative loglikelihood change                        0.100D-06
    Derivative                                           0.100D-05
Optimization Specifications for the M step of the EM Algorithm for
Categorical Latent variables
  Number of M step iterations                                    1
  M step convergence criterion                           0.100D-05
  Basis for M step termination                           ITERATION
Optimization Specifications for the M step of the EM Algorithm for
Censored, Binary or Ordered Categorical (Ordinal), Unordered
Categorical (Nominal) and Count Outcomes
  Number of M step iterations                                    1
  M step convergence criterion                           0.100D-05
  Basis for M step termination                           ITERATION
  Maximum value for logit thresholds                            15
  Minimum value for logit thresholds                           -15
  Minimum expected cell size for chi-square              0.100D-01
Maximum number of iterations for H1                           2000
Convergence criterion for H1                             0.100D-03
Optimization algorithm                                         EMA
Random Starts Specifications
  Number of initial stage random starts                        500
  Number of final stage optimizations                          100
  Number of initial stage iterations                            10
  Initial stage convergence criterion                    0.100D+01
  Random starts scale                                    0.500D+01
  Random seed for generating random starts                       0
Link                                                         LOGIT

Input data file(s)
  /Users/agarber/github/NTNU-workshop/21-response-patterns/resp_pattrn/LSAY.dat
Input data format  FREE


SUMMARY OF DATA

     Number of missing data patterns            21
     Number of y missing data patterns           0
     Number of u missing data patterns          21


SUMMARY OF MISSING DATA PATTERNS


     MISSING DATA PATTERNS FOR U (x = not missing)

           1  2  3  4  5  6  7  8  9 10 11 12 13 14 15 16 17 18 19 20
 ENJOY     x  x  x     x     x     x  x  x     x           x  x  x  x
 USEFUL    x  x     x  x  x  x     x     x              x        x  x
 LOGICAL   x  x  x  x     x        x        x        x  x     x     x
 JOB       x     x  x  x  x  x     x  x           x  x
 ADULT     x  x  x  x  x        x     x     x     x  x     x  x  x

          21
 ENJOY     x
 USEFUL
 LOGICAL   x
 JOB       x
 ADULT


     MISSING DATA PATTERN FREQUENCIES FOR U

    Pattern   Frequency     Pattern   Frequency     Pattern   Frequency
          1        2892           8           2          15           2
          2          30           9           3          16           1
          3          47          10           8          17           1
          4          11          11           1          18           2
          5          44          12           1          19           2
          6           1          13           8          20           1
          7           2          14           1          21           1


COVARIANCE COVERAGE OF DATA

Minimum covariance coverage value   0.100


     PROPORTION OF DATA PRESENT FOR U


           Covariance Coverage
              ENJOY         USEFUL        LOGICAL       JOB           ADULT
              ________      ________      ________      ________      ________
 ENJOY          0.994
 USEFUL         0.972         0.976
 LOGICAL        0.972         0.960         0.977
 JOB            0.979         0.965         0.966         0.984
 ADULT          0.989         0.973         0.975         0.982         0.994


UNIVARIATE PROPORTIONS AND COUNTS FOR CATEGORICAL VARIABLES

    ENJOY
      Category 1    0.387         1177.000
      Category 2    0.613         1865.000
    USEFUL
      Category 1    0.596         1782.000
      Category 2    0.404         1206.000
    LOGICAL
      Category 1    0.508         1519.000
      Category 2    0.492         1473.000
    JOB
      Category 1    0.596         1796.000
      Category 2    0.404         1216.000
    ADULT
      Category 1    0.539         1639.000
      Category 2    0.461         1404.000


RANDOM STARTS RESULTS RANKED FROM THE BEST TO THE WORST LOGLIKELIHOOD VALUES

Final stage loglikelihood values at local maxima, seeds, and initial stage start numbers:

           -8664.090  534483           290
           -8664.090  521575           313
           -8664.090  848331           137
           -8664.090  152496           123
           -8664.090  369602           146
           -8664.090  275475           413
           -8664.090  436460           89
           -8664.090  673496           218
           -8664.090  197223           332
           -8664.090  561664           392
           -8664.090  438144           271
           -8664.090  268896           124
           -8664.090  137305           379
           -8664.090  648555           113
           -8664.090  89970            223
           -8664.090  252949           487
           -8664.090  606576           151
           -8664.090  688839           273
           -8664.090  292884           103
           -8664.090  813779           92
           -8664.090  748692           204
           -8664.090  568405           233
           -8664.090  802682           419
           -8664.090  107446           12
           -8664.090  741484           441
           -8664.090  939021           8
           -8664.090  358488           264
           -8664.090  80438            246
           -8664.090  278692           342
           -8664.090  462953           7
           -8664.090  375590           438

Unperturbed starting value run did not converge or was rejected in the third stage.

68 perturbed starting value run(s) did not converge or were rejected in the third stage.



THE BEST LOGLIKELIHOOD VALUE HAS BEEN REPLICATED.  RERUN WITH AT LEAST TWICE THE
RANDOM STARTS TO CHECK THAT THE BEST LOGLIKELIHOOD IS STILL OBTAINED AND REPLICATED.

     IN THE OPTIMIZATION, ONE OR MORE LOGIT THRESHOLDS APPROACHED EXTREME VALUES
     OF -15.000 AND 15.000 AND WERE FIXED TO STABILIZE MODEL ESTIMATION.  THESE
     VALUES IMPLY PROBABILITIES OF 0 AND 1.  IN THE MODEL RESULTS SECTION, THESE
     PARAMETERS HAVE 0 STANDARD ERRORS AND 999 IN THE Z-SCORE AND P-VALUE COLUMNS.




THE MODEL ESTIMATION TERMINATED NORMALLY



MODEL FIT INFORMATION

Number of Free Parameters                       23

Loglikelihood

          H0 Value                       -8664.090
          H0 Scaling Correction Factor      1.0056
            for MLR

Information Criteria

          Akaike (AIC)                   17374.180
          Bayesian (BIC)                 17512.790
          Sample-Size Adjusted BIC       17439.709
            (n* = (n + 2) / 24)

Chi-Square Test of Model Fit for the Binary and Ordered Categorical
(Ordinal) Outcomes

          Pearson Chi-Square

          Value                              4.386
          Degrees of Freedom                     8
          P-Value                           0.8207

          Likelihood Ratio Chi-Square

          Value                              5.098
          Degrees of Freedom                     8
          P-Value                           0.7470

Chi-Square Test for MCAR under the Unrestricted Latent Class Indicator Model

          Pearson Chi-Square

          Value                            161.488
          Degrees of Freedom                   148
          P-Value                           0.2119

          Likelihood Ratio Chi-Square

          Value                            128.456
          Degrees of Freedom                   148
          P-Value                           0.8751



FINAL CLASS COUNTS AND PROPORTIONS FOR THE LATENT CLASSES
BASED ON THE ESTIMATED MODEL

    Latent
   Classes

       1        828.83933          0.27077
       2        781.62350          0.25535
       3        618.81440          0.20216
       4        831.72277          0.27172


FINAL CLASS COUNTS AND PROPORTIONS FOR THE LATENT CLASSES
BASED ON ESTIMATED POSTERIOR PROBABILITIES

    Latent
   Classes

       1        828.83933          0.27077
       2        781.62350          0.25535
       3        618.81440          0.20216
       4        831.72277          0.27172


FINAL CLASS COUNTS AND PROPORTIONS FOR THE LATENT CLASSES
BASED ON THEIR MOST LIKELY LATENT CLASS MEMBERSHIP

Class Counts and Proportions

    Latent
   Classes

       1              863          0.28193
       2              621          0.20287
       3              604          0.19732
       4              973          0.31787


CLASSIFICATION QUALITY

     Entropy                         0.741


Average Latent Class Probabilities for Most Likely Latent Class Membership (Row)
by Latent Class (Column)

           1        2        3        4

    1   0.863    0.024    0.112    0.001
    2   0.033    0.916    0.001    0.049
    3   0.104    0.000    0.861    0.034
    4   0.000    0.197    0.001    0.801


Classification Probabilities for the Most Likely Latent Class Membership (Column)
by Latent Class (Row)

           1        2        3        4

    1   0.899    0.025    0.076    0.000
    2   0.026    0.728    0.000    0.245
    3   0.156    0.001    0.841    0.002
    4   0.001    0.037    0.025    0.937


Logits for the Classification Probabilities for the Most Likely Latent Class Membership (Column)
by Latent Class (Row)

              1        2        3        4

    1      7.784    4.199    5.312    0.000
    2     -2.228    1.087   -6.772    0.000
    3      4.387   -0.530    6.070    0.000
    4     -7.000   -3.236   -3.631    0.000


MODEL RESULTS

                                                    Two-Tailed
                    Estimate       S.E.  Est./S.E.    P-Value

Latent Class 1

 Thresholds
    ENJOY$1           -2.049      0.142    -14.462      0.000
    USEFUL$1          -2.849      0.657     -4.339      0.000
    LOGICAL$1         -2.614      0.314     -8.329      0.000
    JOB$1             -2.070      0.210     -9.845      0.000
    ADULT$1           -2.626      0.266     -9.855      0.000

Latent Class 2

 Thresholds
    ENJOY$1           -0.391      0.120     -3.258      0.001
    USEFUL$1           0.599      0.209      2.872      0.004
    LOGICAL$1         -0.260      0.137     -1.895      0.058
    JOB$1              1.248      0.167      7.458      0.000
    ADULT$1           15.000      0.000    999.000    999.000

Latent Class 3

 Thresholds
    ENJOY$1           -0.754      0.163     -4.637      0.000
    USEFUL$1           0.926      0.242      3.825      0.000
    LOGICAL$1          0.161      0.214      0.755      0.450
    JOB$1              0.241      0.194      1.244      0.214
    ADULT$1          -15.000      0.000    999.000    999.000

Latent Class 4

 Thresholds
    ENJOY$1            0.815      0.118      6.914      0.000
    USEFUL$1          15.000      0.000    999.000    999.000
    LOGICAL$1          4.408      3.926      1.123      0.262
    JOB$1              2.662      0.225     11.846      0.000
    ADULT$1            3.667      1.113      3.296      0.001

Categorical Latent Variables

 Means
    C#1               -0.003      0.165     -0.021      0.983
    C#2               -0.062      0.209     -0.297      0.766
    C#3               -0.296      0.137     -2.158      0.031


QUALITY OF NUMERICAL RESULTS

     Condition Number for the Information Matrix              0.110E-03
       (ratio of smallest to largest eigenvalue)


RESULTS IN PROBABILITY SCALE

                                                    Two-Tailed
                    Estimate       S.E.  Est./S.E.    P-Value

Latent Class 1

 ENJOY
    Category 1         0.114      0.014      7.968      0.000
    Category 2         0.886      0.014     61.824      0.000
 USEFUL
    Category 1         0.055      0.034      1.611      0.107
    Category 2         0.945      0.034     27.816      0.000
 LOGICAL
    Category 1         0.068      0.020      3.420      0.001
    Category 2         0.932      0.020     46.682      0.000
 JOB
    Category 1         0.112      0.021      5.356      0.000
    Category 2         0.888      0.021     42.450      0.000
 ADULT
    Category 1         0.067      0.017      4.025      0.000
    Category 2         0.933      0.017     55.609      0.000

Latent Class 2

 ENJOY
    Category 1         0.404      0.029     13.978      0.000
    Category 2         0.596      0.029     20.662      0.000
 USEFUL
    Category 1         0.645      0.048     13.517      0.000
    Category 2         0.355      0.048      7.424      0.000
 LOGICAL
    Category 1         0.435      0.034     12.891      0.000
    Category 2         0.565      0.034     16.724      0.000
 JOB
    Category 1         0.777      0.029     26.791      0.000
    Category 2         0.223      0.029      7.693      0.000
 ADULT
    Category 1         1.000      0.000      0.000      1.000
    Category 2         0.000      0.000      0.000      1.000

Latent Class 3

 ENJOY
    Category 1         0.320      0.035      9.048      0.000
    Category 2         0.680      0.035     19.226      0.000
 USEFUL
    Category 1         0.716      0.049     14.556      0.000
    Category 2         0.284      0.049      5.766      0.000
 LOGICAL
    Category 1         0.540      0.053     10.181      0.000
    Category 2         0.460      0.053      8.663      0.000
 JOB
    Category 1         0.560      0.048     11.737      0.000
    Category 2         0.440      0.048      9.225      0.000
 ADULT
    Category 1         0.000      0.000      0.000      1.000
    Category 2         1.000      0.000      0.000      1.000

Latent Class 4

 ENJOY
    Category 1         0.693      0.025     27.652      0.000
    Category 2         0.307      0.025     12.244      0.000
 USEFUL
    Category 1         1.000      0.000      0.000      1.000
    Category 2         0.000      0.000      0.000      1.000
 LOGICAL
    Category 1         0.988      0.047     21.160      0.000
    Category 2         0.012      0.047      0.258      0.797
 JOB
    Category 1         0.935      0.014     68.198      0.000
    Category 2         0.065      0.014      4.761      0.000
 ADULT
    Category 1         0.975      0.027     36.073      0.000
    Category 2         0.025      0.027      0.922      0.357


LATENT CLASS INDICATOR ODDS RATIOS FOR THE LATENT CLASSES

                                                95% C.I.
                    Estimate       S.E.  Lower 2.5% Upper 2.5%

Latent Class 1 Compared to Latent Class 2

 ENJOY
    Category > 1       5.249      0.965      3.661      7.525
 USEFUL
    Category > 1      31.432     21.554      8.197    120.524
 LOGICAL
    Category > 1      10.520      3.572      5.408     20.465
 JOB
    Category > 1      27.600      7.027     16.757     45.460
 ADULT
    Category > 1   *********      0.000  *********  *********

Latent Class 1 Compared to Latent Class 3

 ENJOY
    Category > 1       3.651      0.756      2.434      5.478
 USEFUL
    Category > 1      43.578     24.844     14.256    133.213
 LOGICAL
    Category > 1      16.039      4.786      8.937     28.785
 JOB
    Category > 1      10.083      2.247      6.515     15.605
 ADULT
    Category > 1       0.000      0.000      0.000      0.000

Latent Class 1 Compared to Latent Class 4

 ENJOY
    Category > 1      17.523      3.146     12.325     24.914
 USEFUL
    Category > 1   *********      0.000  *********  *********
 LOGICAL
    Category > 1    1120.286   4369.992      0.536  *********
 JOB
    Category > 1     113.530     34.895     62.155    207.369
 ADULT
    Category > 1     540.714    624.748     56.164   5205.656

Latent Class 2 Compared to Latent Class 3

 ENJOY
    Category > 1       0.696      0.135      0.475      1.018
 USEFUL
    Category > 1       1.386      0.416      0.770      2.495
 LOGICAL
    Category > 1       1.525      0.380      0.935      2.486
 JOB
    Category > 1       0.365      0.087      0.229      0.583
 ADULT
    Category > 1       0.000      0.000      0.000      0.000

Latent Class 2 Compared to Latent Class 4

 ENJOY
    Category > 1       3.338      0.526      2.451      4.547
 USEFUL
    Category > 1   *********      0.000  *********  *********
 LOGICAL
    Category > 1     106.491    415.326      0.051  *********
 JOB
    Category > 1       4.113      1.234      2.284      7.407
 ADULT
    Category > 1       0.000      0.000      0.000      0.000

Latent Class 3 Compared to Latent Class 4

 ENJOY
    Category > 1       4.799      0.961      3.241      7.106
 USEFUL
    Category > 1   *********      0.000  *********  *********
 LOGICAL
    Category > 1      69.849    274.488      0.032  *********
 JOB
    Category > 1      11.259      3.397      6.233     20.338
 ADULT
    Category > 1   *********      0.000  *********  *********


RESIDUAL OUTPUT


     UNIVARIATE DISTRIBUTION FIT FOR CLASS 1

     Variable          Observed      Estimated      Residual (Obs.-Est.)    Stand. Residual
     ENJOY
       Category 1        0.114          0.114                  0.000                0.000
       Category 2        0.886          0.886                  0.000                0.000
     USEFUL
       Category 1        0.055          0.055                  0.000                0.000
       Category 2        0.945          0.945                  0.000                0.000
     LOGICAL
       Category 1        0.068          0.068                  0.000                0.000
       Category 2        0.932          0.932                  0.000                0.000
     JOB
       Category 1        0.112          0.112                  0.000                0.000
       Category 2        0.888          0.888                  0.000                0.000
     ADULT
       Category 1        0.067          0.067                  0.000                0.000
       Category 2        0.933          0.933                  0.000                0.000


     BIVARIATE DISTRIBUTIONS FIT FOR CLASS 1

     Variable       Variable          Observed     Estimated    Residual (Obs.-Est.)  Stand. Residual
     ENJOY          USEFUL
       Category 1     Category 1        0.007       0.006             0.000            0.174
       Category 1     Category 2        0.108       0.108             0.000            0.041
       Category 2     Category 1        0.048       0.049             0.000           -0.035
       Category 2     Category 2        0.837       0.837            -0.001           -0.051
     ENJOY          LOGICAL
       Category 1     Category 1        0.007       0.008            -0.001           -0.345
       Category 1     Category 2        0.107       0.106             0.001            0.049
       Category 2     Category 1        0.061       0.060             0.001            0.091
       Category 2     Category 2        0.825       0.825             0.000           -0.017
     ENJOY          JOB
       Category 1     Category 1        0.011       0.013            -0.001           -0.344
       Category 1     Category 2        0.103       0.101             0.002            0.200
       Category 2     Category 1        0.101       0.099             0.002            0.151
       Category 2     Category 2        0.784       0.787            -0.002           -0.164
     ENJOY          ADULT
       Category 1     Category 1        0.009       0.008             0.001            0.343
       Category 1     Category 2        0.105       0.106            -0.001           -0.109
       Category 2     Category 1        0.059       0.060            -0.001           -0.097
       Category 2     Category 2        0.827       0.826             0.001            0.070
     USEFUL         LOGICAL
       Category 1     Category 1        0.004       0.004             0.000           -0.017
       Category 1     Category 2        0.052       0.051             0.001            0.075
       Category 2     Category 1        0.064       0.065            -0.001           -0.069
       Category 2     Category 2        0.881       0.881             0.000            0.005
     USEFUL         JOB
       Category 1     Category 1        0.006       0.006             0.000           -0.024
       Category 1     Category 2        0.049       0.049             0.000           -0.014
       Category 2     Category 1        0.106       0.106             0.000           -0.038
       Category 2     Category 2        0.840       0.839             0.001            0.045
     USEFUL         ADULT
       Category 1     Category 1        0.003       0.004             0.000           -0.210
       Category 1     Category 2        0.052       0.051             0.001            0.080
       Category 2     Category 1        0.063       0.064            -0.001           -0.099
       Category 2     Category 2        0.882       0.881             0.001            0.060
     LOGICAL        JOB
       Category 1     Category 1        0.008       0.008             0.000            0.117
       Category 1     Category 2        0.060       0.061            -0.001           -0.124
       Category 2     Category 1        0.104       0.104            -0.001           -0.049
       Category 2     Category 2        0.829       0.827             0.001            0.091
     LOGICAL        ADULT
       Category 1     Category 1        0.005       0.005             0.000            0.193
       Category 1     Category 2        0.063       0.064            -0.001           -0.067
       Category 2     Category 1        0.062       0.063            -0.001           -0.074
       Category 2     Category 2        0.870       0.869             0.001            0.063
     JOB            ADULT
       Category 1     Category 1        0.008       0.008             0.000           -0.005
       Category 1     Category 2        0.104       0.104             0.000           -0.042
       Category 2     Category 1        0.060       0.060             0.000            0.007
       Category 2     Category 2        0.828       0.828             0.000            0.031


     UNIVARIATE DISTRIBUTION FIT FOR CLASS 2

     Variable          Observed      Estimated      Residual (Obs.-Est.)    Stand. Residual
     ENJOY
       Category 1        0.404          0.404                  0.000                0.000
       Category 2        0.596          0.596                  0.000                0.000
     USEFUL
       Category 1        0.645          0.645                  0.000                0.000
       Category 2        0.355          0.355                  0.000                0.000
     LOGICAL
       Category 1        0.435          0.435                  0.000                0.000
       Category 2        0.565          0.565                  0.000                0.000
     JOB
       Category 1        0.777          0.777                  0.000                0.000
       Category 2        0.223          0.223                  0.000                0.000
     ADULT
       Category 1        1.000          1.000                  0.000               -0.009
       Category 2        0.000          0.000                  0.000                0.009


     BIVARIATE DISTRIBUTIONS FIT FOR CLASS 2

     Variable       Variable          Observed     Estimated    Residual (Obs.-Est.)  Stand. Residual
     ENJOY          USEFUL
       Category 1     Category 1        0.257       0.260            -0.004           -0.233
       Category 1     Category 2        0.146       0.143             0.003            0.262
       Category 2     Category 1        0.390       0.385             0.005            0.260
       Category 2     Category 2        0.207       0.211            -0.004           -0.285
     ENJOY          LOGICAL
       Category 1     Category 1        0.178       0.176             0.002            0.172
       Category 1     Category 2        0.225       0.228            -0.003           -0.186
       Category 2     Category 1        0.256       0.260            -0.004           -0.235
       Category 2     Category 2        0.341       0.337             0.004            0.245
     ENJOY          JOB
       Category 1     Category 1        0.309       0.314            -0.004           -0.253
       Category 1     Category 2        0.094       0.090             0.004            0.416
       Category 2     Category 1        0.466       0.463             0.003            0.165
       Category 2     Category 2        0.130       0.133            -0.003           -0.247
     ENJOY          ADULT
       Category 1     Category 1        0.404       0.404             0.000            0.028
       Category 1     Category 2        0.000       0.000             0.000            0.003
       Category 2     Category 1        0.596       0.596             0.000           -0.028
       Category 2     Category 2        0.000       0.000             0.000            0.005
     USEFUL         LOGICAL
       Category 1     Category 1        0.284       0.281             0.003            0.210
       Category 1     Category 2        0.366       0.365             0.001            0.060
       Category 2     Category 1        0.152       0.154            -0.002           -0.178
       Category 2     Category 2        0.198       0.200            -0.002           -0.147
     USEFUL         JOB
       Category 1     Category 1        0.511       0.501             0.009            0.526
       Category 1     Category 2        0.134       0.144            -0.010           -0.768
       Category 2     Category 1        0.269       0.275            -0.006           -0.393
       Category 2     Category 2        0.086       0.079             0.007            0.676
     USEFUL         ADULT
       Category 1     Category 1        0.646       0.645             0.001            0.058
       Category 1     Category 2        0.000       0.000             0.000            0.006
       Category 2     Category 1        0.354       0.355            -0.001           -0.058
       Category 2     Category 2        0.000       0.000             0.000            0.003
     LOGICAL        JOB
       Category 1     Category 1        0.333       0.338            -0.005           -0.281
       Category 1     Category 2        0.105       0.097             0.008            0.724
       Category 2     Category 1        0.442       0.439             0.003            0.164
       Category 2     Category 2        0.120       0.126            -0.006           -0.490
     LOGICAL        ADULT
       Category 1     Category 1        0.435       0.435            -0.001           -0.034
       Category 1     Category 2        0.000       0.000             0.000            0.004
       Category 2     Category 1        0.565       0.565             0.001            0.034
       Category 2     Category 2        0.000       0.000             0.000            0.005
     JOB            ADULT
       Category 1     Category 1        0.777       0.777             0.000           -0.011
       Category 1     Category 2        0.000       0.000             0.000            0.007
       Category 2     Category 1        0.223       0.223             0.000            0.011
       Category 2     Category 2        0.000       0.000             0.000            0.002


     UNIVARIATE DISTRIBUTION FIT FOR CLASS 3

     Variable          Observed      Estimated      Residual (Obs.-Est.)    Stand. Residual
     ENJOY
       Category 1        0.320          0.320                  0.000                0.000
       Category 2        0.680          0.680                  0.000                0.000
     USEFUL
       Category 1        0.716          0.716                  0.000                0.000
       Category 2        0.284          0.284                  0.000                0.000
     LOGICAL
       Category 1        0.540          0.540                  0.000                0.000
       Category 2        0.460          0.460                  0.000                0.000
     JOB
       Category 1        0.560          0.560                  0.000                0.000
       Category 2        0.440          0.440                  0.000                0.000
     ADULT
       Category 1        0.000          0.000                  0.000                0.008
       Category 2        1.000          1.000                  0.000               -0.008


     BIVARIATE DISTRIBUTIONS FIT FOR CLASS 3

     Variable       Variable          Observed     Estimated    Residual (Obs.-Est.)  Stand. Residual
     ENJOY          USEFUL
       Category 1     Category 1        0.236       0.229             0.006            0.383
       Category 1     Category 2        0.086       0.091            -0.005           -0.401
       Category 2     Category 1        0.481       0.487            -0.006           -0.285
       Category 2     Category 2        0.197       0.193             0.004            0.245
     ENJOY          LOGICAL
       Category 1     Category 1        0.173       0.173             0.000            0.025
       Category 1     Category 2        0.147       0.147             0.000            0.012
       Category 2     Category 1        0.367       0.367            -0.001           -0.027
       Category 2     Category 2        0.313       0.313             0.000           -0.001
     ENJOY          JOB
       Category 1     Category 1        0.177       0.179            -0.002           -0.126
       Category 1     Category 2        0.143       0.141             0.002            0.121
       Category 2     Category 1        0.383       0.381             0.002            0.103
       Category 2     Category 2        0.298       0.299            -0.002           -0.095
     ENJOY          ADULT
       Category 1     Category 1        0.000       0.000             0.000            0.002
       Category 1     Category 2        0.321       0.320             0.001            0.027
       Category 2     Category 1        0.000       0.000             0.000            0.005
       Category 2     Category 2        0.679       0.680            -0.001           -0.027
     USEFUL         LOGICAL
       Category 1     Category 1        0.385       0.387            -0.002           -0.125
       Category 1     Category 2        0.334       0.329             0.005            0.248
       Category 2     Category 1        0.154       0.153             0.001            0.056
       Category 2     Category 2        0.127       0.130            -0.003           -0.225
     USEFUL         JOB
       Category 1     Category 1        0.398       0.401            -0.004           -0.179
       Category 1     Category 2        0.319       0.315             0.004            0.228
       Category 2     Category 1        0.162       0.159             0.003            0.212
       Category 2     Category 2        0.121       0.125            -0.004           -0.289
     USEFUL         ADULT
       Category 1     Category 1        0.000       0.000             0.000            0.005
       Category 1     Category 2        0.717       0.716             0.001            0.036
       Category 2     Category 1        0.000       0.000             0.000            0.002
       Category 2     Category 2        0.283       0.284            -0.001           -0.036
     LOGICAL        JOB
       Category 1     Category 1        0.305       0.303             0.003            0.158
       Category 1     Category 2        0.234       0.238            -0.003           -0.203
       Category 2     Category 1        0.252       0.257            -0.005           -0.285
       Category 2     Category 2        0.208       0.202             0.006            0.345
     LOGICAL        ADULT
       Category 1     Category 1        0.000       0.000             0.000            0.004
       Category 1     Category 2        0.539       0.540            -0.001           -0.039
       Category 2     Category 1        0.000       0.000             0.000            0.003
       Category 2     Category 2        0.461       0.460             0.001            0.039
     JOB            ADULT
       Category 1     Category 1        0.000       0.000             0.000            0.004
       Category 1     Category 2        0.560       0.560             0.000           -0.008
       Category 2     Category 1        0.000       0.000             0.000            0.003
       Category 2     Category 2        0.440       0.440             0.000            0.008


     UNIVARIATE DISTRIBUTION FIT FOR CLASS 4

     Variable          Observed      Estimated      Residual (Obs.-Est.)    Stand. Residual
     ENJOY
       Category 1        0.693          0.693                  0.000                0.000
       Category 2        0.307          0.307                  0.000                0.000
     USEFUL
       Category 1        1.000          1.000                  0.000               -0.009
       Category 2        0.000          0.000                  0.000                0.009
     LOGICAL
       Category 1        0.988          0.988                  0.000                0.000
       Category 2        0.012          0.012                  0.000                0.000
     JOB
       Category 1        0.935          0.935                  0.000                0.000
       Category 2        0.065          0.065                  0.000                0.000
     ADULT
       Category 1        0.975          0.975                  0.000                0.000
       Category 2        0.025          0.025                  0.000                0.000


     BIVARIATE DISTRIBUTIONS FIT FOR CLASS 4

     Variable       Variable          Observed     Estimated    Residual (Obs.-Est.)  Stand. Residual
     ENJOY          USEFUL
       Category 1     Category 1        0.693       0.693             0.000            0.005
       Category 1     Category 2        0.000       0.000             0.000            0.006
       Category 2     Category 1        0.307       0.307             0.000           -0.005
       Category 2     Category 2        0.000       0.000             0.000            0.002
     ENJOY          LOGICAL
       Category 1     Category 1        0.685       0.685             0.000            0.020
       Category 1     Category 2        0.008       0.008             0.000           -0.048
       Category 2     Category 1        0.303       0.303             0.000           -0.020
       Category 2     Category 2        0.004       0.004             0.000            0.077
     ENJOY          JOB
       Category 1     Category 1        0.649       0.648             0.001            0.048
       Category 1     Category 2        0.045       0.045             0.000           -0.048
       Category 2     Category 1        0.286       0.287            -0.001           -0.080
       Category 2     Category 2        0.021       0.020             0.001            0.163
     ENJOY          ADULT
       Category 1     Category 1        0.676       0.676             0.000            0.028
       Category 1     Category 2        0.017       0.017             0.000            0.039
       Category 2     Category 1        0.299       0.299            -0.001           -0.033
       Category 2     Category 2        0.008       0.008             0.000           -0.038
     USEFUL         LOGICAL
       Category 1     Category 1        0.988       0.988             0.000            0.030
       Category 1     Category 2        0.012       0.012             0.000           -0.030
       Category 2     Category 1        0.000       0.000             0.000            0.008
       Category 2     Category 2        0.000       0.000             0.000            0.000
     USEFUL         JOB
       Category 1     Category 1        0.935       0.935             0.001            0.075
       Category 1     Category 2        0.065       0.065            -0.001           -0.075
       Category 2     Category 1        0.000       0.000             0.000            0.008
       Category 2     Category 2        0.000       0.000             0.000            0.001
     USEFUL         ADULT
       Category 1     Category 1        0.975       0.975             0.000            0.031
       Category 1     Category 2        0.025       0.025             0.000           -0.031
       Category 2     Category 1        0.000       0.000             0.000            0.009
       Category 2     Category 2        0.000       0.000             0.000            0.000
     LOGICAL        JOB
       Category 1     Category 1        0.923       0.923             0.000           -0.022
       Category 1     Category 2        0.065       0.064             0.000            0.031
       Category 2     Category 1        0.011       0.011             0.000           -0.001
       Category 2     Category 2        0.001       0.001             0.000           -0.059
     LOGICAL        ADULT
       Category 1     Category 1        0.963       0.963             0.000           -0.025
       Category 1     Category 2        0.025       0.025             0.000            0.023
       Category 2     Category 1        0.012       0.012             0.000            0.011
       Category 2     Category 2        0.000       0.000             0.000           -0.001
     JOB            ADULT
       Category 1     Category 1        0.912       0.911             0.000            0.030
       Category 1     Category 2        0.023       0.023             0.000           -0.070
       Category 2     Category 1        0.064       0.064             0.000            0.009
       Category 2     Category 2        0.002       0.002             0.000            0.002


TECHNICAL 10 OUTPUT


     MODEL FIT INFORMATION FOR THE LATENT CLASS INDICATOR MODEL PART


     RESPONSE PATTERNS

     No.  Pattern    No.  Pattern    No.  Pattern    No.  Pattern
       1  00000        2  00001        3  00010        4  00011
       5  00100        6  00101        7  00110        8  00111
       9  01000       10  01001       11  01010       12  01011
      13  01100       14  01101       15  01110       16  01111
      17  10000       18  10001       19  10010       20  10011
      21  10100       22  10101       23  10110       24  10111
      25  11000       26  11001       27  11010       28  11011
      29  11100       30  11101       31  11110       32  11111
      33  000*0       34  000*1       35  001*0       36  011*0
      37  100*0       38  101*0       39  101*1       40  110*1
      41  111*1       42  0*000       43  0*001       44  0*010
      45  0*011       46  0*100       47  0*110       48  0*111
      49  1*000       50  1*001       51  1*010       52  1*011
      53  1*100       54  1*101       55  1*110       56  1*111
      57  *0000       58  *0100       59  *1000       60  *1011
      61  *1111       62  00*00       63  00*10       64  01*00
      65  01*01       66  01*11       67  10*00       68  10*01
      69  10*11       70  11*00       71  11*01       72  11*11
      73  *000*       74  11*0*       75  ****1       76  0000*
      77  1000*       78  1111*       79  0**00       80  0**01
      81  1**00       82  1**10       83  1**11       84  01***
      85  **1*0       86  0****       87  1****       88  ***01
      89  **000       90  **111       91  *11**       92  0***0
      93  1*1*0       94  1*1*1       95  10**0       96  11**0
      97  100**       98  1*01*


     RESPONSE PATTERN FREQUENCIES AND CHI-SQUARE CONTRIBUTIONS

    Response          Frequency     Standardized  Chi-square Contribution
     Pattern    Observed  Estimated   Residual    Pearson   Loglikelihood  Deleted
                                     (z-score)
         1       558.00     555.50       0.12       0.01         1.35
         2        53.00      53.10      -0.01       0.00         0.54
         3        53.00      52.94       0.01      -0.02        -1.73
         4        34.00      33.01       0.17       0.03         2.06
         5        88.00      90.40      -0.26       0.06        -3.10
         6        36.00      35.12       0.15      -0.04        -1.32
         7        24.00      24.92      -0.19       0.03        -2.20
         8        35.00      30.90       0.74       0.48         5.72
         9        35.00      35.77      -0.13      -0.04         1.34
        10        18.00      16.66       0.33       0.11         2.83
        11        13.00      10.60       0.74       0.53         4.40
        12        14.00      17.40      -0.82       0.66        -5.93
        13        42.00      46.94      -0.73       0.34        -3.83
        14        19.00      21.89      -0.62       0.38        -5.82
        15        21.00      18.03       0.70       0.49         6.64
        16        78.00      75.94       0.24       0.04         2.11
        17       313.00     313.33      -0.02       0.00        -1.81
        18        91.00      91.96      -0.10       0.01        -2.95
        19        44.00      42.92       0.17       0.02         3.27
        20        70.00      70.24      -0.03      -0.02        -2.63
        21       135.00     127.66       0.66       0.42        15.39
        22        76.00      77.07      -0.12       0.01        -0.72
        23        32.00      38.13      -1.00       0.98       -10.42
        24        88.00      86.92       0.12       0.00         0.23
        25        47.00      53.15      -0.85       0.69        -9.45
        26        41.00      38.80       0.36       0.12         5.72
        27        20.00      17.85       0.51       0.26         4.77
        28        62.00      63.88      -0.24      -0.02         0.60
        29        74.00      73.13       0.10       0.01         1.71
        30        94.00      92.87       0.12       0.01         2.36
        31        55.00      56.29      -0.17       0.03        -2.50
        32       529.00     528.69       0.02       0.00        -1.01
        33         5.00       6.31      -0.59       0.00         0.00
        34         3.00       0.89       2.26       0.14         0.09
        35         1.00       1.20      -0.18       0.01        -0.05
        36         2.00       0.67       1.63       0.08         0.06
        37         3.00       3.70      -0.39       0.00         0.01
        38         3.00       1.72       1.01       0.04         0.06
        39         3.00       1.70       1.03      -0.01        -0.01
        40         3.00       1.07       1.91       0.22         0.18
        41         7.00       6.45       0.25       0.00         0.02
        42         9.00       9.61      -0.22       0.00         0.04
        43         1.00       1.13      -0.13      -0.01         0.05
        44         1.00       1.03      -0.03       0.00         0.03
        45         1.00       0.82       0.20      -0.02        -0.09
        46         4.00       2.23       1.21      -0.14        -0.22
        47         1.00       0.70       0.36       0.03         0.09
        48         1.00       1.74      -0.57      -0.04         0.07
        49         5.00       5.96      -0.42       0.03        -0.16
        50         3.00       2.13       0.61       0.02         0.06
        51         2.00       0.99       1.03       0.18         0.25
        52         3.00       2.18       0.57      -0.01        -0.04
        53         2.00       3.26      -0.72      -0.09         0.16
        54         4.00       2.76       0.77       0.01         0.04
        55         2.00       1.53       0.38      -0.09        -0.31
        56         8.00      10.00      -0.71       0.00        -0.01
        57         5.00       3.30       1.11       0.00         0.00
        58         1.00       0.83       0.19       0.01         0.05
        59         2.00       0.34       2.90      -0.60        -0.20
        60         1.00       0.31       1.26      -0.11        -0.08
        61         2.00       2.30      -0.22       0.00         0.00
        62        11.00       9.83       0.42       0.00        -0.03
        63         1.00       1.18      -0.17       0.01        -0.05
        64         4.00       1.26       2.48      -0.20        -0.14
        65         1.00       0.59       0.54      -0.05        -0.09
        66         2.00       1.42       0.49      -0.04        -0.10
        67         7.00       6.71       0.12       0.01         0.21
        68         3.00       2.57       0.28      -0.01        -0.07
        69         1.00       2.39      -0.93       0.01        -0.02
        70         3.00       1.92       0.80      -0.10        -0.20
        71         1.00       2.00      -0.73      -0.05         0.06
        72        10.00       9.02       0.37       0.00        -0.01
        73         1.00       0.35       1.36       0.00         0.00
        74         2.00       0.18       4.52      -0.02         0.00
        75         2.00       0.92       1.53       0.00         0.00
        76         1.00       0.63       0.52       0.00         0.00
        77         1.00       0.42       0.96      -0.01        -0.01
        78         1.00       0.61       0.57       0.00        -0.01
        79         1.00       2.02      -0.83       0.00        -0.01
        80         1.00       0.35       1.12      -0.04        -0.03
        81         1.00       1.57      -0.51       0.00         0.01
        82         3.00       0.43       4.03      -0.42        -0.12
        83         2.00       2.07      -0.06       0.00        -0.01
        84         1.00       0.08       3.30      -0.02         0.00
        85         1.00       0.16       2.25       0.00         0.00
        86         3.00       3.10      -0.07       0.00         0.00
        87         5.00       4.90       0.07       0.00         0.00
        88         1.00       0.15       2.40       0.00         0.00
        89         1.00       0.66       0.51       0.00        -0.01
        90         1.00       0.50       0.82       0.01         0.01
        91         1.00       0.32       1.47       0.00         0.00
        92         1.00       0.29       1.57       0.00         0.00
        93         1.00       0.20       1.86       0.02         0.01
        94         1.00       0.54       0.73       0.00         0.00
        95         1.00       0.36       1.17       0.01         0.01
        96         1.00       0.14       2.40      -0.12        -0.03
        97         1.00       0.18       2.14      -0.02        -0.01
        98         1.00       0.07       3.72       0.22         0.03

     THE TOTAL PEARSON CHI-SQUARE CONTRIBUTION FROM EMPTY CELLS IS         0.01


     MOST FREQUENT RESPONSE PATTERNS AND CHI-SQUARE CONTRIBUTIONS

    Response          Frequency     Standardized  Chi-square Contribution
     Pattern    Observed  Estimated   Residual    Pearson   Loglikelihood
                                     (z-score)
         1       558.00     555.50       0.12       0.01         1.35
        32       529.00     528.69       0.02       0.00        -1.01
        17       313.00     313.33      -0.02       0.00        -1.81
        21       135.00     127.66       0.66       0.42        15.39
        30        94.00      92.87       0.12       0.01         2.36
        18        91.00      91.96      -0.10       0.01        -2.95
         5        88.00      90.40      -0.26       0.06        -3.10
        24        88.00      86.92       0.12       0.00         0.23
        16        78.00      75.94       0.24       0.04         2.11
        22        76.00      77.07      -0.12       0.01        -0.72
        29        74.00      73.13       0.10       0.01         1.71
        20        70.00      70.24      -0.03      -0.02        -2.63
        28        62.00      63.88      -0.24      -0.02         0.60
        31        55.00      56.29      -0.17       0.03        -2.50
         3        53.00      52.94       0.01      -0.02        -1.73
         2        53.00      53.10      -0.01       0.00         0.54
        25        47.00      53.15      -0.85       0.69        -9.45
        19        44.00      42.92       0.17       0.02         3.27
        13        42.00      46.94      -0.73       0.34        -3.83
        26        41.00      38.80       0.36       0.12         5.72


     UNIVARIATE MODEL FIT INFORMATION

                               Estimated Probabilities
                                                  Standardized
     Variable              H1           H0          Residual
                                                   (z-score)
     ENJOY
       Category 1        0.387        0.387           0.001
       Category 2        0.613        0.613          -0.001
       Univariate Pearson Chi-Square                  0.000
       Univariate Log-Likelihood Chi-Square           0.000
     USEFUL
       Category 1        0.596        0.596          -0.006
       Category 2        0.404        0.404           0.006
       Univariate Pearson Chi-Square                  0.000
       Univariate Log-Likelihood Chi-Square           0.000
     LOGICAL
       Category 1        0.507        0.507           0.001
       Category 2        0.493        0.493          -0.001
       Univariate Pearson Chi-Square                  0.000
       Univariate Log-Likelihood Chi-Square           0.000
     JOB
       Category 1        0.596        0.596           0.003
       Category 2        0.404        0.404          -0.003
       Univariate Pearson Chi-Square                  0.000
       Univariate Log-Likelihood Chi-Square           0.000
     ADULT
       Category 1        0.539        0.539           0.000
       Category 2        0.461        0.461           0.000
       Univariate Pearson Chi-Square                  0.000
       Univariate Log-Likelihood Chi-Square           0.000

       Overall Univariate Pearson Chi-Square                         0.000
       Overall Univariate Log-Likelihood Chi-Square                  0.000


     BIVARIATE MODEL FIT INFORMATION

                                              Estimated Probabilities
                                                                 Standardized
     Variable       Variable              H1           H0          Residual
                                                                  (z-score)
     ENJOY          USEFUL
       Category 1     Category 1        0.303        0.303           0.017
       Category 1     Category 2        0.084        0.084          -0.027
       Category 2     Category 1        0.293        0.293          -0.023
       Category 2     Category 2        0.320        0.320           0.022
       Bivariate Pearson Chi-Square                                  0.002
       Bivariate Log-Likelihood Chi-Square                           0.002
     ENJOY          LOGICAL
       Category 1     Category 1        0.269        0.268           0.078
       Category 1     Category 2        0.118        0.119          -0.105
       Category 2     Category 1        0.239        0.239          -0.080
       Category 2     Category 2        0.374        0.374           0.070
       Bivariate Pearson Chi-Square                                  0.022
       Bivariate Log-Likelihood Chi-Square                           0.022
     ENJOY          JOB
       Category 1     Category 1        0.294        0.296          -0.185
       Category 1     Category 2        0.093        0.091           0.294
       Category 2     Category 1        0.302        0.300           0.187
       Category 2     Category 2        0.311        0.313          -0.186
       Bivariate Pearson Chi-Square                                  0.151
       Bivariate Log-Likelihood Chi-Square                           0.151
     ENJOY          ADULT
       Category 1     Category 1        0.289        0.289           0.032
       Category 1     Category 2        0.098        0.098          -0.048
       Category 2     Category 1        0.250        0.250          -0.033
       Category 2     Category 2        0.363        0.363           0.030
       Bivariate Pearson Chi-Square                                  0.004
       Bivariate Log-Likelihood Chi-Square                           0.004
     USEFUL         LOGICAL
       Category 1     Category 1        0.419        0.419          -0.037
       Category 1     Category 2        0.177        0.177           0.041
       Category 2     Category 1        0.088        0.088           0.066
       Category 2     Category 2        0.316        0.316          -0.034
       Bivariate Pearson Chi-Square                                  0.007
       Bivariate Log-Likelihood Chi-Square                           0.007
     USEFUL         JOB
       Category 1     Category 1        0.466        0.465           0.133
       Category 1     Category 2        0.130        0.131          -0.205
       Category 2     Category 1        0.130        0.131          -0.193
       Category 2     Category 2        0.274        0.273           0.153
       Bivariate Pearson Chi-Square                                  0.095
       Bivariate Log-Likelihood Chi-Square                           0.096
     USEFUL         ADULT
       Category 1     Category 1        0.431        0.431          -0.015
       Category 1     Category 2        0.165        0.165           0.013
       Category 2     Category 1        0.108        0.108           0.025
       Category 2     Category 2        0.296        0.296          -0.011
       Bivariate Pearson Chi-Square                                  0.001
       Bivariate Log-Likelihood Chi-Square                           0.001
     LOGICAL        JOB
       Category 1     Category 1        0.400        0.401          -0.065
       Category 1     Category 2        0.107        0.107           0.104
       Category 2     Category 1        0.196        0.195           0.083
       Category 2     Category 2        0.297        0.297          -0.073
       Bivariate Pearson Chi-Square                                  0.022
       Bivariate Log-Likelihood Chi-Square                           0.022
     LOGICAL        ADULT
       Category 1     Category 1        0.374        0.374           0.014
       Category 1     Category 2        0.133        0.133          -0.019
       Category 2     Category 1        0.164        0.164          -0.019
       Category 2     Category 2        0.328        0.328           0.014
       Bivariate Pearson Chi-Square                                  0.001
       Bivariate Log-Likelihood Chi-Square                           0.001
     JOB            ADULT
       Category 1     Category 1        0.448        0.448           0.002
       Category 1     Category 2        0.148        0.148           0.001
       Category 2     Category 1        0.090        0.090          -0.003
       Category 2     Category 2        0.314        0.314          -0.001
       Bivariate Pearson Chi-Square                                  0.000
       Bivariate Log-Likelihood Chi-Square                           0.000

       Overall Bivariate Pearson Chi-Square                          0.304
       Overall Bivariate Log-Likelihood Chi-Square                   0.304


TECHNICAL 11 OUTPUT

     Random Starts Specifications for the k-1 Class Analysis Model
        Number of initial stage random starts                 500
        Number of final stage optimizations                   100



     VUONG-LO-MENDELL-RUBIN LIKELIHOOD RATIO TEST FOR 3 (H0) VERSUS 4 CLASSES

          H0 Loglikelihood Value                        -8693.569
          2 Times the Loglikelihood Difference             58.958
          Difference in the Number of Parameters                6
          Mean                                              1.315
          Standard Deviation                                5.036
          P-Value                                          0.0000

     LO-MENDELL-RUBIN ADJUSTED LRT TEST

          Value                                            57.758
          P-Value                                          0.0000


TECHNICAL 14 OUTPUT

     Random Starts Specifications for the k-1 Class Analysis Model
        Number of initial stage random starts                 500
        Number of final stage optimizations                   100

     Random Starts Specification for the k-1 Class Model for Generated Data
        Number of initial stage random starts                   0
        Number of final stage optimizations for the
           initial stage random starts                          0
     Random Starts Specification for the k Class Model for Generated Data
        Number of initial stage random starts                  40
        Number of final stage optimizations                     8
     Number of bootstrap draws requested                   Varies


     PARAMETRIC BOOTSTRAPPED LIKELIHOOD RATIO TEST FOR 3 (H0) VERSUS 4 CLASSES

          H0 Loglikelihood Value                        -8693.569
          2 Times the Loglikelihood Difference             58.958
          Difference in the Number of Parameters                6
          Approximate P-Value                              0.0000
          Successful Bootstrap Draws                            5

     WARNING:  OF THE 5 BOOTSTRAP DRAWS, 5 DRAWS HAD BOTH A SMALLER LRT VALUE THAN THE
     OBSERVED LRT VALUE AND NOT A REPLICATED BEST LOGLIKELIHOOD VALUE FOR THE 4-CLASS MODEL.
     THIS MEANS THAT THE P-VALUE MAY NOT BE TRUSTWORTHY DUE TO LOCAL MAXIMA.
     INCREASE THE NUMBER OF RANDOM STARTS USING THE LRTSTARTS OPTION.



PLOT INFORMATION

The following plots are available:

  Histograms (sample values)
  Scatterplots (sample values)
  Sample proportions and estimated probabilities

SAVEDATA INFORMATION


  Save file
    3step_savedata.dat

  Order and format of variables

    ENJOY          F10.3
    USEFUL         F10.3
    LOGICAL        F10.3
    JOB            F10.3
    ADULT          F10.3
    CPROB1         F10.3
    CPROB2         F10.3
    CPROB3         F10.3
    CPROB4         F10.3
    C              F10.3

  Save file format
    10F10.3

  Save file record length    10000

  Save missing symbol        999


  Response Patterns

  Save file
    resp_patterns.dat
  Save format      Free

  Order of information saved

    Frequency
    ENJOY
    USEFUL
    LOGICAL
    JOB
    ADULT
    CPROB1
    CPROB2
    CPROB3
    CPROB4
    C

     Beginning Time:  12:10:32
        Ending Time:  12:10:34
       Elapsed Time:  00:00:02



MUTHEN & MUTHEN
3463 Stoner Ave.
Los Angeles, CA  90066

Tel: (310) 391-9971
Fax: (310) 391-8971
Web: www.StatModel.com
Support: Support@StatModel.com

Copyright (c) 1998-2021 Muthen & Muthen
