Mplus VERSION 8.6 (Mac)
MUTHEN & MUTHEN
05/26/2021  11:10 PM

INPUT INSTRUCTIONS

  TITLE:
  CFA model4 - metric invariance
  DATA:
  FILE = "/Users/agarber/github/NTNU-workshop/09-invariance/invar_mplus/invar_data.dat";

  VARIABLE:
  NAMES = bystlang freelnch byincome stolen t_hurt p_fight hit damaged bullied unsafe
       disrupt gangs rac_fght late skipped mth_read mth_test rd_test;
   MISSING=.;
   usevar = stolen-rac_fght;

       grouping = freelnch (0=freelnch_0 1=freelnch_1);
  ANALYSIS:
  estimator = mlr;
  MODEL:
  VICTIM by stolen* t_hurt p_fight hit damaged bullied;
       VICTIM@1; ! UVI identification

       NEG_CLIM by unsafe* disrupt gangs rac_fght;
       NEG_CLIM@1;

       [VICTIM-NEG_CLIM@0];

       MODEL freelnch_1:

       VICTIM; ! free factor variances for group 2

       [stolen t_hurt p_fight hit damaged bullied];

       NEG_CLIM;

       [unsafe disrupt gangs rac_fght];

       [VICTIM-NEG_CLIM@0];
  OUTPUT:
  sampstat standardized residual modindices (3.84);
  PLOT:
  type = plot3;



*** WARNING
  Data set contains unknown or missing values for GROUPING,
  PATTERN, COHORT, CLUSTER and/or STRATIFICATION variables.
  Number of cases with unknown or missing values:  68
*** WARNING
  Data set contains cases with missing on all variables.
  These cases were not included in the analysis.
  Number of cases with missing on all variables:  67
   2 WARNING(S) FOUND IN THE INPUT INSTRUCTIONS




CFA model4 - metric invariance

SUMMARY OF ANALYSIS

Number of groups                                                 2
Number of observations
   Group FREELNCH_0                                            306
   Group FREELNCH_1                                            353
   Total sample size                                           659

Number of dependent variables                                   10
Number of independent variables                                  0
Number of continuous latent variables                            2

Observed dependent variables

  Continuous
   STOLEN      T_HURT      P_FIGHT     HIT         DAMAGED     BULLIED
   UNSAFE      DISRUPT     GANGS       RAC_FGHT

Continuous latent variables
   VICTIM      NEG_CLIM

Variables with special functions

  Grouping variable     FREELNCH

Estimator                                                      MLR
Information matrix                                        OBSERVED
Maximum number of iterations                                  1000
Convergence criterion                                    0.500D-04
Maximum number of steepest descent iterations                   20
Maximum number of iterations for H1                           2000
Convergence criterion for H1                             0.100D-03

Input data file(s)
  /Users/agarber/github/NTNU-workshop/09-invariance/invar_mplus/invar_data.dat

Input data format  FREE


SUMMARY OF DATA

   Group FREELNCH_0
     Number of missing data patterns            12

   Group FREELNCH_1
     Number of missing data patterns            13


COVARIANCE COVERAGE OF DATA

Minimum covariance coverage value   0.100


     PROPORTION OF DATA PRESENT FOR FREELNCH_0


           Covariance Coverage
              STOLEN        T_HURT        P_FIGHT       HIT           DAMAGED
              ________      ________      ________      ________      ________
 STOLEN         0.993
 T_HURT         0.990         0.993
 P_FIGHT        0.990         0.990         0.993
 HIT            0.984         0.984         0.987         0.987
 DAMAGED        0.990         0.990         0.993         0.987         0.993
 BULLIED        0.990         0.990         0.993         0.987         0.993
 UNSAFE         0.984         0.984         0.984         0.977         0.984
 DISRUPT        0.984         0.984         0.984         0.977         0.984
 GANGS          0.980         0.984         0.980         0.977         0.980
 RAC_FGHT       0.987         0.987         0.987         0.980         0.987


           Covariance Coverage
              BULLIED       UNSAFE        DISRUPT       GANGS         RAC_FGHT
              ________      ________      ________      ________      ________
 BULLIED        0.993
 UNSAFE         0.984         0.990
 DISRUPT        0.984         0.984         0.990
 GANGS          0.980         0.980         0.980         0.987
 RAC_FGHT       0.987         0.987         0.990         0.984         0.993


     PROPORTION OF DATA PRESENT FOR FREELNCH_1


           Covariance Coverage
              STOLEN        T_HURT        P_FIGHT       HIT           DAMAGED
              ________      ________      ________      ________      ________
 STOLEN         1.000
 T_HURT         0.994         0.994
 P_FIGHT        0.992         0.989         0.992
 HIT            0.986         0.983         0.977         0.986
 DAMAGED        0.994         0.992         0.986         0.986         0.994
 BULLIED        0.989         0.989         0.983         0.980         0.989
 UNSAFE         0.986         0.980         0.977         0.972         0.980
 DISRUPT        0.994         0.989         0.986         0.983         0.989
 GANGS          0.975         0.969         0.966         0.960         0.969
 RAC_FGHT       0.997         0.992         0.989         0.983         0.992


           Covariance Coverage
              BULLIED       UNSAFE        DISRUPT       GANGS         RAC_FGHT
              ________      ________      ________      ________      ________
 BULLIED        0.989
 UNSAFE         0.975         0.986
 DISRUPT        0.983         0.980         0.994
 GANGS          0.963         0.963         0.969         0.975
 RAC_FGHT       0.986         0.986         0.992         0.972         0.997


SAMPLE STATISTICS


     ESTIMATED SAMPLE STATISTICS FOR FREELNCH_0


           Means
              STOLEN        T_HURT        P_FIGHT       HIT           DAMAGED
              ________      ________      ________      ________      ________
                1.482         1.251         1.158         1.255         1.190


           Means
              BULLIED       UNSAFE        DISRUPT       GANGS         RAC_FGHT
              ________      ________      ________      ________      ________
                1.335         1.644         2.339         1.771         1.740


           Covariances
              STOLEN        T_HURT        P_FIGHT       HIT           DAMAGED
              ________      ________      ________      ________      ________
 STOLEN         0.368
 T_HURT         0.068         0.280
 P_FIGHT        0.061         0.064         0.192
 HIT            0.087         0.117         0.108         0.309
 DAMAGED        0.085         0.080         0.065         0.111         0.207
 BULLIED        0.074         0.157         0.036         0.137         0.094
 UNSAFE         0.031         0.040         0.061         0.078         0.068
 DISRUPT        0.047         0.065         0.029         0.006         0.021
 GANGS          0.094         0.046         0.082         0.081         0.028
 RAC_FGHT       0.038         0.045         0.070         0.048         0.034


           Covariances
              BULLIED       UNSAFE        DISRUPT       GANGS         RAC_FGHT
              ________      ________      ________      ________      ________
 BULLIED        0.381
 UNSAFE         0.044         0.479
 DISRUPT        0.087         0.153         0.712
 GANGS          0.056         0.212         0.117         0.672
 RAC_FGHT       0.032         0.161         0.081         0.318         0.560


           Correlations
              STOLEN        T_HURT        P_FIGHT       HIT           DAMAGED
              ________      ________      ________      ________      ________
 STOLEN         1.000
 T_HURT         0.211         1.000
 P_FIGHT        0.230         0.276         1.000
 HIT            0.257         0.398         0.441         1.000
 DAMAGED        0.307         0.332         0.327         0.440         1.000
 BULLIED        0.198         0.482         0.132         0.398         0.334
 UNSAFE         0.075         0.109         0.200         0.204         0.216
 DISRUPT        0.092         0.146         0.079         0.012         0.054
 GANGS          0.188         0.106         0.229         0.178         0.076
 RAC_FGHT       0.084         0.114         0.212         0.116         0.099


           Correlations
              BULLIED       UNSAFE        DISRUPT       GANGS         RAC_FGHT
              ________      ________      ________      ________      ________
 BULLIED        1.000
 UNSAFE         0.103         1.000
 DISRUPT        0.166         0.262         1.000
 GANGS          0.112         0.373         0.169         1.000
 RAC_FGHT       0.070         0.311         0.128         0.518         1.000


     ESTIMATED SAMPLE STATISTICS FOR FREELNCH_1


           Means
              STOLEN        T_HURT        P_FIGHT       HIT           DAMAGED
              ________      ________      ________      ________      ________
                1.513         1.274         1.164         1.254         1.163


           Means
              BULLIED       UNSAFE        DISRUPT       GANGS         RAC_FGHT
              ________      ________      ________      ________      ________
                1.239         1.772         2.510         2.187         2.090


           Covariances
              STOLEN        T_HURT        P_FIGHT       HIT           DAMAGED
              ________      ________      ________      ________      ________
 STOLEN         0.408
 T_HURT         0.141         0.329
 P_FIGHT        0.083         0.097         0.212
 HIT            0.115         0.143         0.110         0.304
 DAMAGED        0.125         0.106         0.060         0.098         0.181
 BULLIED        0.065         0.135         0.020         0.090         0.069
 UNSAFE         0.074         0.071         0.045         0.095         0.046
 DISRUPT        0.079         0.027         0.013         0.016         0.000
 GANGS          0.121         0.073         0.048         0.033         0.082
 RAC_FGHT       0.064         0.122         0.042         0.054         0.045


           Covariances
              BULLIED       UNSAFE        DISRUPT       GANGS         RAC_FGHT
              ________      ________      ________      ________      ________
 BULLIED        0.296
 UNSAFE         0.043         0.548
 DISRUPT        0.059         0.243         0.774
 GANGS          0.006         0.198         0.180         0.758
 RAC_FGHT       0.061         0.209         0.174         0.283         0.719


           Correlations
              STOLEN        T_HURT        P_FIGHT       HIT           DAMAGED
              ________      ________      ________      ________      ________
 STOLEN         1.000
 T_HURT         0.384         1.000
 P_FIGHT        0.282         0.367         1.000
 HIT            0.326         0.453         0.435         1.000
 DAMAGED        0.458         0.434         0.307         0.417         1.000
 BULLIED        0.188         0.434         0.081         0.300         0.299
 UNSAFE         0.156         0.167         0.133         0.232         0.145
 DISRUPT        0.140         0.054         0.031         0.034         0.001
 GANGS          0.218         0.146         0.120         0.070         0.220
 RAC_FGHT       0.118         0.250         0.107         0.116         0.125


           Correlations
              BULLIED       UNSAFE        DISRUPT       GANGS         RAC_FGHT
              ________      ________      ________      ________      ________
 BULLIED        1.000
 UNSAFE         0.107         1.000
 DISRUPT        0.124         0.372         1.000
 GANGS          0.013         0.307         0.235         1.000
 RAC_FGHT       0.132         0.333         0.234         0.384         1.000


     MAXIMUM LOG-LIKELIHOOD VALUE FOR THE UNRESTRICTED (H1) MODEL IS -5543.271


UNIVARIATE SAMPLE STATISTICS


     UNIVARIATE HIGHER-ORDER MOMENT DESCRIPTIVE STATISTICS FOR FREELNCH_0

         Variable/         Mean/     Skewness/   Minimum/ % with                Percentiles
        Sample Size      Variance    Kurtosis    Maximum  Min/Max      20%/60%    40%/80%    Median

     STOLEN                1.480       0.871       1.000   57.89%       1.000      1.000      1.000
             304.000       0.368      -0.246       3.000    5.92%       2.000      2.000
     T_HURT                1.250       2.036       1.000   79.61%       1.000      1.000      1.000
             304.000       0.280       3.204       3.000    4.61%       1.000      2.000
     P_FIGHT               1.158       2.855       1.000   87.17%       1.000      1.000      1.000
             304.000       0.192       7.589       3.000    2.96%       1.000      1.000
     HIT                   1.255       2.091       1.000   80.46%       1.000      1.000      1.000
             302.000       0.309       3.256       3.000    5.96%       1.000      1.000
     DAMAGED               1.191       2.370       1.000   83.55%       1.000      1.000      1.000
             304.000       0.207       4.987       3.000    2.63%       1.000      1.000
     BULLIED               1.336       1.651       1.000   74.34%       1.000      1.000      1.000
             304.000       0.381       1.482       3.000    7.89%       1.000      2.000
     UNSAFE                1.644       1.025       1.000   45.87%       1.000      1.000      2.000
             303.000       0.480       1.286       4.000    2.31%       2.000      2.000
     DISRUPT               2.340       0.279       1.000   14.52%       2.000      2.000      2.000
             303.000       0.713      -0.479       4.000    9.90%       2.000      3.000
     GANGS                 1.772       0.911       1.000   43.38%       1.000      1.000      2.000
             302.000       0.673       0.285       4.000    4.30%       2.000      2.000
     RAC_FGHT              1.740       0.840       1.000   41.78%       1.000      1.000      2.000
             304.000       0.561       0.431       4.000    2.63%       2.000      2.000


     UNIVARIATE HIGHER-ORDER MOMENT DESCRIPTIVE STATISTICS FOR FREELNCH_1

         Variable/         Mean/     Skewness/   Minimum/ % with                Percentiles
        Sample Size      Variance    Kurtosis    Maximum  Min/Max      20%/60%    40%/80%    Median

     STOLEN                1.513       0.864       1.000   56.66%       1.000      1.000      1.000
             353.000       0.408      -0.320       3.000    7.93%       2.000      2.000
     T_HURT                1.274       1.984       1.000   79.20%       1.000      1.000      1.000
             351.000       0.330       2.760       3.000    6.55%       1.000      2.000
     P_FIGHT               1.163       2.881       1.000   87.43%       1.000      1.000      1.000
             350.000       0.211       7.532       3.000    3.71%       1.000      1.000
     HIT                   1.256       2.073       1.000   80.17%       1.000      1.000      1.000
             348.000       0.305       3.208       3.000    5.75%       1.000      1.000
     DAMAGED               1.162       2.667       1.000   86.04%       1.000      1.000      1.000
             351.000       0.182       6.642       3.000    2.28%       1.000      1.000
     BULLIED               1.238       2.219       1.000   81.95%       1.000      1.000      1.000
             349.000       0.296       3.817       3.000    5.73%       1.000      1.000
     UNSAFE                1.773       0.898       1.000   37.93%       1.000      2.000      2.000
             348.000       0.549       0.894       4.000    3.45%       2.000      2.000
     DISRUPT               2.510      -0.005       1.000   12.82%       2.000      2.000      3.000
             351.000       0.774      -0.709       4.000   13.39%       3.000      3.000
     GANGS                 2.186       0.391       1.000   22.09%       1.000      2.000      2.000
             344.000       0.762      -0.493       4.000    8.43%       2.000      3.000
     RAC_FGHT              2.091       0.525       1.000   24.72%       1.000      2.000      2.000
             352.000       0.719      -0.239       4.000    7.10%       2.000      3.000


THE MODEL ESTIMATION TERMINATED NORMALLY



MODEL FIT INFORMATION

Number of Free Parameters                       54

Loglikelihood

          H0 Value                       -5654.941
          H0 Scaling Correction Factor      1.6677
            for MLR
          H1 Value                       -5543.271
          H1 Scaling Correction Factor      1.4922
            for MLR

Information Criteria

          Akaike (AIC)                   11417.881
          Bayesian (BIC)                 11660.381
          Sample-Size Adjusted BIC       11488.929
            (n* = (n + 2) / 24)

Chi-Square Test of Model Fit

          Value                            163.312*
          Degrees of Freedom                    76
          P-Value                           0.0000
          Scaling Correction Factor         1.3676
            for MLR

Chi-Square Contribution From Each Group

          FREELNCH_0                        76.687
          FREELNCH_1                        86.625

*   The chi-square value for MLM, MLMV, MLR, ULSMV, WLSM and WLSMV cannot be used
    for chi-square difference testing in the regular way.  MLM, MLR and WLSM
    chi-square difference testing is described on the Mplus website.  MLMV, WLSMV,
    and ULSMV difference testing is done using the DIFFTEST option.

RMSEA (Root Mean Square Error Of Approximation)

          Estimate                           0.059
          90 Percent C.I.                    0.047  0.072
          Probability RMSEA <= .05           0.112

CFI/TLI

          CFI                                0.892
          TLI                                0.872

Chi-Square Test of Model Fit for the Baseline Model

          Value                            897.861
          Degrees of Freedom                    90
          P-Value                           0.0000

SRMR (Standardized Root Mean Square Residual)

          Value                              0.061



MODEL RESULTS

                                                    Two-Tailed
                    Estimate       S.E.  Est./S.E.    P-Value

Group FREELNCH_0

 VICTIM   BY
    STOLEN             0.301      0.033      9.260      0.000
    T_HURT             0.358      0.038      9.492      0.000
    P_FIGHT            0.226      0.038      5.940      0.000
    HIT                0.367      0.042      8.821      0.000
    DAMAGED            0.270      0.034      7.890      0.000
    BULLIED            0.278      0.044      6.346      0.000

 NEG_CLIM BY
    UNSAFE             0.400      0.043      9.202      0.000
    DISRUPT            0.313      0.046      6.737      0.000
    GANGS              0.546      0.060      9.114      0.000
    RAC_FGHT           0.486      0.051      9.527      0.000

 NEG_CLIM WITH
    VICTIM             0.369      0.084      4.395      0.000

 Means
    VICTIM             0.000      0.000    999.000    999.000
    NEG_CLIM           0.000      0.000    999.000    999.000

 Intercepts
    STOLEN             1.481      0.035     42.568      0.000
    T_HURT             1.251      0.030     41.219      0.000
    P_FIGHT            1.158      0.025     46.084      0.000
    HIT                1.256      0.032     39.287      0.000
    DAMAGED            1.191      0.026     45.659      0.000
    BULLIED            1.335      0.035     37.741      0.000
    UNSAFE             1.643      0.040     41.334      0.000
    DISRUPT            2.339      0.048     48.238      0.000
    GANGS              1.771      0.047     37.656      0.000
    RAC_FGHT           1.740      0.043     40.559      0.000

 Variances
    VICTIM             1.000      0.000    999.000    999.000
    NEG_CLIM           1.000      0.000    999.000    999.000

 Residual Variances
    STOLEN             0.302      0.027     11.344      0.000
    T_HURT             0.175      0.027      6.413      0.000
    P_FIGHT            0.139      0.025      5.556      0.000
    HIT                0.161      0.029      5.641      0.000
    DAMAGED            0.131      0.025      5.342      0.000
    BULLIED            0.275      0.037      7.401      0.000
    UNSAFE             0.331      0.053      6.240      0.000
    DISRUPT            0.647      0.051     12.625      0.000
    GANGS              0.344      0.059      5.799      0.000
    RAC_FGHT           0.325      0.052      6.247      0.000

Group FREELNCH_1

 VICTIM   BY
    STOLEN             0.301      0.033      9.260      0.000
    T_HURT             0.358      0.038      9.492      0.000
    P_FIGHT            0.226      0.038      5.940      0.000
    HIT                0.367      0.042      8.821      0.000
    DAMAGED            0.270      0.034      7.890      0.000
    BULLIED            0.278      0.044      6.346      0.000

 NEG_CLIM BY
    UNSAFE             0.400      0.043      9.202      0.000
    DISRUPT            0.313      0.046      6.737      0.000
    GANGS              0.546      0.060      9.114      0.000
    RAC_FGHT           0.486      0.051      9.527      0.000

 NEG_CLIM WITH
    VICTIM             0.416      0.129      3.236      0.001

 Means
    VICTIM             0.000      0.000    999.000    999.000
    NEG_CLIM           0.000      0.000    999.000    999.000

 Intercepts
    STOLEN             1.513      0.034     44.470      0.000
    T_HURT             1.273      0.031     41.595      0.000
    P_FIGHT            1.164      0.025     47.307      0.000
    HIT                1.254      0.029     42.543      0.000
    DAMAGED            1.163      0.023     51.098      0.000
    BULLIED            1.238      0.029     42.526      0.000
    UNSAFE             1.774      0.040     44.787      0.000
    DISRUPT            2.510      0.047     53.484      0.000
    GANGS              2.188      0.047     46.681      0.000
    RAC_FGHT           2.090      0.045     46.282      0.000

 Variances
    VICTIM             1.095      0.263      4.157      0.000
    NEG_CLIM           1.080      0.207      5.215      0.000

 Residual Variances
    STOLEN             0.288      0.026     11.147      0.000
    T_HURT             0.169      0.026      6.441      0.000
    P_FIGHT            0.157      0.026      6.113      0.000
    HIT                0.168      0.028      5.947      0.000
    DAMAGED            0.104      0.017      6.090      0.000
    BULLIED            0.231      0.032      7.122      0.000
    UNSAFE             0.365      0.048      7.558      0.000
    DISRUPT            0.640      0.055     11.690      0.000
    GANGS              0.475      0.062      7.650      0.000
    RAC_FGHT           0.463      0.049      9.457      0.000


QUALITY OF NUMERICAL RESULTS

     Condition Number for the Information Matrix              0.217E-02
       (ratio of smallest to largest eigenvalue)


STANDARDIZED MODEL RESULTS


STDYX Standardization

                                                    Two-Tailed
                    Estimate       S.E.  Est./S.E.    P-Value

Group FREELNCH_0

 VICTIM   BY
    STOLEN             0.481      0.046     10.497      0.000
    T_HURT             0.651      0.049     13.172      0.000
    P_FIGHT            0.518      0.071      7.339      0.000
    HIT                0.676      0.058     11.731      0.000
    DAMAGED            0.597      0.063      9.489      0.000
    BULLIED            0.468      0.070      6.710      0.000

 NEG_CLIM BY
    UNSAFE             0.571      0.061      9.424      0.000
    DISRUPT            0.363      0.051      7.117      0.000
    GANGS              0.681      0.064     10.600      0.000
    RAC_FGHT           0.648      0.061     10.642      0.000

 NEG_CLIM WITH
    VICTIM             0.369      0.084      4.395      0.000

 Means
    VICTIM             0.000      0.000    999.000    999.000
    NEG_CLIM           0.000      0.000    999.000    999.000

 Intercepts
    STOLEN             2.361      0.071     33.315      0.000
    T_HURT             2.273      0.101     22.520      0.000
    P_FIGHT            2.653      0.168     15.765      0.000
    HIT                2.309      0.099     23.331      0.000
    DAMAGED            2.637      0.144     18.306      0.000
    BULLIED            2.248      0.076     29.742      0.000
    UNSAFE             2.345      0.103     22.782      0.000
    DISRUPT            2.709      0.100     27.192      0.000
    GANGS              2.210      0.078     28.432      0.000
    RAC_FGHT           2.324      0.087     26.730      0.000

 Variances
    VICTIM             1.000      0.000    999.000    999.000
    NEG_CLIM           1.000      0.000    999.000    999.000

 Residual Variances
    STOLEN             0.769      0.044     17.468      0.000
    T_HURT             0.576      0.064      8.963      0.000
    P_FIGHT            0.732      0.073     10.010      0.000
    HIT                0.544      0.078      6.985      0.000
    DAMAGED            0.643      0.075      8.553      0.000
    BULLIED            0.781      0.065     11.945      0.000
    UNSAFE             0.674      0.069      9.743      0.000
    DISRUPT            0.868      0.037     23.470      0.000
    GANGS              0.536      0.088      6.121      0.000
    RAC_FGHT           0.580      0.079      7.339      0.000

Group FREELNCH_1

 VICTIM   BY
    STOLEN             0.506      0.054      9.323      0.000
    T_HURT             0.673      0.061     11.105      0.000
    P_FIGHT            0.513      0.065      7.869      0.000
    HIT                0.684      0.050     13.701      0.000
    DAMAGED            0.659      0.051     12.953      0.000
    BULLIED            0.518      0.058      8.990      0.000

 NEG_CLIM BY
    UNSAFE             0.567      0.065      8.677      0.000
    DISRUPT            0.377      0.065      5.772      0.000
    GANGS              0.636      0.050     12.704      0.000
    RAC_FGHT           0.595      0.048     12.515      0.000

 NEG_CLIM WITH
    VICTIM             0.383      0.096      3.986      0.000

 Means
    VICTIM             0.000      0.000    999.000    999.000
    NEG_CLIM           0.000      0.000    999.000    999.000

 Intercepts
    STOLEN             2.429      0.063     38.479      0.000
    T_HURT             2.287      0.086     26.503      0.000
    P_FIGHT            2.524      0.148     17.089      0.000
    HIT                2.232      0.091     24.504      0.000
    DAMAGED            2.714      0.152     17.813      0.000
    BULLIED            2.203      0.096     22.986      0.000
    UNSAFE             2.419      0.092     26.414      0.000
    DISRUPT            2.906      0.103     28.146      0.000
    GANGS              2.452      0.086     28.608      0.000
    RAC_FGHT           2.467      0.082     30.124      0.000

 Variances
    VICTIM             1.000      0.000    999.000    999.000
    NEG_CLIM           1.000      0.000    999.000    999.000

 Residual Variances
    STOLEN             0.743      0.055     13.510      0.000
    T_HURT             0.547      0.082      6.698      0.000
    P_FIGHT            0.737      0.067     11.024      0.000
    HIT                0.532      0.068      7.798      0.000
    DAMAGED            0.566      0.067      8.447      0.000
    BULLIED            0.732      0.060     12.271      0.000
    UNSAFE             0.678      0.074      9.155      0.000
    DISRUPT            0.858      0.049     17.436      0.000
    GANGS              0.596      0.064      9.373      0.000
    RAC_FGHT           0.645      0.057     11.390      0.000


STDY Standardization

                                                    Two-Tailed
                    Estimate       S.E.  Est./S.E.    P-Value

Group FREELNCH_0

 VICTIM   BY
    STOLEN             0.481      0.046     10.497      0.000
    T_HURT             0.651      0.049     13.172      0.000
    P_FIGHT            0.518      0.071      7.339      0.000
    HIT                0.676      0.058     11.731      0.000
    DAMAGED            0.597      0.063      9.489      0.000
    BULLIED            0.468      0.070      6.710      0.000

 NEG_CLIM BY
    UNSAFE             0.571      0.061      9.424      0.000
    DISRUPT            0.363      0.051      7.117      0.000
    GANGS              0.681      0.064     10.600      0.000
    RAC_FGHT           0.648      0.061     10.642      0.000

 NEG_CLIM WITH
    VICTIM             0.369      0.084      4.395      0.000

 Means
    VICTIM             0.000      0.000    999.000    999.000
    NEG_CLIM           0.000      0.000    999.000    999.000

 Intercepts
    STOLEN             2.361      0.071     33.315      0.000
    T_HURT             2.273      0.101     22.520      0.000
    P_FIGHT            2.653      0.168     15.765      0.000
    HIT                2.309      0.099     23.331      0.000
    DAMAGED            2.637      0.144     18.306      0.000
    BULLIED            2.248      0.076     29.742      0.000
    UNSAFE             2.345      0.103     22.782      0.000
    DISRUPT            2.709      0.100     27.192      0.000
    GANGS              2.210      0.078     28.432      0.000
    RAC_FGHT           2.324      0.087     26.730      0.000

 Variances
    VICTIM             1.000      0.000    999.000    999.000
    NEG_CLIM           1.000      0.000    999.000    999.000

 Residual Variances
    STOLEN             0.769      0.044     17.468      0.000
    T_HURT             0.576      0.064      8.963      0.000
    P_FIGHT            0.732      0.073     10.010      0.000
    HIT                0.544      0.078      6.985      0.000
    DAMAGED            0.643      0.075      8.553      0.000
    BULLIED            0.781      0.065     11.945      0.000
    UNSAFE             0.674      0.069      9.743      0.000
    DISRUPT            0.868      0.037     23.470      0.000
    GANGS              0.536      0.088      6.121      0.000
    RAC_FGHT           0.580      0.079      7.339      0.000

Group FREELNCH_1

 VICTIM   BY
    STOLEN             0.506      0.054      9.323      0.000
    T_HURT             0.673      0.061     11.105      0.000
    P_FIGHT            0.513      0.065      7.869      0.000
    HIT                0.684      0.050     13.701      0.000
    DAMAGED            0.659      0.051     12.953      0.000
    BULLIED            0.518      0.058      8.990      0.000

 NEG_CLIM BY
    UNSAFE             0.567      0.065      8.677      0.000
    DISRUPT            0.377      0.065      5.772      0.000
    GANGS              0.636      0.050     12.704      0.000
    RAC_FGHT           0.595      0.048     12.515      0.000

 NEG_CLIM WITH
    VICTIM             0.383      0.096      3.986      0.000

 Means
    VICTIM             0.000      0.000    999.000    999.000
    NEG_CLIM           0.000      0.000    999.000    999.000

 Intercepts
    STOLEN             2.429      0.063     38.479      0.000
    T_HURT             2.287      0.086     26.503      0.000
    P_FIGHT            2.524      0.148     17.089      0.000
    HIT                2.232      0.091     24.504      0.000
    DAMAGED            2.714      0.152     17.813      0.000
    BULLIED            2.203      0.096     22.986      0.000
    UNSAFE             2.419      0.092     26.414      0.000
    DISRUPT            2.906      0.103     28.146      0.000
    GANGS              2.452      0.086     28.608      0.000
    RAC_FGHT           2.467      0.082     30.124      0.000

 Variances
    VICTIM             1.000      0.000    999.000    999.000
    NEG_CLIM           1.000      0.000    999.000    999.000

 Residual Variances
    STOLEN             0.743      0.055     13.510      0.000
    T_HURT             0.547      0.082      6.698      0.000
    P_FIGHT            0.737      0.067     11.024      0.000
    HIT                0.532      0.068      7.798      0.000
    DAMAGED            0.566      0.067      8.447      0.000
    BULLIED            0.732      0.060     12.271      0.000
    UNSAFE             0.678      0.074      9.155      0.000
    DISRUPT            0.858      0.049     17.436      0.000
    GANGS              0.596      0.064      9.373      0.000
    RAC_FGHT           0.645      0.057     11.390      0.000


STD Standardization

                                                    Two-Tailed
                    Estimate       S.E.  Est./S.E.    P-Value

Group FREELNCH_0

 VICTIM   BY
    STOLEN             0.301      0.033      9.260      0.000
    T_HURT             0.358      0.038      9.492      0.000
    P_FIGHT            0.226      0.038      5.940      0.000
    HIT                0.367      0.042      8.821      0.000
    DAMAGED            0.270      0.034      7.890      0.000
    BULLIED            0.278      0.044      6.346      0.000

 NEG_CLIM BY
    UNSAFE             0.400      0.043      9.202      0.000
    DISRUPT            0.313      0.046      6.737      0.000
    GANGS              0.546      0.060      9.114      0.000
    RAC_FGHT           0.486      0.051      9.527      0.000

 NEG_CLIM WITH
    VICTIM             0.369      0.084      4.395      0.000

 Means
    VICTIM             0.000      0.000    999.000    999.000
    NEG_CLIM           0.000      0.000    999.000    999.000

 Intercepts
    STOLEN             1.481      0.035     42.568      0.000
    T_HURT             1.251      0.030     41.219      0.000
    P_FIGHT            1.158      0.025     46.084      0.000
    HIT                1.256      0.032     39.287      0.000
    DAMAGED            1.191      0.026     45.659      0.000
    BULLIED            1.335      0.035     37.741      0.000
    UNSAFE             1.643      0.040     41.334      0.000
    DISRUPT            2.339      0.048     48.238      0.000
    GANGS              1.771      0.047     37.656      0.000
    RAC_FGHT           1.740      0.043     40.559      0.000

 Variances
    VICTIM             1.000      0.000    999.000    999.000
    NEG_CLIM           1.000      0.000    999.000    999.000

 Residual Variances
    STOLEN             0.302      0.027     11.344      0.000
    T_HURT             0.175      0.027      6.413      0.000
    P_FIGHT            0.139      0.025      5.556      0.000
    HIT                0.161      0.029      5.641      0.000
    DAMAGED            0.131      0.025      5.342      0.000
    BULLIED            0.275      0.037      7.401      0.000
    UNSAFE             0.331      0.053      6.240      0.000
    DISRUPT            0.647      0.051     12.625      0.000
    GANGS              0.344      0.059      5.799      0.000
    RAC_FGHT           0.325      0.052      6.247      0.000

Group FREELNCH_1

 VICTIM   BY
    STOLEN             0.315      0.038      8.348      0.000
    T_HURT             0.375      0.045      8.269      0.000
    P_FIGHT            0.236      0.038      6.236      0.000
    HIT                0.384      0.038     10.218      0.000
    DAMAGED            0.282      0.033      8.462      0.000
    BULLIED            0.291      0.039      7.406      0.000

 NEG_CLIM BY
    UNSAFE             0.416      0.053      7.828      0.000
    DISRUPT            0.326      0.057      5.731      0.000
    GANGS              0.567      0.047     12.005      0.000
    RAC_FGHT           0.505      0.045     11.121      0.000

 NEG_CLIM WITH
    VICTIM             0.383      0.096      3.986      0.000

 Means
    VICTIM             0.000      0.000    999.000    999.000
    NEG_CLIM           0.000      0.000    999.000    999.000

 Intercepts
    STOLEN             1.513      0.034     44.470      0.000
    T_HURT             1.273      0.031     41.595      0.000
    P_FIGHT            1.164      0.025     47.307      0.000
    HIT                1.254      0.029     42.543      0.000
    DAMAGED            1.163      0.023     51.098      0.000
    BULLIED            1.238      0.029     42.526      0.000
    UNSAFE             1.774      0.040     44.787      0.000
    DISRUPT            2.510      0.047     53.484      0.000
    GANGS              2.188      0.047     46.681      0.000
    RAC_FGHT           2.090      0.045     46.282      0.000

 Variances
    VICTIM             1.000      0.000    999.000    999.000
    NEG_CLIM           1.000      0.000    999.000    999.000

 Residual Variances
    STOLEN             0.288      0.026     11.147      0.000
    T_HURT             0.169      0.026      6.441      0.000
    P_FIGHT            0.157      0.026      6.113      0.000
    HIT                0.168      0.028      5.947      0.000
    DAMAGED            0.104      0.017      6.090      0.000
    BULLIED            0.231      0.032      7.122      0.000
    UNSAFE             0.365      0.048      7.558      0.000
    DISRUPT            0.640      0.055     11.690      0.000
    GANGS              0.475      0.062      7.650      0.000
    RAC_FGHT           0.463      0.049      9.457      0.000


R-SQUARE

Group FREELNCH_0

    Observed                                        Two-Tailed
    Variable        Estimate       S.E.  Est./S.E.    P-Value

    STOLEN             0.231      0.044      5.249      0.000
    T_HURT             0.424      0.064      6.586      0.000
    P_FIGHT            0.268      0.073      3.669      0.000
    HIT                0.456      0.078      5.866      0.000
    DAMAGED            0.357      0.075      4.745      0.000
    BULLIED            0.219      0.065      3.355      0.001
    UNSAFE             0.326      0.069      4.712      0.000
    DISRUPT            0.132      0.037      3.558      0.000
    GANGS              0.464      0.088      5.300      0.000
    RAC_FGHT           0.420      0.079      5.321      0.000

Group FREELNCH_1

    Observed                                        Two-Tailed
    Variable        Estimate       S.E.  Est./S.E.    P-Value

    STOLEN             0.257      0.055      4.662      0.000
    T_HURT             0.453      0.082      5.552      0.000
    P_FIGHT            0.263      0.067      3.934      0.000
    HIT                0.468      0.068      6.850      0.000
    DAMAGED            0.434      0.067      6.477      0.000
    BULLIED            0.268      0.060      4.495      0.000
    UNSAFE             0.322      0.074      4.339      0.000
    DISRUPT            0.142      0.049      2.886      0.004
    GANGS              0.404      0.064      6.352      0.000
    RAC_FGHT           0.355      0.057      6.257      0.000


RESIDUAL OUTPUT


     ESTIMATED MODEL AND RESIDUALS (OBSERVED - ESTIMATED) FOR FREELNCH_0


           Model Estimated Means
              STOLEN        T_HURT        P_FIGHT       HIT           DAMAGED
              ________      ________      ________      ________      ________
                1.481         1.251         1.158         1.256         1.191


           Model Estimated Means
              BULLIED       UNSAFE        DISRUPT       GANGS         RAC_FGHT
              ________      ________      ________      ________      ________
                1.335         1.643         2.339         1.771         1.740


           Residuals for Means
              STOLEN        T_HURT        P_FIGHT       HIT           DAMAGED
              ________      ________      ________      ________      ________
                0.001         0.000         0.001         0.000         0.000


           Residuals for Means
              BULLIED       UNSAFE        DISRUPT       GANGS         RAC_FGHT
              ________      ________      ________      ________      ________
                0.000         0.001         0.000         0.000         0.000


           Standardized Residuals (z-scores) for Means
              STOLEN        T_HURT        P_FIGHT       HIT           DAMAGED
              ________      ________      ________      ________      ________
                0.471       999.000         0.253       999.000       999.000


           Standardized Residuals (z-scores) for Means
              BULLIED       UNSAFE        DISRUPT       GANGS         RAC_FGHT
              ________      ________      ________      ________      ________
              999.000       999.000       999.000       999.000       999.000


           Normalized Residuals for Means
              STOLEN        T_HURT        P_FIGHT       HIT           DAMAGED
              ________      ________      ________      ________      ________
                0.023        -0.002         0.023        -0.007        -0.016


           Normalized Residuals for Means
              BULLIED       UNSAFE        DISRUPT       GANGS         RAC_FGHT
              ________      ________      ________      ________      ________
               -0.010         0.018         0.005        -0.001        -0.001


           Model Estimated Covariances
              STOLEN        T_HURT        P_FIGHT       HIT           DAMAGED
              ________      ________      ________      ________      ________
 STOLEN         0.393
 T_HURT         0.108         0.303
 P_FIGHT        0.068         0.081         0.190
 HIT            0.111         0.132         0.083         0.296
 DAMAGED        0.081         0.097         0.061         0.099         0.204
 BULLIED        0.084         0.100         0.063         0.102         0.075
 UNSAFE         0.044         0.053         0.033         0.054         0.040
 DISRUPT        0.035         0.041         0.026         0.042         0.031
 GANGS          0.061         0.072         0.046         0.074         0.054
 RAC_FGHT       0.054         0.064         0.040         0.066         0.048


           Model Estimated Covariances
              BULLIED       UNSAFE        DISRUPT       GANGS         RAC_FGHT
              ________      ________      ________      ________      ________
 BULLIED        0.353
 UNSAFE         0.041         0.491
 DISRUPT        0.032         0.125         0.745
 GANGS          0.056         0.218         0.171         0.642
 RAC_FGHT       0.050         0.194         0.152         0.265         0.561


           Model Estimated Correlations
              STOLEN        T_HURT        P_FIGHT       HIT           DAMAGED
              ________      ________      ________      ________      ________
 STOLEN         1.000
 T_HURT         0.313         1.000
 P_FIGHT        0.249         0.337         1.000
 HIT            0.325         0.440         0.350         1.000
 DAMAGED        0.287         0.389         0.309         0.404         1.000
 BULLIED        0.225         0.305         0.243         0.316         0.280
 UNSAFE         0.101         0.137         0.109         0.142         0.126
 DISRUPT        0.064         0.087         0.069         0.090         0.080
 GANGS          0.121         0.164         0.130         0.170         0.150
 RAC_FGHT       0.115         0.156         0.124         0.162         0.143


           Model Estimated Correlations
              BULLIED       UNSAFE        DISRUPT       GANGS         RAC_FGHT
              ________      ________      ________      ________      ________
 BULLIED        1.000
 UNSAFE         0.099         1.000
 DISRUPT        0.063         0.207         1.000
 GANGS          0.118         0.389         0.247         1.000
 RAC_FGHT       0.112         0.370         0.235         0.442         1.000


           Residuals for Covariances
              STOLEN        T_HURT        P_FIGHT       HIT           DAMAGED
              ________      ________      ________      ________      ________
 STOLEN        -0.025
 T_HURT        -0.040        -0.023
 P_FIGHT       -0.007        -0.017         0.002
 HIT           -0.024        -0.015         0.025         0.013
 DAMAGED        0.004        -0.017         0.004         0.012         0.003
 BULLIED       -0.010         0.058        -0.027         0.034         0.019
 UNSAFE        -0.013        -0.013         0.027         0.024         0.028
 DISRUPT        0.012         0.024         0.003        -0.037        -0.010
 GANGS          0.033        -0.026         0.037         0.007        -0.026
 RAC_FGHT      -0.016        -0.019         0.029        -0.018        -0.015


           Residuals for Covariances
              BULLIED       UNSAFE        DISRUPT       GANGS         RAC_FGHT
              ________      ________      ________      ________      ________
 BULLIED        0.028
 UNSAFE         0.003        -0.011
 DISRUPT        0.054         0.028        -0.033
 GANGS          0.000        -0.007        -0.054         0.030
 RAC_FGHT      -0.018        -0.033        -0.071         0.053        -0.001


           Residuals for Correlations
              STOLEN        T_HURT        P_FIGHT       HIT           DAMAGED
              ________      ________      ________      ________      ________
 STOLEN         0.000
 T_HURT        -0.102         0.000
 P_FIGHT       -0.019        -0.062         0.000
 HIT           -0.068        -0.041         0.092         0.000
 DAMAGED        0.020        -0.056         0.017         0.036         0.000
 BULLIED       -0.027         0.177        -0.111         0.082         0.054
 UNSAFE        -0.027        -0.028         0.091         0.061         0.090
 DISRUPT        0.028         0.059         0.010        -0.078        -0.025
 GANGS          0.067        -0.057         0.099         0.008        -0.075
 RAC_FGHT      -0.031        -0.042         0.088        -0.046        -0.044


           Residuals for Correlations
              BULLIED       UNSAFE        DISRUPT       GANGS         RAC_FGHT
              ________      ________      ________      ________      ________
 BULLIED        0.000
 UNSAFE         0.005         0.000
 DISRUPT        0.103         0.055         0.000
 GANGS         -0.006        -0.016        -0.079         0.000
 RAC_FGHT      -0.042        -0.059        -0.107         0.076         0.000


           Standardized Residuals (z-scores) for Covariances
              STOLEN        T_HURT        P_FIGHT       HIT           DAMAGED
              ________      ________      ________      ________      ________
 STOLEN       999.000
 T_HURT        -3.191       999.000
 P_FIGHT       -0.572        -1.313         0.125
 HIT           -1.656        -1.699         1.491         0.831
 DAMAGED        0.272        -1.743         0.290         0.841         0.281
 BULLIED       -0.522         3.100        -1.912         1.849         1.187
 UNSAFE        -0.579        -0.973         1.205         1.022         1.070
 DISRUPT        0.428         0.888         0.142        -1.363        -0.404
 GANGS          1.082        -1.548         1.545         0.327        -1.337
 RAC_FGHT      -0.644        -1.163         1.302        -0.861        -0.756


           Standardized Residuals (z-scores) for Covariances
              BULLIED       UNSAFE        DISRUPT       GANGS         RAC_FGHT
              ________      ________      ________      ________      ________
 BULLIED        1.667
 UNSAFE         0.126       999.000
 DISRUPT        1.629         1.568       999.000
 GANGS          0.016        -0.412        -1.933         1.620
 RAC_FGHT      -0.672        -1.589        -2.602       999.000        -0.091


           Normalized Residuals for Covariances
              STOLEN        T_HURT        P_FIGHT       HIT           DAMAGED
              ________      ________      ________      ________      ________
 STOLEN        -0.891
 T_HURT        -1.807        -0.633
 P_FIGHT       -0.347        -0.766         0.051
 HIT           -0.969        -0.581         0.922         0.321
 DAMAGED        0.166        -0.826         0.200         0.482         0.097
 BULLIED       -0.370         1.939        -1.349         1.161         0.788
 UNSAFE        -0.491        -0.624         1.060         0.810         0.956
 DISRUPT        0.395         0.791         0.129        -1.189        -0.371
 GANGS          0.932        -0.998         1.296         0.230        -1.018
 RAC_FGHT      -0.548        -0.800         1.118        -0.630        -0.610


           Normalized Residuals for Covariances
              BULLIED       UNSAFE        DISRUPT       GANGS         RAC_FGHT
              ________      ________      ________      ________      ________
 BULLIED        0.682
 UNSAFE         0.109        -0.229
 DISRUPT        1.534         0.834        -0.651
 GANGS          0.014        -0.183        -1.361         0.516
 RAC_FGHT      -0.584        -0.929        -1.909         1.145        -0.014


     ESTIMATED MODEL AND RESIDUALS (OBSERVED - ESTIMATED) FOR FREELNCH_1


           Model Estimated Means
              STOLEN        T_HURT        P_FIGHT       HIT           DAMAGED
              ________      ________      ________      ________      ________
                1.513         1.273         1.164         1.254         1.163


           Model Estimated Means
              BULLIED       UNSAFE        DISRUPT       GANGS         RAC_FGHT
              ________      ________      ________      ________      ________
                1.238         1.774         2.510         2.188         2.090


           Residuals for Means
              STOLEN        T_HURT        P_FIGHT       HIT           DAMAGED
              ________      ________      ________      ________      ________
                0.000         0.000         0.000         0.000         0.000


           Residuals for Means
              BULLIED       UNSAFE        DISRUPT       GANGS         RAC_FGHT
              ________      ________      ________      ________      ________
                0.001        -0.002        -0.001        -0.001         0.000


           Standardized Residuals (z-scores) for Means
              STOLEN        T_HURT        P_FIGHT       HIT           DAMAGED
              ________      ________      ________      ________      ________
                0.000       999.000         0.122       999.000         0.184


           Standardized Residuals (z-scores) for Means
              BULLIED       UNSAFE        DISRUPT       GANGS         RAC_FGHT
              ________      ________      ________      ________      ________
                0.470       999.000       999.000       999.000       999.000


           Normalized Residuals for Means
              STOLEN        T_HURT        P_FIGHT       HIT           DAMAGED
              ________      ________      ________      ________      ________
                0.000         0.013         0.012        -0.004         0.006


           Normalized Residuals for Means
              BULLIED       UNSAFE        DISRUPT       GANGS         RAC_FGHT
              ________      ________      ________      ________      ________
                0.033        -0.043        -0.013        -0.018        -0.006


           Model Estimated Covariances
              STOLEN        T_HURT        P_FIGHT       HIT           DAMAGED
              ________      ________      ________      ________      ________
 STOLEN         0.388
 T_HURT         0.118         0.310
 P_FIGHT        0.075         0.089         0.213
 HIT            0.121         0.144         0.091         0.316
 DAMAGED        0.089         0.106         0.067         0.108         0.183
 BULLIED        0.092         0.109         0.069         0.112         0.082
 UNSAFE         0.050         0.060         0.038         0.061         0.045
 DISRUPT        0.039         0.047         0.029         0.048         0.035
 GANGS          0.068         0.081         0.051         0.083         0.061
 RAC_FGHT       0.061         0.072         0.046         0.074         0.055


           Model Estimated Covariances
              BULLIED       UNSAFE        DISRUPT       GANGS         RAC_FGHT
              ________      ________      ________      ________      ________
 BULLIED        0.316
 UNSAFE         0.046         0.538
 DISRUPT        0.036         0.135         0.746
 GANGS          0.063         0.236         0.185         0.796
 RAC_FGHT       0.056         0.210         0.164         0.286         0.718


           Model Estimated Correlations
              STOLEN        T_HURT        P_FIGHT       HIT           DAMAGED
              ________      ________      ________      ________      ________
 STOLEN         1.000
 T_HURT         0.341         1.000
 P_FIGHT        0.260         0.345         1.000
 HIT            0.346         0.460         0.351         1.000
 DAMAGED        0.334         0.444         0.338         0.450         1.000
 BULLIED        0.262         0.349         0.266         0.354         0.341
 UNSAFE         0.110         0.146         0.111         0.148         0.143
 DISRUPT        0.073         0.097         0.074         0.099         0.095
 GANGS          0.123         0.164         0.125         0.166         0.160
 RAC_FGHT       0.115         0.153         0.117         0.156         0.150


           Model Estimated Correlations
              BULLIED       UNSAFE        DISRUPT       GANGS         RAC_FGHT
              ________      ________      ________      ________      ________
 BULLIED        1.000
 UNSAFE         0.112         1.000
 DISRUPT        0.075         0.214         1.000
 GANGS          0.126         0.360         0.240         1.000
 RAC_FGHT       0.118         0.338         0.224         0.378         1.000


           Residuals for Covariances
              STOLEN        T_HURT        P_FIGHT       HIT           DAMAGED
              ________      ________      ________      ________      ________
 STOLEN         0.021
 T_HURT         0.023         0.019
 P_FIGHT        0.008         0.008        -0.001
 HIT           -0.006        -0.001         0.019        -0.012
 DAMAGED        0.036         0.000        -0.007        -0.011        -0.002
 BULLIED       -0.026         0.026        -0.049        -0.022        -0.013
 UNSAFE         0.024         0.011         0.008         0.034         0.001
 DISRUPT        0.039        -0.019        -0.017        -0.032        -0.035
 GANGS          0.053        -0.008        -0.003        -0.050         0.020
 RAC_FGHT       0.003         0.049        -0.004        -0.020        -0.009


           Residuals for Covariances
              BULLIED       UNSAFE        DISRUPT       GANGS         RAC_FGHT
              ________      ________      ________      ________      ________
 BULLIED       -0.020
 UNSAFE        -0.003         0.011
 DISRUPT        0.023         0.107         0.028
 GANGS         -0.057        -0.038        -0.005        -0.038
 RAC_FGHT       0.004        -0.001         0.010        -0.003         0.001


           Residuals for Correlations
              STOLEN        T_HURT        P_FIGHT       HIT           DAMAGED
              ________      ________      ________      ________      ________
 STOLEN         0.000
 T_HURT         0.043         0.000
 P_FIGHT        0.022         0.022         0.000
 HIT           -0.020        -0.008         0.084         0.000
 DAMAGED        0.124        -0.010        -0.031        -0.033         0.000
 BULLIED       -0.074         0.085        -0.185        -0.054        -0.042
 UNSAFE         0.046         0.020         0.022         0.084         0.002
 DISRUPT        0.067        -0.043        -0.043        -0.065        -0.094
 GANGS          0.095        -0.018        -0.005        -0.097         0.060
 RAC_FGHT       0.002         0.096        -0.010        -0.040        -0.025


           Residuals for Correlations
              BULLIED       UNSAFE        DISRUPT       GANGS         RAC_FGHT
              ________      ________      ________      ________      ________
 BULLIED        0.000
 UNSAFE        -0.005         0.000
 DISRUPT        0.049         0.159         0.000
 GANGS         -0.113        -0.053        -0.004         0.000
 RAC_FGHT       0.014        -0.005         0.009         0.005         0.000


           Standardized Residuals (z-scores) for Covariances
              STOLEN        T_HURT        P_FIGHT       HIT           DAMAGED
              ________      ________      ________      ________      ________
 STOLEN         2.509
 T_HURT         2.504         1.256
 P_FIGHT        0.617         0.461        -0.090
 HIT           -0.662        -0.063         1.133       999.000
 DAMAGED        2.515         0.022        -0.460        -0.896        -0.219
 BULLIED       -2.455         2.383        -5.677        -1.860        -0.953
 UNSAFE         0.933         0.534         0.343         1.704         0.034
 DISRUPT        1.274        -0.787        -0.728        -1.520        -1.823
 GANGS          2.056        -0.462        -0.144        -2.932         0.958
 RAC_FGHT       0.108         2.233        -0.148        -0.830        -0.509


           Standardized Residuals (z-scores) for Covariances
              BULLIED       UNSAFE        DISRUPT       GANGS         RAC_FGHT
              ________      ________      ________      ________      ________
 BULLIED      999.000
 UNSAFE        -0.195         0.652
 DISRUPT        1.038       999.000         2.326
 GANGS         -2.774        -1.842        -0.147       999.000
 RAC_FGHT       0.193        -0.030         0.361        -0.131         0.057


           Normalized Residuals for Covariances
              STOLEN        T_HURT        P_FIGHT       HIT           DAMAGED
              ________      ________      ________      ________      ________
 STOLEN         0.736
 T_HURT         0.885         0.503
 P_FIGHT        0.376         0.304        -0.032
 HIT           -0.264        -0.029         0.724        -0.322
 DAMAGED        1.502         0.010        -0.315        -0.464        -0.074
 BULLIED       -1.243         0.996        -3.192        -0.953        -0.609
 UNSAFE         0.781         0.391         0.299         1.210         0.028
 DISRUPT        1.178        -0.669        -0.673        -1.234        -1.562
 GANGS          1.600        -0.275        -0.121        -1.718         0.720
 RAC_FGHT       0.087         1.549        -0.130        -0.615        -0.372


           Normalized Residuals for Covariances
              BULLIED       UNSAFE        DISRUPT       GANGS         RAC_FGHT
              ________      ________      ________      ________      ________
 BULLIED       -0.532
 UNSAFE        -0.146         0.216
 DISRUPT        0.919         2.936         0.589
 GANGS         -2.110        -0.956        -0.098        -0.761
 RAC_FGHT       0.157        -0.016         0.235        -0.058         0.015


MODEL MODIFICATION INDICES

NOTE:  Modification indices for direct effects of observed dependent variables
regressed on covariates may not be included.  To include these, request
MODINDICES (ALL).

Minimum M.I. value for printing the modification index     3.840

                                   M.I.     E.P.C.  Std E.P.C.  StdYX E.P.C.
Group FREELNCH_0


BY Statements

VICTIM   BY T_HURT                 4.727    -0.051     -0.051       -0.093
VICTIM   BY BULLIED                5.182     0.070      0.070        0.118
NEG_CLIM BY P_FIGHT                4.338     0.070      0.070        0.161

WITH Statements

HIT      WITH P_FIGHT              5.974     0.031      0.031        0.210
BULLIED  WITH T_HURT              16.046     0.071      0.071        0.325
BULLIED  WITH P_FIGHT             11.234    -0.049     -0.049       -0.251
UNSAFE   WITH DAMAGED              4.352     0.034      0.034        0.164
DISRUPT  WITH BULLIED              3.941     0.060      0.060        0.142
DISRUPT  WITH UNSAFE               3.879     0.072      0.072        0.155
RAC_FGHT WITH GANGS               13.005     0.167      0.167        0.498

Group FREELNCH_1


BY Statements

VICTIM   BY T_HURT                 4.726     0.064      0.067        0.120
VICTIM   BY BULLIED                5.180    -0.058     -0.061       -0.108

WITH Statements

HIT      WITH P_FIGHT              8.516     0.037      0.037        0.229
DAMAGED  WITH STOLEN               9.626     0.041      0.041        0.235
BULLIED  WITH T_HURT              10.119     0.049      0.049        0.247
BULLIED  WITH P_FIGHT             13.902    -0.050     -0.050       -0.262
UNSAFE   WITH HIT                  6.144     0.047      0.047        0.191
DISRUPT  WITH UNSAFE              11.500     0.125      0.125        0.258
GANGS    WITH HIT                  4.419    -0.048     -0.048       -0.170
GANGS    WITH DAMAGED              6.494     0.045      0.045        0.203
GANGS    WITH BULLIED              4.341    -0.052     -0.052       -0.157
RAC_FGHT WITH T_HURT               6.344     0.054      0.054        0.194



SAMPLE STATISTICS FOR ESTIMATED FACTOR SCORES


     SAMPLE STATISTICS


           Means
              VICTIM        VICTIM_S      NEG_CLIM      NEG_CLIM
              ________      ________      ________      ________
                0.000         0.490         0.000         0.579


           Covariances
              VICTIM        VICTIM_S      NEG_CLIM      NEG_CLIM
              ________      ________      ________      ________
 VICTIM         0.810
 VICTIM_S       0.000         0.001
 NEG_CLIM       0.361         0.001         0.707
 NEG_CLIM      -0.001         0.000         0.000         0.001


           Correlations
              VICTIM        VICTIM_S      NEG_CLIM      NEG_CLIM
              ________      ________      ________      ________
 VICTIM         1.000
 VICTIM_S       0.002         1.000
 NEG_CLIM       0.477         0.052         1.000
 NEG_CLIM      -0.029        -0.036         0.000         1.000


PLOT INFORMATION

The following plots are available:

  Histograms (sample values, estimated factor scores, estimated values, residuals)
  Scatterplots (sample values, estimated factor scores, estimated values, residuals)
  Measurement parameter plots
  Latent variable distribution plots

     Beginning Time:  23:10:53
        Ending Time:  23:10:53
       Elapsed Time:  00:00:00



MUTHEN & MUTHEN
3463 Stoner Ave.
Los Angeles, CA  90066

Tel: (310) 391-9971
Fax: (310) 391-8971
Web: www.StatModel.com
Support: Support@StatModel.com

Copyright (c) 1998-2021 Muthen & Muthen
