Mplus VERSION 8.6 (Mac)
MUTHEN & MUTHEN
05/26/2021  11:11 PM

INPUT INSTRUCTIONS

  TITLE:
  model5 - scalar invariance
  DATA:
  FILE = "/Users/agarber/github/NTNU-workshop/09-invariance/invar_mplus/invar_data.dat";

  VARIABLE:
  NAMES = bystlang freelnch byincome stolen t_hurt p_fight hit damaged bullied unsafe
       disrupt gangs rac_fght late skipped mth_read mth_test rd_test;
   MISSING=.;
   usevar = stolen-rac_fght;

       grouping = freelnch (0=freelnch_0 1=freelnch_1);
  ANALYSIS:
  estimator = mlr;
  MODEL:
  VICTIM by stolen* t_hurt p_fight hit damaged bullied;
       VICTIM@1;

       NEG_CLIM by unsafe* disrupt gangs rac_fght;
       NEG_CLIM@1;

       [VICTIM-NEG_CLIM@0];

       MODEL freelnch_1:

       VICTIM; ! free factor variances for group 2

       NEG_CLIM;

       [VICTIM-NEG_CLIM]; ! free factor means
  OUTPUT:
  sampstat standardized residual modindices (3.84);
  PLOT:
  type = plot3;



*** WARNING
  Data set contains unknown or missing values for GROUPING,
  PATTERN, COHORT, CLUSTER and/or STRATIFICATION variables.
  Number of cases with unknown or missing values:  68
*** WARNING
  Data set contains cases with missing on all variables.
  These cases were not included in the analysis.
  Number of cases with missing on all variables:  67
   2 WARNING(S) FOUND IN THE INPUT INSTRUCTIONS




model5 - scalar invariance

SUMMARY OF ANALYSIS

Number of groups                                                 2
Number of observations
   Group FREELNCH_0                                            306
   Group FREELNCH_1                                            353
   Total sample size                                           659

Number of dependent variables                                   10
Number of independent variables                                  0
Number of continuous latent variables                            2

Observed dependent variables

  Continuous
   STOLEN      T_HURT      P_FIGHT     HIT         DAMAGED     BULLIED
   UNSAFE      DISRUPT     GANGS       RAC_FGHT

Continuous latent variables
   VICTIM      NEG_CLIM

Variables with special functions

  Grouping variable     FREELNCH

Estimator                                                      MLR
Information matrix                                        OBSERVED
Maximum number of iterations                                  1000
Convergence criterion                                    0.500D-04
Maximum number of steepest descent iterations                   20
Maximum number of iterations for H1                           2000
Convergence criterion for H1                             0.100D-03

Input data file(s)
  /Users/agarber/github/NTNU-workshop/09-invariance/invar_mplus/invar_data.dat

Input data format  FREE


SUMMARY OF DATA

   Group FREELNCH_0
     Number of missing data patterns            12

   Group FREELNCH_1
     Number of missing data patterns            13


COVARIANCE COVERAGE OF DATA

Minimum covariance coverage value   0.100


     PROPORTION OF DATA PRESENT FOR FREELNCH_0


           Covariance Coverage
              STOLEN        T_HURT        P_FIGHT       HIT           DAMAGED
              ________      ________      ________      ________      ________
 STOLEN         0.993
 T_HURT         0.990         0.993
 P_FIGHT        0.990         0.990         0.993
 HIT            0.984         0.984         0.987         0.987
 DAMAGED        0.990         0.990         0.993         0.987         0.993
 BULLIED        0.990         0.990         0.993         0.987         0.993
 UNSAFE         0.984         0.984         0.984         0.977         0.984
 DISRUPT        0.984         0.984         0.984         0.977         0.984
 GANGS          0.980         0.984         0.980         0.977         0.980
 RAC_FGHT       0.987         0.987         0.987         0.980         0.987


           Covariance Coverage
              BULLIED       UNSAFE        DISRUPT       GANGS         RAC_FGHT
              ________      ________      ________      ________      ________
 BULLIED        0.993
 UNSAFE         0.984         0.990
 DISRUPT        0.984         0.984         0.990
 GANGS          0.980         0.980         0.980         0.987
 RAC_FGHT       0.987         0.987         0.990         0.984         0.993


     PROPORTION OF DATA PRESENT FOR FREELNCH_1


           Covariance Coverage
              STOLEN        T_HURT        P_FIGHT       HIT           DAMAGED
              ________      ________      ________      ________      ________
 STOLEN         1.000
 T_HURT         0.994         0.994
 P_FIGHT        0.992         0.989         0.992
 HIT            0.986         0.983         0.977         0.986
 DAMAGED        0.994         0.992         0.986         0.986         0.994
 BULLIED        0.989         0.989         0.983         0.980         0.989
 UNSAFE         0.986         0.980         0.977         0.972         0.980
 DISRUPT        0.994         0.989         0.986         0.983         0.989
 GANGS          0.975         0.969         0.966         0.960         0.969
 RAC_FGHT       0.997         0.992         0.989         0.983         0.992


           Covariance Coverage
              BULLIED       UNSAFE        DISRUPT       GANGS         RAC_FGHT
              ________      ________      ________      ________      ________
 BULLIED        0.989
 UNSAFE         0.975         0.986
 DISRUPT        0.983         0.980         0.994
 GANGS          0.963         0.963         0.969         0.975
 RAC_FGHT       0.986         0.986         0.992         0.972         0.997


SAMPLE STATISTICS


     ESTIMATED SAMPLE STATISTICS FOR FREELNCH_0


           Means
              STOLEN        T_HURT        P_FIGHT       HIT           DAMAGED
              ________      ________      ________      ________      ________
                1.482         1.251         1.158         1.255         1.190


           Means
              BULLIED       UNSAFE        DISRUPT       GANGS         RAC_FGHT
              ________      ________      ________      ________      ________
                1.335         1.644         2.339         1.771         1.740


           Covariances
              STOLEN        T_HURT        P_FIGHT       HIT           DAMAGED
              ________      ________      ________      ________      ________
 STOLEN         0.368
 T_HURT         0.068         0.280
 P_FIGHT        0.061         0.064         0.192
 HIT            0.087         0.117         0.108         0.309
 DAMAGED        0.085         0.080         0.065         0.111         0.207
 BULLIED        0.074         0.157         0.036         0.137         0.094
 UNSAFE         0.031         0.040         0.061         0.078         0.068
 DISRUPT        0.047         0.065         0.029         0.006         0.021
 GANGS          0.094         0.046         0.082         0.081         0.028
 RAC_FGHT       0.038         0.045         0.070         0.048         0.034


           Covariances
              BULLIED       UNSAFE        DISRUPT       GANGS         RAC_FGHT
              ________      ________      ________      ________      ________
 BULLIED        0.381
 UNSAFE         0.044         0.479
 DISRUPT        0.087         0.153         0.712
 GANGS          0.056         0.212         0.117         0.672
 RAC_FGHT       0.032         0.161         0.081         0.318         0.560


           Correlations
              STOLEN        T_HURT        P_FIGHT       HIT           DAMAGED
              ________      ________      ________      ________      ________
 STOLEN         1.000
 T_HURT         0.211         1.000
 P_FIGHT        0.230         0.276         1.000
 HIT            0.257         0.398         0.441         1.000
 DAMAGED        0.307         0.332         0.327         0.440         1.000
 BULLIED        0.198         0.482         0.132         0.398         0.334
 UNSAFE         0.075         0.109         0.200         0.204         0.216
 DISRUPT        0.092         0.146         0.079         0.012         0.054
 GANGS          0.188         0.106         0.229         0.178         0.076
 RAC_FGHT       0.084         0.114         0.212         0.116         0.099


           Correlations
              BULLIED       UNSAFE        DISRUPT       GANGS         RAC_FGHT
              ________      ________      ________      ________      ________
 BULLIED        1.000
 UNSAFE         0.103         1.000
 DISRUPT        0.166         0.262         1.000
 GANGS          0.112         0.373         0.169         1.000
 RAC_FGHT       0.070         0.311         0.128         0.518         1.000


     ESTIMATED SAMPLE STATISTICS FOR FREELNCH_1


           Means
              STOLEN        T_HURT        P_FIGHT       HIT           DAMAGED
              ________      ________      ________      ________      ________
                1.513         1.274         1.164         1.254         1.163


           Means
              BULLIED       UNSAFE        DISRUPT       GANGS         RAC_FGHT
              ________      ________      ________      ________      ________
                1.239         1.772         2.510         2.187         2.090


           Covariances
              STOLEN        T_HURT        P_FIGHT       HIT           DAMAGED
              ________      ________      ________      ________      ________
 STOLEN         0.408
 T_HURT         0.141         0.329
 P_FIGHT        0.083         0.097         0.212
 HIT            0.115         0.143         0.110         0.304
 DAMAGED        0.125         0.106         0.060         0.098         0.181
 BULLIED        0.065         0.135         0.020         0.090         0.069
 UNSAFE         0.074         0.071         0.045         0.095         0.046
 DISRUPT        0.079         0.027         0.013         0.016         0.000
 GANGS          0.121         0.073         0.048         0.033         0.082
 RAC_FGHT       0.064         0.122         0.042         0.054         0.045


           Covariances
              BULLIED       UNSAFE        DISRUPT       GANGS         RAC_FGHT
              ________      ________      ________      ________      ________
 BULLIED        0.296
 UNSAFE         0.043         0.548
 DISRUPT        0.059         0.243         0.774
 GANGS          0.006         0.198         0.180         0.758
 RAC_FGHT       0.061         0.209         0.174         0.283         0.719


           Correlations
              STOLEN        T_HURT        P_FIGHT       HIT           DAMAGED
              ________      ________      ________      ________      ________
 STOLEN         1.000
 T_HURT         0.384         1.000
 P_FIGHT        0.282         0.367         1.000
 HIT            0.326         0.453         0.435         1.000
 DAMAGED        0.458         0.434         0.307         0.417         1.000
 BULLIED        0.188         0.434         0.081         0.300         0.299
 UNSAFE         0.156         0.167         0.133         0.232         0.145
 DISRUPT        0.140         0.054         0.031         0.034         0.001
 GANGS          0.218         0.146         0.120         0.070         0.220
 RAC_FGHT       0.118         0.250         0.107         0.116         0.125


           Correlations
              BULLIED       UNSAFE        DISRUPT       GANGS         RAC_FGHT
              ________      ________      ________      ________      ________
 BULLIED        1.000
 UNSAFE         0.107         1.000
 DISRUPT        0.124         0.372         1.000
 GANGS          0.013         0.307         0.235         1.000
 RAC_FGHT       0.132         0.333         0.234         0.384         1.000


     MAXIMUM LOG-LIKELIHOOD VALUE FOR THE UNRESTRICTED (H1) MODEL IS -5543.271


UNIVARIATE SAMPLE STATISTICS


     UNIVARIATE HIGHER-ORDER MOMENT DESCRIPTIVE STATISTICS FOR FREELNCH_0

         Variable/         Mean/     Skewness/   Minimum/ % with                Percentiles
        Sample Size      Variance    Kurtosis    Maximum  Min/Max      20%/60%    40%/80%    Median

     STOLEN                1.480       0.871       1.000   57.89%       1.000      1.000      1.000
             304.000       0.368      -0.246       3.000    5.92%       2.000      2.000
     T_HURT                1.250       2.036       1.000   79.61%       1.000      1.000      1.000
             304.000       0.280       3.204       3.000    4.61%       1.000      2.000
     P_FIGHT               1.158       2.855       1.000   87.17%       1.000      1.000      1.000
             304.000       0.192       7.589       3.000    2.96%       1.000      1.000
     HIT                   1.255       2.091       1.000   80.46%       1.000      1.000      1.000
             302.000       0.309       3.256       3.000    5.96%       1.000      1.000
     DAMAGED               1.191       2.370       1.000   83.55%       1.000      1.000      1.000
             304.000       0.207       4.987       3.000    2.63%       1.000      1.000
     BULLIED               1.336       1.651       1.000   74.34%       1.000      1.000      1.000
             304.000       0.381       1.482       3.000    7.89%       1.000      2.000
     UNSAFE                1.644       1.025       1.000   45.87%       1.000      1.000      2.000
             303.000       0.480       1.286       4.000    2.31%       2.000      2.000
     DISRUPT               2.340       0.279       1.000   14.52%       2.000      2.000      2.000
             303.000       0.713      -0.479       4.000    9.90%       2.000      3.000
     GANGS                 1.772       0.911       1.000   43.38%       1.000      1.000      2.000
             302.000       0.673       0.285       4.000    4.30%       2.000      2.000
     RAC_FGHT              1.740       0.840       1.000   41.78%       1.000      1.000      2.000
             304.000       0.561       0.431       4.000    2.63%       2.000      2.000


     UNIVARIATE HIGHER-ORDER MOMENT DESCRIPTIVE STATISTICS FOR FREELNCH_1

         Variable/         Mean/     Skewness/   Minimum/ % with                Percentiles
        Sample Size      Variance    Kurtosis    Maximum  Min/Max      20%/60%    40%/80%    Median

     STOLEN                1.513       0.864       1.000   56.66%       1.000      1.000      1.000
             353.000       0.408      -0.320       3.000    7.93%       2.000      2.000
     T_HURT                1.274       1.984       1.000   79.20%       1.000      1.000      1.000
             351.000       0.330       2.760       3.000    6.55%       1.000      2.000
     P_FIGHT               1.163       2.881       1.000   87.43%       1.000      1.000      1.000
             350.000       0.211       7.532       3.000    3.71%       1.000      1.000
     HIT                   1.256       2.073       1.000   80.17%       1.000      1.000      1.000
             348.000       0.305       3.208       3.000    5.75%       1.000      1.000
     DAMAGED               1.162       2.667       1.000   86.04%       1.000      1.000      1.000
             351.000       0.182       6.642       3.000    2.28%       1.000      1.000
     BULLIED               1.238       2.219       1.000   81.95%       1.000      1.000      1.000
             349.000       0.296       3.817       3.000    5.73%       1.000      1.000
     UNSAFE                1.773       0.898       1.000   37.93%       1.000      2.000      2.000
             348.000       0.549       0.894       4.000    3.45%       2.000      2.000
     DISRUPT               2.510      -0.005       1.000   12.82%       2.000      2.000      3.000
             351.000       0.774      -0.709       4.000   13.39%       3.000      3.000
     GANGS                 2.186       0.391       1.000   22.09%       1.000      2.000      2.000
             344.000       0.762      -0.493       4.000    8.43%       2.000      3.000
     RAC_FGHT              2.091       0.525       1.000   24.72%       1.000      2.000      2.000
             352.000       0.719      -0.239       4.000    7.10%       2.000      3.000


THE MODEL ESTIMATION TERMINATED NORMALLY



MODEL FIT INFORMATION

Number of Free Parameters                       46

Loglikelihood

          H0 Value                       -5662.767
          H0 Scaling Correction Factor      1.7815
            for MLR
          H1 Value                       -5543.271
          H1 Scaling Correction Factor      1.4922
            for MLR

Information Criteria

          Akaike (AIC)                   11417.534
          Bayesian (BIC)                 11624.107
          Sample-Size Adjusted BIC       11478.056
            (n* = (n + 2) / 24)

Chi-Square Test of Model Fit

          Value                            179.176*
          Degrees of Freedom                    84
          P-Value                           0.0000
          Scaling Correction Factor         1.3338
            for MLR

Chi-Square Contribution From Each Group

          FREELNCH_0                        82.772
          FREELNCH_1                        96.404

*   The chi-square value for MLM, MLMV, MLR, ULSMV, WLSM and WLSMV cannot be used
    for chi-square difference testing in the regular way.  MLM, MLR and WLSM
    chi-square difference testing is described on the Mplus website.  MLMV, WLSMV,
    and ULSMV difference testing is done using the DIFFTEST option.

RMSEA (Root Mean Square Error Of Approximation)

          Estimate                           0.059
          90 Percent C.I.                    0.047  0.071
          Probability RMSEA <= .05           0.112

CFI/TLI

          CFI                                0.882
          TLI                                0.874

Chi-Square Test of Model Fit for the Baseline Model

          Value                            897.861
          Degrees of Freedom                    90
          P-Value                           0.0000

SRMR (Standardized Root Mean Square Residual)

          Value                              0.062



MODEL RESULTS

                                                    Two-Tailed
                    Estimate       S.E.  Est./S.E.    P-Value

Group FREELNCH_0

 VICTIM   BY
    STOLEN             0.301      0.032      9.342      0.000
    T_HURT             0.358      0.037      9.543      0.000
    P_FIGHT            0.226      0.038      5.959      0.000
    HIT                0.367      0.042      8.811      0.000
    DAMAGED            0.270      0.035      7.822      0.000
    BULLIED            0.278      0.045      6.161      0.000

 NEG_CLIM BY
    UNSAFE             0.365      0.040      9.095      0.000
    DISRUPT            0.299      0.044      6.864      0.000
    GANGS              0.572      0.053     10.786      0.000
    RAC_FGHT           0.501      0.045     11.065      0.000

 NEG_CLIM WITH
    VICTIM             0.360      0.083      4.359      0.000

 Means
    VICTIM             0.000      0.000    999.000    999.000
    NEG_CLIM           0.000      0.000    999.000    999.000

 Intercepts
    STOLEN             1.503      0.028     54.261      0.000
    T_HURT             1.268      0.028     45.980      0.000
    P_FIGHT            1.164      0.021     55.756      0.000
    HIT                1.260      0.029     44.000      0.000
    DAMAGED            1.178      0.022     54.156      0.000
    BULLIED            1.283      0.028     46.242      0.000
    UNSAFE             1.590      0.032     49.444      0.000
    DISRUPT            2.328      0.039     60.083      0.000
    GANGS              1.793      0.046     39.334      0.000
    RAC_FGHT           1.753      0.040     43.511      0.000

 Variances
    VICTIM             1.000      0.000    999.000    999.000
    NEG_CLIM           1.000      0.000    999.000    999.000

 Residual Variances
    STOLEN             0.303      0.026     11.490      0.000
    T_HURT             0.175      0.027      6.510      0.000
    P_FIGHT            0.139      0.025      5.577      0.000
    HIT                0.161      0.028      5.670      0.000
    DAMAGED            0.131      0.025      5.298      0.000
    BULLIED            0.279      0.039      7.130      0.000
    UNSAFE             0.348      0.053      6.557      0.000
    DISRUPT            0.653      0.051     12.736      0.000
    GANGS              0.325      0.059      5.546      0.000
    RAC_FGHT           0.315      0.050      6.290      0.000

Group FREELNCH_1

 VICTIM   BY
    STOLEN             0.301      0.032      9.342      0.000
    T_HURT             0.358      0.037      9.543      0.000
    P_FIGHT            0.226      0.038      5.959      0.000
    HIT                0.367      0.042      8.811      0.000
    DAMAGED            0.270      0.035      7.822      0.000
    BULLIED            0.278      0.045      6.161      0.000

 NEG_CLIM BY
    UNSAFE             0.365      0.040      9.095      0.000
    DISRUPT            0.299      0.044      6.864      0.000
    GANGS              0.572      0.053     10.786      0.000
    RAC_FGHT           0.501      0.045     11.065      0.000

 NEG_CLIM WITH
    VICTIM             0.410      0.127      3.223      0.001

 Means
    VICTIM            -0.027      0.092     -0.290      0.772
    NEG_CLIM           0.641      0.114      5.637      0.000

 Intercepts
    STOLEN             1.503      0.028     54.261      0.000
    T_HURT             1.268      0.028     45.980      0.000
    P_FIGHT            1.164      0.021     55.756      0.000
    HIT                1.260      0.029     44.000      0.000
    DAMAGED            1.178      0.022     54.156      0.000
    BULLIED            1.283      0.028     46.242      0.000
    UNSAFE             1.590      0.032     49.444      0.000
    DISRUPT            2.328      0.039     60.083      0.000
    GANGS              1.793      0.046     39.334      0.000
    RAC_FGHT           1.753      0.040     43.511      0.000

 Variances
    VICTIM             1.095      0.265      4.125      0.000
    NEG_CLIM           1.060      0.198      5.356      0.000

 Residual Variances
    STOLEN             0.288      0.026     10.980      0.000
    T_HURT             0.170      0.026      6.423      0.000
    P_FIGHT            0.157      0.026      6.097      0.000
    HIT                0.169      0.028      5.932      0.000
    DAMAGED            0.104      0.017      6.100      0.000
    BULLIED            0.233      0.032      7.224      0.000
    UNSAFE             0.387      0.044      8.860      0.000
    DISRUPT            0.650      0.052     12.399      0.000
    GANGS              0.458      0.061      7.542      0.000
    RAC_FGHT           0.456      0.047      9.627      0.000


QUALITY OF NUMERICAL RESULTS

     Condition Number for the Information Matrix              0.221E-02
       (ratio of smallest to largest eigenvalue)


STANDARDIZED MODEL RESULTS


STDYX Standardization

                                                    Two-Tailed
                    Estimate       S.E.  Est./S.E.    P-Value

Group FREELNCH_0

 VICTIM   BY
    STOLEN             0.481      0.045     10.585      0.000
    T_HURT             0.650      0.049     13.284      0.000
    P_FIGHT            0.518      0.070      7.379      0.000
    HIT                0.675      0.057     11.751      0.000
    DAMAGED            0.597      0.063      9.427      0.000
    BULLIED            0.466      0.072      6.491      0.000

 NEG_CLIM BY
    UNSAFE             0.527      0.059      8.917      0.000
    DISRUPT            0.347      0.049      7.125      0.000
    GANGS              0.708      0.058     12.306      0.000
    RAC_FGHT           0.666      0.054     12.242      0.000

 NEG_CLIM WITH
    VICTIM             0.360      0.083      4.359      0.000

 Means
    VICTIM             0.000      0.000    999.000    999.000
    NEG_CLIM           0.000      0.000    999.000    999.000

 Intercepts
    STOLEN             2.395      0.075     32.009      0.000
    T_HURT             2.304      0.106     21.770      0.000
    P_FIGHT            2.667      0.181     14.709      0.000
    HIT                2.318      0.105     21.973      0.000
    DAMAGED            2.607      0.157     16.576      0.000
    BULLIED            2.152      0.096     22.364      0.000
    UNSAFE             2.293      0.113     20.383      0.000
    DISRUPT            2.702      0.101     26.669      0.000
    GANGS              2.220      0.079     28.084      0.000
    RAC_FGHT           2.329      0.088     26.590      0.000

 Variances
    VICTIM             1.000      0.000    999.000    999.000
    NEG_CLIM           1.000      0.000    999.000    999.000

 Residual Variances
    STOLEN             0.769      0.044     17.628      0.000
    T_HURT             0.578      0.064      9.084      0.000
    P_FIGHT            0.732      0.073     10.059      0.000
    HIT                0.544      0.078      7.005      0.000
    DAMAGED            0.643      0.076      8.498      0.000
    BULLIED            0.783      0.067     11.703      0.000
    UNSAFE             0.723      0.062     11.623      0.000
    DISRUPT            0.880      0.034     26.025      0.000
    GANGS              0.498      0.082      6.113      0.000
    RAC_FGHT           0.557      0.072      7.681      0.000

Group FREELNCH_1

 VICTIM   BY
    STOLEN             0.507      0.055      9.132      0.000
    T_HURT             0.673      0.061     11.028      0.000
    P_FIGHT            0.513      0.066      7.830      0.000
    HIT                0.683      0.050     13.616      0.000
    DAMAGED            0.659      0.051     12.986      0.000
    BULLIED            0.516      0.057      8.996      0.000

 NEG_CLIM BY
    UNSAFE             0.517      0.056      9.170      0.000
    DISRUPT            0.357      0.058      6.110      0.000
    GANGS              0.657      0.046     14.269      0.000
    RAC_FGHT           0.607      0.044     13.652      0.000

 NEG_CLIM WITH
    VICTIM             0.381      0.096      3.945      0.000

 Means
    VICTIM            -0.026      0.090     -0.283      0.777
    NEG_CLIM           0.623      0.102      6.132      0.000

 Intercepts
    STOLEN             2.413      0.087     27.684      0.000
    T_HURT             2.278      0.132     17.262      0.000
    P_FIGHT            2.524      0.183     13.821      0.000
    HIT                2.241      0.135     16.622      0.000
    DAMAGED            2.750      0.189     14.537      0.000
    BULLIED            2.278      0.122     18.696      0.000
    UNSAFE             2.187      0.097     22.530      0.000
    DISRUPT            2.697      0.094     28.712      0.000
    GANGS              1.999      0.085     23.482      0.000
    RAC_FGHT           2.063      0.085     24.272      0.000

 Variances
    VICTIM             1.000      0.000    999.000    999.000
    NEG_CLIM           1.000      0.000    999.000    999.000

 Residual Variances
    STOLEN             0.743      0.056     13.231      0.000
    T_HURT             0.548      0.082      6.678      0.000
    P_FIGHT            0.737      0.067     10.963      0.000
    HIT                0.533      0.069      7.771      0.000
    DAMAGED            0.565      0.067      8.445      0.000
    BULLIED            0.734      0.059     12.386      0.000
    UNSAFE             0.733      0.058     12.559      0.000
    DISRUPT            0.873      0.042     20.953      0.000
    GANGS              0.569      0.060      9.413      0.000
    RAC_FGHT           0.631      0.054     11.674      0.000


STDY Standardization

                                                    Two-Tailed
                    Estimate       S.E.  Est./S.E.    P-Value

Group FREELNCH_0

 VICTIM   BY
    STOLEN             0.481      0.045     10.585      0.000
    T_HURT             0.650      0.049     13.284      0.000
    P_FIGHT            0.518      0.070      7.379      0.000
    HIT                0.675      0.057     11.751      0.000
    DAMAGED            0.597      0.063      9.427      0.000
    BULLIED            0.466      0.072      6.491      0.000

 NEG_CLIM BY
    UNSAFE             0.527      0.059      8.917      0.000
    DISRUPT            0.347      0.049      7.125      0.000
    GANGS              0.708      0.058     12.306      0.000
    RAC_FGHT           0.666      0.054     12.242      0.000

 NEG_CLIM WITH
    VICTIM             0.360      0.083      4.359      0.000

 Means
    VICTIM             0.000      0.000    999.000    999.000
    NEG_CLIM           0.000      0.000    999.000    999.000

 Intercepts
    STOLEN             2.395      0.075     32.009      0.000
    T_HURT             2.304      0.106     21.770      0.000
    P_FIGHT            2.667      0.181     14.709      0.000
    HIT                2.318      0.105     21.973      0.000
    DAMAGED            2.607      0.157     16.576      0.000
    BULLIED            2.152      0.096     22.364      0.000
    UNSAFE             2.293      0.113     20.383      0.000
    DISRUPT            2.702      0.101     26.669      0.000
    GANGS              2.220      0.079     28.084      0.000
    RAC_FGHT           2.329      0.088     26.590      0.000

 Variances
    VICTIM             1.000      0.000    999.000    999.000
    NEG_CLIM           1.000      0.000    999.000    999.000

 Residual Variances
    STOLEN             0.769      0.044     17.628      0.000
    T_HURT             0.578      0.064      9.084      0.000
    P_FIGHT            0.732      0.073     10.059      0.000
    HIT                0.544      0.078      7.005      0.000
    DAMAGED            0.643      0.076      8.498      0.000
    BULLIED            0.783      0.067     11.703      0.000
    UNSAFE             0.723      0.062     11.623      0.000
    DISRUPT            0.880      0.034     26.025      0.000
    GANGS              0.498      0.082      6.113      0.000
    RAC_FGHT           0.557      0.072      7.681      0.000

Group FREELNCH_1

 VICTIM   BY
    STOLEN             0.507      0.055      9.132      0.000
    T_HURT             0.673      0.061     11.028      0.000
    P_FIGHT            0.513      0.066      7.830      0.000
    HIT                0.683      0.050     13.616      0.000
    DAMAGED            0.659      0.051     12.986      0.000
    BULLIED            0.516      0.057      8.996      0.000

 NEG_CLIM BY
    UNSAFE             0.517      0.056      9.170      0.000
    DISRUPT            0.357      0.058      6.110      0.000
    GANGS              0.657      0.046     14.269      0.000
    RAC_FGHT           0.607      0.044     13.652      0.000

 NEG_CLIM WITH
    VICTIM             0.381      0.096      3.945      0.000

 Means
    VICTIM            -0.026      0.090     -0.283      0.777
    NEG_CLIM           0.623      0.102      6.132      0.000

 Intercepts
    STOLEN             2.413      0.087     27.684      0.000
    T_HURT             2.278      0.132     17.262      0.000
    P_FIGHT            2.524      0.183     13.821      0.000
    HIT                2.241      0.135     16.622      0.000
    DAMAGED            2.750      0.189     14.537      0.000
    BULLIED            2.278      0.122     18.696      0.000
    UNSAFE             2.187      0.097     22.530      0.000
    DISRUPT            2.697      0.094     28.712      0.000
    GANGS              1.999      0.085     23.482      0.000
    RAC_FGHT           2.063      0.085     24.272      0.000

 Variances
    VICTIM             1.000      0.000    999.000    999.000
    NEG_CLIM           1.000      0.000    999.000    999.000

 Residual Variances
    STOLEN             0.743      0.056     13.231      0.000
    T_HURT             0.548      0.082      6.678      0.000
    P_FIGHT            0.737      0.067     10.963      0.000
    HIT                0.533      0.069      7.771      0.000
    DAMAGED            0.565      0.067      8.445      0.000
    BULLIED            0.734      0.059     12.386      0.000
    UNSAFE             0.733      0.058     12.559      0.000
    DISRUPT            0.873      0.042     20.953      0.000
    GANGS              0.569      0.060      9.413      0.000
    RAC_FGHT           0.631      0.054     11.674      0.000


STD Standardization

                                                    Two-Tailed
                    Estimate       S.E.  Est./S.E.    P-Value

Group FREELNCH_0

 VICTIM   BY
    STOLEN             0.301      0.032      9.342      0.000
    T_HURT             0.358      0.037      9.543      0.000
    P_FIGHT            0.226      0.038      5.959      0.000
    HIT                0.367      0.042      8.811      0.000
    DAMAGED            0.270      0.035      7.822      0.000
    BULLIED            0.278      0.045      6.161      0.000

 NEG_CLIM BY
    UNSAFE             0.365      0.040      9.095      0.000
    DISRUPT            0.299      0.044      6.864      0.000
    GANGS              0.572      0.053     10.786      0.000
    RAC_FGHT           0.501      0.045     11.065      0.000

 NEG_CLIM WITH
    VICTIM             0.360      0.083      4.359      0.000

 Means
    VICTIM             0.000      0.000    999.000    999.000
    NEG_CLIM           0.000      0.000    999.000    999.000

 Intercepts
    STOLEN             1.503      0.028     54.261      0.000
    T_HURT             1.268      0.028     45.980      0.000
    P_FIGHT            1.164      0.021     55.756      0.000
    HIT                1.260      0.029     44.000      0.000
    DAMAGED            1.178      0.022     54.156      0.000
    BULLIED            1.283      0.028     46.242      0.000
    UNSAFE             1.590      0.032     49.444      0.000
    DISRUPT            2.328      0.039     60.083      0.000
    GANGS              1.793      0.046     39.334      0.000
    RAC_FGHT           1.753      0.040     43.511      0.000

 Variances
    VICTIM             1.000      0.000    999.000    999.000
    NEG_CLIM           1.000      0.000    999.000    999.000

 Residual Variances
    STOLEN             0.303      0.026     11.490      0.000
    T_HURT             0.175      0.027      6.510      0.000
    P_FIGHT            0.139      0.025      5.577      0.000
    HIT                0.161      0.028      5.670      0.000
    DAMAGED            0.131      0.025      5.298      0.000
    BULLIED            0.279      0.039      7.130      0.000
    UNSAFE             0.348      0.053      6.557      0.000
    DISRUPT            0.653      0.051     12.736      0.000
    GANGS              0.325      0.059      5.546      0.000
    RAC_FGHT           0.315      0.050      6.290      0.000

Group FREELNCH_1

 VICTIM   BY
    STOLEN             0.315      0.039      8.176      0.000
    T_HURT             0.374      0.046      8.192      0.000
    P_FIGHT            0.237      0.038      6.203      0.000
    HIT                0.384      0.038     10.157      0.000
    DAMAGED            0.282      0.033      8.513      0.000
    BULLIED            0.291      0.039      7.479      0.000

 NEG_CLIM BY
    UNSAFE             0.376      0.046      8.245      0.000
    DISRUPT            0.308      0.050      6.101      0.000
    GANGS              0.589      0.044     13.281      0.000
    RAC_FGHT           0.516      0.044     11.830      0.000

 NEG_CLIM WITH
    VICTIM             0.381      0.096      3.945      0.000

 Means
    VICTIM            -0.026      0.090     -0.283      0.777
    NEG_CLIM           0.623      0.102      6.132      0.000

 Intercepts
    STOLEN             1.503      0.028     54.261      0.000
    T_HURT             1.268      0.028     45.980      0.000
    P_FIGHT            1.164      0.021     55.756      0.000
    HIT                1.260      0.029     44.000      0.000
    DAMAGED            1.178      0.022     54.156      0.000
    BULLIED            1.283      0.028     46.242      0.000
    UNSAFE             1.590      0.032     49.444      0.000
    DISRUPT            2.328      0.039     60.083      0.000
    GANGS              1.793      0.046     39.334      0.000
    RAC_FGHT           1.753      0.040     43.511      0.000

 Variances
    VICTIM             1.000      0.000    999.000    999.000
    NEG_CLIM           1.000      0.000    999.000    999.000

 Residual Variances
    STOLEN             0.288      0.026     10.980      0.000
    T_HURT             0.170      0.026      6.423      0.000
    P_FIGHT            0.157      0.026      6.097      0.000
    HIT                0.169      0.028      5.932      0.000
    DAMAGED            0.104      0.017      6.100      0.000
    BULLIED            0.233      0.032      7.224      0.000
    UNSAFE             0.387      0.044      8.860      0.000
    DISRUPT            0.650      0.052     12.399      0.000
    GANGS              0.458      0.061      7.542      0.000
    RAC_FGHT           0.456      0.047      9.627      0.000


R-SQUARE

Group FREELNCH_0

    Observed                                        Two-Tailed
    Variable        Estimate       S.E.  Est./S.E.    P-Value

    STOLEN             0.231      0.044      5.293      0.000
    T_HURT             0.422      0.064      6.642      0.000
    P_FIGHT            0.268      0.073      3.689      0.000
    HIT                0.456      0.078      5.875      0.000
    DAMAGED            0.357      0.076      4.713      0.000
    BULLIED            0.217      0.067      3.246      0.001
    UNSAFE             0.277      0.062      4.459      0.000
    DISRUPT            0.120      0.034      3.563      0.000
    GANGS              0.502      0.082      6.153      0.000
    RAC_FGHT           0.443      0.072      6.121      0.000

Group FREELNCH_1

    Observed                                        Two-Tailed
    Variable        Estimate       S.E.  Est./S.E.    P-Value

    STOLEN             0.257      0.056      4.566      0.000
    T_HURT             0.452      0.082      5.514      0.000
    P_FIGHT            0.263      0.067      3.915      0.000
    HIT                0.467      0.069      6.808      0.000
    DAMAGED            0.435      0.067      6.493      0.000
    BULLIED            0.266      0.059      4.498      0.000
    UNSAFE             0.267      0.058      4.585      0.000
    DISRUPT            0.127      0.042      3.055      0.002
    GANGS              0.431      0.060      7.135      0.000
    RAC_FGHT           0.369      0.054      6.826      0.000


RESIDUAL OUTPUT


     ESTIMATED MODEL AND RESIDUALS (OBSERVED - ESTIMATED) FOR FREELNCH_0


           Model Estimated Means
              STOLEN        T_HURT        P_FIGHT       HIT           DAMAGED
              ________      ________      ________      ________      ________
                1.503         1.268         1.164         1.260         1.178


           Model Estimated Means
              BULLIED       UNSAFE        DISRUPT       GANGS         RAC_FGHT
              ________      ________      ________      ________      ________
                1.283         1.590         2.328         1.793         1.753


           Residuals for Means
              STOLEN        T_HURT        P_FIGHT       HIT           DAMAGED
              ________      ________      ________      ________      ________
               -0.021        -0.017        -0.006        -0.005         0.012


           Residuals for Means
              BULLIED       UNSAFE        DISRUPT       GANGS         RAC_FGHT
              ________      ________      ________      ________      ________
                0.052         0.053         0.011        -0.022        -0.013


           Standardized Residuals (z-scores) for Means
              STOLEN        T_HURT        P_FIGHT       HIT           DAMAGED
              ________      ________      ________      ________      ________
               -0.999        -1.371        -0.394        -0.335         0.840


           Standardized Residuals (z-scores) for Means
              BULLIED       UNSAFE        DISRUPT       GANGS         RAC_FGHT
              ________      ________      ________      ________      ________
                2.354         2.277         0.384        -1.961        -0.885


           Normalized Residuals for Means
              STOLEN        T_HURT        P_FIGHT       HIT           DAMAGED
              ________      ________      ________      ________      ________
               -0.606        -0.571        -0.221        -0.148         0.461


           Normalized Residuals for Means
              BULLIED       UNSAFE        DISRUPT       GANGS         RAC_FGHT
              ________      ________      ________      ________      ________
                1.460         1.337         0.231        -0.477        -0.302


           Model Estimated Covariances
              STOLEN        T_HURT        P_FIGHT       HIT           DAMAGED
              ________      ________      ________      ________      ________
 STOLEN         0.394
 T_HURT         0.108         0.303
 P_FIGHT        0.068         0.081         0.190
 HIT            0.111         0.131         0.083         0.296
 DAMAGED        0.081         0.097         0.061         0.099         0.204
 BULLIED        0.084         0.099         0.063         0.102         0.075
 UNSAFE         0.040         0.047         0.030         0.048         0.036
 DISRUPT        0.032         0.039         0.024         0.040         0.029
 GANGS          0.062         0.074         0.047         0.076         0.056
 RAC_FGHT       0.054         0.065         0.041         0.066         0.049


           Model Estimated Covariances
              BULLIED       UNSAFE        DISRUPT       GANGS         RAC_FGHT
              ________      ________      ________      ________      ________
 BULLIED        0.356
 UNSAFE         0.037         0.481
 DISRUPT        0.030         0.109         0.742
 GANGS          0.057         0.209         0.171         0.653
 RAC_FGHT       0.050         0.183         0.150         0.287         0.566


           Model Estimated Correlations
              STOLEN        T_HURT        P_FIGHT       HIT           DAMAGED
              ________      ________      ________      ________      ________
 STOLEN         1.000
 T_HURT         0.312         1.000
 P_FIGHT        0.249         0.337         1.000
 HIT            0.325         0.439         0.350         1.000
 DAMAGED        0.287         0.388         0.309         0.403         1.000
 BULLIED        0.224         0.303         0.241         0.315         0.278
 UNSAFE         0.091         0.123         0.098         0.128         0.113
 DISRUPT        0.060         0.081         0.065         0.084         0.075
 GANGS          0.123         0.166         0.132         0.172         0.152
 RAC_FGHT       0.115         0.156         0.124         0.162         0.143


           Model Estimated Correlations
              BULLIED       UNSAFE        DISRUPT       GANGS         RAC_FGHT
              ________      ________      ________      ________      ________
 BULLIED        1.000
 UNSAFE         0.088         1.000
 DISRUPT        0.058         0.183         1.000
 GANGS          0.119         0.373         0.246         1.000
 RAC_FGHT       0.112         0.351         0.231         0.472         1.000


           Residuals for Covariances
              STOLEN        T_HURT        P_FIGHT       HIT           DAMAGED
              ________      ________      ________      ________      ________
 STOLEN        -0.025
 T_HURT        -0.040        -0.023
 P_FIGHT       -0.007        -0.017         0.002
 HIT           -0.024        -0.014         0.025         0.013
 DAMAGED        0.004        -0.017         0.004         0.012         0.003
 BULLIED       -0.010         0.058        -0.027         0.035         0.019
 UNSAFE        -0.008        -0.007         0.031         0.030         0.033
 DISRUPT        0.015         0.027         0.005        -0.034        -0.008
 GANGS          0.031        -0.028         0.036         0.005        -0.027
 RAC_FGHT      -0.016        -0.020         0.029        -0.018        -0.015


           Residuals for Covariances
              BULLIED       UNSAFE        DISRUPT       GANGS         RAC_FGHT
              ________      ________      ________      ________      ________
 BULLIED        0.025
 UNSAFE         0.008        -0.002
 DISRUPT        0.057         0.044        -0.030
 GANGS         -0.001         0.003        -0.054         0.020
 RAC_FGHT      -0.018        -0.022        -0.069         0.031        -0.006


           Residuals for Correlations
              STOLEN        T_HURT        P_FIGHT       HIT           DAMAGED
              ________      ________      ________      ________      ________
 STOLEN         0.000
 T_HURT        -0.102         0.000
 P_FIGHT       -0.019        -0.061         0.000
 HIT           -0.068        -0.041         0.092         0.000
 DAMAGED        0.020        -0.056         0.017         0.036         0.000
 BULLIED       -0.026         0.179        -0.110         0.084         0.056
 UNSAFE        -0.017        -0.014         0.102         0.075         0.103
 DISRUPT        0.032         0.065         0.014        -0.072        -0.020
 GANGS          0.066        -0.059         0.097         0.006        -0.077
 RAC_FGHT      -0.032        -0.042         0.088        -0.046        -0.044


           Residuals for Correlations
              BULLIED       UNSAFE        DISRUPT       GANGS         RAC_FGHT
              ________      ________      ________      ________      ________
 BULLIED        0.000
 UNSAFE         0.015         0.000
 DISRUPT        0.108         0.079         0.000
 GANGS         -0.007         0.000        -0.077         0.000
 RAC_FGHT      -0.042        -0.039        -0.103         0.046         0.000


           Standardized Residuals (z-scores) for Covariances
              STOLEN        T_HURT        P_FIGHT       HIT           DAMAGED
              ________      ________      ________      ________      ________
 STOLEN       999.000
 T_HURT        -3.096       999.000
 P_FIGHT       -0.565        -1.293         0.127
 HIT           -1.624        -1.623         1.487         0.837
 DAMAGED        0.266        -1.762         0.286         0.852         0.275
 BULLIED       -0.527         3.189        -1.946         1.932         1.234
 UNSAFE        -0.352        -0.470         1.321         1.198         1.199
 DISRUPT        0.502         0.973         0.219        -1.224        -0.316
 GANGS          1.042        -1.695         1.513         0.256        -1.428
 RAC_FGHT      -0.666        -1.219         1.296        -0.902        -0.786


           Standardized Residuals (z-scores) for Covariances
              BULLIED       UNSAFE        DISRUPT       GANGS         RAC_FGHT
              ________      ________      ________      ________      ________
 BULLIED        2.067
 UNSAFE         0.300       999.000
 DISRUPT        1.679         1.946       999.000
 GANGS         -0.029         0.162        -1.955         0.877
 RAC_FGHT      -0.693        -1.028        -2.544         4.259        -0.478


           Normalized Residuals for Covariances
              STOLEN        T_HURT        P_FIGHT       HIT           DAMAGED
              ________      ________      ________      ________      ________
 STOLEN        -0.903
 T_HURT        -1.803        -0.639
 P_FIGHT       -0.348        -0.762         0.052
 HIT           -0.966        -0.572         0.924         0.326
 DAMAGED        0.162        -0.825         0.197         0.481         0.086
 BULLIED       -0.369         1.945        -1.347         1.165         0.787
 UNSAFE        -0.311        -0.345         1.200         1.009         1.101
 DISRUPT        0.471         0.886         0.203        -1.094        -0.295
 GANGS          0.892        -1.060         1.258         0.175        -1.069
 RAC_FGHT      -0.563        -0.819         1.105        -0.647        -0.627


           Normalized Residuals for Covariances
              BULLIED       UNSAFE        DISRUPT       GANGS         RAC_FGHT
              ________      ________      ________      ________      ________
 BULLIED        0.607
 UNSAFE         0.269        -0.031
 DISRUPT        1.596         1.316        -0.596
 GANGS         -0.025         0.078        -1.363         0.335
 RAC_FGHT      -0.596        -0.612        -1.849         0.672        -0.124


     ESTIMATED MODEL AND RESIDUALS (OBSERVED - ESTIMATED) FOR FREELNCH_1


           Model Estimated Means
              STOLEN        T_HURT        P_FIGHT       HIT           DAMAGED
              ________      ________      ________      ________      ________
                1.495         1.259         1.158         1.250         1.171


           Model Estimated Means
              BULLIED       UNSAFE        DISRUPT       GANGS         RAC_FGHT
              ________      ________      ________      ________      ________
                1.276         1.825         2.520         2.160         2.074


           Residuals for Means
              STOLEN        T_HURT        P_FIGHT       HIT           DAMAGED
              ________      ________      ________      ________      ________
                0.018         0.015         0.006         0.004        -0.008


           Residuals for Means
              BULLIED       UNSAFE        DISRUPT       GANGS         RAC_FGHT
              ________      ________      ________      ________      ________
               -0.037        -0.053        -0.010         0.027         0.016


           Standardized Residuals (z-scores) for Means
              STOLEN        T_HURT        P_FIGHT       HIT           DAMAGED
              ________      ________      ________      ________      ________
                0.961         1.080         0.443         0.321        -0.925


           Standardized Residuals (z-scores) for Means
              BULLIED       UNSAFE        DISRUPT       GANGS         RAC_FGHT
              ________      ________      ________      ________      ________
               -2.842        -3.317        -0.377         2.962         0.967


           Normalized Residuals for Means
              STOLEN        T_HURT        P_FIGHT       HIT           DAMAGED
              ________      ________      ________      ________      ________
                0.528         0.486         0.256         0.135        -0.367


           Normalized Residuals for Means
              BULLIED       UNSAFE        DISRUPT       GANGS         RAC_FGHT
              ________      ________      ________      ________      ________
               -1.265        -1.333        -0.216         0.584         0.350


           Model Estimated Covariances
              STOLEN        T_HURT        P_FIGHT       HIT           DAMAGED
              ________      ________      ________      ________      ________
 STOLEN         0.388
 T_HURT         0.118         0.310
 P_FIGHT        0.075         0.089         0.213
 HIT            0.121         0.144         0.091         0.316
 DAMAGED        0.089         0.106         0.067         0.109         0.184
 BULLIED        0.092         0.109         0.069         0.112         0.082
 UNSAFE         0.045         0.054         0.034         0.055         0.040
 DISRUPT        0.037         0.044         0.028         0.045         0.033
 GANGS          0.071         0.084         0.053         0.086         0.063
 RAC_FGHT       0.062         0.074         0.046         0.075         0.055


           Model Estimated Covariances
              BULLIED       UNSAFE        DISRUPT       GANGS         RAC_FGHT
              ________      ________      ________      ________      ________
 BULLIED        0.318
 UNSAFE         0.042         0.529
 DISRUPT        0.034         0.116         0.745
 GANGS          0.065         0.222         0.181         0.805
 RAC_FGHT       0.057         0.194         0.159         0.304         0.722


           Model Estimated Correlations
              STOLEN        T_HURT        P_FIGHT       HIT           DAMAGED
              ________      ________      ________      ________      ________
 STOLEN         1.000
 T_HURT         0.341         1.000
 P_FIGHT        0.260         0.345         1.000
 HIT            0.346         0.460         0.351         1.000
 DAMAGED        0.334         0.443         0.338         0.451         1.000
 BULLIED        0.261         0.347         0.265         0.353         0.340
 UNSAFE         0.100         0.132         0.101         0.135         0.130
 DISRUPT        0.069         0.091         0.070         0.093         0.090
 GANGS          0.127         0.168         0.128         0.171         0.165
 RAC_FGHT       0.117         0.156         0.119         0.158         0.152


           Model Estimated Correlations
              BULLIED       UNSAFE        DISRUPT       GANGS         RAC_FGHT
              ________      ________      ________      ________      ________
 BULLIED        1.000
 UNSAFE         0.102         1.000
 DISRUPT        0.070         0.184         1.000
 GANGS          0.129         0.340         0.234         1.000
 RAC_FGHT       0.119         0.314         0.217         0.399         1.000


           Residuals for Covariances
              STOLEN        T_HURT        P_FIGHT       HIT           DAMAGED
              ________      ________      ________      ________      ________
 STOLEN         0.021
 T_HURT         0.023         0.019
 P_FIGHT        0.008         0.008        -0.001
 HIT           -0.006        -0.001         0.019        -0.012
 DAMAGED        0.036         0.000        -0.007        -0.011        -0.002
 BULLIED       -0.026         0.026        -0.049        -0.022        -0.013
 UNSAFE         0.029         0.017         0.011         0.040         0.005
 DISRUPT        0.042        -0.016        -0.015        -0.029        -0.033
 GANGS          0.051        -0.011        -0.005        -0.053         0.018
 RAC_FGHT       0.002         0.048        -0.005        -0.021        -0.010


           Residuals for Covariances
              BULLIED       UNSAFE        DISRUPT       GANGS         RAC_FGHT
              ________      ________      ________      ________      ________
 BULLIED       -0.022
 UNSAFE         0.002         0.020
 DISRUPT        0.025         0.127         0.029
 GANGS         -0.059        -0.024        -0.001        -0.047
 RAC_FGHT       0.004         0.015         0.015        -0.021        -0.003


           Residuals for Correlations
              STOLEN        T_HURT        P_FIGHT       HIT           DAMAGED
              ________      ________      ________      ________      ________
 STOLEN         0.000
 T_HURT         0.044         0.000
 P_FIGHT        0.022         0.022         0.000
 HIT           -0.020        -0.007         0.084         0.000
 DAMAGED        0.124        -0.010        -0.031        -0.033         0.000
 BULLIED       -0.073         0.087        -0.184        -0.053        -0.041
 UNSAFE         0.056         0.034         0.032         0.098         0.015
 DISRUPT        0.071        -0.037        -0.038        -0.059        -0.088
 GANGS          0.092        -0.022        -0.009        -0.101         0.056
 RAC_FGHT       0.001         0.094        -0.011        -0.042        -0.027


           Residuals for Correlations
              BULLIED       UNSAFE        DISRUPT       GANGS         RAC_FGHT
              ________      ________      ________      ________      ________
 BULLIED        0.000
 UNSAFE         0.006         0.000
 DISRUPT        0.053         0.188         0.000
 GANGS         -0.116        -0.033         0.001         0.000
 RAC_FGHT       0.012         0.019         0.017        -0.015         0.000


           Standardized Residuals (z-scores) for Covariances
              STOLEN        T_HURT        P_FIGHT       HIT           DAMAGED
              ________      ________      ________      ________      ________
 STOLEN         3.007
 T_HURT         2.954         1.327
 P_FIGHT        0.631         0.471        -0.094
 HIT           -0.737        -0.050         1.146       999.000
 DAMAGED        2.545         0.022        -0.467        -0.896        -0.215
 BULLIED       -2.399         2.268        -5.524        -1.777        -0.933
 UNSAFE         1.091         0.767         0.497         1.849         0.242
 DISRUPT        1.336        -0.656        -0.645        -1.338        -1.675
 GANGS          2.016        -0.644        -0.217        -3.274         0.884
 RAC_FGHT       0.069         2.230        -0.180        -0.894        -0.573


           Standardized Residuals (z-scores) for Covariances
              BULLIED       UNSAFE        DISRUPT       GANGS         RAC_FGHT
              ________      ________      ________      ________      ________
 BULLIED      999.000
 UNSAFE         0.091         1.056
 DISRUPT        1.116         6.119         2.520
 GANGS         -2.927        -1.070        -0.040       999.000
 RAC_FGHT       0.154         0.655         0.529        -0.833        -0.348


           Normalized Residuals for Covariances
              STOLEN        T_HURT        P_FIGHT       HIT           DAMAGED
              ________      ________      ________      ________      ________
 STOLEN         0.729
 T_HURT         0.888         0.501
 P_FIGHT        0.374         0.306        -0.032
 HIT           -0.264        -0.022         0.724        -0.327
 DAMAGED        1.497         0.010        -0.319        -0.467        -0.077
 BULLIED       -1.242         1.002        -3.192        -0.949        -0.611
 UNSAFE         0.949         0.604         0.446         1.432         0.205
 DISRUPT        1.247        -0.571        -0.603        -1.122        -1.469
 GANGS          1.531        -0.360        -0.180        -1.811         0.647
 RAC_FGHT       0.055         1.512        -0.156        -0.653        -0.411


           Normalized Residuals for Covariances
              BULLIED       UNSAFE        DISRUPT       GANGS         RAC_FGHT
              ________      ________      ________      ________      ________
 BULLIED       -0.577
 UNSAFE         0.073         0.391
 DISRUPT        1.007         3.471         0.614
 GANGS         -2.185        -0.596        -0.028        -0.934
 RAC_FGHT       0.125         0.381         0.360        -0.439        -0.061


MODEL MODIFICATION INDICES

NOTE:  Modification indices for direct effects of observed dependent variables
regressed on covariates may not be included.  To include these, request
MODINDICES (ALL).

Minimum M.I. value for printing the modification index     3.840

                                   M.I.     E.P.C.  Std E.P.C.  StdYX E.P.C.
Group FREELNCH_0


BY Statements

VICTIM   BY T_HURT                 4.781    -0.051     -0.051       -0.092
VICTIM   BY BULLIED                5.120     0.069      0.069        0.116
NEG_CLIM BY P_FIGHT                4.593     0.071      0.071        0.162

WITH Statements

HIT      WITH P_FIGHT              6.099     0.031      0.031        0.210
BULLIED  WITH T_HURT              15.895     0.070      0.070        0.319
BULLIED  WITH P_FIGHT             11.499    -0.049     -0.049       -0.250
UNSAFE   WITH DAMAGED              4.680     0.035      0.035        0.165
DISRUPT  WITH BULLIED              4.160     0.061      0.061        0.144
DISRUPT  WITH UNSAFE               4.681     0.077      0.077        0.161
RAC_FGHT WITH GANGS                7.568     0.133      0.133        0.417

Means/Intercepts/Thresholds

[ BULLIED  ]                       4.225     0.052      0.052        0.087
[ UNSAFE   ]                       5.106     0.052      0.052        0.076

Group FREELNCH_1


BY Statements

VICTIM   BY T_HURT                 4.780     0.064      0.067        0.120
VICTIM   BY BULLIED                5.118    -0.057     -0.060       -0.106
NEG_CLIM BY STOLEN                 3.996     0.078      0.080        0.129
NEG_CLIM BY BULLIED                4.043    -0.072     -0.074       -0.131

WITH Statements

HIT      WITH P_FIGHT              8.769     0.037      0.037        0.229
DAMAGED  WITH STOLEN               9.682     0.040      0.040        0.233
BULLIED  WITH T_HURT              10.091     0.048      0.048        0.243
BULLIED  WITH P_FIGHT             14.257    -0.050     -0.050       -0.262
UNSAFE   WITH HIT                  5.950     0.046      0.046        0.181
DISRUPT  WITH UNSAFE              13.598     0.132      0.132        0.263
GANGS    WITH HIT                  4.344    -0.047     -0.047       -0.170
GANGS    WITH DAMAGED              6.464     0.044      0.044        0.204
GANGS    WITH BULLIED              4.828    -0.055     -0.055       -0.167
RAC_FGHT WITH T_HURT               6.446     0.054      0.054        0.195

Means/Intercepts/Thresholds

[ BULLIED  ]                       4.224    -0.047     -0.047       -0.084
[ UNSAFE   ]                       5.105    -0.097     -0.097       -0.133



SAMPLE STATISTICS FOR ESTIMATED FACTOR SCORES


     SAMPLE STATISTICS


           Means
              VICTIM        VICTIM_S      NEG_CLIM      NEG_CLIM
              ________      ________      ________      ________
               -0.014         0.490         0.343         0.573


           Covariances
              VICTIM        VICTIM_S      NEG_CLIM      NEG_CLIM
              ________      ________      ________      ________
 VICTIM         0.810
 VICTIM_S       0.000         0.001
 NEG_CLIM       0.350         0.000         0.805
 NEG_CLIM      -0.001         0.000         0.009         0.001


           Correlations
              VICTIM        VICTIM_S      NEG_CLIM      NEG_CLIM
              ________      ________      ________      ________
 VICTIM         1.000
 VICTIM_S       0.004         1.000
 NEG_CLIM       0.434         0.017         1.000
 NEG_CLIM      -0.039        -0.041         0.282         1.000


PLOT INFORMATION

The following plots are available:

  Histograms (sample values, estimated factor scores, estimated values, residuals)
  Scatterplots (sample values, estimated factor scores, estimated values, residuals)
  Measurement parameter plots
  Latent variable distribution plots

     Beginning Time:  23:11:22
        Ending Time:  23:11:22
       Elapsed Time:  00:00:00



MUTHEN & MUTHEN
3463 Stoner Ave.
Los Angeles, CA  90066

Tel: (310) 391-9971
Fax: (310) 391-8971
Web: www.StatModel.com
Support: Support@StatModel.com

Copyright (c) 1998-2021 Muthen & Muthen
