Mplus VERSION 8.6 (Mac)
MUTHEN & MUTHEN
05/29/2021  12:30 PM

INPUT INSTRUCTIONS

  TITLE:
  Class 2
  DATA:
  FILE = "/Users/agarber/github/NTNU-workshop/22-LPA/enum_lpa/lpa_lsay.dat";

  VARIABLE:
  NAMES = rural gender fathed mothed mth_scor sci_scor phy_scor bio_scor;
   MISSING=.;
   usevar = mth_scor-bio_scor;
  classes = c(2);
  ANALYSIS:
  estimator = mlr;
      type = mixture;
      starts = 200 50;
      processors = 10;
  OUTPUT:
  sampstat residual tech11 tech14;
  PLOT:
  type = plot3;
       series = mth_scor-bio_scor(*);



*** WARNING in MODEL command
  All variables are uncorrelated with all other variables within class.
  Check that this is what is intended.
*** WARNING
  Data set contains cases with missing on all variables.
  These cases were not included in the analysis.
  Number of cases with missing on all variables:  2842
   2 WARNING(S) FOUND IN THE INPUT INSTRUCTIONS




Class 2

SUMMARY OF ANALYSIS

Number of groups                                                 1
Number of observations                                        3103

Number of dependent variables                                    4
Number of independent variables                                  0
Number of continuous latent variables                            0
Number of categorical latent variables                           1

Observed dependent variables

  Continuous
   MTH_SCOR    SCI_SCOR    PHY_SCOR    BIO_SCOR

Categorical latent variables
   C


Estimator                                                      MLR
Information matrix                                        OBSERVED
Optimization Specifications for the Quasi-Newton Algorithm for
Continuous Outcomes
  Maximum number of iterations                                 100
  Convergence criterion                                  0.100D-05
Optimization Specifications for the EM Algorithm
  Maximum number of iterations                                 500
  Convergence criteria
    Loglikelihood change                                 0.100D-06
    Relative loglikelihood change                        0.100D-06
    Derivative                                           0.100D-05
Optimization Specifications for the M step of the EM Algorithm for
Categorical Latent variables
  Number of M step iterations                                    1
  M step convergence criterion                           0.100D-05
  Basis for M step termination                           ITERATION
Optimization Specifications for the M step of the EM Algorithm for
Censored, Binary or Ordered Categorical (Ordinal), Unordered
Categorical (Nominal) and Count Outcomes
  Number of M step iterations                                    1
  M step convergence criterion                           0.100D-05
  Basis for M step termination                           ITERATION
  Maximum value for logit thresholds                            15
  Minimum value for logit thresholds                           -15
  Minimum expected cell size for chi-square              0.100D-01
Maximum number of iterations for H1                           2000
Convergence criterion for H1                             0.100D-03
Optimization algorithm                                         EMA
Random Starts Specifications
  Number of initial stage random starts                        200
  Number of final stage optimizations                           50
  Number of initial stage iterations                            10
  Initial stage convergence criterion                    0.100D+01
  Random starts scale                                    0.500D+01
  Random seed for generating random starts                       0

Input data file(s)
  /Users/agarber/github/NTNU-workshop/22-LPA/enum_lpa/lpa_lsay.dat
Input data format  FREE


SUMMARY OF DATA

     Number of missing data patterns             3
     Number of y missing data patterns           3
     Number of u missing data patterns           0


COVARIANCE COVERAGE OF DATA

Minimum covariance coverage value   0.100


     PROPORTION OF DATA PRESENT FOR Y


           Covariance Coverage
              MTH_SCOR      SCI_SCOR      PHY_SCOR      BIO_SCOR
              ________      ________      ________      ________
 MTH_SCOR       0.995
 SCI_SCOR       0.994         0.998
 PHY_SCOR       0.994         0.998         0.998
 BIO_SCOR       0.994         0.998         0.998         0.998


SAMPLE STATISTICS


     ESTIMATED SAMPLE STATISTICS


           Means
              MTH_SCOR      SCI_SCOR      PHY_SCOR      BIO_SCOR
              ________      ________      ________      ________
               50.368        50.358        50.347        50.325


           Covariances
              MTH_SCOR      SCI_SCOR      PHY_SCOR      BIO_SCOR
              ________      ________      ________      ________
 MTH_SCOR     103.638
 SCI_SCOR      74.304       104.230
 PHY_SCOR      70.074        98.602       104.378
 BIO_SCOR      58.375        81.622        68.856       101.347


           Correlations
              MTH_SCOR      SCI_SCOR      PHY_SCOR      BIO_SCOR
              ________      ________      ________      ________
 MTH_SCOR       1.000
 SCI_SCOR       0.715         1.000
 PHY_SCOR       0.674         0.945         1.000
 BIO_SCOR       0.570         0.794         0.669         1.000


     MAXIMUM LOG-LIKELIHOOD VALUE FOR THE UNRESTRICTED (H1) MODEL IS -39883.582


UNIVARIATE SAMPLE STATISTICS


     UNIVARIATE HIGHER-ORDER MOMENT DESCRIPTIVE STATISTICS

         Variable/         Mean/     Skewness/   Minimum/ % with                Percentiles
        Sample Size      Variance    Kurtosis    Maximum  Min/Max      20%/60%    40%/80%    Median

     MTH_SCOR             50.381       0.205      27.360    0.03%      40.870     46.940     50.045
            3088.000     103.684      -0.572      85.070    0.03%      53.150     59.660
     SCI_SCOR             50.366       0.193      26.140    0.03%      40.910     47.150     50.020
            3098.000     104.263      -0.460      88.030    0.03%      52.940     59.270
     PHY_SCOR             50.354       0.246      25.500    0.03%      40.880     47.290     50.165
            3098.000     104.408      -0.238      87.290    0.06%      52.960     58.770
     BIO_SCOR             50.330      -0.036      24.750    0.16%      41.170     47.910     50.240
            3098.000     101.367      -0.358      70.580    5.75%      53.010     58.650

RANDOM STARTS RESULTS RANKED FROM THE BEST TO THE WORST LOGLIKELIHOOD VALUES

Final stage loglikelihood values at local maxima, seeds, and initial stage start numbers:

          -43352.356  618000           190
          -43352.356  352277           42
          -43352.356  264081           186
          -43352.356  475420           71
          -43352.356  830392           35
          -43352.356  575700           100
          -43352.356  372176           23
          -43352.356  784664           75
          -43352.356  592219           119
          -43352.356  120506           45
          -43352.356  286735           175
          -43352.356  268896           124
          -43352.356  51375            148
          -43352.356  551639           55
          -43352.356  848969           173
          -43352.356  436460           89
          -43352.356  462953           7
          -43352.356  573096           20
          -43352.356  150531           154
          -43352.356  263268           165
          -43352.356  202790           198
          -43352.356  440841           118
          -43352.356  509733           130
          -43352.356  902278           21
          -43352.356  76337            76
          -43352.356  107446           12
          -43352.356  751153           110
          -43352.356  754100           56
          -43352.356  268217           83
          -43352.356  960438           116
          -43352.356  813779           92
          -43352.356  789985           67
          -43352.356  369602           146
          -43352.356  569833           85
          -43352.356  860772           174
          -43352.356  948615           140
          -43352.356  903369           134
          -43352.356  635245           121
          -43352.356  484501           163
          -43352.356  85462            51
          -43352.356  127215           9
          -43352.356  153942           31
          -43352.356  533738           11
          -43352.356  414284           158
          -43352.356  311214           64
          -43352.356  464179           106
          -43352.356  645664           39
          -43352.356  674171           195
          -43352.356  931874           141
          -43352.356  570782           193



THE BEST LOGLIKELIHOOD VALUE HAS BEEN REPLICATED.  RERUN WITH AT LEAST TWICE THE
RANDOM STARTS TO CHECK THAT THE BEST LOGLIKELIHOOD IS STILL OBTAINED AND REPLICATED.


THE MODEL ESTIMATION TERMINATED NORMALLY



MODEL FIT INFORMATION

Number of Free Parameters                       13

Loglikelihood

          H0 Value                      -43352.356
          H0 Scaling Correction Factor      1.2207
            for MLR

Information Criteria

          Akaike (AIC)                   86730.712
          Bayesian (BIC)                 86809.234
          Sample-Size Adjusted BIC       86767.928
            (n* = (n + 2) / 24)



FINAL CLASS COUNTS AND PROPORTIONS FOR THE LATENT CLASSES
BASED ON THE ESTIMATED MODEL

    Latent
   Classes

       1       1658.61237          0.53452
       2       1444.38763          0.46548


FINAL CLASS COUNTS AND PROPORTIONS FOR THE LATENT CLASSES
BASED ON ESTIMATED POSTERIOR PROBABILITIES

    Latent
   Classes

       1       1658.61237          0.53452
       2       1444.38763          0.46548


FINAL CLASS COUNTS AND PROPORTIONS FOR THE LATENT CLASSES
BASED ON THEIR MOST LIKELY LATENT CLASS MEMBERSHIP

Class Counts and Proportions

    Latent
   Classes

       1             1657          0.53400
       2             1446          0.46600


CLASSIFICATION QUALITY

     Entropy                         0.856


Average Latent Class Probabilities for Most Likely Latent Class Membership (Row)
by Latent Class (Column)

           1        2

    1   0.961    0.039
    2   0.046    0.954


Classification Probabilities for the Most Likely Latent Class Membership (Column)
by Latent Class (Row)

           1        2

    1   0.960    0.040
    2   0.045    0.955


Logits for the Classification Probabilities for the Most Likely Latent Class Membership (Column)
by Latent Class (Row)

              1        2

    1      3.179    0.000
    2     -3.061    0.000


MODEL RESULTS

                                                    Two-Tailed
                    Estimate       S.E.  Est./S.E.    P-Value

Latent Class 1

 Means
    MTH_SCOR          44.167      0.257    171.631      0.000
    SCI_SCOR          42.728      0.267    159.930      0.000
    PHY_SCOR          43.055      0.262    164.392      0.000
    BIO_SCOR          43.940      0.281    156.462      0.000

 Variances
    MTH_SCOR          59.418      1.656     35.876      0.000
    SCI_SCOR          37.383      1.000     37.389      0.000
    PHY_SCOR          43.336      1.235     35.078      0.000
    BIO_SCOR          54.545      1.359     40.139      0.000

Latent Class 2

 Means
    MTH_SCOR          57.505      0.319    180.194      0.000
    SCI_SCOR          59.122      0.321    184.425      0.000
    PHY_SCOR          58.721      0.324    181.409      0.000
    BIO_SCOR          57.657      0.280    205.885      0.000

 Variances
    MTH_SCOR          59.418      1.656     35.876      0.000
    SCI_SCOR          37.383      1.000     37.389      0.000
    PHY_SCOR          43.336      1.235     35.078      0.000
    BIO_SCOR          54.545      1.359     40.139      0.000

Categorical Latent Variables

 Means
    C#1                0.138      0.059      2.361      0.018


QUALITY OF NUMERICAL RESULTS

     Condition Number for the Information Matrix              0.906E-03
       (ratio of smallest to largest eigenvalue)


RESIDUAL OUTPUT


     ESTIMATED MODEL AND RESIDUALS (OBSERVED - ESTIMATED) FOR CLASS 1


           Model Estimated Means
              MTH_SCOR      SCI_SCOR      PHY_SCOR      BIO_SCOR
              ________      ________      ________      ________
               44.167        42.728        43.055        43.940


           Residuals for Means
              MTH_SCOR      SCI_SCOR      PHY_SCOR      BIO_SCOR
              ________      ________      ________      ________
                0.000         0.000         0.000         0.000


           Model Estimated Covariances
              MTH_SCOR      SCI_SCOR      PHY_SCOR      BIO_SCOR
              ________      ________      ________      ________
 MTH_SCOR      59.418
 SCI_SCOR       0.000        37.383
 PHY_SCOR       0.000         0.000        43.336
 BIO_SCOR       0.000         0.000         0.000        54.545


           Residuals for Covariances
              MTH_SCOR      SCI_SCOR      PHY_SCOR      BIO_SCOR
              ________      ________      ________      ________
 MTH_SCOR      -6.519
 SCI_SCOR      16.341        -2.971
 PHY_SCOR      14.889        30.307        -4.075
 BIO_SCOR      12.301        25.476        13.055         4.002


     ESTIMATED MODEL AND RESIDUALS (OBSERVED - ESTIMATED) FOR CLASS 2


           Model Estimated Means
              MTH_SCOR      SCI_SCOR      PHY_SCOR      BIO_SCOR
              ________      ________      ________      ________
               57.505        59.122        58.721        57.657


           Residuals for Means
              MTH_SCOR      SCI_SCOR      PHY_SCOR      BIO_SCOR
              ________      ________      ________      ________
                0.000         0.000         0.000         0.000


           Model Estimated Covariances
              MTH_SCOR      SCI_SCOR      PHY_SCOR      BIO_SCOR
              ________      ________      ________      ________
 MTH_SCOR      59.418
 SCI_SCOR       0.000        37.383
 PHY_SCOR       0.000         0.000        43.336
 BIO_SCOR       0.000         0.000         0.000        54.545


           Residuals for Covariances
              MTH_SCOR      SCI_SCOR      PHY_SCOR      BIO_SCOR
              ________      ________      ________      ________
 MTH_SCOR       7.473
 SCI_SCOR      26.033         3.406
 PHY_SCOR      23.752        39.786         4.672
 BIO_SCOR      15.019        25.934        18.102        -4.588


TECHNICAL 11 OUTPUT

     Random Starts Specifications for the k-1 Class Analysis Model
        Number of initial stage random starts                 200
        Number of final stage optimizations                    50



     VUONG-LO-MENDELL-RUBIN LIKELIHOOD RATIO TEST FOR 1 (H0) VERSUS 2 CLASSES

          H0 Loglikelihood Value                       -46288.286
          2 Times the Loglikelihood Difference           5871.859
          Difference in the Number of Parameters                5
          Mean                                             32.083
          Standard Deviation                               44.669
          P-Value                                          0.0000

     LO-MENDELL-RUBIN ADJUSTED LRT TEST

          Value                                          5729.340
          P-Value                                          0.0000


TECHNICAL 14 OUTPUT

     Random Starts Specifications for the k-1 Class Analysis Model
        Number of initial stage random starts                 200
        Number of final stage optimizations                    50

     Random Starts Specification for the k-1 Class Model for Generated Data
        Number of initial stage random starts                   0
        Number of final stage optimizations for the
           initial stage random starts                          0
     Random Starts Specification for the k Class Model for Generated Data
        Number of initial stage random starts                  40
        Number of final stage optimizations                     8
     Number of bootstrap draws requested                   Varies


     PARAMETRIC BOOTSTRAPPED LIKELIHOOD RATIO TEST FOR 1 (H0) VERSUS 2 CLASSES

          H0 Loglikelihood Value                       -46288.286
          2 Times the Loglikelihood Difference           5871.859
          Difference in the Number of Parameters                5
          Approximate P-Value                              0.0000
          Successful Bootstrap Draws                            5


PLOT INFORMATION

The following plots are available:

  Histograms (sample values)
  Scatterplots (sample values)
  Sample means
  Estimated means, medians, modes, and percentiles
  Sample and estimated means
  Observed individual values
  Estimated means and observed individual values
  Estimated overall and class-specific distributions

     Beginning Time:  12:30:22
        Ending Time:  12:30:26
       Elapsed Time:  00:00:04



MUTHEN & MUTHEN
3463 Stoner Ave.
Los Angeles, CA  90066

Tel: (310) 391-9971
Fax: (310) 391-8971
Web: www.StatModel.com
Support: Support@StatModel.com

Copyright (c) 1998-2021 Muthen & Muthen
