Mplus VERSION 8.6 (Mac)
MUTHEN & MUTHEN
05/29/2021  12:30 PM

INPUT INSTRUCTIONS

  TITLE:
  Class 3
  DATA:
  FILE = "/Users/agarber/github/NTNU-workshop/22-LPA/enum_lpa/lpa_lsay.dat";

  VARIABLE:
  NAMES = rural gender fathed mothed mth_scor sci_scor phy_scor bio_scor;
   MISSING=.;
   usevar = mth_scor-bio_scor;
  classes = c(3);
  ANALYSIS:
  estimator = mlr;
      type = mixture;
      starts = 200 50;
      processors = 10;
  OUTPUT:
  sampstat residual tech11 tech14;
  PLOT:
  type = plot3;
       series = mth_scor-bio_scor(*);



*** WARNING in MODEL command
  All variables are uncorrelated with all other variables within class.
  Check that this is what is intended.
*** WARNING
  Data set contains cases with missing on all variables.
  These cases were not included in the analysis.
  Number of cases with missing on all variables:  2842
   2 WARNING(S) FOUND IN THE INPUT INSTRUCTIONS




Class 3

SUMMARY OF ANALYSIS

Number of groups                                                 1
Number of observations                                        3103

Number of dependent variables                                    4
Number of independent variables                                  0
Number of continuous latent variables                            0
Number of categorical latent variables                           1

Observed dependent variables

  Continuous
   MTH_SCOR    SCI_SCOR    PHY_SCOR    BIO_SCOR

Categorical latent variables
   C


Estimator                                                      MLR
Information matrix                                        OBSERVED
Optimization Specifications for the Quasi-Newton Algorithm for
Continuous Outcomes
  Maximum number of iterations                                 100
  Convergence criterion                                  0.100D-05
Optimization Specifications for the EM Algorithm
  Maximum number of iterations                                 500
  Convergence criteria
    Loglikelihood change                                 0.100D-06
    Relative loglikelihood change                        0.100D-06
    Derivative                                           0.100D-05
Optimization Specifications for the M step of the EM Algorithm for
Categorical Latent variables
  Number of M step iterations                                    1
  M step convergence criterion                           0.100D-05
  Basis for M step termination                           ITERATION
Optimization Specifications for the M step of the EM Algorithm for
Censored, Binary or Ordered Categorical (Ordinal), Unordered
Categorical (Nominal) and Count Outcomes
  Number of M step iterations                                    1
  M step convergence criterion                           0.100D-05
  Basis for M step termination                           ITERATION
  Maximum value for logit thresholds                            15
  Minimum value for logit thresholds                           -15
  Minimum expected cell size for chi-square              0.100D-01
Maximum number of iterations for H1                           2000
Convergence criterion for H1                             0.100D-03
Optimization algorithm                                         EMA
Random Starts Specifications
  Number of initial stage random starts                        200
  Number of final stage optimizations                           50
  Number of initial stage iterations                            10
  Initial stage convergence criterion                    0.100D+01
  Random starts scale                                    0.500D+01
  Random seed for generating random starts                       0

Input data file(s)
  /Users/agarber/github/NTNU-workshop/22-LPA/enum_lpa/lpa_lsay.dat
Input data format  FREE


SUMMARY OF DATA

     Number of missing data patterns             3
     Number of y missing data patterns           3
     Number of u missing data patterns           0


COVARIANCE COVERAGE OF DATA

Minimum covariance coverage value   0.100


     PROPORTION OF DATA PRESENT FOR Y


           Covariance Coverage
              MTH_SCOR      SCI_SCOR      PHY_SCOR      BIO_SCOR
              ________      ________      ________      ________
 MTH_SCOR       0.995
 SCI_SCOR       0.994         0.998
 PHY_SCOR       0.994         0.998         0.998
 BIO_SCOR       0.994         0.998         0.998         0.998


SAMPLE STATISTICS


     ESTIMATED SAMPLE STATISTICS


           Means
              MTH_SCOR      SCI_SCOR      PHY_SCOR      BIO_SCOR
              ________      ________      ________      ________
               50.368        50.358        50.347        50.325


           Covariances
              MTH_SCOR      SCI_SCOR      PHY_SCOR      BIO_SCOR
              ________      ________      ________      ________
 MTH_SCOR     103.638
 SCI_SCOR      74.304       104.230
 PHY_SCOR      70.074        98.602       104.378
 BIO_SCOR      58.375        81.622        68.856       101.347


           Correlations
              MTH_SCOR      SCI_SCOR      PHY_SCOR      BIO_SCOR
              ________      ________      ________      ________
 MTH_SCOR       1.000
 SCI_SCOR       0.715         1.000
 PHY_SCOR       0.674         0.945         1.000
 BIO_SCOR       0.570         0.794         0.669         1.000


     MAXIMUM LOG-LIKELIHOOD VALUE FOR THE UNRESTRICTED (H1) MODEL IS -39883.582


UNIVARIATE SAMPLE STATISTICS


     UNIVARIATE HIGHER-ORDER MOMENT DESCRIPTIVE STATISTICS

         Variable/         Mean/     Skewness/   Minimum/ % with                Percentiles
        Sample Size      Variance    Kurtosis    Maximum  Min/Max      20%/60%    40%/80%    Median

     MTH_SCOR             50.381       0.205      27.360    0.03%      40.870     46.940     50.045
            3088.000     103.684      -0.572      85.070    0.03%      53.150     59.660
     SCI_SCOR             50.366       0.193      26.140    0.03%      40.910     47.150     50.020
            3098.000     104.263      -0.460      88.030    0.03%      52.940     59.270
     PHY_SCOR             50.354       0.246      25.500    0.03%      40.880     47.290     50.165
            3098.000     104.408      -0.238      87.290    0.06%      52.960     58.770
     BIO_SCOR             50.330      -0.036      24.750    0.16%      41.170     47.910     50.240
            3098.000     101.367      -0.358      70.580    5.75%      53.010     58.650

RANDOM STARTS RESULTS RANKED FROM THE BEST TO THE WORST LOGLIKELIHOOD VALUES

Final stage loglikelihood values at local maxima, seeds, and initial stage start numbers:

          -42126.105  364676           27
          -42126.105  458181           189
          -42126.105  802779           122
          -42126.105  966014           37
          -42126.105  509733           130
          -42126.105  76337            76
          -42126.105  329127           185
          -42126.105  728038           177
          -42126.105  383986           159
          -42126.105  85462            51
          -42126.105  856536           144
          -42126.105  268896           124
          -42126.105  unperturbed      0
          -42126.105  915107           54
          -42126.105  573096           20
          -42126.105  987090           70
          -42126.105  25127            107
          -42126.105  286735           175
          -42126.105  373505           88
          -42126.105  569833           85
          -42126.105  263268           165
          -42126.105  950604           172
          -42126.105  247224           94
          -42126.105  120506           45
          -42126.105  366706           29
          -42126.105  939709           112
          -42126.105  411615           171
          -42126.105  51375            148
          -42126.105  281558           184
          -42126.105  371246           101
          -42126.105  848163           47
          -42126.105  354208           196
          -42126.105  475420           71
          -42126.105  723775           97
          -42126.105  437181           135
          -42126.105  268217           83
          -42126.105  648555           113
          -42126.105  100874           108
          -42126.105  635245           121
          -42126.105  479273           156
          -42126.105  107446           12
          -42126.105  311214           64
          -42126.105  354559           73
          -42126.105  902278           21
          -42126.105  341041           34
          -42126.105  285380           1
          -42126.105  609185           181
          -42126.105  804561           59
          -42126.105  76974            16
          -42126.105  414284           158



THE BEST LOGLIKELIHOOD VALUE HAS BEEN REPLICATED.  RERUN WITH AT LEAST TWICE THE
RANDOM STARTS TO CHECK THAT THE BEST LOGLIKELIHOOD IS STILL OBTAINED AND REPLICATED.


THE MODEL ESTIMATION TERMINATED NORMALLY



MODEL FIT INFORMATION

Number of Free Parameters                       18

Loglikelihood

          H0 Value                      -42126.105
          H0 Scaling Correction Factor      1.3699
            for MLR

Information Criteria

          Akaike (AIC)                   84288.209
          Bayesian (BIC)                 84396.932
          Sample-Size Adjusted BIC       84339.738
            (n* = (n + 2) / 24)



FINAL CLASS COUNTS AND PROPORTIONS FOR THE LATENT CLASSES
BASED ON THE ESTIMATED MODEL

    Latent
   Classes

       1       1058.31195          0.34106
       2        701.44080          0.22605
       3       1343.24724          0.43289


FINAL CLASS COUNTS AND PROPORTIONS FOR THE LATENT CLASSES
BASED ON ESTIMATED POSTERIOR PROBABILITIES

    Latent
   Classes

       1       1058.31195          0.34106
       2        701.44080          0.22605
       3       1343.24724          0.43289


FINAL CLASS COUNTS AND PROPORTIONS FOR THE LATENT CLASSES
BASED ON THEIR MOST LIKELY LATENT CLASS MEMBERSHIP

Class Counts and Proportions

    Latent
   Classes

       1             1058          0.34096
       2              703          0.22655
       3             1342          0.43248


CLASSIFICATION QUALITY

     Entropy                         0.866


Average Latent Class Probabilities for Most Likely Latent Class Membership (Row)
by Latent Class (Column)

           1        2        3

    1   0.951    0.000    0.049
    2   0.000    0.937    0.063
    3   0.039    0.032    0.929


Classification Probabilities for the Most Likely Latent Class Membership (Column)
by Latent Class (Row)

           1        2        3

    1   0.951    0.000    0.049
    2   0.000    0.939    0.061
    3   0.039    0.033    0.928


Logits for the Classification Probabilities for the Most Likely Latent Class Membership (Column)
by Latent Class (Row)

              1        2        3

    1      2.957  -10.808    0.000
    2     -7.810    2.729    0.000
    3     -3.177   -3.332    0.000


MODEL RESULTS

                                                    Two-Tailed
                    Estimate       S.E.  Est./S.E.    P-Value

Latent Class 1

 Means
    MTH_SCOR          42.015      0.263    159.682      0.000
    SCI_SCOR          39.473      0.292    135.186      0.000
    PHY_SCOR          39.914      0.297    134.238      0.000
    BIO_SCOR          41.166      0.316    130.193      0.000

 Variances
    MTH_SCOR          51.176      1.410     36.301      0.000
    SCI_SCOR          20.390      0.604     33.756      0.000
    PHY_SCOR          27.022      0.850     31.789      0.000
    BIO_SCOR          43.764      1.260     34.738      0.000

Latent Class 2

 Means
    MTH_SCOR          61.583      0.471    130.872      0.000
    SCI_SCOR          64.083      0.487    131.677      0.000
    PHY_SCOR          63.565      0.519    122.536      0.000
    BIO_SCOR          61.485      0.396    155.155      0.000

 Variances
    MTH_SCOR          51.176      1.410     36.301      0.000
    SCI_SCOR          20.390      0.604     33.756      0.000
    PHY_SCOR          27.022      0.850     31.789      0.000
    BIO_SCOR          43.764      1.260     34.738      0.000

Latent Class 3

 Means
    MTH_SCOR          51.093      0.414    123.324      0.000
    SCI_SCOR          51.768      0.429    120.792      0.000
    PHY_SCOR          51.664      0.406    127.353      0.000
    BIO_SCOR          51.711      0.398    129.971      0.000

 Variances
    MTH_SCOR          51.176      1.410     36.301      0.000
    SCI_SCOR          20.390      0.604     33.756      0.000
    PHY_SCOR          27.022      0.850     31.789      0.000
    BIO_SCOR          43.764      1.260     34.738      0.000

Categorical Latent Variables

 Means
    C#1               -0.238      0.058     -4.119      0.000
    C#2               -0.650      0.085     -7.605      0.000


QUALITY OF NUMERICAL RESULTS

     Condition Number for the Information Matrix              0.131E-02
       (ratio of smallest to largest eigenvalue)


RESIDUAL OUTPUT


     ESTIMATED MODEL AND RESIDUALS (OBSERVED - ESTIMATED) FOR CLASS 1


           Model Estimated Means
              MTH_SCOR      SCI_SCOR      PHY_SCOR      BIO_SCOR
              ________      ________      ________      ________
               42.015        39.473        39.914        41.166


           Residuals for Means
              MTH_SCOR      SCI_SCOR      PHY_SCOR      BIO_SCOR
              ________      ________      ________      ________
                0.000         0.000         0.000         0.000


           Model Estimated Covariances
              MTH_SCOR      SCI_SCOR      PHY_SCOR      BIO_SCOR
              ________      ________      ________      ________
 MTH_SCOR      51.176
 SCI_SCOR       0.000        20.390
 PHY_SCOR       0.000         0.000        27.022
 BIO_SCOR       0.000         0.000         0.000        43.764


           Residuals for Covariances
              MTH_SCOR      SCI_SCOR      PHY_SCOR      BIO_SCOR
              ________      ________      ________      ________
 MTH_SCOR      -8.748
 SCI_SCOR       7.310         0.012
 PHY_SCOR       6.473        16.707        -1.081
 BIO_SCOR       6.312        13.638         1.323         5.730


     ESTIMATED MODEL AND RESIDUALS (OBSERVED - ESTIMATED) FOR CLASS 2


           Model Estimated Means
              MTH_SCOR      SCI_SCOR      PHY_SCOR      BIO_SCOR
              ________      ________      ________      ________
               61.583        64.083        63.565        61.485


           Residuals for Means
              MTH_SCOR      SCI_SCOR      PHY_SCOR      BIO_SCOR
              ________      ________      ________      ________
                0.000         0.000         0.000         0.000


           Model Estimated Covariances
              MTH_SCOR      SCI_SCOR      PHY_SCOR      BIO_SCOR
              ________      ________      ________      ________
 MTH_SCOR      51.176
 SCI_SCOR       0.000        20.390
 PHY_SCOR       0.000         0.000        27.022
 BIO_SCOR       0.000         0.000         0.000        43.764


           Residuals for Covariances
              MTH_SCOR      SCI_SCOR      PHY_SCOR      BIO_SCOR
              ________      ________      ________      ________
 MTH_SCOR       2.482
 SCI_SCOR      14.194         5.478
 PHY_SCOR      12.884        27.295        10.161
 BIO_SCOR       4.997        12.698         5.357        -3.005


     ESTIMATED MODEL AND RESIDUALS (OBSERVED - ESTIMATED) FOR CLASS 3


           Model Estimated Means
              MTH_SCOR      SCI_SCOR      PHY_SCOR      BIO_SCOR
              ________      ________      ________      ________
               51.093        51.768        51.664        51.711


           Residuals for Means
              MTH_SCOR      SCI_SCOR      PHY_SCOR      BIO_SCOR
              ________      ________      ________      ________
                0.000         0.000         0.000         0.000


           Model Estimated Covariances
              MTH_SCOR      SCI_SCOR      PHY_SCOR      BIO_SCOR
              ________      ________      ________      ________
 MTH_SCOR      51.176
 SCI_SCOR       0.000        20.390
 PHY_SCOR       0.000         0.000        27.022
 BIO_SCOR       0.000         0.000         0.000        43.764


           Residuals for Covariances
              MTH_SCOR      SCI_SCOR      PHY_SCOR      BIO_SCOR
              ________      ________      ________      ________
 MTH_SCOR       5.582
 SCI_SCOR       6.278        -2.874
 PHY_SCOR       3.850        14.318        -4.462
 BIO_SCOR       1.174        10.722         1.109        -2.940


TECHNICAL 11 OUTPUT

     Random Starts Specifications for the k-1 Class Analysis Model
        Number of initial stage random starts                 200
        Number of final stage optimizations                    50



     VUONG-LO-MENDELL-RUBIN LIKELIHOOD RATIO TEST FOR 2 (H0) VERSUS 3 CLASSES

          H0 Loglikelihood Value                       -43352.356
          2 Times the Loglikelihood Difference           2452.503
          Difference in the Number of Parameters                5
          Mean                                             42.593
          Standard Deviation                               97.432
          P-Value                                          0.0000

     LO-MENDELL-RUBIN ADJUSTED LRT TEST

          Value                                          2392.977
          P-Value                                          0.0000


TECHNICAL 14 OUTPUT

     Random Starts Specifications for the k-1 Class Analysis Model
        Number of initial stage random starts                 200
        Number of final stage optimizations                    50

     Random Starts Specification for the k-1 Class Model for Generated Data
        Number of initial stage random starts                   0
        Number of final stage optimizations for the
           initial stage random starts                          0
     Random Starts Specification for the k Class Model for Generated Data
        Number of initial stage random starts                  40
        Number of final stage optimizations                     8
     Number of bootstrap draws requested                   Varies


     PARAMETRIC BOOTSTRAPPED LIKELIHOOD RATIO TEST FOR 2 (H0) VERSUS 3 CLASSES

          H0 Loglikelihood Value                       -43352.356
          2 Times the Loglikelihood Difference           2452.503
          Difference in the Number of Parameters                5
          Approximate P-Value                              0.0000
          Successful Bootstrap Draws                            5

     WARNING:  OF THE 5 BOOTSTRAP DRAWS, 4 DRAWS HAD BOTH A SMALLER LRT VALUE THAN THE
     OBSERVED LRT VALUE AND NOT A REPLICATED BEST LOGLIKELIHOOD VALUE FOR THE 3-CLASS MODEL.
     THIS MEANS THAT THE P-VALUE MAY NOT BE TRUSTWORTHY DUE TO LOCAL MAXIMA.
     INCREASE THE NUMBER OF RANDOM STARTS USING THE LRTSTARTS OPTION.



PLOT INFORMATION

The following plots are available:

  Histograms (sample values)
  Scatterplots (sample values)
  Sample means
  Estimated means, medians, modes, and percentiles
  Sample and estimated means
  Observed individual values
  Estimated means and observed individual values
  Estimated overall and class-specific distributions

     Beginning Time:  12:30:28
        Ending Time:  12:30:35
       Elapsed Time:  00:00:07



MUTHEN & MUTHEN
3463 Stoner Ave.
Los Angeles, CA  90066

Tel: (310) 391-9971
Fax: (310) 391-8971
Web: www.StatModel.com
Support: Support@StatModel.com

Copyright (c) 1998-2021 Muthen & Muthen
