Mplus VERSION 8.6 (Mac)
MUTHEN & MUTHEN
05/29/2021  12:00 PM

INPUT INSTRUCTIONS

  TITLE:
  Step2 - 3step LSAY - Lab9
  DATA:
  FILE = "/Users/agarber/github/NTNU-workshop/20-three-step/3step_mplus/Step2_3step_LSAY.dat

  VARIABLE:
  NAMES = ENJOY USEFUL LOGICAL JOB ADULT FEMALE MATHG12 CPROB1 CPROB2 CPROB3 CPROB4 N;
   MISSING=.;
   nominal=N;
    USEVAR = n;
    missing are all (999);
    classes = c(4);
  ANALYSIS:
  estimator = mlr;
    type = mixture;
    starts = 0;
  MODEL:
  %C#1%
  [n#1@7.784];
  [n#2@4.199];
  [n#3@5.312];

  %C#2%
  [n#1@-2.228];
  [n#2@1.087];
  [n#3@-6.772];

  %C#3%
  [n#1@4.387];
  [n#2@-0.53];
  [n#3@6.07];

  %C#4%
  [n#1@-7];
  [n#2@-3.236];
  [n#3@-3.631];



*** WARNING
  Input line exceeded 90 characters. Some input may be truncated.
  FILE = "/Users/agarber/github/NTNU-workshop/20-three-step/3step_mplus/Step2_3step_LSAY.dat"
*** WARNING in DATA command
  Statement not terminated by a semicolon:
  FILE = "/Users/agarber/github/NTNU-workshop/20-three-step/3step_mplus/Step2_3step_LSAY.dat"
   2 WARNING(S) FOUND IN THE INPUT INSTRUCTIONS




Step2 - 3step LSAY - Lab9

SUMMARY OF ANALYSIS

Number of groups                                                 1
Number of observations                                        3061

Number of dependent variables                                    1
Number of independent variables                                  0
Number of continuous latent variables                            0
Number of categorical latent variables                           1

Observed dependent variables

  Unordered categorical (nominal)
   N

Categorical latent variables
   C


Estimator                                                      MLR
Information matrix                                        OBSERVED
Optimization Specifications for the Quasi-Newton Algorithm for
Continuous Outcomes
  Maximum number of iterations                                 100
  Convergence criterion                                  0.100D-05
Optimization Specifications for the EM Algorithm
  Maximum number of iterations                                 500
  Convergence criteria
    Loglikelihood change                                 0.100D-06
    Relative loglikelihood change                        0.100D-06
    Derivative                                           0.100D-05
Optimization Specifications for the M step of the EM Algorithm for
Categorical Latent variables
  Number of M step iterations                                    1
  M step convergence criterion                           0.100D-05
  Basis for M step termination                           ITERATION
Optimization Specifications for the M step of the EM Algorithm for
Censored, Binary or Ordered Categorical (Ordinal), Unordered
Categorical (Nominal) and Count Outcomes
  Number of M step iterations                                    1
  M step convergence criterion                           0.100D-05
  Basis for M step termination                           ITERATION
  Maximum value for logit thresholds                            15
  Minimum value for logit thresholds                           -15
  Minimum expected cell size for chi-square              0.100D-01
Maximum number of iterations for H1                           2000
Convergence criterion for H1                             0.100D-03
Optimization algorithm                                         EMA

Input data file(s)
  /Users/agarber/github/NTNU-workshop/20-three-step/3step_mplus/Step2_3step_LSAY
Input data format  FREE


SUMMARY OF DATA



COVARIANCE COVERAGE OF DATA

Minimum covariance coverage value   0.100


UNIVARIATE PROPORTIONS AND COUNTS FOR CATEGORICAL VARIABLES

    N
      Category 1    0.282          863.000
      Category 2    0.203          621.000
      Category 3    0.197          604.000
      Category 4    0.318          973.000



THE MODEL ESTIMATION TERMINATED NORMALLY



MODEL FIT INFORMATION

Number of Free Parameters                        3

Loglikelihood

          H0 Value                       -4178.640
          H0 Scaling Correction Factor      1.0000
            for MLR

Information Criteria

          Akaike (AIC)                    8363.280
          Bayesian (BIC)                  8381.360
          Sample-Size Adjusted BIC        8371.828
            (n* = (n + 2) / 24)



FINAL CLASS COUNTS AND PROPORTIONS FOR THE LATENT CLASSES
BASED ON THE ESTIMATED MODEL

    Latent
   Classes

       1        828.80332          0.27076
       2        781.74332          0.25539
       3        618.82355          0.20216
       4        831.62982          0.27169


FINAL CLASS COUNTS AND PROPORTIONS FOR THE LATENT CLASSES
BASED ON ESTIMATED POSTERIOR PROBABILITIES

    Latent
   Classes

       1        828.80332          0.27076
       2        781.74332          0.25539
       3        618.82355          0.20216
       4        831.62982          0.27169


FINAL CLASS COUNTS AND PROPORTIONS FOR THE LATENT CLASSES
BASED ON THEIR MOST LIKELY LATENT CLASS MEMBERSHIP

Class Counts and Proportions

    Latent
   Classes

       1              863          0.28193
       2              621          0.20287
       3              604          0.19732
       4              973          0.31787


CLASSIFICATION QUALITY

     Entropy                         0.668


Average Latent Class Probabilities for Most Likely Latent Class Membership (Row)
by Latent Class (Column)

           1        2        3        4

    1   0.863    0.024    0.112    0.001
    2   0.033    0.916    0.001    0.049
    3   0.104    0.000    0.861    0.034
    4   0.000    0.197    0.001    0.801


Classification Probabilities for the Most Likely Latent Class Membership (Column)
by Latent Class (Row)

           1        2        3        4

    1   0.899    0.025    0.076    0.000
    2   0.026    0.728    0.000    0.245
    3   0.156    0.001    0.841    0.002
    4   0.001    0.037    0.025    0.937


Logits for the Classification Probabilities for the Most Likely Latent Class Membership (Column)
by Latent Class (Row)

              1        2        3        4

    1      7.784    4.199    5.312    0.000
    2     -2.228    1.087   -6.772    0.000
    3      4.387   -0.530    6.070    0.000
    4     -7.000   -3.236   -3.631    0.000


MODEL RESULTS

                                                    Two-Tailed
                    Estimate       S.E.  Est./S.E.    P-Value

Latent Class 1

 Means
    N#1                7.784      0.000    999.000    999.000
    N#2                4.199      0.000    999.000    999.000
    N#3                5.312      0.000    999.000    999.000

Latent Class 2

 Means
    N#1               -2.228      0.000    999.000    999.000
    N#2                1.087      0.000    999.000    999.000
    N#3               -6.772      0.000    999.000    999.000

Latent Class 3

 Means
    N#1                4.387      0.000    999.000    999.000
    N#2               -0.530      0.000    999.000    999.000
    N#3                6.070      0.000    999.000    999.000

Latent Class 4

 Means
    N#1               -7.000      0.000    999.000    999.000
    N#2               -3.236      0.000    999.000    999.000
    N#3               -3.631      0.000    999.000    999.000

Categorical Latent Variables

 Means
    C#1               -0.003      0.058     -0.059      0.953
    C#2               -0.062      0.070     -0.884      0.377
    C#3               -0.296      0.065     -4.531      0.000


QUALITY OF NUMERICAL RESULTS

     Condition Number for the Information Matrix              0.201E+00
       (ratio of smallest to largest eigenvalue)


     Beginning Time:  12:00:55
        Ending Time:  12:00:55
       Elapsed Time:  00:00:00



MUTHEN & MUTHEN
3463 Stoner Ave.
Los Angeles, CA  90066

Tel: (310) 391-9971
Fax: (310) 391-8971
Web: www.StatModel.com
Support: Support@StatModel.com

Copyright (c) 1998-2021 Muthen & Muthen
