Mplus VERSION 8.6 (Mac)
MUTHEN & MUTHEN
05/29/2021   9:56 AM

INPUT INSTRUCTIONS

  TITLE:
  m2 growth model freely estimated time scores
  DATA:
  FILE = "/Users/agarber/github/NTNU-workshop/17-growth-models/mplus_files/lsay.dat";

  VARIABLE:
  NAMES = rural gender fathed mothed math_07 math_08 math_09 math_10 math_11 math_12
       sci_07 sci_08 sci_09 sci_10 sci_11 sci_12;
   MISSING=.;
   usevar =
      math_07-math_12;
  ANALYSIS:
  estimator = ML
  MODEL:
  i s | math_07@0 math_08@1 math_09* math_10* math_11* math_12*;
  OUTPUT:
  sampstat standardized;
  PLOT:
  type=plot3;
            series = math_07-math_12(*)



*** WARNING
  Data set contains cases with missing on all variables.
  These cases were not included in the analysis.
  Number of cases with missing on all variables:  87
   1 WARNING(S) FOUND IN THE INPUT INSTRUCTIONS




m2 growth model freely estimated time scores

SUMMARY OF ANALYSIS

Number of groups                                                 1
Number of observations                                        5858

Number of dependent variables                                    6
Number of independent variables                                  0
Number of continuous latent variables                            2

Observed dependent variables

  Continuous
   MATH_07     MATH_08     MATH_09     MATH_10     MATH_11     MATH_12

Continuous latent variables
   I           S


Estimator                                                       ML
Information matrix                                        OBSERVED
Maximum number of iterations                                  1000
Convergence criterion                                    0.500D-04
Maximum number of steepest descent iterations                   20
Maximum number of iterations for H1                           2000
Convergence criterion for H1                             0.100D-03

Input data file(s)
  /Users/agarber/github/NTNU-workshop/17-growth-models/mplus_files/lsay.dat

Input data format  FREE


SUMMARY OF DATA

     Number of missing data patterns            25


COVARIANCE COVERAGE OF DATA

Minimum covariance coverage value   0.100


     PROPORTION OF DATA PRESENT


           Covariance Coverage
              MATH_07       MATH_08       MATH_09       MATH_10       MATH_11
              ________      ________      ________      ________      ________
 MATH_07        0.527
 MATH_08        0.473         0.475
 MATH_09        0.465         0.465         0.466
 MATH_10        0.453         0.443         0.444         0.918
 MATH_11        0.380         0.373         0.373         0.747         0.754
 MATH_12        0.328         0.322         0.322         0.677         0.675


           Covariance Coverage
              MATH_12
              ________
 MATH_12        0.681


SAMPLE STATISTICS


     ESTIMATED SAMPLE STATISTICS


           Means
              MATH_07       MATH_08       MATH_09       MATH_10       MATH_11
              ________      ________      ________      ________      ________
               50.103        53.492        57.630        61.628        65.175


           Means
              MATH_12
              ________
               66.323


           Covariances
              MATH_07       MATH_08       MATH_09       MATH_10       MATH_11
              ________      ________      ________      ________      ________
 MATH_07       99.631
 MATH_08       89.606       116.917
 MATH_09       98.605       116.653       148.611
 MATH_10      103.718       120.198       146.746       172.505
 MATH_11       99.924       115.395       140.085       156.703       175.226
 MATH_12      103.066       118.337       143.000       159.641       170.378


           Covariances
              MATH_12
              ________
 MATH_12      186.451


           Correlations
              MATH_07       MATH_08       MATH_09       MATH_10       MATH_11
              ________      ________      ________      ________      ________
 MATH_07        1.000
 MATH_08        0.830         1.000
 MATH_09        0.810         0.885         1.000
 MATH_10        0.791         0.846         0.917         1.000
 MATH_11        0.756         0.806         0.868         0.901         1.000
 MATH_12        0.756         0.801         0.859         0.890         0.943


           Correlations
              MATH_12
              ________
 MATH_12        1.000


     MAXIMUM LOG-LIKELIHOOD VALUE FOR THE UNRESTRICTED (H1) MODEL IS -73420.111


UNIVARIATE SAMPLE STATISTICS


     UNIVARIATE HIGHER-ORDER MOMENT DESCRIPTIVE STATISTICS

         Variable/         Mean/     Skewness/   Minimum/ % with                Percentiles
        Sample Size      Variance    Kurtosis    Maximum  Min/Max      20%/60%    40%/80%    Median

     MATH_07              50.381       0.205      27.360    0.03%      40.870     46.940     50.045
            3088.000     103.684      -0.572      85.070    0.03%      53.150     59.660
     MATH_08              53.863       0.051      24.560    0.04%      43.800     51.300     54.330
            2781.000     121.539      -0.384      88.840    0.04%      57.020     62.980
     MATH_09              58.325      -0.013      26.600    0.04%      46.750     55.130     58.450
            2729.000     153.813      -0.538      94.270    0.04%      62.320     69.250
     MATH_10              61.946      -0.183      26.500    0.02%      50.370     59.560     63.080
            5380.000     170.101      -0.433      95.320    0.02%      66.220     73.130
     MATH_11              66.114      -0.241      28.260    0.02%      55.400     63.470     66.510
            4415.000     172.216      -0.331      99.300    0.02%      69.810     77.760
     MATH_12              67.810      -0.234      27.010    0.03%      56.420     64.880     68.390
            3992.000     180.834      -0.363     100.160    0.05%      71.770     79.600


THE MODEL ESTIMATION TERMINATED NORMALLY



MODEL FIT INFORMATION

Number of Free Parameters                       15

Loglikelihood

          H0 Value                      -73715.028
          H1 Value                      -73420.111

Information Criteria

          Akaike (AIC)                  147460.055
          Bayesian (BIC)                147560.189
          Sample-Size Adjusted BIC      147512.523
            (n* = (n + 2) / 24)

Chi-Square Test of Model Fit

          Value                            589.833
          Degrees of Freedom                    12
          P-Value                           0.0000

RMSEA (Root Mean Square Error Of Approximation)

          Estimate                           0.091
          90 Percent C.I.                    0.085  0.097
          Probability RMSEA <= .05           0.000

CFI/TLI

          CFI                                0.980
          TLI                                0.975

Chi-Square Test of Model Fit for the Baseline Model

          Value                          29224.393
          Degrees of Freedom                    15
          P-Value                           0.0000

SRMR (Standardized Root Mean Square Residual)

          Value                              0.074



MODEL RESULTS

                                                    Two-Tailed
                    Estimate       S.E.  Est./S.E.    P-Value

 I        |
    MATH_07            1.000      0.000    999.000    999.000
    MATH_08            1.000      0.000    999.000    999.000
    MATH_09            1.000      0.000    999.000    999.000
    MATH_10            1.000      0.000    999.000    999.000
    MATH_11            1.000      0.000    999.000    999.000
    MATH_12            1.000      0.000    999.000    999.000

 S        |
    MATH_07            0.000      0.000    999.000    999.000
    MATH_08            1.000      0.000    999.000    999.000
    MATH_09            2.305      0.061     37.797      0.000
    MATH_10            3.412      0.094     36.385      0.000
    MATH_11            4.440      0.125     35.573      0.000
    MATH_12            4.767      0.135     35.237      0.000

 S        WITH
    I                  3.790      0.328     11.539      0.000

 Means
    I                 50.171      0.158    318.178      0.000
    S                  3.364      0.108     31.013      0.000

 Intercepts
    MATH_07            0.000      0.000    999.000    999.000
    MATH_08            0.000      0.000    999.000    999.000
    MATH_09            0.000      0.000    999.000    999.000
    MATH_10            0.000      0.000    999.000    999.000
    MATH_11            0.000      0.000    999.000    999.000
    MATH_12            0.000      0.000    999.000    999.000

 Variances
    I                 89.744      2.281     39.344      0.000
    S                  2.401      0.171     14.026      0.000

 Residual Variances
    MATH_07           18.551      0.817     22.715      0.000
    MATH_08           15.812      0.612     25.847      0.000
    MATH_09           16.249      0.545     29.821      0.000
    MATH_10           21.249      0.552     38.515      0.000
    MATH_11            9.683      0.397     24.395      0.000
    MATH_12           12.298      0.468     26.286      0.000


QUALITY OF NUMERICAL RESULTS

     Condition Number for the Information Matrix              0.812E-03
       (ratio of smallest to largest eigenvalue)


STANDARDIZED MODEL RESULTS


STDYX Standardization

                                                    Two-Tailed
                    Estimate       S.E.  Est./S.E.    P-Value

 I        |
    MATH_07            0.910      0.004    231.424      0.000
    MATH_08            0.881      0.005    176.094      0.000
    MATH_09            0.812      0.007    120.357      0.000
    MATH_10            0.738      0.008     95.751      0.000
    MATH_11            0.705      0.008     84.019      0.000
    MATH_12            0.682      0.008     81.120      0.000

 S        |
    MATH_07            0.000      0.000    999.000    999.000
    MATH_08            0.144      0.005     27.452      0.000
    MATH_09            0.306      0.007     44.319      0.000
    MATH_10            0.412      0.008     52.491      0.000
    MATH_11            0.512      0.009     58.154      0.000
    MATH_12            0.532      0.009     59.995      0.000

 S        WITH
    I                  0.258      0.023     11.108      0.000

 Means
    I                  5.296      0.069     76.418      0.000
    S                  2.171      0.043     50.255      0.000

 Intercepts
    MATH_07            0.000      0.000    999.000    999.000
    MATH_08            0.000      0.000    999.000    999.000
    MATH_09            0.000      0.000    999.000    999.000
    MATH_10            0.000      0.000    999.000    999.000
    MATH_11            0.000      0.000    999.000    999.000
    MATH_12            0.000      0.000    999.000    999.000

 Variances
    I                  1.000      0.000    999.000    999.000
    S                  1.000      0.000    999.000    999.000

 Residual Variances
    MATH_07            0.171      0.007     23.919      0.000
    MATH_08            0.137      0.005     25.605      0.000
    MATH_09            0.119      0.004     28.675      0.000
    MATH_10            0.129      0.004     34.595      0.000
    MATH_11            0.054      0.002     23.032      0.000
    MATH_12            0.064      0.003     24.620      0.000


STDY Standardization

                                                    Two-Tailed
                    Estimate       S.E.  Est./S.E.    P-Value

 I        |
    MATH_07            0.910      0.004    231.424      0.000
    MATH_08            0.881      0.005    176.094      0.000
    MATH_09            0.812      0.007    120.357      0.000
    MATH_10            0.738      0.008     95.751      0.000
    MATH_11            0.705      0.008     84.019      0.000
    MATH_12            0.682      0.008     81.120      0.000

 S        |
    MATH_07            0.000      0.000    999.000    999.000
    MATH_08            0.144      0.005     27.452      0.000
    MATH_09            0.306      0.007     44.319      0.000
    MATH_10            0.412      0.008     52.491      0.000
    MATH_11            0.512      0.009     58.154      0.000
    MATH_12            0.532      0.009     59.995      0.000

 S        WITH
    I                  0.258      0.023     11.108      0.000

 Means
    I                  5.296      0.069     76.418      0.000
    S                  2.171      0.043     50.255      0.000

 Intercepts
    MATH_07            0.000      0.000    999.000    999.000
    MATH_08            0.000      0.000    999.000    999.000
    MATH_09            0.000      0.000    999.000    999.000
    MATH_10            0.000      0.000    999.000    999.000
    MATH_11            0.000      0.000    999.000    999.000
    MATH_12            0.000      0.000    999.000    999.000

 Variances
    I                  1.000      0.000    999.000    999.000
    S                  1.000      0.000    999.000    999.000

 Residual Variances
    MATH_07            0.171      0.007     23.919      0.000
    MATH_08            0.137      0.005     25.605      0.000
    MATH_09            0.119      0.004     28.675      0.000
    MATH_10            0.129      0.004     34.595      0.000
    MATH_11            0.054      0.002     23.032      0.000
    MATH_12            0.064      0.003     24.620      0.000


STD Standardization

                                                    Two-Tailed
                    Estimate       S.E.  Est./S.E.    P-Value

 I        |
    MATH_07            9.473      0.120     78.689      0.000
    MATH_08            9.473      0.120     78.689      0.000
    MATH_09            9.473      0.120     78.689      0.000
    MATH_10            9.473      0.120     78.689      0.000
    MATH_11            9.473      0.120     78.689      0.000
    MATH_12            9.473      0.120     78.689      0.000

 S        |
    MATH_07            0.000      0.000    999.000    999.000
    MATH_08            1.550      0.055     28.052      0.000
    MATH_09            3.572      0.078     45.611      0.000
    MATH_10            5.287      0.102     52.040      0.000
    MATH_11            6.880      0.125     55.108      0.000
    MATH_12            7.387      0.133     55.568      0.000

 S        WITH
    I                  0.258      0.023     11.108      0.000

 Means
    I                  5.296      0.069     76.418      0.000
    S                  2.171      0.043     50.255      0.000

 Intercepts
    MATH_07            0.000      0.000    999.000    999.000
    MATH_08            0.000      0.000    999.000    999.000
    MATH_09            0.000      0.000    999.000    999.000
    MATH_10            0.000      0.000    999.000    999.000
    MATH_11            0.000      0.000    999.000    999.000
    MATH_12            0.000      0.000    999.000    999.000

 Variances
    I                  1.000      0.000    999.000    999.000
    S                  1.000      0.000    999.000    999.000

 Residual Variances
    MATH_07           18.551      0.817     22.715      0.000
    MATH_08           15.812      0.612     25.847      0.000
    MATH_09           16.249      0.545     29.821      0.000
    MATH_10           21.249      0.552     38.515      0.000
    MATH_11            9.683      0.397     24.395      0.000
    MATH_12           12.298      0.468     26.286      0.000


R-SQUARE

    Observed                                        Two-Tailed
    Variable        Estimate       S.E.  Est./S.E.    P-Value

    MATH_07            0.829      0.007    115.712      0.000
    MATH_08            0.863      0.005    161.480      0.000
    MATH_09            0.881      0.004    211.725      0.000
    MATH_10            0.871      0.004    233.732      0.000
    MATH_11            0.946      0.002    406.075      0.000
    MATH_12            0.936      0.003    361.250      0.000


SAMPLE STATISTICS FOR ESTIMATED FACTOR SCORES


     SAMPLE STATISTICS


           Means
              I             I_SE          S             S_SE
              ________      ________      ________      ________
               50.171         3.715         3.364         0.985


           Covariances
              I             I_SE          S             S_SE
              ________      ________      ________      ________
 I             74.701
 I_SE          -0.366         1.245
 S              6.602         0.022         1.383
 S_SE          -0.267         0.165        -0.015         0.047


           Correlations
              I             I_SE          S             S_SE
              ________      ________      ________      ________
 I              1.000
 I_SE          -0.038         1.000
 S              0.649         0.016         1.000
 S_SE          -0.142         0.681        -0.059         1.000


PLOT INFORMATION

The following plots are available:

  Histograms (sample values, estimated factor scores, estimated values, residuals)
  Scatterplots (sample values, estimated factor scores, estimated values, residuals)
  Sample means
  Estimated means
  Sample and estimated means
  Latent variable distribution plots
  Observed individual values
  Estimated individual values

     Beginning Time:  09:56:12
        Ending Time:  09:56:12
       Elapsed Time:  00:00:00



MUTHEN & MUTHEN
3463 Stoner Ave.
Los Angeles, CA  90066

Tel: (310) 391-9971
Fax: (310) 391-8971
Web: www.StatModel.com
Support: Support@StatModel.com

Copyright (c) 1998-2021 Muthen & Muthen
