Mplus VERSION 8.6 (Mac)
MUTHEN & MUTHEN
05/28/2021  11:39 AM

INPUT INSTRUCTIONS

  TITLE:
  Data source - Hayes (2013) TEAMS Case 2 moderation of M -> Y
  DATA:
  FILE = "/Users/agarber/github/NTNU-workshop/16-cond-mediation/mplus_files/teams.dat";

  VARIABLE:
  NAMES = dysfunc negtone negexp perform;
   MISSING=.;
   usevar = dysfunc negtone negexp perform mz;
  DEFINE:
  MZ = negtone*negexp;  ! create interaction term
  ANALYSIS:
  ! set number of bootstrap draws (small # for demonstration purposes)
       bootstrap = 500;
  MODEL:
  perform on negtone dysfunc negexp mz;
      negtone on dysfunc;

      Model indirect:
      perform MOD
      negtone negexp(-0.4,0.6,0.1) mz dysfunc(0.4038 0.035);
  OUTPUT:
  sampstat standardized cinterval (bcbootstrap); ! bias-corrected bootstrap
  PLOT:
  type=plot3;



*** WARNING in OUTPUT command
  STANDARDIZED (STD, STDY, STDYX) options are not available for analysis with
  the MOD statement in MODEL INDIRECT.
  Request for STANDARDIZED (STD, STDY, STDYX) is ignored.
   1 WARNING(S) FOUND IN THE INPUT INSTRUCTIONS




Data source - Hayes (2013) TEAMS Case 2 moderation of M -> Y

SUMMARY OF ANALYSIS

Number of groups                                                 1
Number of observations                                          60

Number of dependent variables                                    2
Number of independent variables                                  3
Number of continuous latent variables                            0

Observed dependent variables

  Continuous
   NEGTONE     PERFORM

Observed independent variables
   DYSFUNC     NEGEXP      MZ


Estimator                                                       ML
Information matrix                                        OBSERVED
Maximum number of iterations                                  1000
Convergence criterion                                    0.500D-04
Maximum number of steepest descent iterations                   20
Maximum number of iterations for H1                           2000
Convergence criterion for H1                             0.100D-03
Number of bootstrap draws
    Requested                                                  500
    Completed                                                  500

Input data file(s)
  /Users/agarber/github/NTNU-workshop/16-cond-mediation/mplus_files/teams.dat

Input data format  FREE


SUMMARY OF DATA

     Number of missing data patterns             1


COVARIANCE COVERAGE OF DATA

Minimum covariance coverage value   0.100


     PROPORTION OF DATA PRESENT


           Covariance Coverage
              NEGTONE       PERFORM       DYSFUNC       NEGEXP        MZ
              ________      ________      ________      ________      ________
 NEGTONE        1.000
 PERFORM        1.000         1.000
 DYSFUNC        1.000         1.000         1.000
 NEGEXP         1.000         1.000         1.000         1.000
 MZ             1.000         1.000         1.000         1.000         1.000


SAMPLE STATISTICS


     ESTIMATED SAMPLE STATISTICS


           Means
              NEGTONE       PERFORM       DYSFUNC       NEGEXP        MZ
              ________      ________      ________      ________      ________
                0.047        -0.032         0.035        -0.008         0.023


           Covariances
              NEGTONE       PERFORM       DYSFUNC       NEGEXP        MZ
              ________      ________      ________      ________      ________
 NEGTONE        0.271
 PERFORM       -0.108         0.268
 DYSFUNC        0.084         0.015         0.136
 NEGEXP         0.024        -0.047        -0.001         0.291
 MZ             0.039        -0.059        -0.004         0.060         0.076


           Correlations
              NEGTONE       PERFORM       DYSFUNC       NEGEXP        MZ
              ________      ________      ________      ________      ________
 NEGTONE        1.000
 PERFORM       -0.400         1.000
 DYSFUNC        0.438         0.078         1.000
 NEGEXP         0.085        -0.169        -0.007         1.000
 MZ             0.269        -0.411        -0.036         0.401         1.000


     MAXIMUM LOG-LIKELIHOOD VALUE FOR THE UNRESTRICTED (H1) MODEL IS -146.740


UNIVARIATE SAMPLE STATISTICS


     UNIVARIATE HIGHER-ORDER MOMENT DESCRIPTIVE STATISTICS

         Variable/         Mean/     Skewness/   Minimum/ % with                Percentiles
        Sample Size      Variance    Kurtosis    Maximum  Min/Max      20%/60%    40%/80%    Median

     NEGTONE               0.047       0.981      -1.010    1.67%      -0.350     -0.150     -0.035
              60.000       0.271       2.103       1.950    1.67%       0.050      0.450
     PERFORM              -0.032      -0.061      -1.230    1.67%      -0.430     -0.080     -0.030
              60.000       0.268       0.053       1.120    1.67%       0.120      0.370
     DYSFUNC               0.035       0.830      -0.500    5.00%      -0.330     -0.080     -0.070
              60.000       0.136       0.450       1.160    1.67%       0.030      0.390
     NEGEXP               -0.008       0.083      -1.160    1.67%      -0.400     -0.160     -0.060
              60.000       0.291      -0.829       0.930    6.67%       0.100      0.600
     MZ                    0.023       1.090      -0.795    1.67%      -0.117     -0.020      0.004
              60.000       0.076       5.612       1.170    1.67%       0.036      0.120


THE MODEL ESTIMATION TERMINATED NORMALLY



MODEL FIT INFORMATION

Number of Free Parameters                        9

Loglikelihood

          H0 Value                         -74.074
          H1 Value                         -70.861

Information Criteria

          Akaike (AIC)                     166.148
          Bayesian (BIC)                   184.997
          Sample-Size Adjusted BIC         156.690
            (n* = (n + 2) / 24)

Chi-Square Test of Model Fit

          Value                              6.425
          Degrees of Freedom                     2
          P-Value                           0.0403

RMSEA (Root Mean Square Error Of Approximation)

          Estimate                           0.192
          90 Percent C.I.                    0.035  0.367
          Probability RMSEA <= .05           0.060

CFI/TLI

          CFI                                0.872
          TLI                                0.553

Chi-Square Test of Model Fit for the Baseline Model

          Value                             41.668
          Degrees of Freedom                     7
          P-Value                           0.0000

SRMR (Standardized Root Mean Square Residual)

          Value                              0.101



MODEL RESULTS

                                                    Two-Tailed
                    Estimate       S.E.  Est./S.E.    P-Value

 PERFORM  ON
    NEGTONE           -0.436      0.135     -3.229      0.001
    DYSFUNC            0.366      0.187      1.962      0.050
    NEGEXP            -0.019      0.100     -0.193      0.847
    MZ                -0.517      0.249     -2.072      0.038

 NEGTONE  ON
    DYSFUNC            0.620      0.230      2.699      0.007

 Intercepts
    NEGTONE            0.026      0.059      0.434      0.664
    PERFORM           -0.012      0.058     -0.204      0.838

 Residual Variances
    NEGTONE            0.219      0.052      4.223      0.000
    PERFORM            0.185      0.031      5.954      0.000



TOTAL, INDIRECT, AND DIRECT EFFECTS BASED ON COUNTERFACTUALS (CAUSALLY-DEFINED EFFECTS)


Effects from DYSFUNC to PERFORM for NEGEXP = -0.400

                                                    Two-Tailed
                    Estimate       S.E.  Est./S.E.    P-Value

  Tot natural IE      -0.052      0.051     -1.026      0.305
  Pure natural DE      0.135      0.069      1.962      0.050
  Total effect         0.083      0.071      1.164      0.244

 Other effects

  Pure natural IE     -0.052      0.051     -1.026      0.305
  Tot natural DE       0.135      0.069      1.962      0.050
  Total effect         0.083      0.071      1.164      0.244

Effects from DYSFUNC to PERFORM for NEGEXP = -0.300

  Tot natural IE      -0.064      0.048     -1.332      0.183
  Pure natural DE      0.135      0.069      1.962      0.050
  Total effect         0.071      0.070      1.007      0.314

 Other effects

  Pure natural IE     -0.064      0.048     -1.332      0.183
  Tot natural DE       0.135      0.069      1.962      0.050
  Total effect         0.071      0.070      1.007      0.314

Effects from DYSFUNC to PERFORM for NEGEXP = -0.200

  Tot natural IE      -0.076      0.046     -1.644      0.100
  Pure natural DE      0.135      0.069      1.962      0.050
  Total effect         0.059      0.070      0.838      0.402

 Other effects

  Pure natural IE     -0.076      0.046     -1.644      0.100
  Tot natural DE       0.135      0.069      1.962      0.050
  Total effect         0.059      0.070      0.838      0.402

Effects from DYSFUNC to PERFORM for NEGEXP = -0.100

  Tot natural IE      -0.088      0.045     -1.939      0.052
  Pure natural DE      0.135      0.069      1.962      0.050
  Total effect         0.047      0.071      0.664      0.507

 Other effects

  Pure natural IE     -0.088      0.045     -1.939      0.052
  Tot natural DE       0.135      0.069      1.962      0.050
  Total effect         0.047      0.071      0.664      0.507

Effects from DYSFUNC to PERFORM for NEGEXP = 0.000

  Tot natural IE      -0.100      0.045     -2.194      0.028
  Pure natural DE      0.135      0.069      1.962      0.050
  Total effect         0.035      0.073      0.488      0.626

 Other effects

  Pure natural IE     -0.100      0.045     -2.194      0.028
  Tot natural DE       0.135      0.069      1.962      0.050
  Total effect         0.035      0.073      0.488      0.626

Effects from DYSFUNC to PERFORM for NEGEXP = 0.100

  Tot natural IE      -0.111      0.047     -2.391      0.017
  Pure natural DE      0.135      0.069      1.962      0.050
  Total effect         0.024      0.075      0.316      0.752

 Other effects

  Pure natural IE     -0.111      0.047     -2.391      0.017
  Tot natural DE       0.135      0.069      1.962      0.050
  Total effect         0.024      0.075      0.316      0.752

Effects from DYSFUNC to PERFORM for NEGEXP = 0.200

  Tot natural IE      -0.123      0.049     -2.525      0.012
  Pure natural DE      0.135      0.069      1.962      0.050
  Total effect         0.012      0.077      0.152      0.879

 Other effects

  Pure natural IE     -0.123      0.049     -2.525      0.012
  Tot natural DE       0.135      0.069      1.962      0.050
  Total effect         0.012      0.077      0.152      0.879

Effects from DYSFUNC to PERFORM for NEGEXP = 0.300

  Tot natural IE      -0.135      0.052     -2.605      0.009
  Pure natural DE      0.135      0.069      1.962      0.050
  Total effect         0.000      0.080      0.000      1.000

 Other effects

  Pure natural IE     -0.135      0.052     -2.605      0.009
  Tot natural DE       0.135      0.069      1.962      0.050
  Total effect         0.000      0.080      0.000      1.000

Effects from DYSFUNC to PERFORM for NEGEXP = 0.400

  Tot natural IE      -0.147      0.056     -2.640      0.008
  Pure natural DE      0.135      0.069      1.962      0.050
  Total effect        -0.012      0.084     -0.141      0.888

 Other effects

  Pure natural IE     -0.147      0.056     -2.640      0.008
  Tot natural DE       0.135      0.069      1.962      0.050
  Total effect        -0.012      0.084     -0.141      0.888

Effects from DYSFUNC to PERFORM for NEGEXP = 0.500

  Tot natural IE      -0.159      0.060     -2.645      0.008
  Pure natural DE      0.135      0.069      1.962      0.050
  Total effect        -0.024      0.088     -0.268      0.788

 Other effects

  Pure natural IE     -0.159      0.060     -2.645      0.008
  Tot natural DE       0.135      0.069      1.962      0.050
  Total effect        -0.024      0.088     -0.268      0.788

Effects from DYSFUNC to PERFORM for NEGEXP = 0.600

  Tot natural IE      -0.170      0.065     -2.631      0.009
  Pure natural DE      0.135      0.069      1.962      0.050
  Total effect        -0.035      0.093     -0.383      0.701

 Other effects

  Pure natural IE     -0.170      0.065     -2.631      0.009
  Tot natural DE       0.135      0.069      1.962      0.050
  Total effect        -0.035      0.093     -0.383      0.701


CONFIDENCE INTERVALS OF MODEL RESULTS

                  Lower .5%  Lower 2.5%    Lower 5%    Estimate    Upper 5%  Upper 2.5%   Upper .5%

 PERFORM  ON
    NEGTONE         -0.776      -0.652      -0.624      -0.436      -0.194      -0.114      -0.041
    DYSFUNC         -0.151       0.018       0.070       0.366       0.628       0.709       0.777
    NEGEXP          -0.297      -0.205      -0.170      -0.019       0.154       0.179       0.213
    MZ              -1.314      -1.059      -0.975      -0.517      -0.160      -0.108       0.061

 NEGTONE  ON
    DYSFUNC          0.098       0.185       0.243       0.620       1.000       1.103       1.314

 Intercepts
    NEGTONE         -0.123      -0.094      -0.066       0.026       0.120       0.145       0.187
    PERFORM         -0.159      -0.118      -0.103      -0.012       0.084       0.096       0.127

 Residual Variances
    NEGTONE          0.106       0.130       0.143       0.219       0.311       0.346       0.354
    PERFORM          0.119       0.136       0.147       0.185       0.255       0.258       0.268



CONFIDENCE INTERVALS OF TOTAL, INDIRECT, AND DIRECT EFFECTS BASED ON COUNTERFACTUALS (CAUSALLY-DEFINED EFFECTS)


                  Lower .5%  Lower 2.5%    Lower 5%    Estimate    Upper 5%  Upper 2.5%   Upper .5%

Effects from DYSFUNC to PERFORM for NEGEXP = -0.400

  Tot natural IE    -0.193      -0.184      -0.151      -0.052       0.009       0.030       0.073
  Pure natural DE   -0.056       0.007       0.026       0.135       0.232       0.262       0.287
  Total effect      -0.170      -0.097      -0.052       0.083       0.170       0.183       0.205

 Other effects

  Pure natural IE   -0.193      -0.184      -0.151      -0.052       0.009       0.030       0.073
  Tot natural DE    -0.056       0.007       0.026       0.135       0.232       0.262       0.287
  Total effect      -0.170      -0.097      -0.052       0.083       0.170       0.183       0.205

Effects from DYSFUNC to PERFORM for NEGEXP = -0.300

  Tot natural IE    -0.198      -0.196      -0.175      -0.064      -0.008       0.007       0.053
  Pure natural DE   -0.056       0.007       0.026       0.135       0.232       0.262       0.287
  Total effect      -0.176      -0.097      -0.058       0.071       0.162       0.172       0.192

 Other effects

  Pure natural IE   -0.198      -0.196      -0.175      -0.064      -0.008       0.007       0.053
  Tot natural DE    -0.056       0.007       0.026       0.135       0.232       0.262       0.287
  Total effect      -0.176      -0.097      -0.058       0.071       0.162       0.172       0.192

Effects from DYSFUNC to PERFORM for NEGEXP = -0.200

  Tot natural IE    -0.212      -0.207      -0.192      -0.076      -0.023      -0.010       0.022
  Pure natural DE   -0.056       0.007       0.026       0.135       0.232       0.262       0.287
  Total effect      -0.179      -0.108      -0.065       0.059       0.147       0.165       0.187

 Other effects

  Pure natural IE   -0.212      -0.207      -0.192      -0.076      -0.023      -0.010       0.022
  Tot natural DE    -0.056       0.007       0.026       0.135       0.232       0.262       0.287
  Total effect      -0.179      -0.108      -0.065       0.059       0.147       0.165       0.187

Effects from DYSFUNC to PERFORM for NEGEXP = -0.100

  Tot natural IE    -0.229      -0.220      -0.205      -0.088      -0.032      -0.024       0.007
  Pure natural DE   -0.056       0.007       0.026       0.135       0.232       0.262       0.287
  Total effect      -0.183      -0.114      -0.075       0.047       0.140       0.158       0.185

 Other effects

  Pure natural IE   -0.229      -0.220      -0.205      -0.088      -0.032      -0.024       0.007
  Tot natural DE    -0.056       0.007       0.026       0.135       0.232       0.262       0.287
  Total effect      -0.183      -0.114      -0.075       0.047       0.140       0.158       0.185

Effects from DYSFUNC to PERFORM for NEGEXP = 0.000

  Tot natural IE    -0.248      -0.217      -0.197      -0.100      -0.038      -0.030      -0.010
  Pure natural DE   -0.056       0.007       0.026       0.135       0.232       0.262       0.287
  Total effect      -0.186      -0.119      -0.087       0.035       0.138       0.155       0.183

 Other effects

  Pure natural IE   -0.248      -0.217      -0.197      -0.100      -0.038      -0.030      -0.010
  Tot natural DE    -0.056       0.007       0.026       0.135       0.232       0.262       0.287
  Total effect      -0.186      -0.119      -0.087       0.035       0.138       0.155       0.183

Effects from DYSFUNC to PERFORM for NEGEXP = 0.100

  Tot natural IE    -0.272      -0.230      -0.207      -0.111      -0.046      -0.037      -0.019
  Pure natural DE   -0.056       0.007       0.026       0.135       0.232       0.262       0.287
  Total effect      -0.193      -0.130      -0.100       0.024       0.137       0.155       0.200

 Other effects

  Pure natural IE   -0.272      -0.230      -0.207      -0.111      -0.046      -0.037      -0.019
  Tot natural DE    -0.056       0.007       0.026       0.135       0.232       0.262       0.287
  Total effect      -0.193      -0.130      -0.100       0.024       0.137       0.155       0.200

Effects from DYSFUNC to PERFORM for NEGEXP = 0.200

  Tot natural IE    -0.296      -0.242      -0.224      -0.123      -0.057      -0.041      -0.027
  Pure natural DE   -0.056       0.007       0.026       0.135       0.232       0.262       0.287
  Total effect      -0.198      -0.136      -0.108       0.012       0.136       0.152       0.195

 Other effects

  Pure natural IE   -0.296      -0.242      -0.224      -0.123      -0.057      -0.041      -0.027
  Tot natural DE    -0.056       0.007       0.026       0.135       0.232       0.262       0.287
  Total effect      -0.198      -0.136      -0.108       0.012       0.136       0.152       0.195

Effects from DYSFUNC to PERFORM for NEGEXP = 0.300

  Tot natural IE    -0.321      -0.256      -0.236      -0.135      -0.058      -0.044      -0.025
  Pure natural DE   -0.056       0.007       0.026       0.135       0.232       0.262       0.287
  Total effect      -0.215      -0.160      -0.123       0.000       0.135       0.154       0.189

 Other effects

  Pure natural IE   -0.321      -0.256      -0.236      -0.135      -0.058      -0.044      -0.025
  Tot natural DE    -0.056       0.007       0.026       0.135       0.232       0.262       0.287
  Total effect      -0.215      -0.160      -0.123       0.000       0.135       0.154       0.189

Effects from DYSFUNC to PERFORM for NEGEXP = 0.400

  Tot natural IE    -0.323      -0.275      -0.253      -0.147      -0.062      -0.048      -0.025
  Pure natural DE   -0.056       0.007       0.026       0.135       0.232       0.262       0.287
  Total effect      -0.221      -0.177      -0.134      -0.012       0.134       0.147       0.183

 Other effects

  Pure natural IE   -0.323      -0.275      -0.253      -0.147      -0.062      -0.048      -0.025
  Tot natural DE    -0.056       0.007       0.026       0.135       0.232       0.262       0.287
  Total effect      -0.221      -0.177      -0.134      -0.012       0.134       0.147       0.183

Effects from DYSFUNC to PERFORM for NEGEXP = 0.500

  Tot natural IE    -0.353      -0.294      -0.276      -0.159      -0.067      -0.050      -0.027
  Pure natural DE   -0.056       0.007       0.026       0.135       0.232       0.262       0.287
  Total effect      -0.244      -0.197      -0.156      -0.024       0.121       0.144       0.177

 Other effects

  Pure natural IE   -0.353      -0.294      -0.276      -0.159      -0.067      -0.050      -0.027
  Tot natural DE    -0.056       0.007       0.026       0.135       0.232       0.262       0.287
  Total effect      -0.244      -0.197      -0.156      -0.024       0.121       0.144       0.177

Effects from DYSFUNC to PERFORM for NEGEXP = 0.600

  Tot natural IE    -0.382      -0.307      -0.285      -0.170      -0.065      -0.051      -0.025
  Pure natural DE   -0.056       0.007       0.026       0.135       0.232       0.262       0.287
  Total effect      -0.267      -0.213      -0.172      -0.035       0.130       0.141       0.175

 Other effects

  Pure natural IE   -0.382      -0.307      -0.285      -0.170      -0.065      -0.051      -0.025
  Tot natural DE    -0.056       0.007       0.026       0.135       0.232       0.262       0.287
  Total effect      -0.267      -0.213      -0.172      -0.035       0.130       0.141       0.175


PLOT INFORMATION

The following plots are available:

  Histograms (sample values, estimated values, residuals)
  Scatterplots (sample values, estimated values, residuals)
  Moderation plots
  Bootstrap distributions

     Beginning Time:  11:39:10
        Ending Time:  11:39:10
       Elapsed Time:  00:00:00



MUTHEN & MUTHEN
3463 Stoner Ave.
Los Angeles, CA  90066

Tel: (310) 391-9971
Fax: (310) 391-8971
Web: www.StatModel.com
Support: Support@StatModel.com

Copyright (c) 1998-2021 Muthen & Muthen
