Mplus VERSION 8.6 (Mac)
MUTHEN & MUTHEN
05/29/2021  10:27 AM

INPUT INSTRUCTIONS

  TITLE:
  m3 growth model freely estimated time scores
  DATA:
  FILE = "/Users/agarber/github/NTNU-workshop/18-advanced-growth/mplus_files/LSAY.dat";

  VARIABLE:
  NAMES = rural gender fathed mothed math_07 math_08 math_09 math_10 math_11 math_12
       sci_07 sci_08 sci_09 sci_10 sci_11 sci_12;
   MISSING=.;
   usevar =
       sci_07-sci_12;
  ANALYSIS:
  estimator = MLR
  MODEL:
  i s | sci_07@0 sci_08* sci_09* sci_10* sci_11* sci_12@1;
  OUTPUT:
  sampstat standardized;
  PLOT:
  type=plot3;
            series = sci_07-sci_12(*)



*** WARNING
  Data set contains cases with missing on all variables.
  These cases were not included in the analysis.
  Number of cases with missing on all variables:  79
   1 WARNING(S) FOUND IN THE INPUT INSTRUCTIONS




m3 growth model freely estimated time scores

SUMMARY OF ANALYSIS

Number of groups                                                 1
Number of observations                                        5866

Number of dependent variables                                    6
Number of independent variables                                  0
Number of continuous latent variables                            2

Observed dependent variables

  Continuous
   SCI_07      SCI_08      SCI_09      SCI_10      SCI_11      SCI_12

Continuous latent variables
   I           S


Estimator                                                      MLR
Information matrix                                        OBSERVED
Maximum number of iterations                                  1000
Convergence criterion                                    0.500D-04
Maximum number of steepest descent iterations                   20
Maximum number of iterations for H1                           2000
Convergence criterion for H1                             0.100D-03

Input data file(s)
  /Users/agarber/github/NTNU-workshop/18-advanced-growth/mplus_files/LSAY.dat

Input data format  FREE


SUMMARY OF DATA

     Number of missing data patterns            24


COVARIANCE COVERAGE OF DATA

Minimum covariance coverage value   0.100


     PROPORTION OF DATA PRESENT


           Covariance Coverage
              SCI_07        SCI_08        SCI_09        SCI_10        SCI_11
              ________      ________      ________      ________      ________
 SCI_07         0.528
 SCI_08         0.474         0.475
 SCI_09         0.465         0.465         0.465
 SCI_10         0.454         0.444         0.444         0.921
 SCI_11         0.386         0.378         0.378         0.754         0.759
 SCI_12         0.327         0.320         0.320         0.680         0.680


           Covariance Coverage
              SCI_12
              ________
 SCI_12         0.685


SAMPLE STATISTICS


     ESTIMATED SAMPLE STATISTICS


           Means
              SCI_07        SCI_08        SCI_09        SCI_10        SCI_11
              ________      ________      ________      ________      ________
               50.185        53.540        57.706        59.843        62.548


           Means
              SCI_12
              ________
               64.035


           Covariances
              SCI_07        SCI_08        SCI_09        SCI_10        SCI_11
              ________      ________      ________      ________      ________
 SCI_07        97.836
 SCI_08        84.454       112.140
 SCI_09        79.969        97.601       113.934
 SCI_10        81.265        95.297       103.668       120.210
 SCI_11        82.041        96.090       105.277       112.144       129.550
 SCI_12        82.379        94.803       103.427       110.304       124.659


           Covariances
              SCI_12
              ________
 SCI_12       137.074


           Correlations
              SCI_07        SCI_08        SCI_09        SCI_10        SCI_11
              ________      ________      ________      ________      ________
 SCI_07         1.000
 SCI_08         0.806         1.000
 SCI_09         0.757         0.863         1.000
 SCI_10         0.749         0.821         0.886         1.000
 SCI_11         0.729         0.797         0.867         0.899         1.000
 SCI_12         0.711         0.765         0.828         0.859         0.935


           Correlations
              SCI_12
              ________
 SCI_12         1.000


     MAXIMUM LOG-LIKELIHOOD VALUE FOR THE UNRESTRICTED (H1) MODEL IS -72163.595


UNIVARIATE SAMPLE STATISTICS


     UNIVARIATE HIGHER-ORDER MOMENT DESCRIPTIVE STATISTICS

         Variable/         Mean/     Skewness/   Minimum/ % with                Percentiles
        Sample Size      Variance    Kurtosis    Maximum  Min/Max      20%/60%    40%/80%    Median

     SCI_07               50.366       0.193      26.140    0.03%      40.910     47.150     50.020
            3098.000     104.263      -0.460      88.030    0.03%      52.940     59.270
     SCI_08               53.927      -0.139      22.820    0.04%      43.720     51.460     54.420
            2784.000     121.790      -0.648      83.940    0.04%      57.730     63.870
     SCI_09               58.373      -0.298      27.360    0.04%      48.400     56.650     59.825
            2730.000     123.150      -0.446      91.210    0.04%      62.480     67.870
     SCI_10               60.176      -0.118      26.970    0.02%      50.540     57.510     60.650
            5401.000     118.108      -0.428      91.330    0.02%      63.470     69.780
     SCI_11               63.567      -0.290      24.440    0.02%      54.130     61.430     64.305
            4454.000     126.409      -0.263      93.130    0.02%      67.020     73.360
     SCI_12               65.494      -0.355      25.060    0.02%      56.460     63.340     66.085
            4018.000     131.306       0.025      95.560    0.02%      68.700     75.280


THE MODEL ESTIMATION TERMINATED NORMALLY



MODEL FIT INFORMATION

Number of Free Parameters                       15

Loglikelihood

          H0 Value                      -72416.387
          H0 Scaling Correction Factor      1.3399
            for MLR
          H1 Value                      -72163.595
          H1 Scaling Correction Factor      1.2941
            for MLR

Information Criteria

          Akaike (AIC)                  144862.773
          Bayesian (BIC)                144962.927
          Sample-Size Adjusted BIC      144915.261
            (n* = (n + 2) / 24)

Chi-Square Test of Model Fit

          Value                            408.801*
          Degrees of Freedom                    12
          P-Value                           0.0000
          Scaling Correction Factor         1.2367
            for MLR

*   The chi-square value for MLM, MLMV, MLR, ULSMV, WLSM and WLSMV cannot be used
    for chi-square difference testing in the regular way.  MLM, MLR and WLSM
    chi-square difference testing is described on the Mplus website.  MLMV, WLSMV,
    and ULSMV difference testing is done using the DIFFTEST option.

RMSEA (Root Mean Square Error Of Approximation)

          Estimate                           0.075
          90 Percent C.I.                    0.069  0.081
          Probability RMSEA <= .05           0.000

CFI/TLI

          CFI                                0.977
          TLI                                0.971

Chi-Square Test of Model Fit for the Baseline Model

          Value                          17035.829
          Degrees of Freedom                    15
          P-Value                           0.0000

SRMR (Standardized Root Mean Square Residual)

          Value                              0.063



MODEL RESULTS

                                                    Two-Tailed
                    Estimate       S.E.  Est./S.E.    P-Value

 I        |
    SCI_07             1.000      0.000    999.000    999.000
    SCI_08             1.000      0.000    999.000    999.000
    SCI_09             1.000      0.000    999.000    999.000
    SCI_10             1.000      0.000    999.000    999.000
    SCI_11             1.000      0.000    999.000    999.000
    SCI_12             1.000      0.000    999.000    999.000

 S        |
    SCI_07             0.000      0.000    999.000    999.000
    SCI_08             0.243      0.008     31.440      0.000
    SCI_09             0.547      0.007     74.596      0.000
    SCI_10             0.692      0.006    122.153      0.000
    SCI_11             0.902      0.004    220.104      0.000
    SCI_12             1.000      0.000    999.000    999.000

 S        WITH
    I                 -1.112      1.543     -0.721      0.471

 Means
    I                 50.290      0.155    324.063      0.000
    S                 13.670      0.153     89.403      0.000

 Intercepts
    SCI_07             0.000      0.000    999.000    999.000
    SCI_08             0.000      0.000    999.000    999.000
    SCI_09             0.000      0.000    999.000    999.000
    SCI_10             0.000      0.000    999.000    999.000
    SCI_11             0.000      0.000    999.000    999.000
    SCI_12             0.000      0.000    999.000    999.000

 Variances
    I                 84.475      1.976     42.752      0.000
    S                 47.385      2.230     21.254      0.000

 Residual Variances
    SCI_07            21.135      1.008     20.958      0.000
    SCI_08            17.545      0.790     22.196      0.000
    SCI_09            15.835      0.706     22.433      0.000
    SCI_10            16.549      0.591     27.988      0.000
    SCI_11             5.808      0.376     15.446      0.000
    SCI_12            12.347      0.624     19.795      0.000


QUALITY OF NUMERICAL RESULTS

     Condition Number for the Information Matrix              0.440E-05
       (ratio of smallest to largest eigenvalue)


STANDARDIZED MODEL RESULTS


STDYX Standardization

                                                    Two-Tailed
                    Estimate       S.E.  Est./S.E.    P-Value

 I        |
    SCI_07             0.894      0.005    184.279      0.000
    SCI_08             0.900      0.006    147.933      0.000
    SCI_09             0.864      0.008    108.572      0.000
    SCI_10             0.832      0.009     95.734      0.000
    SCI_11             0.816      0.010     81.602      0.000
    SCI_12             0.771      0.010     76.579      0.000

 S        |
    SCI_07             0.000      0.000    999.000    999.000
    SCI_08             0.163      0.007     24.361      0.000
    SCI_09             0.354      0.010     35.569      0.000
    SCI_10             0.431      0.011     39.026      0.000
    SCI_11             0.551      0.013     41.721      0.000
    SCI_12             0.578      0.013     45.115      0.000

 S        WITH
    I                 -0.018      0.024     -0.730      0.465

 Means
    I                  5.472      0.064     85.614      0.000
    S                  1.986      0.053     37.203      0.000

 Intercepts
    SCI_07             0.000      0.000    999.000    999.000
    SCI_08             0.000      0.000    999.000    999.000
    SCI_09             0.000      0.000    999.000    999.000
    SCI_10             0.000      0.000    999.000    999.000
    SCI_11             0.000      0.000    999.000    999.000
    SCI_12             0.000      0.000    999.000    999.000

 Variances
    I                  1.000      0.000    999.000    999.000
    S                  1.000      0.000    999.000    999.000

 Residual Variances
    SCI_07             0.200      0.009     23.053      0.000
    SCI_08             0.168      0.007     22.842      0.000
    SCI_09             0.140      0.006     23.298      0.000
    SCI_10             0.135      0.005     27.543      0.000
    SCI_11             0.046      0.003     14.937      0.000
    SCI_12             0.087      0.004     20.541      0.000


STDY Standardization

                                                    Two-Tailed
                    Estimate       S.E.  Est./S.E.    P-Value

 I        |
    SCI_07             0.894      0.005    184.279      0.000
    SCI_08             0.900      0.006    147.933      0.000
    SCI_09             0.864      0.008    108.572      0.000
    SCI_10             0.832      0.009     95.734      0.000
    SCI_11             0.816      0.010     81.602      0.000
    SCI_12             0.771      0.010     76.579      0.000

 S        |
    SCI_07             0.000      0.000    999.000    999.000
    SCI_08             0.163      0.007     24.361      0.000
    SCI_09             0.354      0.010     35.569      0.000
    SCI_10             0.431      0.011     39.026      0.000
    SCI_11             0.551      0.013     41.721      0.000
    SCI_12             0.578      0.013     45.115      0.000

 S        WITH
    I                 -0.018      0.024     -0.730      0.465

 Means
    I                  5.472      0.064     85.614      0.000
    S                  1.986      0.053     37.203      0.000

 Intercepts
    SCI_07             0.000      0.000    999.000    999.000
    SCI_08             0.000      0.000    999.000    999.000
    SCI_09             0.000      0.000    999.000    999.000
    SCI_10             0.000      0.000    999.000    999.000
    SCI_11             0.000      0.000    999.000    999.000
    SCI_12             0.000      0.000    999.000    999.000

 Variances
    I                  1.000      0.000    999.000    999.000
    S                  1.000      0.000    999.000    999.000

 Residual Variances
    SCI_07             0.200      0.009     23.053      0.000
    SCI_08             0.168      0.007     22.842      0.000
    SCI_09             0.140      0.006     23.298      0.000
    SCI_10             0.135      0.005     27.543      0.000
    SCI_11             0.046      0.003     14.937      0.000
    SCI_12             0.087      0.004     20.541      0.000


STD Standardization

                                                    Two-Tailed
                    Estimate       S.E.  Est./S.E.    P-Value

 I        |
    SCI_07             9.191      0.107     85.505      0.000
    SCI_08             9.191      0.107     85.505      0.000
    SCI_09             9.191      0.107     85.505      0.000
    SCI_10             9.191      0.107     85.505      0.000
    SCI_11             9.191      0.107     85.505      0.000
    SCI_12             9.191      0.107     85.505      0.000

 S        |
    SCI_07             0.000      0.000    999.000    999.000
    SCI_08             1.669      0.066     25.405      0.000
    SCI_09             3.762      0.102     36.830      0.000
    SCI_10             4.764      0.121     39.335      0.000
    SCI_11             6.208      0.152     40.855      0.000
    SCI_12             6.884      0.162     42.507      0.000

 S        WITH
    I                 -0.018      0.024     -0.730      0.465

 Means
    I                  5.472      0.064     85.614      0.000
    S                  1.986      0.053     37.203      0.000

 Intercepts
    SCI_07             0.000      0.000    999.000    999.000
    SCI_08             0.000      0.000    999.000    999.000
    SCI_09             0.000      0.000    999.000    999.000
    SCI_10             0.000      0.000    999.000    999.000
    SCI_11             0.000      0.000    999.000    999.000
    SCI_12             0.000      0.000    999.000    999.000

 Variances
    I                  1.000      0.000    999.000    999.000
    S                  1.000      0.000    999.000    999.000

 Residual Variances
    SCI_07            21.135      1.008     20.958      0.000
    SCI_08            17.545      0.790     22.196      0.000
    SCI_09            15.835      0.706     22.433      0.000
    SCI_10            16.549      0.591     27.988      0.000
    SCI_11             5.808      0.376     15.446      0.000
    SCI_12            12.347      0.624     19.795      0.000


R-SQUARE

    Observed                                        Two-Tailed
    Variable        Estimate       S.E.  Est./S.E.    P-Value

    SCI_07             0.800      0.009     92.140      0.000
    SCI_08             0.832      0.007    112.900      0.000
    SCI_09             0.860      0.006    143.318      0.000
    SCI_10             0.865      0.005    175.803      0.000
    SCI_11             0.954      0.003    311.232      0.000
    SCI_12             0.913      0.004    215.673      0.000


SAMPLE STATISTICS FOR ESTIMATED FACTOR SCORES


     SAMPLE STATISTICS


           Means
              I             I_SE          S             S_SE
              ________      ________      ________      ________
               50.290         3.930        13.670         4.911


           Covariances
              I             I_SE          S             S_SE
              ________      ________      ________      ________
 I             67.804
 I_SE          -0.370         1.227
 S             15.168         0.234        22.137
 S_SE          -1.315         0.932         0.015         1.125


           Correlations
              I             I_SE          S             S_SE
              ________      ________      ________      ________
 I              1.000
 I_SE          -0.041         1.000
 S              0.392         0.045         1.000
 S_SE          -0.151         0.793         0.003         1.000


PLOT INFORMATION

The following plots are available:

  Histograms (sample values, estimated factor scores, estimated values, residuals)
  Scatterplots (sample values, estimated factor scores, estimated values, residuals)
  Sample means
  Estimated means
  Sample and estimated means
  Latent variable distribution plots
  Observed individual values
  Estimated individual values

     Beginning Time:  10:27:00
        Ending Time:  10:27:00
       Elapsed Time:  00:00:00



MUTHEN & MUTHEN
3463 Stoner Ave.
Los Angeles, CA  90066

Tel: (310) 391-9971
Fax: (310) 391-8971
Web: www.StatModel.com
Support: Support@StatModel.com

Copyright (c) 1998-2021 Muthen & Muthen
