Mplus VERSION 8.6 (Mac)
MUTHEN & MUTHEN
05/29/2021  10:28 AM

INPUT INSTRUCTIONS

  TITLE:
  m4 time-invariant covariates and freely estimated time scores
  DATA:
  FILE = "/Users/agarber/github/NTNU-workshop/18-advanced-growth/mplus_files/LSAY.dat";

  VARIABLE:
  NAMES = rural gender fathed mothed math_07 math_08 math_09 math_10 math_11 math_12
       sci_07 sci_08 sci_09 sci_10 sci_11 sci_12;
   MISSING=.;
   usevar =
       sci_07-sci_12
       gender rural fathed mothed;
  ANALYSIS:
  estimator = MLR
  MODEL:
  i s | sci_07@0 sci_08* sci_09* sci_10* sci_11* sci_12@1;
      i s on gender rural fathed mothed;
  OUTPUT:
  sampstat standardized;
  PLOT:
  type=plot3;
            series = sci_07-sci_12(*)



*** WARNING
  Data set contains cases with missing on x-variables.
  These cases were not included in the analysis.
  Number of cases with missing on x-variables:  3135
*** WARNING
  Data set contains cases with missing on all variables except
  x-variables.  These cases were not included in the analysis.
  Number of cases with missing on all variables except x-variables:  5
   2 WARNING(S) FOUND IN THE INPUT INSTRUCTIONS




m4 time-invariant covariates and freely estimated time scores

SUMMARY OF ANALYSIS

Number of groups                                                 1
Number of observations                                        2805

Number of dependent variables                                    6
Number of independent variables                                  4
Number of continuous latent variables                            2

Observed dependent variables

  Continuous
   SCI_07      SCI_08      SCI_09      SCI_10      SCI_11      SCI_12

Observed independent variables
   GENDER      RURAL       FATHED      MOTHED

Continuous latent variables
   I           S


Estimator                                                      MLR
Information matrix                                        OBSERVED
Maximum number of iterations                                  1000
Convergence criterion                                    0.500D-04
Maximum number of steepest descent iterations                   20
Maximum number of iterations for H1                           2000
Convergence criterion for H1                             0.100D-03

Input data file(s)
  /Users/agarber/github/NTNU-workshop/18-advanced-growth/mplus_files/LSAY.dat

Input data format  FREE


SUMMARY OF DATA

     Number of missing data patterns            19


COVARIANCE COVERAGE OF DATA

Minimum covariance coverage value   0.100


     PROPORTION OF DATA PRESENT


           Covariance Coverage
              SCI_07        SCI_08        SCI_09        SCI_10        SCI_11
              ________      ________      ________      ________      ________
 SCI_07         0.997
 SCI_08         0.901         0.903
 SCI_09         0.887         0.887         0.888
 SCI_10         0.868         0.851         0.851         0.869
 SCI_11         0.745         0.731         0.731         0.739         0.745
 SCI_12         0.635         0.622         0.622         0.629         0.629
 GENDER         0.997         0.903         0.888         0.869         0.745
 RURAL          0.997         0.903         0.888         0.869         0.745
 FATHED         0.997         0.903         0.888         0.869         0.745
 MOTHED         0.997         0.903         0.888         0.869         0.745


           Covariance Coverage
              SCI_12        GENDER        RURAL         FATHED        MOTHED
              ________      ________      ________      ________      ________
 SCI_12         0.636
 GENDER         0.636         1.000
 RURAL          0.636         1.000         1.000
 FATHED         0.636         1.000         1.000         1.000
 MOTHED         0.636         1.000         1.000         1.000         1.000


SAMPLE STATISTICS


     ESTIMATED SAMPLE STATISTICS


           Means
              SCI_07        SCI_08        SCI_09        SCI_10        SCI_11
              ________      ________      ________      ________      ________
               50.757        54.143        58.271        60.782        62.789


           Means
              SCI_12        GENDER        RURAL         FATHED        MOTHED
              ________      ________      ________      ________      ________
               63.798         0.475         0.308         2.639         2.364


           Covariances
              SCI_07        SCI_08        SCI_09        SCI_10        SCI_11
              ________      ________      ________      ________      ________
 SCI_07       103.981
 SCI_08        91.432       119.370
 SCI_09        87.682       106.227       124.196
 SCI_10        89.184       104.028       113.916       130.072
 SCI_11        92.398       107.416       118.535       126.694       144.168
 SCI_12        97.042       111.592       122.464       130.257       146.488
 GENDER        -0.312        -0.055        -0.103        -0.179        -0.229
 RURAL         -0.036         0.172         0.238         0.108         0.044
 FATHED         3.381         3.514         3.197         3.339         3.798
 MOTHED         3.350         3.251         3.198         3.586         3.746


           Covariances
              SCI_12        GENDER        RURAL         FATHED        MOTHED
              ________      ________      ________      ________      ________
 SCI_12       164.730
 GENDER        -0.194         0.249
 RURAL         -0.017        -0.001         0.213
 FATHED         3.976         0.003        -0.096         1.563
 MOTHED         3.940        -0.025        -0.054         0.615         1.099


           Correlations
              SCI_07        SCI_08        SCI_09        SCI_10        SCI_11
              ________      ________      ________      ________      ________
 SCI_07         1.000
 SCI_08         0.821         1.000
 SCI_09         0.772         0.872         1.000
 SCI_10         0.767         0.835         0.896         1.000
 SCI_11         0.755         0.819         0.886         0.925         1.000
 SCI_12         0.741         0.796         0.856         0.890         0.951
 GENDER        -0.061        -0.010        -0.018        -0.031        -0.038
 RURAL         -0.008         0.034         0.046         0.021         0.008
 FATHED         0.265         0.257         0.229         0.234         0.253
 MOTHED         0.313         0.284         0.274         0.300         0.298


           Correlations
              SCI_12        GENDER        RURAL         FATHED        MOTHED
              ________      ________      ________      ________      ________
 SCI_12         1.000
 GENDER        -0.030         1.000
 RURAL         -0.003        -0.005         1.000
 FATHED         0.248         0.005        -0.166         1.000
 MOTHED         0.293        -0.048        -0.112         0.470         1.000


     MAXIMUM LOG-LIKELIHOOD VALUE FOR THE UNRESTRICTED (H1) MODEL IS -56666.793


UNIVARIATE SAMPLE STATISTICS


     UNIVARIATE HIGHER-ORDER MOMENT DESCRIPTIVE STATISTICS

         Variable/         Mean/     Skewness/   Minimum/ % with                Percentiles
        Sample Size      Variance    Kurtosis    Maximum  Min/Max      20%/60%    40%/80%    Median

     SCI_07               50.771       0.164      26.140    0.04%      41.410     47.710     50.490
            2797.000     103.843      -0.456      88.030    0.04%      53.530     59.630
     SCI_08               54.281      -0.149      24.220    0.04%      44.160     51.930     54.770
            2532.000     119.869      -0.655      83.940    0.04%      58.100     64.240
     SCI_09               58.652      -0.332      27.360    0.04%      48.840     56.930     60.170
            2491.000     122.714      -0.410      91.210    0.04%      62.810     68.040
     SCI_10               61.365      -0.328      26.970    0.04%      51.730     59.400     62.570
            2437.000     126.901      -0.253      91.330    0.04%      65.330     70.910
     SCI_11               64.086      -0.397      24.440    0.05%      54.190     62.390     65.330
            2091.000     139.970      -0.207      93.130    0.05%      67.830     74.190
     SCI_12               65.855      -0.449      25.060    0.06%      55.800     64.050     66.905
            1784.000     156.817      -0.055      95.560    0.06%      69.730     76.680
     GENDER                0.475       0.102       0.000   52.55%       0.000      0.000      0.000
            2805.000       0.249      -1.990       1.000   47.45%       1.000      1.000
     RURAL                 0.308       0.830       0.000   69.16%       0.000      0.000      0.000
            2805.000       0.213      -1.311       1.000   30.84%       0.000      1.000
     FATHED                2.639       0.642       1.000   14.44%       2.000      2.000      2.000
            2805.000       1.563      -0.759       5.000   12.34%       2.000      4.000
     MOTHED                2.364       1.002       1.000   14.72%       2.000      2.000      2.000
            2805.000       1.099       0.329       5.000    5.35%       2.000      3.000


THE MODEL ESTIMATION TERMINATED NORMALLY



MODEL FIT INFORMATION

Number of Free Parameters                       23

Loglikelihood

          H0 Value                      -44753.705
          H0 Scaling Correction Factor      1.3121
            for MLR
          H1 Value                      -44498.031
          H1 Scaling Correction Factor      1.1956
            for MLR

Information Criteria

          Akaike (AIC)                   89553.410
          Bayesian (BIC)                 89690.011
          Sample-Size Adjusted BIC       89616.932
            (n* = (n + 2) / 24)

Chi-Square Test of Model Fit

          Value                            464.947*
          Degrees of Freedom                    28
          P-Value                           0.0000
          Scaling Correction Factor         1.0998
            for MLR

*   The chi-square value for MLM, MLMV, MLR, ULSMV, WLSM and WLSMV cannot be used
    for chi-square difference testing in the regular way.  MLM, MLR and WLSM
    chi-square difference testing is described on the Mplus website.  MLMV, WLSMV,
    and ULSMV difference testing is done using the DIFFTEST option.

RMSEA (Root Mean Square Error Of Approximation)

          Estimate                           0.075
          90 Percent C.I.                    0.069  0.081
          Probability RMSEA <= .05           0.000

CFI/TLI

          CFI                                0.971
          TLI                                0.960

Chi-Square Test of Model Fit for the Baseline Model

          Value                          15095.444
          Degrees of Freedom                    39
          P-Value                           0.0000

SRMR (Standardized Root Mean Square Residual)

          Value                              0.041



MODEL RESULTS

                                                    Two-Tailed
                    Estimate       S.E.  Est./S.E.    P-Value

 I        |
    SCI_07             1.000      0.000    999.000    999.000
    SCI_08             1.000      0.000    999.000    999.000
    SCI_09             1.000      0.000    999.000    999.000
    SCI_10             1.000      0.000    999.000    999.000
    SCI_11             1.000      0.000    999.000    999.000
    SCI_12             1.000      0.000    999.000    999.000

 S        |
    SCI_07             0.000      0.000    999.000    999.000
    SCI_08             0.248      0.008     30.095      0.000
    SCI_09             0.559      0.008     67.810      0.000
    SCI_10             0.748      0.008     98.215      0.000
    SCI_11             0.920      0.006    159.916      0.000
    SCI_12             1.000      0.000    999.000    999.000

 I        ON
    GENDER            -0.505      0.356     -1.420      0.156
    RURAL              1.627      0.385      4.230      0.000
    FATHED             1.324      0.174      7.623      0.000
    MOTHED             2.216      0.208     10.666      0.000

 S        ON
    GENDER            -0.049      0.337     -0.145      0.885
    RURAL              0.030      0.357      0.085      0.932
    FATHED             0.089      0.155      0.576      0.565
    MOTHED             0.492      0.187      2.638      0.008

 S        WITH
    I                  2.756      1.703      1.618      0.106

 Intercepts
    SCI_07             0.000      0.000    999.000    999.000
    SCI_08             0.000      0.000    999.000    999.000
    SCI_09             0.000      0.000    999.000    999.000
    SCI_10             0.000      0.000    999.000    999.000
    SCI_11             0.000      0.000    999.000    999.000
    SCI_12             0.000      0.000    999.000    999.000
    I                 41.894      0.557     75.167      0.000
    S                 11.639      0.536     21.735      0.000

 Residual Variances
    SCI_07            20.510      1.044     19.652      0.000
    SCI_08            17.576      0.819     21.450      0.000
    SCI_09            16.107      0.761     21.158      0.000
    SCI_10            13.109      0.690     18.998      0.000
    SCI_11             4.950      0.541      9.158      0.000
    SCI_12            12.643      1.060     11.925      0.000
    I                 77.189      2.231     34.596      0.000
    S                 48.103      2.501     19.237      0.000


QUALITY OF NUMERICAL RESULTS

     Condition Number for the Information Matrix              0.136E-04
       (ratio of smallest to largest eigenvalue)


STANDARDIZED MODEL RESULTS


STDYX Standardization

                                                    Two-Tailed
                    Estimate       S.E.  Est./S.E.    P-Value

 I        |
    SCI_07             0.901      0.005    179.079      0.000
    SCI_08             0.892      0.006    143.706      0.000
    SCI_09             0.842      0.008    102.706      0.000
    SCI_10             0.808      0.009     85.818      0.000
    SCI_11             0.787      0.011     73.412      0.000
    SCI_12             0.747      0.011     69.700      0.000

 S        |
    SCI_07             0.000      0.000    999.000    999.000
    SCI_08             0.163      0.007     23.213      0.000
    SCI_09             0.348      0.010     33.429      0.000
    SCI_10             0.446      0.012     37.347      0.000
    SCI_11             0.535      0.014     38.412      0.000
    SCI_12             0.552      0.013     41.546      0.000

 I        ON
    GENDER            -0.027      0.019     -1.422      0.155
    RURAL              0.080      0.019      4.232      0.000
    FATHED             0.176      0.023      7.650      0.000
    MOTHED             0.247      0.023     10.838      0.000

 S        ON
    GENDER            -0.003      0.024     -0.145      0.885
    RURAL              0.002      0.024      0.085      0.932
    FATHED             0.016      0.028      0.576      0.565
    MOTHED             0.074      0.028      2.651      0.008

 S        WITH
    I                  0.045      0.028      1.588      0.112

 Intercepts
    SCI_07             0.000      0.000    999.000    999.000
    SCI_08             0.000      0.000    999.000    999.000
    SCI_09             0.000      0.000    999.000    999.000
    SCI_10             0.000      0.000    999.000    999.000
    SCI_11             0.000      0.000    999.000    999.000
    SCI_12             0.000      0.000    999.000    999.000
    I                  4.445      0.095     46.946      0.000
    S                  1.672      0.095     17.596      0.000

 Residual Variances
    SCI_07             0.188      0.009     20.678      0.000
    SCI_08             0.157      0.008     20.974      0.000
    SCI_09             0.129      0.006     20.625      0.000
    SCI_10             0.096      0.005     18.750      0.000
    SCI_11             0.035      0.004      9.025      0.000
    SCI_12             0.079      0.006     12.255      0.000
    I                  0.869      0.014     63.998      0.000
    S                  0.993      0.004    244.666      0.000


STDY Standardization

                                                    Two-Tailed
                    Estimate       S.E.  Est./S.E.    P-Value

 I        |
    SCI_07             0.901      0.005    179.079      0.000
    SCI_08             0.892      0.006    143.706      0.000
    SCI_09             0.842      0.008    102.706      0.000
    SCI_10             0.808      0.009     85.818      0.000
    SCI_11             0.787      0.011     73.412      0.000
    SCI_12             0.747      0.011     69.700      0.000

 S        |
    SCI_07             0.000      0.000    999.000    999.000
    SCI_08             0.163      0.007     23.213      0.000
    SCI_09             0.348      0.010     33.429      0.000
    SCI_10             0.446      0.012     37.347      0.000
    SCI_11             0.535      0.014     38.412      0.000
    SCI_12             0.552      0.013     41.546      0.000

 I        ON
    GENDER            -0.054      0.038     -1.422      0.155
    RURAL              0.173      0.041      4.235      0.000
    FATHED             0.140      0.018      7.670      0.000
    MOTHED             0.235      0.021     10.945      0.000

 S        ON
    GENDER            -0.007      0.048     -0.145      0.885
    RURAL              0.004      0.051      0.085      0.932
    FATHED             0.013      0.022      0.576      0.565
    MOTHED             0.071      0.027      2.653      0.008

 S        WITH
    I                  0.045      0.028      1.588      0.112

 Intercepts
    SCI_07             0.000      0.000    999.000    999.000
    SCI_08             0.000      0.000    999.000    999.000
    SCI_09             0.000      0.000    999.000    999.000
    SCI_10             0.000      0.000    999.000    999.000
    SCI_11             0.000      0.000    999.000    999.000
    SCI_12             0.000      0.000    999.000    999.000
    I                  4.445      0.095     46.946      0.000
    S                  1.672      0.095     17.596      0.000

 Residual Variances
    SCI_07             0.188      0.009     20.678      0.000
    SCI_08             0.157      0.008     20.974      0.000
    SCI_09             0.129      0.006     20.625      0.000
    SCI_10             0.096      0.005     18.750      0.000
    SCI_11             0.035      0.004      9.025      0.000
    SCI_12             0.079      0.006     12.255      0.000
    I                  0.869      0.014     63.998      0.000
    S                  0.993      0.004    244.666      0.000


STD Standardization

                                                    Two-Tailed
                    Estimate       S.E.  Est./S.E.    P-Value

 I        |
    SCI_07             9.424      0.127     74.172      0.000
    SCI_08             9.424      0.127     74.172      0.000
    SCI_09             9.424      0.127     74.172      0.000
    SCI_10             9.424      0.127     74.172      0.000
    SCI_11             9.424      0.127     74.172      0.000
    SCI_12             9.424      0.127     74.172      0.000

 S        |
    SCI_07             0.000      0.000    999.000    999.000
    SCI_08             1.726      0.071     24.192      0.000
    SCI_09             3.892      0.114     34.217      0.000
    SCI_10             5.204      0.143     36.300      0.000
    SCI_11             6.406      0.173     37.117      0.000
    SCI_12             6.960      0.181     38.469      0.000

 I        ON
    GENDER            -0.054      0.038     -1.422      0.155
    RURAL              0.173      0.041      4.235      0.000
    FATHED             0.140      0.018      7.670      0.000
    MOTHED             0.235      0.021     10.945      0.000

 S        ON
    GENDER            -0.007      0.048     -0.145      0.885
    RURAL              0.004      0.051      0.085      0.932
    FATHED             0.013      0.022      0.576      0.565
    MOTHED             0.071      0.027      2.653      0.008

 S        WITH
    I                  0.045      0.028      1.588      0.112

 Intercepts
    SCI_07             0.000      0.000    999.000    999.000
    SCI_08             0.000      0.000    999.000    999.000
    SCI_09             0.000      0.000    999.000    999.000
    SCI_10             0.000      0.000    999.000    999.000
    SCI_11             0.000      0.000    999.000    999.000
    SCI_12             0.000      0.000    999.000    999.000
    I                  4.445      0.095     46.946      0.000
    S                  1.672      0.095     17.596      0.000

 Residual Variances
    SCI_07            20.510      1.044     19.652      0.000
    SCI_08            17.576      0.819     21.450      0.000
    SCI_09            16.107      0.761     21.158      0.000
    SCI_10            13.109      0.690     18.998      0.000
    SCI_11             4.950      0.541      9.158      0.000
    SCI_12            12.643      1.060     11.925      0.000
    I                  0.869      0.014     63.998      0.000
    S                  0.993      0.004    244.666      0.000


R-SQUARE

    Observed                                        Two-Tailed
    Variable        Estimate       S.E.  Est./S.E.    P-Value

    SCI_07             0.812      0.009     89.539      0.000
    SCI_08             0.843      0.008    112.275      0.000
    SCI_09             0.871      0.006    139.739      0.000
    SCI_10             0.904      0.005    175.659      0.000
    SCI_11             0.965      0.004    252.248      0.000
    SCI_12             0.921      0.006    142.001      0.000

     Latent                                         Two-Tailed
    Variable        Estimate       S.E.  Est./S.E.    P-Value

    I                  0.131      0.014      9.639      0.000
    S                  0.007      0.004      1.691      0.091


SAMPLE STATISTICS FOR ESTIMATED FACTOR SCORES


     SAMPLE STATISTICS


           Means
              I             I_SE          S             S_SE
              ________      ________      ________      ________
               50.889         2.880        13.024         4.060


           Covariances
              I             I_SE          S             S_SE
              ________      ________      ________      ________
 I             80.405
 I_SE          -0.144         0.117
 S             12.577        -0.052        30.890
 S_SE          -1.654         0.279        -0.326         1.060


           Correlations
              I             I_SE          S             S_SE
              ________      ________      ________      ________
 I              1.000
 I_SE          -0.047         1.000
 S              0.252        -0.027         1.000
 S_SE          -0.179         0.791        -0.057         1.000


PLOT INFORMATION

The following plots are available:

  Histograms (sample values, estimated factor scores, estimated values, residuals)
  Scatterplots (sample values, estimated factor scores, estimated values, residuals)
  Sample means
  Estimated means
  Sample and estimated means
  Adjusted estimated means
  Latent variable distribution plots
  Observed individual values
  Estimated individual values

     Beginning Time:  10:28:09
        Ending Time:  10:28:09
       Elapsed Time:  00:00:00



MUTHEN & MUTHEN
3463 Stoner Ave.
Los Angeles, CA  90066

Tel: (310) 391-9971
Fax: (310) 391-8971
Web: www.StatModel.com
Support: Support@StatModel.com

Copyright (c) 1998-2021 Muthen & Muthen
