Mplus VERSION 8.6 (Mac)
MUTHEN & MUTHEN
05/29/2021  10:31 AM

INPUT INSTRUCTIONS

  TITLE:
  m09 piecewise growth
  DATA:
  FILE = "/Users/agarber/github/NTNU-workshop/18-advanced-growth/mplus_files/LSAY.dat";

  VARIABLE:
  NAMES = rural gender fathed mothed math_07 math_08 math_09 math_10 math_11 math_12
       sci_07 sci_08 sci_09 sci_10 sci_11 sci_12;
   MISSING=.;
   usevar =
       sci_07-sci_12 mothed;
  ANALYSIS:
  estimator = MLR
  MODEL:
  i1 s1 | sci_07@0 sci_08@1 sci_09@2 sci_10@2 sci_11@2 sci_12@2;
        s2 by sci_07@0 sci_08@0 sci_09@0 sci_10@1 sci_11@2 sci_12@3;

      i1 s1 s2 on mothed;
  OUTPUT:
  sampstat standardized;
  PLOT:
  type=plot3;
            series = sci_07-sci_12(*)



*** WARNING
  Data set contains cases with missing on all variables.
  These cases were not included in the analysis.
  Number of cases with missing on all variables:  8
*** WARNING
  Data set contains cases with missing on x-variables.
  These cases were not included in the analysis.
  Number of cases with missing on x-variables:  132
*** WARNING
  Data set contains cases with missing on all variables except
  x-variables.  These cases were not included in the analysis.
  Number of cases with missing on all variables except x-variables:  71
   3 WARNING(S) FOUND IN THE INPUT INSTRUCTIONS




m09 piecewise growth

SUMMARY OF ANALYSIS

Number of groups                                                 1
Number of observations                                        5734

Number of dependent variables                                    6
Number of independent variables                                  1
Number of continuous latent variables                            3

Observed dependent variables

  Continuous
   SCI_07      SCI_08      SCI_09      SCI_10      SCI_11      SCI_12

Observed independent variables
   MOTHED

Continuous latent variables
   S2          I1          S1


Estimator                                                      MLR
Information matrix                                        OBSERVED
Maximum number of iterations                                  1000
Convergence criterion                                    0.500D-04
Maximum number of steepest descent iterations                   20
Maximum number of iterations for H1                           2000
Convergence criterion for H1                             0.100D-03

Input data file(s)
  /Users/agarber/github/NTNU-workshop/18-advanced-growth/mplus_files/LSAY.dat

Input data format  FREE


SUMMARY OF DATA

     Number of missing data patterns            24


COVARIANCE COVERAGE OF DATA

Minimum covariance coverage value   0.100


     PROPORTION OF DATA PRESENT


           Covariance Coverage
              SCI_07        SCI_08        SCI_09        SCI_10        SCI_11
              ________      ________      ________      ________      ________
 SCI_07         0.526
 SCI_08         0.474         0.475
 SCI_09         0.466         0.466         0.466
 SCI_10         0.455         0.445         0.445         0.925
 SCI_11         0.388         0.380         0.380         0.759         0.764
 SCI_12         0.330         0.323         0.323         0.686         0.686
 MOTHED         0.526         0.475         0.466         0.925         0.764


           Covariance Coverage
              SCI_12        MOTHED
              ________      ________
 SCI_12         0.691
 MOTHED         0.691         1.000


SAMPLE STATISTICS


     ESTIMATED SAMPLE STATISTICS


           Means
              SCI_07        SCI_08        SCI_09        SCI_10        SCI_11
              ________      ________      ________      ________      ________
               50.305        53.641        57.799        59.941        62.648


           Means
              SCI_12        MOTHED
              ________      ________
               64.126         2.346


           Covariances
              SCI_07        SCI_08        SCI_09        SCI_10        SCI_11
              ________      ________      ________      ________      ________
 SCI_07        97.489
 SCI_08        83.938       111.239
 SCI_09        79.547        97.189       113.841
 SCI_10        80.905        95.073       103.568       120.230
 SCI_11        81.608        95.426       105.193       112.214       129.493
 SCI_12        82.163        94.467       103.576       110.484       124.790
 MOTHED         2.991         2.866         2.793         3.125         3.200


           Covariances
              SCI_12        MOTHED
              ________      ________
 SCI_12       137.223
 MOTHED         3.281         1.069


           Correlations
              SCI_07        SCI_08        SCI_09        SCI_10        SCI_11
              ________      ________      ________      ________      ________
 SCI_07         1.000
 SCI_08         0.806         1.000
 SCI_09         0.755         0.864         1.000
 SCI_10         0.747         0.822         0.885         1.000
 SCI_11         0.726         0.795         0.866         0.899         1.000
 SCI_12         0.710         0.765         0.829         0.860         0.936
 MOTHED         0.293         0.263         0.253         0.276         0.272


           Correlations
              SCI_12        MOTHED
              ________      ________
 SCI_12         1.000
 MOTHED         0.271         1.000


     MAXIMUM LOG-LIKELIHOOD VALUE FOR THE UNRESTRICTED (H1) MODEL IS -78791.103


UNIVARIATE SAMPLE STATISTICS


     UNIVARIATE HIGHER-ORDER MOMENT DESCRIPTIVE STATISTICS

         Variable/         Mean/     Skewness/   Minimum/ % with                Percentiles
        Sample Size      Variance    Kurtosis    Maximum  Min/Max      20%/60%    40%/80%    Median

     SCI_07               50.501       0.184      26.140    0.03%      41.080     47.300     50.190
            3014.000     104.273      -0.452      88.030    0.03%      53.050     59.390
     SCI_08               54.038      -0.143      22.820    0.04%      43.880     51.570     54.540
            2725.000     121.055      -0.642      83.940    0.04%      57.810     63.990
     SCI_09               58.467      -0.307      27.360    0.04%      48.550     56.760     59.955
            2674.000     123.205      -0.436      91.210    0.04%      62.560     67.930
     SCI_10               60.249      -0.127      26.970    0.02%      50.590     57.610     60.705
            5302.000     118.032      -0.421      91.330    0.02%      63.590     69.850
     SCI_11               63.644      -0.295      24.440    0.02%      54.180     61.510     64.380
            4380.000     125.946      -0.249      93.130    0.02%      67.100     73.420
     SCI_12               65.536      -0.358      25.060    0.03%      56.530     63.410     66.120
            3961.000     131.149       0.034      95.560    0.03%      68.710     75.290
     MOTHED                2.346       1.042       1.000   14.70%       2.000      2.000      2.000
            5734.000       1.069       0.477       5.000    5.20%       2.000      3.000


THE MODEL ESTIMATION TERMINATED NORMALLY



MODEL FIT INFORMATION

Number of Free Parameters                       17

Loglikelihood

          H0 Value                      -70812.833
          H0 Scaling Correction Factor      1.3695
            for MLR
          H1 Value                      -70464.318
          H1 Scaling Correction Factor      1.2350
            for MLR

Information Criteria

          Akaike (AIC)                  141659.667
          Bayesian (BIC)                141772.788
          Sample-Size Adjusted BIC      141718.767
            (n* = (n + 2) / 24)

Chi-Square Test of Model Fit

          Value                            638.172*
          Degrees of Freedom                    16
          P-Value                           0.0000
          Scaling Correction Factor         1.0922
            for MLR

*   The chi-square value for MLM, MLMV, MLR, ULSMV, WLSM and WLSMV cannot be used
    for chi-square difference testing in the regular way.  MLM, MLR and WLSM
    chi-square difference testing is described on the Mplus website.  MLMV, WLSMV,
    and ULSMV difference testing is done using the DIFFTEST option.

RMSEA (Root Mean Square Error Of Approximation)

          Estimate                           0.082
          90 Percent C.I.                    0.077  0.088
          Probability RMSEA <= .05           0.000

CFI/TLI

          CFI                                0.968
          TLI                                0.958

Chi-Square Test of Model Fit for the Baseline Model

          Value                          19285.562
          Degrees of Freedom                    21
          P-Value                           0.0000

SRMR (Standardized Root Mean Square Residual)

          Value                              0.080



MODEL RESULTS

                                                    Two-Tailed
                    Estimate       S.E.  Est./S.E.    P-Value

 I1       |
    SCI_07             1.000      0.000    999.000    999.000
    SCI_08             1.000      0.000    999.000    999.000
    SCI_09             1.000      0.000    999.000    999.000
    SCI_10             1.000      0.000    999.000    999.000
    SCI_11             1.000      0.000    999.000    999.000
    SCI_12             1.000      0.000    999.000    999.000

 S1       |
    SCI_07             0.000      0.000    999.000    999.000
    SCI_08             1.000      0.000    999.000    999.000
    SCI_09             2.000      0.000    999.000    999.000
    SCI_10             2.000      0.000    999.000    999.000
    SCI_11             2.000      0.000    999.000    999.000
    SCI_12             2.000      0.000    999.000    999.000

 S2       BY
    SCI_07             0.000      0.000    999.000    999.000
    SCI_08             0.000      0.000    999.000    999.000
    SCI_09             0.000      0.000    999.000    999.000
    SCI_10             1.000      0.000    999.000    999.000
    SCI_11             2.000      0.000    999.000    999.000
    SCI_12             3.000      0.000    999.000    999.000

 I1       ON
    MOTHED             2.734      0.154     17.762      0.000

 S1       ON
    MOTHED            -0.320      0.061     -5.213      0.000

 S2       ON
    MOTHED             0.782      0.016     49.394      0.000

 I1       WITH
    S2                 0.263      0.446      0.591      0.555

 S1       WITH
    S2                -0.928      0.240     -3.865      0.000
    I1                -1.345      0.859     -1.567      0.117

 Intercepts
    SCI_07             0.000      0.000    999.000    999.000
    SCI_08             0.000      0.000    999.000    999.000
    SCI_09             0.000      0.000    999.000    999.000
    SCI_10             0.000      0.000    999.000    999.000
    SCI_11             0.000      0.000    999.000    999.000
    SCI_12             0.000      0.000    999.000    999.000
    I1                43.876      0.377    116.512      0.000
    S1                 4.709      0.155     30.425      0.000

 Residual Variances
    SCI_07            14.476      1.458      9.926      0.000
    SCI_08            18.168      0.777     23.373      0.000
    SCI_09             8.080      0.797     10.142      0.000
    SCI_10            14.827      0.627     23.632      0.000
    SCI_11             8.464      0.375     22.560      0.000
    SCI_12             6.247      0.702      8.900      0.000
    S2                 3.960      0.219     18.050      0.000
    I1                76.264      2.120     35.975      0.000
    S1                 7.231      0.566     12.784      0.000


QUALITY OF NUMERICAL RESULTS

     Condition Number for the Information Matrix              0.501E-04
       (ratio of smallest to largest eigenvalue)


STANDARDIZED MODEL RESULTS


STDYX Standardization

                                                    Two-Tailed
                    Estimate       S.E.  Est./S.E.    P-Value

 I1       |
    SCI_07             0.924      0.008    118.474      0.000
    SCI_08             0.895      0.008    118.250      0.000
    SCI_09             0.865      0.011     76.367      0.000
    SCI_10             0.823      0.010     80.011      0.000
    SCI_11             0.799      0.010     77.701      0.000
    SCI_12             0.742      0.010     72.310      0.000

 S1       |
    SCI_07             0.000      0.000    999.000    999.000
    SCI_08             0.264      0.010     25.605      0.000
    SCI_09             0.511      0.020     25.329      0.000
    SCI_10             0.486      0.019     25.517      0.000
    SCI_11             0.472      0.019     25.273      0.000
    SCI_12             0.438      0.018     24.841      0.000

 S2       BY
    SCI_07             0.000      0.000    999.000    999.000
    SCI_08             0.000      0.000    999.000    999.000
    SCI_09             0.000      0.000    999.000    999.000
    SCI_10             0.193      0.005     39.040      0.000
    SCI_11             0.374      0.009     39.646      0.000
    SCI_12             0.521      0.013     39.955      0.000

 I1       ON
    MOTHED             0.308      0.017     18.227      0.000

 S1       ON
    MOTHED            -0.122      0.023     -5.272      0.000

 S2       ON
    MOTHED             0.376      0.012     31.625      0.000

 I1       WITH
    S2                 0.015      0.026      0.590      0.555

 S1       WITH
    S2                -0.173      0.040     -4.362      0.000
    I1                -0.057      0.034     -1.662      0.097

 Intercepts
    SCI_07             0.000      0.000    999.000    999.000
    SCI_08             0.000      0.000    999.000    999.000
    SCI_09             0.000      0.000    999.000    999.000
    SCI_10             0.000      0.000    999.000    999.000
    SCI_11             0.000      0.000    999.000    999.000
    SCI_12             0.000      0.000    999.000    999.000
    I1                 4.780      0.082     58.262      0.000
    S1                 1.738      0.084     20.617      0.000

 Residual Variances
    SCI_07             0.147      0.014     10.178      0.000
    SCI_08             0.173      0.007     25.038      0.000
    SCI_09             0.072      0.007     10.419      0.000
    SCI_10             0.119      0.005     23.763      0.000
    SCI_11             0.064      0.003     21.196      0.000
    SCI_12             0.041      0.004      9.091      0.000
    S2                 0.858      0.009     95.749      0.000
    I1                 0.905      0.010     87.005      0.000
    S1                 0.985      0.006    174.401      0.000


STDY Standardization

                                                    Two-Tailed
                    Estimate       S.E.  Est./S.E.    P-Value

 I1       |
    SCI_07             0.924      0.008    118.474      0.000
    SCI_08             0.895      0.008    118.250      0.000
    SCI_09             0.865      0.011     76.367      0.000
    SCI_10             0.823      0.010     80.011      0.000
    SCI_11             0.799      0.010     77.701      0.000
    SCI_12             0.742      0.010     72.310      0.000

 S1       |
    SCI_07             0.000      0.000    999.000    999.000
    SCI_08             0.264      0.010     25.605      0.000
    SCI_09             0.511      0.020     25.329      0.000
    SCI_10             0.486      0.019     25.517      0.000
    SCI_11             0.472      0.019     25.273      0.000
    SCI_12             0.438      0.018     24.841      0.000

 S2       BY
    SCI_07             0.000      0.000    999.000    999.000
    SCI_08             0.000      0.000    999.000    999.000
    SCI_09             0.000      0.000    999.000    999.000
    SCI_10             0.193      0.005     39.040      0.000
    SCI_11             0.374      0.009     39.646      0.000
    SCI_12             0.521      0.013     39.955      0.000

 I1       ON
    MOTHED             0.298      0.016     18.498      0.000

 S1       ON
    MOTHED            -0.118      0.022     -5.280      0.000

 S2       ON
    MOTHED             0.364      0.011     32.924      0.000

 I1       WITH
    S2                 0.015      0.026      0.590      0.555

 S1       WITH
    S2                -0.173      0.040     -4.362      0.000
    I1                -0.057      0.034     -1.662      0.097

 Intercepts
    SCI_07             0.000      0.000    999.000    999.000
    SCI_08             0.000      0.000    999.000    999.000
    SCI_09             0.000      0.000    999.000    999.000
    SCI_10             0.000      0.000    999.000    999.000
    SCI_11             0.000      0.000    999.000    999.000
    SCI_12             0.000      0.000    999.000    999.000
    I1                 4.780      0.082     58.262      0.000
    S1                 1.738      0.084     20.617      0.000

 Residual Variances
    SCI_07             0.147      0.014     10.178      0.000
    SCI_08             0.173      0.007     25.038      0.000
    SCI_09             0.072      0.007     10.419      0.000
    SCI_10             0.119      0.005     23.763      0.000
    SCI_11             0.064      0.003     21.196      0.000
    SCI_12             0.041      0.004      9.091      0.000
    S2                 0.858      0.009     95.749      0.000
    I1                 0.905      0.010     87.005      0.000
    S1                 0.985      0.006    174.401      0.000


STD Standardization

                                                    Two-Tailed
                    Estimate       S.E.  Est./S.E.    P-Value

 I1       |
    SCI_07             9.179      0.120     76.620      0.000
    SCI_08             9.179      0.120     76.620      0.000
    SCI_09             9.179      0.120     76.620      0.000
    SCI_10             9.179      0.120     76.620      0.000
    SCI_11             9.179      0.120     76.620      0.000
    SCI_12             9.179      0.120     76.620      0.000

 S1       |
    SCI_07             0.000      0.000    999.000    999.000
    SCI_08             2.709      0.105     25.711      0.000
    SCI_09             5.419      0.211     25.711      0.000
    SCI_10             5.419      0.211     25.711      0.000
    SCI_11             5.419      0.211     25.711      0.000
    SCI_12             5.419      0.211     25.711      0.000

 S2       BY
    SCI_07             0.000      0.000    999.000    999.000
    SCI_08             0.000      0.000    999.000    999.000
    SCI_09             0.000      0.000    999.000    999.000
    SCI_10             2.148      0.051     42.000      0.000
    SCI_11             4.296      0.102     42.000      0.000
    SCI_12             6.444      0.153     42.000      0.000

 I1       ON
    MOTHED             0.298      0.016     18.498      0.000

 S1       ON
    MOTHED            -0.118      0.022     -5.280      0.000

 S2       ON
    MOTHED             0.364      0.011     32.924      0.000

 I1       WITH
    S2                 0.015      0.026      0.590      0.555

 S1       WITH
    S2                -0.173      0.040     -4.362      0.000
    I1                -0.057      0.034     -1.662      0.097

 Intercepts
    SCI_07             0.000      0.000    999.000    999.000
    SCI_08             0.000      0.000    999.000    999.000
    SCI_09             0.000      0.000    999.000    999.000
    SCI_10             0.000      0.000    999.000    999.000
    SCI_11             0.000      0.000    999.000    999.000
    SCI_12             0.000      0.000    999.000    999.000
    I1                 4.780      0.082     58.262      0.000
    S1                 1.738      0.084     20.617      0.000

 Residual Variances
    SCI_07            14.476      1.458      9.926      0.000
    SCI_08            18.168      0.777     23.373      0.000
    SCI_09             8.080      0.797     10.142      0.000
    SCI_10            14.827      0.627     23.632      0.000
    SCI_11             8.464      0.375     22.560      0.000
    SCI_12             6.247      0.702      8.900      0.000
    S2                 0.858      0.009     95.749      0.000
    I1                 0.905      0.010     87.005      0.000
    S1                 0.985      0.006    174.401      0.000


R-SQUARE

    Observed                                        Two-Tailed
    Variable        Estimate       S.E.  Est./S.E.    P-Value

    SCI_07             0.853      0.014     59.237      0.000
    SCI_08             0.827      0.007    119.940      0.000
    SCI_09             0.928      0.007    134.740      0.000
    SCI_10             0.881      0.005    175.379      0.000
    SCI_11             0.936      0.003    309.486      0.000
    SCI_12             0.959      0.004    213.889      0.000

     Latent                                         Two-Tailed
    Variable        Estimate       S.E.  Est./S.E.    P-Value

    S2                 0.142      0.009     15.812      0.000
    I1                 0.095      0.010      9.114      0.000
    S1                 0.015      0.006      2.636      0.008


SAMPLE STATISTICS FOR ESTIMATED FACTOR SCORES


     SAMPLE STATISTICS


           Means
              S2            S2_SE         I1            I1_SE         S1
              ________      ________      ________      ________      ________
                1.965         1.413        50.300         3.962         3.928


           Means
              S1_SE
              ________
                2.080


           Covariances
              S2            S2_SE         I1            I1_SE         S1
              ________      ________      ________      ________      ________
 S2             1.998
 S2_SE         -0.014         0.124
 I1             2.832        -0.574        67.058
 I1_SE          0.111         0.189        -0.153         1.385
 S1            -0.159        -0.063         4.065        -0.052         2.816
 S1_SE          0.033         0.080        -0.130         0.410        -0.024


           Covariances
              S1_SE
              ________
 S1_SE          0.149


           Correlations
              S2            S2_SE         I1            I1_SE         S1
              ________      ________      ________      ________      ________
 S2             1.000
 S2_SE         -0.029         1.000
 I1             0.245        -0.199         1.000
 I1_SE          0.067         0.456        -0.016         1.000
 S1            -0.067        -0.107         0.296        -0.026         1.000
 S1_SE          0.060         0.588        -0.041         0.902        -0.037


           Correlations
              S1_SE
              ________
 S1_SE          1.000


PLOT INFORMATION

The following plots are available:

  Histograms (sample values, estimated factor scores, estimated values, residuals)
  Scatterplots (sample values, estimated factor scores, estimated values, residuals)
  Sample means
  Estimated means
  Sample and estimated means
  Adjusted estimated means
  Latent variable distribution plots
  Observed individual values
  Estimated individual values

     Beginning Time:  10:31:08
        Ending Time:  10:31:08
       Elapsed Time:  00:00:00



MUTHEN & MUTHEN
3463 Stoner Ave.
Los Angeles, CA  90066

Tel: (310) 391-9971
Fax: (310) 391-8971
Web: www.StatModel.com
Support: Support@StatModel.com

Copyright (c) 1998-2021 Muthen & Muthen
