Mplus VERSION 8.6 (Mac)
MUTHEN & MUTHEN
05/29/2021  11:56 AM

INPUT INSTRUCTIONS

  TITLE:
  DU3STEP add distal GPA
  DATA:
  FILE = "/Users/agarber/github/NTNU-workshop/20-three-step/du3step_mplus/lca_du3step.dat";

  VARIABLE:
  NAMES = lieexam liepaper fraud copyexam gpa;
   MISSING=.;
   categorical = lieexam-copyexam;
      usevar = lieexam-copyexam;
      auxiliary = gpa (du3step);
      classes = c(2);
  ANALYSIS:
  estimator = mlr;
      type = mixture;
      starts = 500 100;
      processors = 10;
  OUTPUT:
  sampstat patterns tech11 tech14;
  PLOT:
  type = plot3;
       series = lieexam-copyexam(*);



*** WARNING in OUTPUT command
  SAMPSTAT option is not available when all outcomes are censored, ordered
  categorical, unordered categorical (nominal), count or continuous-time
  survival variables.  Request for SAMPSTAT is ignored.
   1 WARNING(S) FOUND IN THE INPUT INSTRUCTIONS




DU3STEP add distal GPA

SUMMARY OF ANALYSIS

Number of groups                                                 1
Number of observations                                         319

Number of dependent variables                                    4
Number of independent variables                                  0
Number of continuous latent variables                            0
Number of categorical latent variables                           1

Observed dependent variables

  Binary and ordered categorical (ordinal)
   LIEEXAM     LIEPAPER    FRAUD       COPYEXAM

Observed auxiliary variables
   GPA

Categorical latent variables
   C


Estimator                                                      MLR
Information matrix                                        OBSERVED
Optimization Specifications for the Quasi-Newton Algorithm for
Continuous Outcomes
  Maximum number of iterations                                 100
  Convergence criterion                                  0.100D-05
Optimization Specifications for the EM Algorithm
  Maximum number of iterations                                 500
  Convergence criteria
    Loglikelihood change                                 0.100D-06
    Relative loglikelihood change                        0.100D-06
    Derivative                                           0.100D-05
Optimization Specifications for the M step of the EM Algorithm for
Categorical Latent variables
  Number of M step iterations                                    1
  M step convergence criterion                           0.100D-05
  Basis for M step termination                           ITERATION
Optimization Specifications for the M step of the EM Algorithm for
Censored, Binary or Ordered Categorical (Ordinal), Unordered
Categorical (Nominal) and Count Outcomes
  Number of M step iterations                                    1
  M step convergence criterion                           0.100D-05
  Basis for M step termination                           ITERATION
  Maximum value for logit thresholds                            15
  Minimum value for logit thresholds                           -15
  Minimum expected cell size for chi-square              0.100D-01
Maximum number of iterations for H1                           2000
Convergence criterion for H1                             0.100D-03
Optimization algorithm                                         EMA
Random Starts Specifications
  Number of initial stage random starts                        500
  Number of final stage optimizations                          100
  Number of initial stage iterations                            10
  Initial stage convergence criterion                    0.100D+01
  Random starts scale                                    0.500D+01
  Random seed for generating random starts                       0
Link                                                         LOGIT

Input data file(s)
  /Users/agarber/github/NTNU-workshop/20-three-step/du3step_mplus/lca_du3step.da
Input data format  FREE


SUMMARY OF DATA

     Number of missing data patterns             1
     Number of y missing data patterns           0
     Number of u missing data patterns           1


SUMMARY OF MISSING DATA PATTERNS


COVARIANCE COVERAGE OF DATA

Minimum covariance coverage value   0.100


UNIVARIATE PROPORTIONS AND COUNTS FOR CATEGORICAL VARIABLES

    LIEEXAM
      Category 1    0.893          285.000
      Category 2    0.107           34.000
    LIEPAPER
      Category 1    0.881          281.000
      Category 2    0.119           38.000
    FRAUD
      Category 1    0.934          298.000
      Category 2    0.066           21.000
    COPYEXAM
      Category 1    0.787          251.000
      Category 2    0.213           68.000


RANDOM STARTS RESULTS RANKED FROM THE BEST TO THE WORST LOGLIKELIHOOD VALUES

Final stage loglikelihood values at local maxima, seeds, and initial stage start numbers:

            -440.027  782821           272
            -440.027  900268           327
            -440.027  182524           373
            -440.027  887676           22
            -440.027  314084           81
            -440.027  829540           324
            -440.027  39136            226
            -440.027  836066           372
            -440.027  458181           189
            -440.027  533738           11
            -440.027  195873           6
            -440.027  136842           58
            -440.027  85734            411
            -440.027  863094           147
            -440.027  662718           460
            -440.027  484406           421
            -440.027  794236           127
            -440.027  509733           130
            -440.027  514326           325
            -440.027  617243           237
            -440.027  402224           91
            -440.027  51375            148
            -440.027  741888           138
            -440.027  476498           179
            -440.027  644297           340
            -440.027  349360           464
            -440.027  608460           244
            -440.027  871851           257
            -440.027  561664           392
            -440.027  97158            205
            -440.027  714455           476
            -440.027  193042           316
            -440.027  374219           353
            -440.027  582296           452
            -440.027  926797           406
            -440.027  860102           495
            -440.027  422103           62
            -440.027  438144           271
            -440.027  345726           461
            -440.027  534483           290
            -440.027  840078           203
            -440.027  246575           291
            -440.027  930872           277
            -440.027  669634           335
            -440.027  783102           433
            -440.027  937225           394
            -440.027  227563           63
            -440.027  89970            223
            -440.027  321390           133
            -440.027  146900           391
            -440.027  783110           72
            -440.027  573096           20
            -440.027  625191           350
            -440.027  1548             384
            -440.027  902278           21
            -440.027  879338           309
            -440.027  137305           379
            -440.027  85114            385
            -440.027  68985            17
            -440.027  580405           286
            -440.027  153394           429
            -440.027  264081           186
            -440.027  383986           159
            -440.027  467339           66
            -440.027  21345            199
            -440.027  479273           156
            -440.027  123985           248
            -440.027  915642           40
            -440.027  569131           26
            -440.027  66276            217
            -440.027  317640           437
            -440.027  220454           288
            -440.027  567165           319
            -440.027  637345           19
            -440.027  120506           45
            -440.027  788796           145
            -440.027  414284           158
            -440.027  823392           479
            -440.027  70118            104
            -440.027  263268           165
            -440.027  471438           252
            -440.027  898745           466
            -440.027  762461           425
            -440.027  371246           101
            -440.027  784664           75
            -440.027  748692           204
            -440.027  354624           448
            -440.027  393232           152
            -440.027  992389           77
            -440.027  931874           141
            -440.027  188640           451
            -440.027  529496           343
            -440.027  217130           443
            -440.027  484501           163
            -440.027  264935           281
            -440.027  73576            213
            -440.027  957392           79
            -440.027  665121           417
            -440.027  416250           390
            -440.027  978061           488



THE BEST LOGLIKELIHOOD VALUE HAS BEEN REPLICATED.  RERUN WITH AT LEAST TWICE THE
RANDOM STARTS TO CHECK THAT THE BEST LOGLIKELIHOOD IS STILL OBTAINED AND REPLICATED.


THE MODEL ESTIMATION TERMINATED NORMALLY



MODEL FIT INFORMATION

Number of Free Parameters                        9

Loglikelihood

          H0 Value                        -440.027
          H0 Scaling Correction Factor      1.0113
            for MLR

Information Criteria

          Akaike (AIC)                     898.054
          Bayesian (BIC)                   931.941
          Sample-Size Adjusted BIC         903.395
            (n* = (n + 2) / 24)

Chi-Square Test of Model Fit for the Binary and Ordered Categorical
(Ordinal) Outcomes

          Pearson Chi-Square

          Value                              8.323
          Degrees of Freedom                     6
          P-Value                           0.2154

          Likelihood Ratio Chi-Square

          Value                              7.764
          Degrees of Freedom                     6
          P-Value                           0.2559



FINAL CLASS COUNTS AND PROPORTIONS FOR THE LATENT CLASSES
BASED ON THE ESTIMATED MODEL

    Latent
   Classes

       1         51.22061          0.16057
       2        267.77939          0.83943


FINAL CLASS COUNTS AND PROPORTIONS FOR THE LATENT CLASSES
BASED ON ESTIMATED POSTERIOR PROBABILITIES

    Latent
   Classes

       1         51.22061          0.16057
       2        267.77939          0.83943


FINAL CLASS COUNTS AND PROPORTIONS FOR THE LATENT CLASSES
BASED ON THEIR MOST LIKELY LATENT CLASS MEMBERSHIP

Class Counts and Proportions

    Latent
   Classes

       1               54          0.16928
       2              265          0.83072


CLASSIFICATION QUALITY

     Entropy                         0.737


Average Latent Class Probabilities for Most Likely Latent Class Membership (Row)
by Latent Class (Column)

           1        2

    1   0.775    0.225
    2   0.035    0.965


Classification Probabilities for the Most Likely Latent Class Membership (Column)
by Latent Class (Row)

           1        2

    1   0.818    0.182
    2   0.045    0.955


Logits for the Classification Probabilities for the Most Likely Latent Class Membership (Column)
by Latent Class (Row)

              1        2

    1      1.500    0.000
    2     -3.049    0.000


MODEL RESULTS

                                                    Two-Tailed
                    Estimate       S.E.  Est./S.E.    P-Value

Latent Class 1

 Thresholds
    LIEEXAM$1         -0.310      0.713     -0.435      0.664
    LIEPAPER$1        -0.360      0.696     -0.518      0.605
    FRAUD$1            1.289      0.531      2.425      0.015
    COPYEXAM$1         0.505      0.465      1.085      0.278

Latent Class 2

 Thresholds
    LIEEXAM$1          4.081      1.738      2.347      0.019
    LIEPAPER$1         3.503      1.058      3.311      0.001
    FRAUD$1            3.256      0.433      7.514      0.000
    COPYEXAM$1         1.503      0.179      8.416      0.000

Categorical Latent Variables

 Means
    C#1               -1.654      0.565     -2.926      0.003


QUALITY OF NUMERICAL RESULTS

     Condition Number for the Information Matrix              0.607E-02
       (ratio of smallest to largest eigenvalue)


RESULTS IN PROBABILITY SCALE

                                                    Two-Tailed
                    Estimate       S.E.  Est./S.E.    P-Value

Latent Class 1

 LIEEXAM
    Category 1         0.423      0.174      2.431      0.015
    Category 2         0.577      0.174      3.315      0.001
 LIEPAPER
    Category 1         0.411      0.168      2.441      0.015
    Category 2         0.589      0.168      3.499      0.000
 FRAUD
    Category 1         0.784      0.090      8.709      0.000
    Category 2         0.216      0.090      2.400      0.016
 COPYEXAM
    Category 1         0.624      0.109      5.710      0.000
    Category 2         0.376      0.109      3.446      0.001

Latent Class 2

 LIEEXAM
    Category 1         0.983      0.028     34.624      0.000
    Category 2         0.017      0.028      0.585      0.559
 LIEPAPER
    Category 1         0.971      0.030     32.342      0.000
    Category 2         0.029      0.030      0.974      0.330
 FRAUD
    Category 1         0.963      0.015     62.196      0.000
    Category 2         0.037      0.015      2.396      0.017
 COPYEXAM
    Category 1         0.818      0.027     30.769      0.000
    Category 2         0.182      0.027      6.844      0.000


LATENT CLASS INDICATOR ODDS RATIOS FOR THE LATENT CLASSES

                                                95% C.I.
                    Estimate       S.E.  Lower 2.5% Upper 2.5%

Latent Class 1 Compared to Latent Class 2

 LIEEXAM
    Category > 1      80.716    130.682      3.379   1927.993
 LIEPAPER
    Category > 1      47.616     49.118      6.305    359.595
 FRAUD
    Category > 1       7.153      5.068      1.784     28.677
 COPYEXAM
    Category > 1       2.713      1.403      0.985      7.476


EQUALITY TESTS OF MEANS ACROSS CLASSES USING THE 3-STEP PROCEDURE
WITH 1 DEGREE(S) OF FREEDOM FOR THE OVERALL TEST

GPA
                          Mean       S.E.

  Class 1                1.355      0.107
  Class 2                2.520      0.082

                    Chi-Square     P-Value

  Overall test          69.774      0.000

  Final Class Counts and Proportions for the Latent Class Patterns
  Based On Estimated Posterior Probabilities for GPA:  Step 1 vs. Step 3

    Latent
   Classes             Step 1                     Step 3

       1         51.22061   0.16057         52.14032   0.16552
       2        267.77939   0.83943        262.85968   0.83448

  Classification Probabilities for the Step 1 Most Likely Latent Class Membership (Row)
  by Step 3 Most Likely Latent Class Membership (Column) for GPA

           1        2

    1   0.815    0.185
    2   0.000    1.000



TECHNICAL 11 OUTPUT

     Random Starts Specifications for the k-1 Class Analysis Model
        Number of initial stage random starts                 500
        Number of final stage optimizations                   100



     VUONG-LO-MENDELL-RUBIN LIKELIHOOD RATIO TEST FOR 1 (H0) VERSUS 2 CLASSES

          H0 Loglikelihood Value                         -467.438
          2 Times the Loglikelihood Difference             54.822
          Difference in the Number of Parameters                5
          Mean                                              5.308
          Standard Deviation                                5.063
          P-Value                                          0.0000

     LO-MENDELL-RUBIN ADJUSTED LRT TEST

          Value                                            52.984
          P-Value                                          0.0000


TECHNICAL 14 OUTPUT

     Random Starts Specifications for the k-1 Class Analysis Model
        Number of initial stage random starts                 500
        Number of final stage optimizations                   100

     Random Starts Specification for the k-1 Class Model for Generated Data
        Number of initial stage random starts                   0
        Number of final stage optimizations for the
           initial stage random starts                          0
     Random Starts Specification for the k Class Model for Generated Data
        Number of initial stage random starts                  40
        Number of final stage optimizations                     8
     Number of bootstrap draws requested                   Varies


     PARAMETRIC BOOTSTRAPPED LIKELIHOOD RATIO TEST FOR 1 (H0) VERSUS 2 CLASSES

          H0 Loglikelihood Value                         -467.438
          2 Times the Loglikelihood Difference             54.822
          Difference in the Number of Parameters                5
          Approximate P-Value                              0.0000
          Successful Bootstrap Draws                           10


PLOT INFORMATION

The following plots are available:

  Histograms (sample values)
  Scatterplots (sample values)
  Sample proportions and estimated probabilities

     Beginning Time:  11:56:07
        Ending Time:  11:56:07
       Elapsed Time:  00:00:00



MUTHEN & MUTHEN
3463 Stoner Ave.
Los Angeles, CA  90066

Tel: (310) 391-9971
Fax: (310) 391-8971
Web: www.StatModel.com
Support: Support@StatModel.com

Copyright (c) 1998-2021 Muthen & Muthen
