Mplus VERSION 8.4 (Mac)
MUTHEN & MUTHEN
06/13/2020  12:33 PM

INPUT INSTRUCTIONS

  TITLE:
  T2RILTA - vary n-size
  MONTECARLO:
  NAMES = u11-u15 u21-u25;
  GENERATE = u11-u15 u21-u25(1);
  CATEGORICAL = u11-u15 u21-u25;
  GENCLASSES = c1(2) c2(2);
  CLASSES = c1(2) c2(2);
  NOBSERVATIONS = 1000;
  SEED = 3252020;
  	NREPS = 5; !rep number reduced for demo (real sim use 500,1000)
   repsave = all;
   save = 2_t2n500rep*.dat;
   RESULTS = t2results2.csv;
  MODEL POPULATION:
  %OVERALL%

        [c1#1-c2#1*0];
        c2#1 on c1#1*0.5;

        f by u11-u15*2 (p1-p5)
             u21-u25*2 (p1-p5);

      	f@1; [f@0]; ! set factor variance to 1 and mean to 0

    MODEL POPULATION-c1:
        %c1#1%
        [u11$1*1] (p111); [u12$1*1] (p211); [u13$1*1] (p311);
        [u14$1*1] (p411); [u15$1*1] (p511);
      	%c1#2%
      	[u11$1*-1] (p121); [u12$1*-1] (p221); [u13$1*-1] (p321);
      	[u14$1*-1] (p421); [u15$1*-1] (p521);

    MODEL POPULATION-c2:	
        %c2#1%
        [u21$1*1] (p111); [u22$1*1] (p211); [u23$1*1] (p311);
        [u24$1*1] (p411); [u25$1*1] (p511);
      	%c2#2%
        [u21$1*-1] (p121); [u22$1*-1] (p221); [u23$1*-1] (p321);
        [u24$1*-1] (p421); [u25$1*-1] (p521);
  ANALYSIS:
  TYPE = MIXTURE;
         algorithm = integration;
      	 processors = 8;
  MODEL:
  %OVERALL%

      [c1#1-c2#1*0] (par1-par2);
    	c2#1 on c1#1*0.5 (par11);

      f by u11-u15*2 (p1-p5)
           u21-u25*2 (p1-p5);

      f@1; [f@0];

    MODEL c1:
        %c1#1%
        [u11$1*1] (p111); [u12$1*1] (p211); [u13$1*1] (p311);
        [u14$1*1] (p411); [u15$1*1] (p511);
      	%c1#2%
      	[u11$1*-1] (p121); [u12$1*-1] (p221); [u13$1*-1] (p321);
      	[u14$1*-1] (p421); [u15$1*-1] (p521);

    MODEL c2: 	
        %c2#1%
        [u21$1*1] (p111); [u22$1*1] (p211); [u23$1*1] (p311);
        [u24$1*1] (p411); [u25$1*1] (p511);
      	%c2#2%
        [u21$1*-1] (p121); [u22$1*-1] (p221); [u23$1*-1] (p321);
        [u24$1*-1] (p421); [u25$1*-1] (p521);
  MODEL CONSTRAINT:
  ! Compute joint and marginal probabilities:
          New(
          trans11*.622 trans12*.378 trans21*.5 trans22*.5
          prob11*.5 prob12*.5 prob21*.561 prob22*.439);
          trans11 = 1/(1+exp(-(par2+par11)));
          trans12 = 1-trans11;
          trans21 = 1/(1+exp(-par2));
          trans22 = 1- trans21;
          !marginal probabilities at T1 and T2:
          prob11 = 1/(1+exp(-par1));
          prob12 = 1 - prob11;
          prob21 = prob11*trans11+prob12*trans21;
          prob22 = 1- prob21;



INPUT READING TERMINATED NORMALLY




T2RILTA - vary n-size

SUMMARY OF ANALYSIS

Number of groups                                                 1
Number of observations                                        1000

Number of replications
    Requested                                                    5
    Completed                                                    5
Value of seed                                              3252020

Number of dependent variables                                   10
Number of independent variables                                  0
Number of continuous latent variables                            1
Number of categorical latent variables                           2

Observed dependent variables

  Binary and ordered categorical (ordinal)
   U11         U12         U13         U14         U15         U21
   U22         U23         U24         U25

Continuous latent variables
   F

Categorical latent variables
   C1          C2


Estimator                                                      MLR
Information matrix                                        OBSERVED
Optimization Specifications for the Quasi-Newton Algorithm for
Continuous Outcomes
  Maximum number of iterations                                 100
  Convergence criterion                                  0.100D-05
Optimization Specifications for the EM Algorithm
  Maximum number of iterations                                 500
  Convergence criteria
    Loglikelihood change                                 0.100D-02
    Relative loglikelihood change                        0.100D-05
    Derivative                                           0.100D-02
Optimization Specifications for the M step of the EM Algorithm for
Categorical Latent variables
  Number of M step iterations                                    1
  M step convergence criterion                           0.100D-02
  Basis for M step termination                           ITERATION
Optimization Specifications for the M step of the EM Algorithm for
Censored, Binary or Ordered Categorical (Ordinal), Unordered
Categorical (Nominal) and Count Outcomes
  Number of M step iterations                                    1
  M step convergence criterion                           0.100D-02
  Basis for M step termination                           ITERATION
  Maximum value for logit thresholds                            15
  Minimum value for logit thresholds                           -15
  Minimum expected cell size for chi-square              0.100D-01
Optimization algorithm                                         EMA
Integration Specifications
  Type                                                    STANDARD
  Number of integration points                                  15
  Dimensions of numerical integration                            1
  Adaptive quadrature                                           ON
Parameterization                                             LOGIT
Link                                                         LOGIT
Cholesky                                                        ON





MODEL FIT INFORMATION

Number of Free Parameters                       18

Loglikelihood

    H0 Value

        Mean                             -5511.298
        Std Dev                             49.236
        Number of successful computations        5

             Proportions                   Percentiles
        Expected    Observed         Expected       Observed
           0.990       1.000        -5625.836      -5603.975
           0.980       1.000        -5612.414      -5603.975
           0.950       0.800        -5592.286      -5603.975
           0.900       0.800        -5574.399      -5603.975
           0.800       0.800        -5552.735      -5603.975
           0.700       0.800        -5537.117      -5603.975
           0.500       0.800        -5511.298      -5505.977
           0.300       0.400        -5485.478      -5504.614
           0.200       0.200        -5469.861      -5481.085
           0.100       0.000        -5448.197      -5481.085
           0.050       0.000        -5430.309      -5481.085
           0.020       0.000        -5410.182      -5481.085
           0.010       0.000        -5396.760      -5481.085

Information Criteria

    Akaike (AIC)

        Mean                             11058.596
        Std Dev                             98.472
        Number of successful computations        5

             Proportions                   Percentiles
        Expected    Observed         Expected       Observed
           0.990       1.000        10829.520      10957.677
           0.980       1.000        10856.363      10957.677
           0.950       1.000        10896.619      10957.677
           0.900       1.000        10932.394      10957.677
           0.800       0.800        10975.721      10957.677
           0.700       0.600        11006.957      10957.677
           0.500       0.200        11058.596      10998.169
           0.300       0.200        11110.235      11045.228
           0.200       0.200        11141.470      11047.955
           0.100       0.200        11184.798      11047.955
           0.050       0.200        11220.573      11047.955
           0.020       0.000        11260.828      11047.955
           0.010       0.000        11287.672      11047.955

    Bayesian (BIC)

        Mean                             11146.935
        Std Dev                             98.472
        Number of successful computations        5

             Proportions                   Percentiles
        Expected    Observed         Expected       Observed
           0.990       1.000        10917.859      11046.017
           0.980       1.000        10944.703      11046.017
           0.950       1.000        10984.958      11046.017
           0.900       1.000        11020.733      11046.017
           0.800       0.800        11064.061      11046.017
           0.700       0.600        11095.296      11046.017
           0.500       0.200        11146.935      11086.509
           0.300       0.200        11198.574      11133.567
           0.200       0.200        11229.810      11136.294
           0.100       0.200        11273.137      11136.294
           0.050       0.200        11308.912      11136.294
           0.020       0.000        11349.168      11136.294
           0.010       0.000        11376.011      11136.294

    Sample-Size Adjusted BIC (n* = (n + 2) / 24)

        Mean                             11089.766
        Std Dev                             98.472
        Number of successful computations        5

             Proportions                   Percentiles
        Expected    Observed         Expected       Observed
           0.990       1.000        10860.690      10988.848
           0.980       1.000        10887.534      10988.848
           0.950       1.000        10927.789      10988.848
           0.900       1.000        10963.564      10988.848
           0.800       0.800        11006.892      10988.848
           0.700       0.600        11038.127      10988.848
           0.500       0.200        11089.766      11029.340
           0.300       0.200        11141.405      11076.398
           0.200       0.200        11172.641      11079.125
           0.100       0.200        11215.968      11079.125
           0.050       0.200        11251.743      11079.125
           0.020       0.000        11291.999      11079.125
           0.010       0.000        11318.842      11079.125

Chi-Square Test of Model Fit for the Binary and Ordered Categorical
(Ordinal) Outcomes

    Pearson Chi-Square

        Mean                              1022.065
        Std Dev                             21.999
        Degrees of freedom                    1005
        Number of successful computations        5

             Proportions                   Percentiles
        Expected    Observed         Expected       Observed
           0.990       1.000          903.653       1001.181
           0.980       1.000          915.083       1001.181
           0.950       1.000          932.411       1001.181
           0.900       1.000          947.989       1001.181
           0.800       1.000          967.086       1001.181
           0.700       1.000          981.015       1001.181
           0.500       0.600         1004.333       1001.585
           0.300       0.200         1028.018       1021.858
           0.200       0.200         1042.525       1024.138
           0.100       0.000         1062.867       1024.138
           0.050       0.000         1079.863       1024.138
           0.020       0.000         1099.207       1024.138
           0.010       0.000         1112.229       1024.138

    Likelihood Ratio Chi-Square

        Mean                               924.077
        Std Dev                             20.296
        Degrees of freedom                    1005
        Number of successful computations        5

             Proportions                   Percentiles
        Expected    Observed         Expected       Observed
           0.990       1.000          903.653        907.099
           0.980       0.400          915.083        907.099
           0.950       0.200          932.411        907.099
           0.900       0.200          947.989        907.099
           0.800       0.000          967.086        907.099
           0.700       0.000          981.015        907.099
           0.500       0.000         1004.333        912.183
           0.300       0.000         1028.018        913.522
           0.200       0.000         1042.525        924.540
           0.100       0.000         1062.867        924.540
           0.050       0.000         1079.863        924.540
           0.020       0.000         1099.207        924.540
           0.010       0.000         1112.229        924.540



MODEL RESULTS USE THE LATENT CLASS VARIABLE ORDER

   C1  C2


FINAL CLASS COUNTS AND PROPORTIONS FOR THE LATENT CLASS PATTERNS
BASED ON THE ESTIMATED MODEL

  Latent Class
    Pattern

    1  1        314.39905          0.31440
    1  2        189.03578          0.18904
    2  1        260.93697          0.26094
    2  2        235.62820          0.23563


FINAL CLASS COUNTS AND PROPORTIONS FOR EACH LATENT CLASS VARIABLE
BASED ON THE ESTIMATED MODEL

  Latent Class
    Variable    Class

    C1             1       503.43484          0.50343
                   2       496.56519          0.49657
    C2             1       575.33600          0.57534
                   2       424.66397          0.42466


LATENT TRANSITION PROBABILITIES BASED ON THE ESTIMATED MODEL

  C1 Classes (Rows) by C2 Classes (Columns)

            1        2

   1     0.601    0.399
   2     0.592    0.408


FINAL CLASS COUNTS AND PROPORTIONS FOR THE LATENT CLASS PATTERNS
BASED ON ESTIMATED POSTERIOR PROBABILITIES

  Latent Class
    Pattern

    1  1        314.45871          0.31446
    1  2        188.99264          0.18899
    2  1        260.92633          0.26093
    2  2        235.62232          0.23562


FINAL CLASS COUNTS AND PROPORTIONS FOR EACH LATENT CLASS VARIABLE
BASED ON ESTIMATED POSTERIOR PROBABILITIES

  Latent Class
    Variable    Class

    C1             1       503.45135          0.50345
                   2       496.54865          0.49655
    C2             1       575.38501          0.57539
                   2       424.61496          0.42461


FINAL CLASS COUNTS AND PROPORTIONS FOR THE LATENT CLASS PATTERNS
BASED ON THEIR MOST LIKELY LATENT CLASS PATTERN

Class Counts and Proportions

  Latent Class
    Pattern

    1  1              338          0.33780
    1  2              180          0.18020
    2  1              290          0.28980
    2  2              192          0.19220


FINAL CLASS COUNTS AND PROPORTIONS FOR EACH LATENT CLASS VARIABLE
BASED ON THEIR MOST LIKELY LATENT CLASS PATTERN

  Latent Class
    Variable    Class

    C1             1             518          0.51800
                   2             482          0.48200
    C2             1             627          0.62760
                   2             372          0.37240


CLASSIFICATION QUALITY

     Entropy                         0.285


MODEL RESULTS

                              ESTIMATES              S. E.     M. S. E.  95%  % Sig
                 Population   Average   Std. Dev.   Average             Cover Coeff

Parameters in the Overall Part of the Model (Parameters Equal in All of the Classes)

 F        BY
  U11                 2.000     1.9626     0.1956     0.1926     0.0320 1.000 1.000
  U12                 2.000     2.1003     0.1960     0.2406     0.0408 1.000 1.000
  U13                 2.000     1.9422     0.0879     0.2228     0.0095 1.000 1.000
  U14                 2.000     2.1295     0.2288     0.2576     0.0587 1.000 1.000
  U15                 2.000     1.9305     0.1162     0.2440     0.0156 1.000 1.000
  U21                 2.000     1.9626     0.1956     0.1926     0.0320 1.000 1.000
  U22                 2.000     2.1003     0.1960     0.2406     0.0408 1.000 1.000
  U23                 2.000     1.9422     0.0879     0.2228     0.0095 1.000 1.000
  U24                 2.000     2.1295     0.2288     0.2576     0.0587 1.000 1.000
  U25                 2.000     1.9305     0.1162     0.2440     0.0156 1.000 1.000

 Means
  F                   0.000     0.0000     0.0000     0.0000     0.0000 1.000 0.000

 Variances
  F                   1.000     1.0000     0.0000     0.0000     0.0000 1.000 0.000

Parameters for Class-specific Model Parts of C1

Latent Class C1#1

 Thresholds
  U11$1               1.000     0.8926     0.2361     0.7003     0.0561 0.800 0.800
  U12$1               1.000     1.3022     0.5732     0.9880     0.3542 0.800 0.800
  U13$1               1.000     0.9545     0.3620     0.8595     0.1069 0.800 0.800
  U14$1               1.000     1.0725     0.2869     0.8734     0.0711 0.800 0.800
  U15$1               1.000     0.9899     0.4169     0.9510     0.1392 0.800 0.800

Latent Class C1#2

 Thresholds
  U11$1              -1.000    -0.9621     0.4754     0.7796     0.1822 0.800 0.400
  U12$1              -1.000    -1.1692     0.3966     0.7645     0.1545 1.000 0.400
  U13$1              -1.000    -0.9182     0.4986     0.5344     0.2056 0.600 0.400
  U14$1              -1.000    -1.2565     0.9767     1.0064     0.8290 0.800 0.600
  U15$1              -1.000    -1.1122     0.5467     0.7874     0.2517 0.800 0.600

Parameters for Class-specific Model Parts of C2

Latent Class C2#1

 Thresholds
  U21$1               1.000     0.8926     0.2361     0.7003     0.0561 0.800 0.800
  U22$1               1.000     1.3022     0.5732     0.9880     0.3542 0.800 0.800
  U23$1               1.000     0.9545     0.3620     0.8595     0.1069 0.800 0.800
  U24$1               1.000     1.0725     0.2869     0.8734     0.0711 0.800 0.800
  U25$1               1.000     0.9899     0.4169     0.9510     0.1392 0.800 0.800

Latent Class C2#2

 Thresholds
  U21$1              -1.000    -0.9621     0.4754     0.7796     0.1822 0.800 0.400
  U22$1              -1.000    -1.1692     0.3966     0.7645     0.1545 1.000 0.400
  U23$1              -1.000    -0.9182     0.4986     0.5344     0.2056 0.600 0.400
  U24$1              -1.000    -1.2565     0.9767     1.0064     0.8290 0.800 0.600
  U25$1              -1.000    -1.1122     0.5467     0.7874     0.2517 0.800 0.600

Categorical Latent Variables

 C2#1     ON
  C1#1                0.500    -0.2247     1.6556     2.2336     2.7180 1.000 0.000

 Means
  C1#1                0.000     0.0388     0.7532     1.4491     0.4554 0.800 0.200
  C2#1                0.000     0.6627     1.6733     2.1885     2.6792 0.600 0.400

New/Additional Parameters
  TRANS11             0.622     0.6009     0.1421     0.3070     0.0166 0.800 0.400
  TRANS12             0.378     0.3991     0.1421     0.3070     0.0166 0.800 0.400
  TRANS21             0.500     0.5922     0.2969     0.4426     0.0790 0.600 0.800
  TRANS22             0.500     0.4078     0.2969     0.4426     0.0790 0.600 0.400
  PROB11              0.500     0.5034     0.1704     0.3535     0.0232 0.800 0.800
  PROB12              0.500     0.4966     0.1704     0.3535     0.0232 0.800 0.800
  PROB21              0.561     0.5753     0.1572     0.3580     0.0200 0.800 0.800
  PROB22              0.439     0.4247     0.1572     0.3580     0.0200 0.800 0.800


QUALITY OF NUMERICAL RESULTS

     Average Condition Number for the Information Matrix      0.118E-02
       (ratio of smallest to largest eigenvalue)


TECHNICAL 1 OUTPUT


     PARAMETER SPECIFICATION FOR LATENT CLASS PATTERN 1 1


           NU
              U11           U12           U13           U14           U15
              ________      ________      ________      ________      ________
                    0             0             0             0             0


           NU
              U21           U22           U23           U24           U25
              ________      ________      ________      ________      ________
                    0             0             0             0             0


           LAMBDA
              F
              ________
 U11                1
 U12                2
 U13                3
 U14                4
 U15                5
 U21                1
 U22                2
 U23                3
 U24                4
 U25                5


           THETA
              U11           U12           U13           U14           U15
              ________      ________      ________      ________      ________
 U11                0
 U12                0             0
 U13                0             0             0
 U14                0             0             0             0
 U15                0             0             0             0             0
 U21                0             0             0             0             0
 U22                0             0             0             0             0
 U23                0             0             0             0             0
 U24                0             0             0             0             0
 U25                0             0             0             0             0


           THETA
              U21           U22           U23           U24           U25
              ________      ________      ________      ________      ________
 U21                0
 U22                0             0
 U23                0             0             0
 U24                0             0             0             0
 U25                0             0             0             0             0


           ALPHA
              F
              ________
                    0


           BETA
              F
              ________
 F                  0


           PSI
              F
              ________
 F                  0


     PARAMETER SPECIFICATION FOR LATENT CLASS PATTERN 1 2


           NU
              U11           U12           U13           U14           U15
              ________      ________      ________      ________      ________
                    0             0             0             0             0


           NU
              U21           U22           U23           U24           U25
              ________      ________      ________      ________      ________
                    0             0             0             0             0


           LAMBDA
              F
              ________
 U11                1
 U12                2
 U13                3
 U14                4
 U15                5
 U21                1
 U22                2
 U23                3
 U24                4
 U25                5


           THETA
              U11           U12           U13           U14           U15
              ________      ________      ________      ________      ________
 U11                0
 U12                0             0
 U13                0             0             0
 U14                0             0             0             0
 U15                0             0             0             0             0
 U21                0             0             0             0             0
 U22                0             0             0             0             0
 U23                0             0             0             0             0
 U24                0             0             0             0             0
 U25                0             0             0             0             0


           THETA
              U21           U22           U23           U24           U25
              ________      ________      ________      ________      ________
 U21                0
 U22                0             0
 U23                0             0             0
 U24                0             0             0             0
 U25                0             0             0             0             0


           ALPHA
              F
              ________
                    0


           BETA
              F
              ________
 F                  0


           PSI
              F
              ________
 F                  0


     PARAMETER SPECIFICATION FOR LATENT CLASS PATTERN 2 1


           NU
              U11           U12           U13           U14           U15
              ________      ________      ________      ________      ________
                    0             0             0             0             0


           NU
              U21           U22           U23           U24           U25
              ________      ________      ________      ________      ________
                    0             0             0             0             0


           LAMBDA
              F
              ________
 U11                1
 U12                2
 U13                3
 U14                4
 U15                5
 U21                1
 U22                2
 U23                3
 U24                4
 U25                5


           THETA
              U11           U12           U13           U14           U15
              ________      ________      ________      ________      ________
 U11                0
 U12                0             0
 U13                0             0             0
 U14                0             0             0             0
 U15                0             0             0             0             0
 U21                0             0             0             0             0
 U22                0             0             0             0             0
 U23                0             0             0             0             0
 U24                0             0             0             0             0
 U25                0             0             0             0             0


           THETA
              U21           U22           U23           U24           U25
              ________      ________      ________      ________      ________
 U21                0
 U22                0             0
 U23                0             0             0
 U24                0             0             0             0
 U25                0             0             0             0             0


           ALPHA
              F
              ________
                    0


           BETA
              F
              ________
 F                  0


           PSI
              F
              ________
 F                  0


     PARAMETER SPECIFICATION FOR LATENT CLASS PATTERN 2 2


           NU
              U11           U12           U13           U14           U15
              ________      ________      ________      ________      ________
                    0             0             0             0             0


           NU
              U21           U22           U23           U24           U25
              ________      ________      ________      ________      ________
                    0             0             0             0             0


           LAMBDA
              F
              ________
 U11                1
 U12                2
 U13                3
 U14                4
 U15                5
 U21                1
 U22                2
 U23                3
 U24                4
 U25                5


           THETA
              U11           U12           U13           U14           U15
              ________      ________      ________      ________      ________
 U11                0
 U12                0             0
 U13                0             0             0
 U14                0             0             0             0
 U15                0             0             0             0             0
 U21                0             0             0             0             0
 U22                0             0             0             0             0
 U23                0             0             0             0             0
 U24                0             0             0             0             0
 U25                0             0             0             0             0


           THETA
              U21           U22           U23           U24           U25
              ________      ________      ________      ________      ________
 U21                0
 U22                0             0
 U23                0             0             0
 U24                0             0             0             0
 U25                0             0             0             0             0


           ALPHA
              F
              ________
                    0


           BETA
              F
              ________
 F                  0


           PSI
              F
              ________
 F                  0


     PARAMETER SPECIFICATION FOR LATENT CLASS INDICATOR MODEL PART


           TAU(U) FOR LATENT CLASS PATTERN 1 1
              U11$1         U12$1         U13$1         U14$1         U15$1
              ________      ________      ________      ________      ________
                    6             7             8             9            10


           TAU(U) FOR LATENT CLASS PATTERN 1 1
              U21$1         U22$1         U23$1         U24$1         U25$1
              ________      ________      ________      ________      ________
                    6             7             8             9            10


           TAU(U) FOR LATENT CLASS PATTERN 1 2
              U11$1         U12$1         U13$1         U14$1         U15$1
              ________      ________      ________      ________      ________
                    6             7             8             9            10


           TAU(U) FOR LATENT CLASS PATTERN 1 2
              U21$1         U22$1         U23$1         U24$1         U25$1
              ________      ________      ________      ________      ________
                   11            12            13            14            15


           TAU(U) FOR LATENT CLASS PATTERN 2 1
              U11$1         U12$1         U13$1         U14$1         U15$1
              ________      ________      ________      ________      ________
                   11            12            13            14            15


           TAU(U) FOR LATENT CLASS PATTERN 2 1
              U21$1         U22$1         U23$1         U24$1         U25$1
              ________      ________      ________      ________      ________
                    6             7             8             9            10


           TAU(U) FOR LATENT CLASS PATTERN 2 2
              U11$1         U12$1         U13$1         U14$1         U15$1
              ________      ________      ________      ________      ________
                   11            12            13            14            15


           TAU(U) FOR LATENT CLASS PATTERN 2 2
              U21$1         U22$1         U23$1         U24$1         U25$1
              ________      ________      ________      ________      ________
                   11            12            13            14            15


     PARAMETER SPECIFICATION FOR LATENT CLASS REGRESSION MODEL PART


           ALPHA(C)
              C1#1          C1#2          C2#1          C2#2
              ________      ________      ________      ________
                   16             0            17             0


           GAMMA(C)
              F
              ________
 C1#1               0
 C1#2               0
 C2#1               0
 C2#2               0


           BETA(C)
              C1#1          C1#2
              ________      ________
 C2#1              18             0
 C2#2               0             0


     PARAMETER SPECIFICATION FOR THE ADDITIONAL PARAMETERS


           NEW/ADDITIONAL PARAMETERS
              TRANS11       TRANS12       TRANS21       TRANS22       PROB11
              ________      ________      ________      ________      ________
                   19            20            21            22            23


           NEW/ADDITIONAL PARAMETERS
              PROB12        PROB21        PROB22
              ________      ________      ________
                   24            25            26


     STARTING VALUES FOR LATENT CLASS PATTERN 1 1


           NU
              U11           U12           U13           U14           U15
              ________      ________      ________      ________      ________
                0.000         0.000         0.000         0.000         0.000


           NU
              U21           U22           U23           U24           U25
              ________      ________      ________      ________      ________
                0.000         0.000         0.000         0.000         0.000


           LAMBDA
              F
              ________
 U11            2.000
 U12            2.000
 U13            2.000
 U14            2.000
 U15            2.000
 U21            2.000
 U22            2.000
 U23            2.000
 U24            2.000
 U25            2.000


           THETA
              U11           U12           U13           U14           U15
              ________      ________      ________      ________      ________
 U11            1.000
 U12            0.000         1.000
 U13            0.000         0.000         1.000
 U14            0.000         0.000         0.000         1.000
 U15            0.000         0.000         0.000         0.000         1.000
 U21            0.000         0.000         0.000         0.000         0.000
 U22            0.000         0.000         0.000         0.000         0.000
 U23            0.000         0.000         0.000         0.000         0.000
 U24            0.000         0.000         0.000         0.000         0.000
 U25            0.000         0.000         0.000         0.000         0.000


           THETA
              U21           U22           U23           U24           U25
              ________      ________      ________      ________      ________
 U21            1.000
 U22            0.000         1.000
 U23            0.000         0.000         1.000
 U24            0.000         0.000         0.000         1.000
 U25            0.000         0.000         0.000         0.000         1.000


           ALPHA
              F
              ________
                0.000


           BETA
              F
              ________
 F              0.000


           PSI
              F
              ________
 F              1.000


     STARTING VALUES FOR LATENT CLASS PATTERN 1 2


           NU
              U11           U12           U13           U14           U15
              ________      ________      ________      ________      ________
                0.000         0.000         0.000         0.000         0.000


           NU
              U21           U22           U23           U24           U25
              ________      ________      ________      ________      ________
                0.000         0.000         0.000         0.000         0.000


           LAMBDA
              F
              ________
 U11            2.000
 U12            2.000
 U13            2.000
 U14            2.000
 U15            2.000
 U21            2.000
 U22            2.000
 U23            2.000
 U24            2.000
 U25            2.000


           THETA
              U11           U12           U13           U14           U15
              ________      ________      ________      ________      ________
 U11            1.000
 U12            0.000         1.000
 U13            0.000         0.000         1.000
 U14            0.000         0.000         0.000         1.000
 U15            0.000         0.000         0.000         0.000         1.000
 U21            0.000         0.000         0.000         0.000         0.000
 U22            0.000         0.000         0.000         0.000         0.000
 U23            0.000         0.000         0.000         0.000         0.000
 U24            0.000         0.000         0.000         0.000         0.000
 U25            0.000         0.000         0.000         0.000         0.000


           THETA
              U21           U22           U23           U24           U25
              ________      ________      ________      ________      ________
 U21            1.000
 U22            0.000         1.000
 U23            0.000         0.000         1.000
 U24            0.000         0.000         0.000         1.000
 U25            0.000         0.000         0.000         0.000         1.000


           ALPHA
              F
              ________
                0.000


           BETA
              F
              ________
 F              0.000


           PSI
              F
              ________
 F              1.000


     STARTING VALUES FOR LATENT CLASS PATTERN 2 1


           NU
              U11           U12           U13           U14           U15
              ________      ________      ________      ________      ________
                0.000         0.000         0.000         0.000         0.000


           NU
              U21           U22           U23           U24           U25
              ________      ________      ________      ________      ________
                0.000         0.000         0.000         0.000         0.000


           LAMBDA
              F
              ________
 U11            2.000
 U12            2.000
 U13            2.000
 U14            2.000
 U15            2.000
 U21            2.000
 U22            2.000
 U23            2.000
 U24            2.000
 U25            2.000


           THETA
              U11           U12           U13           U14           U15
              ________      ________      ________      ________      ________
 U11            1.000
 U12            0.000         1.000
 U13            0.000         0.000         1.000
 U14            0.000         0.000         0.000         1.000
 U15            0.000         0.000         0.000         0.000         1.000
 U21            0.000         0.000         0.000         0.000         0.000
 U22            0.000         0.000         0.000         0.000         0.000
 U23            0.000         0.000         0.000         0.000         0.000
 U24            0.000         0.000         0.000         0.000         0.000
 U25            0.000         0.000         0.000         0.000         0.000


           THETA
              U21           U22           U23           U24           U25
              ________      ________      ________      ________      ________
 U21            1.000
 U22            0.000         1.000
 U23            0.000         0.000         1.000
 U24            0.000         0.000         0.000         1.000
 U25            0.000         0.000         0.000         0.000         1.000


           ALPHA
              F
              ________
                0.000


           BETA
              F
              ________
 F              0.000


           PSI
              F
              ________
 F              1.000


     STARTING VALUES FOR LATENT CLASS PATTERN 2 2


           NU
              U11           U12           U13           U14           U15
              ________      ________      ________      ________      ________
                0.000         0.000         0.000         0.000         0.000


           NU
              U21           U22           U23           U24           U25
              ________      ________      ________      ________      ________
                0.000         0.000         0.000         0.000         0.000


           LAMBDA
              F
              ________
 U11            2.000
 U12            2.000
 U13            2.000
 U14            2.000
 U15            2.000
 U21            2.000
 U22            2.000
 U23            2.000
 U24            2.000
 U25            2.000


           THETA
              U11           U12           U13           U14           U15
              ________      ________      ________      ________      ________
 U11            1.000
 U12            0.000         1.000
 U13            0.000         0.000         1.000
 U14            0.000         0.000         0.000         1.000
 U15            0.000         0.000         0.000         0.000         1.000
 U21            0.000         0.000         0.000         0.000         0.000
 U22            0.000         0.000         0.000         0.000         0.000
 U23            0.000         0.000         0.000         0.000         0.000
 U24            0.000         0.000         0.000         0.000         0.000
 U25            0.000         0.000         0.000         0.000         0.000


           THETA
              U21           U22           U23           U24           U25
              ________      ________      ________      ________      ________
 U21            1.000
 U22            0.000         1.000
 U23            0.000         0.000         1.000
 U24            0.000         0.000         0.000         1.000
 U25            0.000         0.000         0.000         0.000         1.000


           ALPHA
              F
              ________
                0.000


           BETA
              F
              ________
 F              0.000


           PSI
              F
              ________
 F              1.000


     STARTING VALUES FOR LATENT CLASS INDICATOR MODEL PART


           TAU(U) FOR LATENT CLASS PATTERN 1 1
              U11$1         U12$1         U13$1         U14$1         U15$1
              ________      ________      ________      ________      ________
                1.000         1.000         1.000         1.000         1.000


           TAU(U) FOR LATENT CLASS PATTERN 1 1
              U21$1         U22$1         U23$1         U24$1         U25$1
              ________      ________      ________      ________      ________
                1.000         1.000         1.000         1.000         1.000


           TAU(U) FOR LATENT CLASS PATTERN 1 2
              U11$1         U12$1         U13$1         U14$1         U15$1
              ________      ________      ________      ________      ________
                1.000         1.000         1.000         1.000         1.000


           TAU(U) FOR LATENT CLASS PATTERN 1 2
              U21$1         U22$1         U23$1         U24$1         U25$1
              ________      ________      ________      ________      ________
               -1.000        -1.000        -1.000        -1.000        -1.000


           TAU(U) FOR LATENT CLASS PATTERN 2 1
              U11$1         U12$1         U13$1         U14$1         U15$1
              ________      ________      ________      ________      ________
               -1.000        -1.000        -1.000        -1.000        -1.000


           TAU(U) FOR LATENT CLASS PATTERN 2 1
              U21$1         U22$1         U23$1         U24$1         U25$1
              ________      ________      ________      ________      ________
                1.000         1.000         1.000         1.000         1.000


           TAU(U) FOR LATENT CLASS PATTERN 2 2
              U11$1         U12$1         U13$1         U14$1         U15$1
              ________      ________      ________      ________      ________
               -1.000        -1.000        -1.000        -1.000        -1.000


           TAU(U) FOR LATENT CLASS PATTERN 2 2
              U21$1         U22$1         U23$1         U24$1         U25$1
              ________      ________      ________      ________      ________
               -1.000        -1.000        -1.000        -1.000        -1.000


     STARTING VALUES FOR LATENT CLASS REGRESSION MODEL PART


           ALPHA(C)
              C1#1          C1#2          C2#1          C2#2
              ________      ________      ________      ________
                0.000         0.000         0.000         0.000


           GAMMA(C)
              F
              ________
 C1#1           0.000
 C1#2           0.000
 C2#1           0.000
 C2#2           0.000


           BETA(C)
              C1#1          C1#2
              ________      ________
 C2#1           0.500         0.000
 C2#2           0.000         0.000


     STARTING VALUES FOR THE ADDITIONAL PARAMETERS


           NEW/ADDITIONAL PARAMETERS
              TRANS11       TRANS12       TRANS21       TRANS22       PROB11
              ________      ________      ________      ________      ________
                0.622         0.378         0.500         0.500         0.500


           NEW/ADDITIONAL PARAMETERS
              PROB12        PROB21        PROB22
              ________      ________      ________
                0.500         0.561         0.439


     POPULATION VALUES FOR LATENT CLASS PATTERN 1 1


           NU
              U11           U12           U13           U14           U15
              ________      ________      ________      ________      ________
                0.000         0.000         0.000         0.000         0.000


           NU
              U21           U22           U23           U24           U25
              ________      ________      ________      ________      ________
                0.000         0.000         0.000         0.000         0.000


           LAMBDA
              F
              ________
 U11            2.000
 U12            2.000
 U13            2.000
 U14            2.000
 U15            2.000
 U21            2.000
 U22            2.000
 U23            2.000
 U24            2.000
 U25            2.000


           THETA
              U11           U12           U13           U14           U15
              ________      ________      ________      ________      ________
 U11            0.000
 U12            0.000         0.000
 U13            0.000         0.000         0.000
 U14            0.000         0.000         0.000         0.000
 U15            0.000         0.000         0.000         0.000         0.000
 U21            0.000         0.000         0.000         0.000         0.000
 U22            0.000         0.000         0.000         0.000         0.000
 U23            0.000         0.000         0.000         0.000         0.000
 U24            0.000         0.000         0.000         0.000         0.000
 U25            0.000         0.000         0.000         0.000         0.000


           THETA
              U21           U22           U23           U24           U25
              ________      ________      ________      ________      ________
 U21            0.000
 U22            0.000         0.000
 U23            0.000         0.000         0.000
 U24            0.000         0.000         0.000         0.000
 U25            0.000         0.000         0.000         0.000         0.000


           ALPHA
              F
              ________
                0.000


           BETA
              F
              ________
 F              0.000


           PSI
              F
              ________
 F              1.000


     POPULATION VALUES FOR LATENT CLASS PATTERN 1 2


           NU
              U11           U12           U13           U14           U15
              ________      ________      ________      ________      ________
                0.000         0.000         0.000         0.000         0.000


           NU
              U21           U22           U23           U24           U25
              ________      ________      ________      ________      ________
                0.000         0.000         0.000         0.000         0.000


           LAMBDA
              F
              ________
 U11            2.000
 U12            2.000
 U13            2.000
 U14            2.000
 U15            2.000
 U21            2.000
 U22            2.000
 U23            2.000
 U24            2.000
 U25            2.000


           THETA
              U11           U12           U13           U14           U15
              ________      ________      ________      ________      ________
 U11            0.000
 U12            0.000         0.000
 U13            0.000         0.000         0.000
 U14            0.000         0.000         0.000         0.000
 U15            0.000         0.000         0.000         0.000         0.000
 U21            0.000         0.000         0.000         0.000         0.000
 U22            0.000         0.000         0.000         0.000         0.000
 U23            0.000         0.000         0.000         0.000         0.000
 U24            0.000         0.000         0.000         0.000         0.000
 U25            0.000         0.000         0.000         0.000         0.000


           THETA
              U21           U22           U23           U24           U25
              ________      ________      ________      ________      ________
 U21            0.000
 U22            0.000         0.000
 U23            0.000         0.000         0.000
 U24            0.000         0.000         0.000         0.000
 U25            0.000         0.000         0.000         0.000         0.000


           ALPHA
              F
              ________
                0.000


           BETA
              F
              ________
 F              0.000


           PSI
              F
              ________
 F              1.000


     POPULATION VALUES FOR LATENT CLASS PATTERN 2 1


           NU
              U11           U12           U13           U14           U15
              ________      ________      ________      ________      ________
                0.000         0.000         0.000         0.000         0.000


           NU
              U21           U22           U23           U24           U25
              ________      ________      ________      ________      ________
                0.000         0.000         0.000         0.000         0.000


           LAMBDA
              F
              ________
 U11            2.000
 U12            2.000
 U13            2.000
 U14            2.000
 U15            2.000
 U21            2.000
 U22            2.000
 U23            2.000
 U24            2.000
 U25            2.000


           THETA
              U11           U12           U13           U14           U15
              ________      ________      ________      ________      ________
 U11            0.000
 U12            0.000         0.000
 U13            0.000         0.000         0.000
 U14            0.000         0.000         0.000         0.000
 U15            0.000         0.000         0.000         0.000         0.000
 U21            0.000         0.000         0.000         0.000         0.000
 U22            0.000         0.000         0.000         0.000         0.000
 U23            0.000         0.000         0.000         0.000         0.000
 U24            0.000         0.000         0.000         0.000         0.000
 U25            0.000         0.000         0.000         0.000         0.000


           THETA
              U21           U22           U23           U24           U25
              ________      ________      ________      ________      ________
 U21            0.000
 U22            0.000         0.000
 U23            0.000         0.000         0.000
 U24            0.000         0.000         0.000         0.000
 U25            0.000         0.000         0.000         0.000         0.000


           ALPHA
              F
              ________
                0.000


           BETA
              F
              ________
 F              0.000


           PSI
              F
              ________
 F              1.000


     POPULATION VALUES FOR LATENT CLASS PATTERN 2 2


           NU
              U11           U12           U13           U14           U15
              ________      ________      ________      ________      ________
                0.000         0.000         0.000         0.000         0.000


           NU
              U21           U22           U23           U24           U25
              ________      ________      ________      ________      ________
                0.000         0.000         0.000         0.000         0.000


           LAMBDA
              F
              ________
 U11            2.000
 U12            2.000
 U13            2.000
 U14            2.000
 U15            2.000
 U21            2.000
 U22            2.000
 U23            2.000
 U24            2.000
 U25            2.000


           THETA
              U11           U12           U13           U14           U15
              ________      ________      ________      ________      ________
 U11            0.000
 U12            0.000         0.000
 U13            0.000         0.000         0.000
 U14            0.000         0.000         0.000         0.000
 U15            0.000         0.000         0.000         0.000         0.000
 U21            0.000         0.000         0.000         0.000         0.000
 U22            0.000         0.000         0.000         0.000         0.000
 U23            0.000         0.000         0.000         0.000         0.000
 U24            0.000         0.000         0.000         0.000         0.000
 U25            0.000         0.000         0.000         0.000         0.000


           THETA
              U21           U22           U23           U24           U25
              ________      ________      ________      ________      ________
 U21            0.000
 U22            0.000         0.000
 U23            0.000         0.000         0.000
 U24            0.000         0.000         0.000         0.000
 U25            0.000         0.000         0.000         0.000         0.000


           ALPHA
              F
              ________
                0.000


           BETA
              F
              ________
 F              0.000


           PSI
              F
              ________
 F              1.000


     POPULATION VALUES FOR LATENT CLASS INDICATOR MODEL PART


           TAU(U) FOR LATENT CLASS PATTERN 1 1
              U11$1         U12$1         U13$1         U14$1         U15$1
              ________      ________      ________      ________      ________
                1.000         1.000         1.000         1.000         1.000


           TAU(U) FOR LATENT CLASS PATTERN 1 1
              U21$1         U22$1         U23$1         U24$1         U25$1
              ________      ________      ________      ________      ________
                1.000         1.000         1.000         1.000         1.000


           TAU(U) FOR LATENT CLASS PATTERN 1 2
              U11$1         U12$1         U13$1         U14$1         U15$1
              ________      ________      ________      ________      ________
                1.000         1.000         1.000         1.000         1.000


           TAU(U) FOR LATENT CLASS PATTERN 1 2
              U21$1         U22$1         U23$1         U24$1         U25$1
              ________      ________      ________      ________      ________
               -1.000        -1.000        -1.000        -1.000        -1.000


           TAU(U) FOR LATENT CLASS PATTERN 2 1
              U11$1         U12$1         U13$1         U14$1         U15$1
              ________      ________      ________      ________      ________
               -1.000        -1.000        -1.000        -1.000        -1.000


           TAU(U) FOR LATENT CLASS PATTERN 2 1
              U21$1         U22$1         U23$1         U24$1         U25$1
              ________      ________      ________      ________      ________
                1.000         1.000         1.000         1.000         1.000


           TAU(U) FOR LATENT CLASS PATTERN 2 2
              U11$1         U12$1         U13$1         U14$1         U15$1
              ________      ________      ________      ________      ________
               -1.000        -1.000        -1.000        -1.000        -1.000


           TAU(U) FOR LATENT CLASS PATTERN 2 2
              U21$1         U22$1         U23$1         U24$1         U25$1
              ________      ________      ________      ________      ________
               -1.000        -1.000        -1.000        -1.000        -1.000


     POPULATION VALUES FOR LATENT CLASS REGRESSION MODEL PART


           ALPHA(C)
              C1#1          C1#2          C2#1          C2#2
              ________      ________      ________      ________
                0.000         0.000         0.000         0.000


           GAMMA(C)
              F
              ________
 C1#1           0.000
 C1#2           0.000
 C2#1           0.000
 C2#2           0.000


           BETA(C)
              C1#1          C1#2
              ________      ________
 C2#1           0.500         0.000
 C2#2           0.000         0.000


SAVEDATA INFORMATION

  Order of variables

    U11
    U12
    U13
    U14
    U15
    U21
    U22
    U23
    U24
    U25
    C1
    C2

  Save file
    2_t2n500rep*.dat

  Save file format           Free
  Save file record length    10000


RESULTS SAVING INFORMATION

  Order of data

    Replication number
    Parameter estimates
     (saved in order shown in Technical 1 output)
    Standard errors
     (saved in order shown in Technical 1 output)
    H0 Loglikelihood
    Number of Free Parameters
    Akaike (AIC)
    Bayesian (BIC)
    Sample-Size Adjusted BIC
    Pearson Chi-Square : Value
    Pearson Chi-Square : Degrees of Freedom
    Pearson Chi-Square : P-Value
    Likelihood Chi-Square : Value
    Likelihood Chi-Square : Degrees of Freedom
    Likelihood Chi-Square : P-Value

  Save file
    t2results2.csv

  Save file format           Free


     Beginning Time:  12:33:58
        Ending Time:  12:34:01
       Elapsed Time:  00:00:03



MUTHEN & MUTHEN
3463 Stoner Ave.
Los Angeles, CA  90066

Tel: (310) 391-9971
Fax: (310) 391-8971
Web: www.StatModel.com
Support: Support@StatModel.com

Copyright (c) 1998-2019 Muthen & Muthen
