Mplus VERSION 8.4 (Mac)
MUTHEN & MUTHEN
06/13/2020  12:34 PM

INPUT INSTRUCTIONS

  TITLE:
  T2RILTA - vary n-size
  MONTECARLO:
  NAMES = u11-u15 u21-u25;
  GENERATE = u11-u15 u21-u25(1);
  CATEGORICAL = u11-u15 u21-u25;
  GENCLASSES = c1(2) c2(2);
  CLASSES = c1(2) c2(2);
  NOBSERVATIONS = 1500;
  SEED = 3252020;
  	NREPS = 5; !rep number reduced for demo (real sim use 500,1000)
   repsave = all;
   save = 3_t2n500rep*.dat;
   RESULTS = t2results3.csv;
  MODEL POPULATION:
  %OVERALL%

        [c1#1-c2#1*0];
        c2#1 on c1#1*0.5;

        f by u11-u15*2 (p1-p5)
             u21-u25*2 (p1-p5);

      	f@1; [f@0]; ! set factor variance to 1 and mean to 0

    MODEL POPULATION-c1:
        %c1#1%
        [u11$1*1] (p111); [u12$1*1] (p211); [u13$1*1] (p311);
        [u14$1*1] (p411); [u15$1*1] (p511);
      	%c1#2%
      	[u11$1*-1] (p121); [u12$1*-1] (p221); [u13$1*-1] (p321);
      	[u14$1*-1] (p421); [u15$1*-1] (p521);

    MODEL POPULATION-c2:	
        %c2#1%
        [u21$1*1] (p111); [u22$1*1] (p211); [u23$1*1] (p311);
        [u24$1*1] (p411); [u25$1*1] (p511);
      	%c2#2%
        [u21$1*-1] (p121); [u22$1*-1] (p221); [u23$1*-1] (p321);
        [u24$1*-1] (p421); [u25$1*-1] (p521);
  ANALYSIS:
  TYPE = MIXTURE;
         algorithm = integration;
      	 processors = 8;
  MODEL:
  %OVERALL%

      [c1#1-c2#1*0] (par1-par2);
    	c2#1 on c1#1*0.5 (par11);

      f by u11-u15*2 (p1-p5)
           u21-u25*2 (p1-p5);

      f@1; [f@0];

    MODEL c1:
        %c1#1%
        [u11$1*1] (p111); [u12$1*1] (p211); [u13$1*1] (p311);
        [u14$1*1] (p411); [u15$1*1] (p511);
      	%c1#2%
      	[u11$1*-1] (p121); [u12$1*-1] (p221); [u13$1*-1] (p321);
      	[u14$1*-1] (p421); [u15$1*-1] (p521);

    MODEL c2: 	
        %c2#1%
        [u21$1*1] (p111); [u22$1*1] (p211); [u23$1*1] (p311);
        [u24$1*1] (p411); [u25$1*1] (p511);
      	%c2#2%
        [u21$1*-1] (p121); [u22$1*-1] (p221); [u23$1*-1] (p321);
        [u24$1*-1] (p421); [u25$1*-1] (p521);
  MODEL CONSTRAINT:
  ! Compute joint and marginal probabilities:
          New(
          trans11*.622 trans12*.378 trans21*.5 trans22*.5
          prob11*.5 prob12*.5 prob21*.561 prob22*.439);
          trans11 = 1/(1+exp(-(par2+par11)));
          trans12 = 1-trans11;
          trans21 = 1/(1+exp(-par2));
          trans22 = 1- trans21;
          !marginal probabilities at T1 and T2:
          prob11 = 1/(1+exp(-par1));
          prob12 = 1 - prob11;
          prob21 = prob11*trans11+prob12*trans21;
          prob22 = 1- prob21;



INPUT READING TERMINATED NORMALLY




T2RILTA - vary n-size

SUMMARY OF ANALYSIS

Number of groups                                                 1
Number of observations                                        1500

Number of replications
    Requested                                                    5
    Completed                                                    5
Value of seed                                              3252020

Number of dependent variables                                   10
Number of independent variables                                  0
Number of continuous latent variables                            1
Number of categorical latent variables                           2

Observed dependent variables

  Binary and ordered categorical (ordinal)
   U11         U12         U13         U14         U15         U21
   U22         U23         U24         U25

Continuous latent variables
   F

Categorical latent variables
   C1          C2


Estimator                                                      MLR
Information matrix                                        OBSERVED
Optimization Specifications for the Quasi-Newton Algorithm for
Continuous Outcomes
  Maximum number of iterations                                 100
  Convergence criterion                                  0.100D-05
Optimization Specifications for the EM Algorithm
  Maximum number of iterations                                 500
  Convergence criteria
    Loglikelihood change                                 0.100D-02
    Relative loglikelihood change                        0.100D-05
    Derivative                                           0.100D-02
Optimization Specifications for the M step of the EM Algorithm for
Categorical Latent variables
  Number of M step iterations                                    1
  M step convergence criterion                           0.100D-02
  Basis for M step termination                           ITERATION
Optimization Specifications for the M step of the EM Algorithm for
Censored, Binary or Ordered Categorical (Ordinal), Unordered
Categorical (Nominal) and Count Outcomes
  Number of M step iterations                                    1
  M step convergence criterion                           0.100D-02
  Basis for M step termination                           ITERATION
  Maximum value for logit thresholds                            15
  Minimum value for logit thresholds                           -15
  Minimum expected cell size for chi-square              0.100D-01
Optimization algorithm                                         EMA
Integration Specifications
  Type                                                    STANDARD
  Number of integration points                                  15
  Dimensions of numerical integration                            1
  Adaptive quadrature                                           ON
Parameterization                                             LOGIT
Link                                                         LOGIT
Cholesky                                                        ON





MODEL FIT INFORMATION

Number of Free Parameters                       18

Loglikelihood

    H0 Value

        Mean                             -8248.302
        Std Dev                             48.467
        Number of successful computations        5

             Proportions                   Percentiles
        Expected    Observed         Expected       Observed
           0.990       1.000        -8361.051      -8314.668
           0.980       1.000        -8347.839      -8314.668
           0.950       1.000        -8328.025      -8314.668
           0.900       0.800        -8310.417      -8314.668
           0.800       0.800        -8289.092      -8314.668
           0.700       0.600        -8273.718      -8314.668
           0.500       0.600        -8248.302      -8288.039
           0.300       0.200        -8222.886      -8232.702
           0.200       0.200        -8207.512      -8229.723
           0.100       0.200        -8186.187      -8229.723
           0.050       0.000        -8168.579      -8229.723
           0.020       0.000        -8148.766      -8229.723
           0.010       0.000        -8135.553      -8229.723

Information Criteria

    Akaike (AIC)

        Mean                             16532.604
        Std Dev                             96.934
        Number of successful computations        5

             Proportions                   Percentiles
        Expected    Observed         Expected       Observed
           0.990       1.000        16307.107      16388.755
           0.980       1.000        16333.531      16388.755
           0.950       1.000        16373.158      16388.755
           0.900       0.800        16408.374      16388.755
           0.800       0.800        16451.025      16388.755
           0.700       0.800        16481.772      16388.755
           0.500       0.400        16532.604      16495.447
           0.300       0.400        16583.436      16501.404
           0.200       0.200        16614.184      16612.078
           0.100       0.200        16656.834      16612.078
           0.050       0.000        16692.051      16612.078
           0.020       0.000        16731.677      16612.078
           0.010       0.000        16758.101      16612.078

    Bayesian (BIC)

        Mean                             16628.242
        Std Dev                             96.934
        Number of successful computations        5

             Proportions                   Percentiles
        Expected    Observed         Expected       Observed
           0.990       1.000        16402.745      16484.393
           0.980       1.000        16429.169      16484.393
           0.950       1.000        16468.796      16484.393
           0.900       0.800        16504.012      16484.393
           0.800       0.800        16546.662      16484.393
           0.700       0.800        16577.410      16484.393
           0.500       0.400        16628.242      16591.085
           0.300       0.400        16679.074      16597.042
           0.200       0.200        16709.822      16707.716
           0.100       0.200        16752.472      16707.716
           0.050       0.000        16787.689      16707.716
           0.020       0.000        16827.315      16707.716
           0.010       0.000        16853.739      16707.716

    Sample-Size Adjusted BIC (n* = (n + 2) / 24)

        Mean                             16571.061
        Std Dev                             96.934
        Number of successful computations        5

             Proportions                   Percentiles
        Expected    Observed         Expected       Observed
           0.990       1.000        16345.564      16427.212
           0.980       1.000        16371.988      16427.212
           0.950       1.000        16411.615      16427.212
           0.900       0.800        16446.831      16427.212
           0.800       0.800        16489.482      16427.212
           0.700       0.800        16520.229      16427.212
           0.500       0.400        16571.061      16533.904
           0.300       0.400        16621.893      16539.861
           0.200       0.200        16652.641      16650.535
           0.100       0.200        16695.291      16650.535
           0.050       0.000        16730.508      16650.535
           0.020       0.000        16770.134      16650.535
           0.010       0.000        16796.558      16650.535

Chi-Square Test of Model Fit for the Binary and Ordered Categorical
(Ordinal) Outcomes

    Pearson Chi-Square

        Mean                              1004.313
        Std Dev                             41.100
        Degrees of freedom                    1005
        Number of successful computations        5

             Proportions                   Percentiles
        Expected    Observed         Expected       Observed
           0.990       1.000          903.653        932.061
           0.980       1.000          915.083        932.061
           0.950       0.800          932.411        932.061
           0.900       0.800          947.989        932.061
           0.800       0.800          967.086        932.061
           0.700       0.800          981.015        932.061
           0.500       0.400         1004.333        997.394
           0.300       0.400         1028.018       1003.767
           0.200       0.400         1042.525       1044.073
           0.100       0.000         1062.867       1044.073
           0.050       0.000         1079.863       1044.073
           0.020       0.000         1099.207       1044.073
           0.010       0.000         1112.229       1044.073

    Likelihood Ratio Chi-Square

        Mean                              1005.936
        Std Dev                             31.647
        Degrees of freedom                    1005
        Number of successful computations        5

             Proportions                   Percentiles
        Expected    Observed         Expected       Observed
           0.990       1.000          903.653        955.442
           0.980       1.000          915.083        955.442
           0.950       1.000          932.411        955.442
           0.900       1.000          947.989        955.442
           0.800       0.800          967.086        955.442
           0.700       0.800          981.015        955.442
           0.500       0.600         1004.333        997.024
           0.300       0.200         1028.018       1010.548
           0.200       0.200         1042.525       1012.642
           0.100       0.000         1062.867       1012.642
           0.050       0.000         1079.863       1012.642
           0.020       0.000         1099.207       1012.642
           0.010       0.000         1112.229       1012.642



MODEL RESULTS USE THE LATENT CLASS VARIABLE ORDER

   C1  C2


FINAL CLASS COUNTS AND PROPORTIONS FOR THE LATENT CLASS PATTERNS
BASED ON THE ESTIMATED MODEL

  Latent Class
    Pattern

    1  1        524.03812          0.34936
    1  2        326.69276          0.21780
    2  1        426.04020          0.28403
    2  2        223.22892          0.14882


FINAL CLASS COUNTS AND PROPORTIONS FOR EACH LATENT CLASS VARIABLE
BASED ON THE ESTIMATED MODEL

  Latent Class
    Variable    Class

    C1             1       850.73090          0.56715
                   2       649.26910          0.43285
    C2             1       950.07837          0.63339
                   2       549.92169          0.36661


LATENT TRANSITION PROBABILITIES BASED ON THE ESTIMATED MODEL

  C1 Classes (Rows) by C2 Classes (Columns)

            1        2

   1     0.602    0.398
   2     0.659    0.341


FINAL CLASS COUNTS AND PROPORTIONS FOR THE LATENT CLASS PATTERNS
BASED ON ESTIMATED POSTERIOR PROBABILITIES

  Latent Class
    Pattern

    1  1        524.00903          0.34934
    1  2        326.67138          0.21778
    2  1        426.08599          0.28406
    2  2        223.23360          0.14882


FINAL CLASS COUNTS AND PROPORTIONS FOR EACH LATENT CLASS VARIABLE
BASED ON ESTIMATED POSTERIOR PROBABILITIES

  Latent Class
    Variable    Class

    C1             1       850.68042          0.56712
                   2       649.31958          0.43288
    C2             1       950.09503          0.63340
                   2       549.90497          0.36660


FINAL CLASS COUNTS AND PROPORTIONS FOR THE LATENT CLASS PATTERNS
BASED ON THEIR MOST LIKELY LATENT CLASS PATTERN

Class Counts and Proportions

  Latent Class
    Pattern

    1  1              558          0.37187
    1  2              314          0.20933
    2  1              467          0.31107
    2  2              162          0.10773


FINAL CLASS COUNTS AND PROPORTIONS FOR EACH LATENT CLASS VARIABLE
BASED ON THEIR MOST LIKELY LATENT CLASS PATTERN

  Latent Class
    Variable    Class

    C1             1             871          0.58120
                   2             628          0.41880
    C2             1            1024          0.68293
                   2             475          0.31707


CLASSIFICATION QUALITY

     Entropy                         0.377


MODEL RESULTS

                              ESTIMATES              S. E.     M. S. E.  95%  % Sig
                 Population   Average   Std. Dev.   Average             Cover Coeff

Parameters in the Overall Part of the Model (Parameters Equal in All of the Classes)

 F        BY
  U11                 2.000     1.9452     0.1889     0.1834     0.0316 1.000 1.000
  U12                 2.000     2.1278     0.0884     0.3322     0.0226 1.000 0.800
  U13                 2.000     2.0044     0.1898     0.3923     0.0288 0.800 0.800
  U14                 2.000     2.0907     0.1829     0.3068     0.0350 0.800 1.000
  U15                 2.000     1.9458     0.1103     0.2915     0.0127 1.000 1.000
  U21                 2.000     1.9452     0.1889     0.1834     0.0316 1.000 1.000
  U22                 2.000     2.1278     0.0884     0.3322     0.0226 1.000 0.800
  U23                 2.000     2.0044     0.1898     0.3923     0.0288 0.800 0.800
  U24                 2.000     2.0907     0.1829     0.3068     0.0350 0.800 1.000
  U25                 2.000     1.9458     0.1103     0.2915     0.0127 1.000 1.000

 Means
  F                   0.000     0.0000     0.0000     0.0000     0.0000 1.000 0.000

 Variances
  F                   1.000     1.0000     0.0000     0.0000     0.0000 1.000 0.000

Parameters for Class-specific Model Parts of C1

Latent Class C1#1

 Thresholds
  U11$1               1.000     0.7789     0.1854     1.0367     0.0764 0.800 0.200
  U12$1               1.000     0.8633     0.2352     1.9590     0.0630 0.800 0.200
  U13$1               1.000     0.8120     0.1632     2.0516     0.0567 0.800 0.400
  U14$1               1.000     0.9518     0.2270     1.5589     0.0435 0.800 0.200
  U15$1               1.000     0.8500     0.2047     1.6061     0.0560 0.800 0.200

Latent Class C1#2

 Thresholds
  U11$1              -1.000    -1.0736     0.2689     1.6335     0.0633 1.000 0.600
  U12$1              -1.000    -1.1636     0.3246     1.1340     0.1111 1.000 0.600
  U13$1              -1.000    -1.0857     0.4374     0.8319     0.1604 1.000 0.600
  U14$1              -1.000    -1.2525     0.4788     1.8131     0.2472 1.000 0.600
  U15$1              -1.000    -1.2866     0.4682     1.5408     0.2575 0.800 0.600

Parameters for Class-specific Model Parts of C2

Latent Class C2#1

 Thresholds
  U21$1               1.000     0.7789     0.1854     1.0367     0.0764 0.800 0.200
  U22$1               1.000     0.8633     0.2352     1.9590     0.0630 0.800 0.200
  U23$1               1.000     0.8120     0.1632     2.0516     0.0567 0.800 0.400
  U24$1               1.000     0.9518     0.2270     1.5589     0.0435 0.800 0.200
  U25$1               1.000     0.8500     0.2047     1.6061     0.0560 0.800 0.200

Latent Class C2#2

 Thresholds
  U21$1              -1.000    -1.0736     0.2689     1.6335     0.0633 1.000 0.600
  U22$1              -1.000    -1.1636     0.3246     1.1340     0.1111 1.000 0.600
  U23$1              -1.000    -1.0857     0.4374     0.8319     0.1604 1.000 0.600
  U24$1              -1.000    -1.2525     0.4788     1.8131     0.2472 1.000 0.600
  U25$1              -1.000    -1.2866     0.4682     1.5408     0.2575 0.800 0.600

Categorical Latent Variables

 C2#1     ON
  C1#1                0.500    -0.5296     2.1920     2.7613     4.9041 0.800 0.200

 Means
  C1#1                0.000     0.2761     0.3594     2.7475     0.1796 1.000 0.000
  C2#1                0.000     0.9862     1.5557     3.7000     2.9089 0.800 0.200

New/Additional Parameters
  TRANS11             0.622     0.6023     0.1905     0.4003     0.0294 0.800 0.400
  TRANS12             0.378     0.3977     0.1905     0.4003     0.0294 0.800 0.400
  TRANS21             0.500     0.6587     0.2469     0.7870     0.0740 0.800 0.200
  TRANS22             0.500     0.3413     0.2469     0.7870     0.0740 0.800 0.000
  PROB11              0.500     0.5672     0.0880     0.6784     0.0107 1.000 0.600
  PROB12              0.500     0.4328     0.0880     0.6784     0.0107 1.000 0.400
  PROB21              0.561     0.6334     0.0632     0.6798     0.0084 1.000 0.600
  PROB22              0.439     0.3666     0.0632     0.6798     0.0084 1.000 0.400


QUALITY OF NUMERICAL RESULTS

     Average Condition Number for the Information Matrix      0.558E-03
       (ratio of smallest to largest eigenvalue)


TECHNICAL 1 OUTPUT


     PARAMETER SPECIFICATION FOR LATENT CLASS PATTERN 1 1


           NU
              U11           U12           U13           U14           U15
              ________      ________      ________      ________      ________
                    0             0             0             0             0


           NU
              U21           U22           U23           U24           U25
              ________      ________      ________      ________      ________
                    0             0             0             0             0


           LAMBDA
              F
              ________
 U11                1
 U12                2
 U13                3
 U14                4
 U15                5
 U21                1
 U22                2
 U23                3
 U24                4
 U25                5


           THETA
              U11           U12           U13           U14           U15
              ________      ________      ________      ________      ________
 U11                0
 U12                0             0
 U13                0             0             0
 U14                0             0             0             0
 U15                0             0             0             0             0
 U21                0             0             0             0             0
 U22                0             0             0             0             0
 U23                0             0             0             0             0
 U24                0             0             0             0             0
 U25                0             0             0             0             0


           THETA
              U21           U22           U23           U24           U25
              ________      ________      ________      ________      ________
 U21                0
 U22                0             0
 U23                0             0             0
 U24                0             0             0             0
 U25                0             0             0             0             0


           ALPHA
              F
              ________
                    0


           BETA
              F
              ________
 F                  0


           PSI
              F
              ________
 F                  0


     PARAMETER SPECIFICATION FOR LATENT CLASS PATTERN 1 2


           NU
              U11           U12           U13           U14           U15
              ________      ________      ________      ________      ________
                    0             0             0             0             0


           NU
              U21           U22           U23           U24           U25
              ________      ________      ________      ________      ________
                    0             0             0             0             0


           LAMBDA
              F
              ________
 U11                1
 U12                2
 U13                3
 U14                4
 U15                5
 U21                1
 U22                2
 U23                3
 U24                4
 U25                5


           THETA
              U11           U12           U13           U14           U15
              ________      ________      ________      ________      ________
 U11                0
 U12                0             0
 U13                0             0             0
 U14                0             0             0             0
 U15                0             0             0             0             0
 U21                0             0             0             0             0
 U22                0             0             0             0             0
 U23                0             0             0             0             0
 U24                0             0             0             0             0
 U25                0             0             0             0             0


           THETA
              U21           U22           U23           U24           U25
              ________      ________      ________      ________      ________
 U21                0
 U22                0             0
 U23                0             0             0
 U24                0             0             0             0
 U25                0             0             0             0             0


           ALPHA
              F
              ________
                    0


           BETA
              F
              ________
 F                  0


           PSI
              F
              ________
 F                  0


     PARAMETER SPECIFICATION FOR LATENT CLASS PATTERN 2 1


           NU
              U11           U12           U13           U14           U15
              ________      ________      ________      ________      ________
                    0             0             0             0             0


           NU
              U21           U22           U23           U24           U25
              ________      ________      ________      ________      ________
                    0             0             0             0             0


           LAMBDA
              F
              ________
 U11                1
 U12                2
 U13                3
 U14                4
 U15                5
 U21                1
 U22                2
 U23                3
 U24                4
 U25                5


           THETA
              U11           U12           U13           U14           U15
              ________      ________      ________      ________      ________
 U11                0
 U12                0             0
 U13                0             0             0
 U14                0             0             0             0
 U15                0             0             0             0             0
 U21                0             0             0             0             0
 U22                0             0             0             0             0
 U23                0             0             0             0             0
 U24                0             0             0             0             0
 U25                0             0             0             0             0


           THETA
              U21           U22           U23           U24           U25
              ________      ________      ________      ________      ________
 U21                0
 U22                0             0
 U23                0             0             0
 U24                0             0             0             0
 U25                0             0             0             0             0


           ALPHA
              F
              ________
                    0


           BETA
              F
              ________
 F                  0


           PSI
              F
              ________
 F                  0


     PARAMETER SPECIFICATION FOR LATENT CLASS PATTERN 2 2


           NU
              U11           U12           U13           U14           U15
              ________      ________      ________      ________      ________
                    0             0             0             0             0


           NU
              U21           U22           U23           U24           U25
              ________      ________      ________      ________      ________
                    0             0             0             0             0


           LAMBDA
              F
              ________
 U11                1
 U12                2
 U13                3
 U14                4
 U15                5
 U21                1
 U22                2
 U23                3
 U24                4
 U25                5


           THETA
              U11           U12           U13           U14           U15
              ________      ________      ________      ________      ________
 U11                0
 U12                0             0
 U13                0             0             0
 U14                0             0             0             0
 U15                0             0             0             0             0
 U21                0             0             0             0             0
 U22                0             0             0             0             0
 U23                0             0             0             0             0
 U24                0             0             0             0             0
 U25                0             0             0             0             0


           THETA
              U21           U22           U23           U24           U25
              ________      ________      ________      ________      ________
 U21                0
 U22                0             0
 U23                0             0             0
 U24                0             0             0             0
 U25                0             0             0             0             0


           ALPHA
              F
              ________
                    0


           BETA
              F
              ________
 F                  0


           PSI
              F
              ________
 F                  0


     PARAMETER SPECIFICATION FOR LATENT CLASS INDICATOR MODEL PART


           TAU(U) FOR LATENT CLASS PATTERN 1 1
              U11$1         U12$1         U13$1         U14$1         U15$1
              ________      ________      ________      ________      ________
                    6             7             8             9            10


           TAU(U) FOR LATENT CLASS PATTERN 1 1
              U21$1         U22$1         U23$1         U24$1         U25$1
              ________      ________      ________      ________      ________
                    6             7             8             9            10


           TAU(U) FOR LATENT CLASS PATTERN 1 2
              U11$1         U12$1         U13$1         U14$1         U15$1
              ________      ________      ________      ________      ________
                    6             7             8             9            10


           TAU(U) FOR LATENT CLASS PATTERN 1 2
              U21$1         U22$1         U23$1         U24$1         U25$1
              ________      ________      ________      ________      ________
                   11            12            13            14            15


           TAU(U) FOR LATENT CLASS PATTERN 2 1
              U11$1         U12$1         U13$1         U14$1         U15$1
              ________      ________      ________      ________      ________
                   11            12            13            14            15


           TAU(U) FOR LATENT CLASS PATTERN 2 1
              U21$1         U22$1         U23$1         U24$1         U25$1
              ________      ________      ________      ________      ________
                    6             7             8             9            10


           TAU(U) FOR LATENT CLASS PATTERN 2 2
              U11$1         U12$1         U13$1         U14$1         U15$1
              ________      ________      ________      ________      ________
                   11            12            13            14            15


           TAU(U) FOR LATENT CLASS PATTERN 2 2
              U21$1         U22$1         U23$1         U24$1         U25$1
              ________      ________      ________      ________      ________
                   11            12            13            14            15


     PARAMETER SPECIFICATION FOR LATENT CLASS REGRESSION MODEL PART


           ALPHA(C)
              C1#1          C1#2          C2#1          C2#2
              ________      ________      ________      ________
                   16             0            17             0


           GAMMA(C)
              F
              ________
 C1#1               0
 C1#2               0
 C2#1               0
 C2#2               0


           BETA(C)
              C1#1          C1#2
              ________      ________
 C2#1              18             0
 C2#2               0             0


     PARAMETER SPECIFICATION FOR THE ADDITIONAL PARAMETERS


           NEW/ADDITIONAL PARAMETERS
              TRANS11       TRANS12       TRANS21       TRANS22       PROB11
              ________      ________      ________      ________      ________
                   19            20            21            22            23


           NEW/ADDITIONAL PARAMETERS
              PROB12        PROB21        PROB22
              ________      ________      ________
                   24            25            26


     STARTING VALUES FOR LATENT CLASS PATTERN 1 1


           NU
              U11           U12           U13           U14           U15
              ________      ________      ________      ________      ________
                0.000         0.000         0.000         0.000         0.000


           NU
              U21           U22           U23           U24           U25
              ________      ________      ________      ________      ________
                0.000         0.000         0.000         0.000         0.000


           LAMBDA
              F
              ________
 U11            2.000
 U12            2.000
 U13            2.000
 U14            2.000
 U15            2.000
 U21            2.000
 U22            2.000
 U23            2.000
 U24            2.000
 U25            2.000


           THETA
              U11           U12           U13           U14           U15
              ________      ________      ________      ________      ________
 U11            1.000
 U12            0.000         1.000
 U13            0.000         0.000         1.000
 U14            0.000         0.000         0.000         1.000
 U15            0.000         0.000         0.000         0.000         1.000
 U21            0.000         0.000         0.000         0.000         0.000
 U22            0.000         0.000         0.000         0.000         0.000
 U23            0.000         0.000         0.000         0.000         0.000
 U24            0.000         0.000         0.000         0.000         0.000
 U25            0.000         0.000         0.000         0.000         0.000


           THETA
              U21           U22           U23           U24           U25
              ________      ________      ________      ________      ________
 U21            1.000
 U22            0.000         1.000
 U23            0.000         0.000         1.000
 U24            0.000         0.000         0.000         1.000
 U25            0.000         0.000         0.000         0.000         1.000


           ALPHA
              F
              ________
                0.000


           BETA
              F
              ________
 F              0.000


           PSI
              F
              ________
 F              1.000


     STARTING VALUES FOR LATENT CLASS PATTERN 1 2


           NU
              U11           U12           U13           U14           U15
              ________      ________      ________      ________      ________
                0.000         0.000         0.000         0.000         0.000


           NU
              U21           U22           U23           U24           U25
              ________      ________      ________      ________      ________
                0.000         0.000         0.000         0.000         0.000


           LAMBDA
              F
              ________
 U11            2.000
 U12            2.000
 U13            2.000
 U14            2.000
 U15            2.000
 U21            2.000
 U22            2.000
 U23            2.000
 U24            2.000
 U25            2.000


           THETA
              U11           U12           U13           U14           U15
              ________      ________      ________      ________      ________
 U11            1.000
 U12            0.000         1.000
 U13            0.000         0.000         1.000
 U14            0.000         0.000         0.000         1.000
 U15            0.000         0.000         0.000         0.000         1.000
 U21            0.000         0.000         0.000         0.000         0.000
 U22            0.000         0.000         0.000         0.000         0.000
 U23            0.000         0.000         0.000         0.000         0.000
 U24            0.000         0.000         0.000         0.000         0.000
 U25            0.000         0.000         0.000         0.000         0.000


           THETA
              U21           U22           U23           U24           U25
              ________      ________      ________      ________      ________
 U21            1.000
 U22            0.000         1.000
 U23            0.000         0.000         1.000
 U24            0.000         0.000         0.000         1.000
 U25            0.000         0.000         0.000         0.000         1.000


           ALPHA
              F
              ________
                0.000


           BETA
              F
              ________
 F              0.000


           PSI
              F
              ________
 F              1.000


     STARTING VALUES FOR LATENT CLASS PATTERN 2 1


           NU
              U11           U12           U13           U14           U15
              ________      ________      ________      ________      ________
                0.000         0.000         0.000         0.000         0.000


           NU
              U21           U22           U23           U24           U25
              ________      ________      ________      ________      ________
                0.000         0.000         0.000         0.000         0.000


           LAMBDA
              F
              ________
 U11            2.000
 U12            2.000
 U13            2.000
 U14            2.000
 U15            2.000
 U21            2.000
 U22            2.000
 U23            2.000
 U24            2.000
 U25            2.000


           THETA
              U11           U12           U13           U14           U15
              ________      ________      ________      ________      ________
 U11            1.000
 U12            0.000         1.000
 U13            0.000         0.000         1.000
 U14            0.000         0.000         0.000         1.000
 U15            0.000         0.000         0.000         0.000         1.000
 U21            0.000         0.000         0.000         0.000         0.000
 U22            0.000         0.000         0.000         0.000         0.000
 U23            0.000         0.000         0.000         0.000         0.000
 U24            0.000         0.000         0.000         0.000         0.000
 U25            0.000         0.000         0.000         0.000         0.000


           THETA
              U21           U22           U23           U24           U25
              ________      ________      ________      ________      ________
 U21            1.000
 U22            0.000         1.000
 U23            0.000         0.000         1.000
 U24            0.000         0.000         0.000         1.000
 U25            0.000         0.000         0.000         0.000         1.000


           ALPHA
              F
              ________
                0.000


           BETA
              F
              ________
 F              0.000


           PSI
              F
              ________
 F              1.000


     STARTING VALUES FOR LATENT CLASS PATTERN 2 2


           NU
              U11           U12           U13           U14           U15
              ________      ________      ________      ________      ________
                0.000         0.000         0.000         0.000         0.000


           NU
              U21           U22           U23           U24           U25
              ________      ________      ________      ________      ________
                0.000         0.000         0.000         0.000         0.000


           LAMBDA
              F
              ________
 U11            2.000
 U12            2.000
 U13            2.000
 U14            2.000
 U15            2.000
 U21            2.000
 U22            2.000
 U23            2.000
 U24            2.000
 U25            2.000


           THETA
              U11           U12           U13           U14           U15
              ________      ________      ________      ________      ________
 U11            1.000
 U12            0.000         1.000
 U13            0.000         0.000         1.000
 U14            0.000         0.000         0.000         1.000
 U15            0.000         0.000         0.000         0.000         1.000
 U21            0.000         0.000         0.000         0.000         0.000
 U22            0.000         0.000         0.000         0.000         0.000
 U23            0.000         0.000         0.000         0.000         0.000
 U24            0.000         0.000         0.000         0.000         0.000
 U25            0.000         0.000         0.000         0.000         0.000


           THETA
              U21           U22           U23           U24           U25
              ________      ________      ________      ________      ________
 U21            1.000
 U22            0.000         1.000
 U23            0.000         0.000         1.000
 U24            0.000         0.000         0.000         1.000
 U25            0.000         0.000         0.000         0.000         1.000


           ALPHA
              F
              ________
                0.000


           BETA
              F
              ________
 F              0.000


           PSI
              F
              ________
 F              1.000


     STARTING VALUES FOR LATENT CLASS INDICATOR MODEL PART


           TAU(U) FOR LATENT CLASS PATTERN 1 1
              U11$1         U12$1         U13$1         U14$1         U15$1
              ________      ________      ________      ________      ________
                1.000         1.000         1.000         1.000         1.000


           TAU(U) FOR LATENT CLASS PATTERN 1 1
              U21$1         U22$1         U23$1         U24$1         U25$1
              ________      ________      ________      ________      ________
                1.000         1.000         1.000         1.000         1.000


           TAU(U) FOR LATENT CLASS PATTERN 1 2
              U11$1         U12$1         U13$1         U14$1         U15$1
              ________      ________      ________      ________      ________
                1.000         1.000         1.000         1.000         1.000


           TAU(U) FOR LATENT CLASS PATTERN 1 2
              U21$1         U22$1         U23$1         U24$1         U25$1
              ________      ________      ________      ________      ________
               -1.000        -1.000        -1.000        -1.000        -1.000


           TAU(U) FOR LATENT CLASS PATTERN 2 1
              U11$1         U12$1         U13$1         U14$1         U15$1
              ________      ________      ________      ________      ________
               -1.000        -1.000        -1.000        -1.000        -1.000


           TAU(U) FOR LATENT CLASS PATTERN 2 1
              U21$1         U22$1         U23$1         U24$1         U25$1
              ________      ________      ________      ________      ________
                1.000         1.000         1.000         1.000         1.000


           TAU(U) FOR LATENT CLASS PATTERN 2 2
              U11$1         U12$1         U13$1         U14$1         U15$1
              ________      ________      ________      ________      ________
               -1.000        -1.000        -1.000        -1.000        -1.000


           TAU(U) FOR LATENT CLASS PATTERN 2 2
              U21$1         U22$1         U23$1         U24$1         U25$1
              ________      ________      ________      ________      ________
               -1.000        -1.000        -1.000        -1.000        -1.000


     STARTING VALUES FOR LATENT CLASS REGRESSION MODEL PART


           ALPHA(C)
              C1#1          C1#2          C2#1          C2#2
              ________      ________      ________      ________
                0.000         0.000         0.000         0.000


           GAMMA(C)
              F
              ________
 C1#1           0.000
 C1#2           0.000
 C2#1           0.000
 C2#2           0.000


           BETA(C)
              C1#1          C1#2
              ________      ________
 C2#1           0.500         0.000
 C2#2           0.000         0.000


     STARTING VALUES FOR THE ADDITIONAL PARAMETERS


           NEW/ADDITIONAL PARAMETERS
              TRANS11       TRANS12       TRANS21       TRANS22       PROB11
              ________      ________      ________      ________      ________
                0.622         0.378         0.500         0.500         0.500


           NEW/ADDITIONAL PARAMETERS
              PROB12        PROB21        PROB22
              ________      ________      ________
                0.500         0.561         0.439


     POPULATION VALUES FOR LATENT CLASS PATTERN 1 1


           NU
              U11           U12           U13           U14           U15
              ________      ________      ________      ________      ________
                0.000         0.000         0.000         0.000         0.000


           NU
              U21           U22           U23           U24           U25
              ________      ________      ________      ________      ________
                0.000         0.000         0.000         0.000         0.000


           LAMBDA
              F
              ________
 U11            2.000
 U12            2.000
 U13            2.000
 U14            2.000
 U15            2.000
 U21            2.000
 U22            2.000
 U23            2.000
 U24            2.000
 U25            2.000


           THETA
              U11           U12           U13           U14           U15
              ________      ________      ________      ________      ________
 U11            0.000
 U12            0.000         0.000
 U13            0.000         0.000         0.000
 U14            0.000         0.000         0.000         0.000
 U15            0.000         0.000         0.000         0.000         0.000
 U21            0.000         0.000         0.000         0.000         0.000
 U22            0.000         0.000         0.000         0.000         0.000
 U23            0.000         0.000         0.000         0.000         0.000
 U24            0.000         0.000         0.000         0.000         0.000
 U25            0.000         0.000         0.000         0.000         0.000


           THETA
              U21           U22           U23           U24           U25
              ________      ________      ________      ________      ________
 U21            0.000
 U22            0.000         0.000
 U23            0.000         0.000         0.000
 U24            0.000         0.000         0.000         0.000
 U25            0.000         0.000         0.000         0.000         0.000


           ALPHA
              F
              ________
                0.000


           BETA
              F
              ________
 F              0.000


           PSI
              F
              ________
 F              1.000


     POPULATION VALUES FOR LATENT CLASS PATTERN 1 2


           NU
              U11           U12           U13           U14           U15
              ________      ________      ________      ________      ________
                0.000         0.000         0.000         0.000         0.000


           NU
              U21           U22           U23           U24           U25
              ________      ________      ________      ________      ________
                0.000         0.000         0.000         0.000         0.000


           LAMBDA
              F
              ________
 U11            2.000
 U12            2.000
 U13            2.000
 U14            2.000
 U15            2.000
 U21            2.000
 U22            2.000
 U23            2.000
 U24            2.000
 U25            2.000


           THETA
              U11           U12           U13           U14           U15
              ________      ________      ________      ________      ________
 U11            0.000
 U12            0.000         0.000
 U13            0.000         0.000         0.000
 U14            0.000         0.000         0.000         0.000
 U15            0.000         0.000         0.000         0.000         0.000
 U21            0.000         0.000         0.000         0.000         0.000
 U22            0.000         0.000         0.000         0.000         0.000
 U23            0.000         0.000         0.000         0.000         0.000
 U24            0.000         0.000         0.000         0.000         0.000
 U25            0.000         0.000         0.000         0.000         0.000


           THETA
              U21           U22           U23           U24           U25
              ________      ________      ________      ________      ________
 U21            0.000
 U22            0.000         0.000
 U23            0.000         0.000         0.000
 U24            0.000         0.000         0.000         0.000
 U25            0.000         0.000         0.000         0.000         0.000


           ALPHA
              F
              ________
                0.000


           BETA
              F
              ________
 F              0.000


           PSI
              F
              ________
 F              1.000


     POPULATION VALUES FOR LATENT CLASS PATTERN 2 1


           NU
              U11           U12           U13           U14           U15
              ________      ________      ________      ________      ________
                0.000         0.000         0.000         0.000         0.000


           NU
              U21           U22           U23           U24           U25
              ________      ________      ________      ________      ________
                0.000         0.000         0.000         0.000         0.000


           LAMBDA
              F
              ________
 U11            2.000
 U12            2.000
 U13            2.000
 U14            2.000
 U15            2.000
 U21            2.000
 U22            2.000
 U23            2.000
 U24            2.000
 U25            2.000


           THETA
              U11           U12           U13           U14           U15
              ________      ________      ________      ________      ________
 U11            0.000
 U12            0.000         0.000
 U13            0.000         0.000         0.000
 U14            0.000         0.000         0.000         0.000
 U15            0.000         0.000         0.000         0.000         0.000
 U21            0.000         0.000         0.000         0.000         0.000
 U22            0.000         0.000         0.000         0.000         0.000
 U23            0.000         0.000         0.000         0.000         0.000
 U24            0.000         0.000         0.000         0.000         0.000
 U25            0.000         0.000         0.000         0.000         0.000


           THETA
              U21           U22           U23           U24           U25
              ________      ________      ________      ________      ________
 U21            0.000
 U22            0.000         0.000
 U23            0.000         0.000         0.000
 U24            0.000         0.000         0.000         0.000
 U25            0.000         0.000         0.000         0.000         0.000


           ALPHA
              F
              ________
                0.000


           BETA
              F
              ________
 F              0.000


           PSI
              F
              ________
 F              1.000


     POPULATION VALUES FOR LATENT CLASS PATTERN 2 2


           NU
              U11           U12           U13           U14           U15
              ________      ________      ________      ________      ________
                0.000         0.000         0.000         0.000         0.000


           NU
              U21           U22           U23           U24           U25
              ________      ________      ________      ________      ________
                0.000         0.000         0.000         0.000         0.000


           LAMBDA
              F
              ________
 U11            2.000
 U12            2.000
 U13            2.000
 U14            2.000
 U15            2.000
 U21            2.000
 U22            2.000
 U23            2.000
 U24            2.000
 U25            2.000


           THETA
              U11           U12           U13           U14           U15
              ________      ________      ________      ________      ________
 U11            0.000
 U12            0.000         0.000
 U13            0.000         0.000         0.000
 U14            0.000         0.000         0.000         0.000
 U15            0.000         0.000         0.000         0.000         0.000
 U21            0.000         0.000         0.000         0.000         0.000
 U22            0.000         0.000         0.000         0.000         0.000
 U23            0.000         0.000         0.000         0.000         0.000
 U24            0.000         0.000         0.000         0.000         0.000
 U25            0.000         0.000         0.000         0.000         0.000


           THETA
              U21           U22           U23           U24           U25
              ________      ________      ________      ________      ________
 U21            0.000
 U22            0.000         0.000
 U23            0.000         0.000         0.000
 U24            0.000         0.000         0.000         0.000
 U25            0.000         0.000         0.000         0.000         0.000


           ALPHA
              F
              ________
                0.000


           BETA
              F
              ________
 F              0.000


           PSI
              F
              ________
 F              1.000


     POPULATION VALUES FOR LATENT CLASS INDICATOR MODEL PART


           TAU(U) FOR LATENT CLASS PATTERN 1 1
              U11$1         U12$1         U13$1         U14$1         U15$1
              ________      ________      ________      ________      ________
                1.000         1.000         1.000         1.000         1.000


           TAU(U) FOR LATENT CLASS PATTERN 1 1
              U21$1         U22$1         U23$1         U24$1         U25$1
              ________      ________      ________      ________      ________
                1.000         1.000         1.000         1.000         1.000


           TAU(U) FOR LATENT CLASS PATTERN 1 2
              U11$1         U12$1         U13$1         U14$1         U15$1
              ________      ________      ________      ________      ________
                1.000         1.000         1.000         1.000         1.000


           TAU(U) FOR LATENT CLASS PATTERN 1 2
              U21$1         U22$1         U23$1         U24$1         U25$1
              ________      ________      ________      ________      ________
               -1.000        -1.000        -1.000        -1.000        -1.000


           TAU(U) FOR LATENT CLASS PATTERN 2 1
              U11$1         U12$1         U13$1         U14$1         U15$1
              ________      ________      ________      ________      ________
               -1.000        -1.000        -1.000        -1.000        -1.000


           TAU(U) FOR LATENT CLASS PATTERN 2 1
              U21$1         U22$1         U23$1         U24$1         U25$1
              ________      ________      ________      ________      ________
                1.000         1.000         1.000         1.000         1.000


           TAU(U) FOR LATENT CLASS PATTERN 2 2
              U11$1         U12$1         U13$1         U14$1         U15$1
              ________      ________      ________      ________      ________
               -1.000        -1.000        -1.000        -1.000        -1.000


           TAU(U) FOR LATENT CLASS PATTERN 2 2
              U21$1         U22$1         U23$1         U24$1         U25$1
              ________      ________      ________      ________      ________
               -1.000        -1.000        -1.000        -1.000        -1.000


     POPULATION VALUES FOR LATENT CLASS REGRESSION MODEL PART


           ALPHA(C)
              C1#1          C1#2          C2#1          C2#2
              ________      ________      ________      ________
                0.000         0.000         0.000         0.000


           GAMMA(C)
              F
              ________
 C1#1           0.000
 C1#2           0.000
 C2#1           0.000
 C2#2           0.000


           BETA(C)
              C1#1          C1#2
              ________      ________
 C2#1           0.500         0.000
 C2#2           0.000         0.000


SAVEDATA INFORMATION

  Order of variables

    U11
    U12
    U13
    U14
    U15
    U21
    U22
    U23
    U24
    U25
    C1
    C2

  Save file
    3_t2n500rep*.dat

  Save file format           Free
  Save file record length    10000


RESULTS SAVING INFORMATION

  Order of data

    Replication number
    Parameter estimates
     (saved in order shown in Technical 1 output)
    Standard errors
     (saved in order shown in Technical 1 output)
    H0 Loglikelihood
    Number of Free Parameters
    Akaike (AIC)
    Bayesian (BIC)
    Sample-Size Adjusted BIC
    Pearson Chi-Square : Value
    Pearson Chi-Square : Degrees of Freedom
    Pearson Chi-Square : P-Value
    Likelihood Chi-Square : Value
    Likelihood Chi-Square : Degrees of Freedom
    Likelihood Chi-Square : P-Value

  Save file
    t2results3.csv

  Save file format           Free


     Beginning Time:  12:34:01
        Ending Time:  12:34:04
       Elapsed Time:  00:00:03



MUTHEN & MUTHEN
3463 Stoner Ave.
Los Angeles, CA  90066

Tel: (310) 391-9971
Fax: (310) 391-8971
Web: www.StatModel.com
Support: Support@StatModel.com

Copyright (c) 1998-2019 Muthen & Muthen
