Mplus VERSION 8.4 (Mac)
MUTHEN & MUTHEN
06/13/2020  12:34 PM

INPUT INSTRUCTIONS

  TITLE:
  T2RILTA - vary n-size
  MONTECARLO:
  NAMES = u11-u15 u21-u25;
  GENERATE = u11-u15 u21-u25(1);
  CATEGORICAL = u11-u15 u21-u25;
  GENCLASSES = c1(2) c2(2);
  CLASSES = c1(2) c2(2);
  NOBSERVATIONS = 2000;
  SEED = 3252020;
  	NREPS = 5; !rep number reduced for demo (real sim use 500,1000)
   repsave = all;
   save = 4_t2n500rep*.dat;
   RESULTS = t2results4.csv;
  MODEL POPULATION:
  %OVERALL%

        [c1#1-c2#1*0];
        c2#1 on c1#1*0.5;

        f by u11-u15*2 (p1-p5)
             u21-u25*2 (p1-p5);

      	f@1; [f@0]; ! set factor variance to 1 and mean to 0

    MODEL POPULATION-c1:
        %c1#1%
        [u11$1*1] (p111); [u12$1*1] (p211); [u13$1*1] (p311);
        [u14$1*1] (p411); [u15$1*1] (p511);
      	%c1#2%
      	[u11$1*-1] (p121); [u12$1*-1] (p221); [u13$1*-1] (p321);
      	[u14$1*-1] (p421); [u15$1*-1] (p521);

    MODEL POPULATION-c2:	
        %c2#1%
        [u21$1*1] (p111); [u22$1*1] (p211); [u23$1*1] (p311);
        [u24$1*1] (p411); [u25$1*1] (p511);
      	%c2#2%
        [u21$1*-1] (p121); [u22$1*-1] (p221); [u23$1*-1] (p321);
        [u24$1*-1] (p421); [u25$1*-1] (p521);
  ANALYSIS:
  TYPE = MIXTURE;
         algorithm = integration;
      	 processors = 8;
  MODEL:
  %OVERALL%

      [c1#1-c2#1*0] (par1-par2);
    	c2#1 on c1#1*0.5 (par11);

      f by u11-u15*2 (p1-p5)
           u21-u25*2 (p1-p5);

      f@1; [f@0];

    MODEL c1:
        %c1#1%
        [u11$1*1] (p111); [u12$1*1] (p211); [u13$1*1] (p311);
        [u14$1*1] (p411); [u15$1*1] (p511);
      	%c1#2%
      	[u11$1*-1] (p121); [u12$1*-1] (p221); [u13$1*-1] (p321);
      	[u14$1*-1] (p421); [u15$1*-1] (p521);

    MODEL c2: 	
        %c2#1%
        [u21$1*1] (p111); [u22$1*1] (p211); [u23$1*1] (p311);
        [u24$1*1] (p411); [u25$1*1] (p511);
      	%c2#2%
        [u21$1*-1] (p121); [u22$1*-1] (p221); [u23$1*-1] (p321);
        [u24$1*-1] (p421); [u25$1*-1] (p521);
  MODEL CONSTRAINT:
  ! Compute joint and marginal probabilities:
          New(
          trans11*.622 trans12*.378 trans21*.5 trans22*.5
          prob11*.5 prob12*.5 prob21*.561 prob22*.439);
          trans11 = 1/(1+exp(-(par2+par11)));
          trans12 = 1-trans11;
          trans21 = 1/(1+exp(-par2));
          trans22 = 1- trans21;
          !marginal probabilities at T1 and T2:
          prob11 = 1/(1+exp(-par1));
          prob12 = 1 - prob11;
          prob21 = prob11*trans11+prob12*trans21;
          prob22 = 1- prob21;



INPUT READING TERMINATED NORMALLY




T2RILTA - vary n-size

SUMMARY OF ANALYSIS

Number of groups                                                 1
Number of observations                                        2000

Number of replications
    Requested                                                    5
    Completed                                                    5
Value of seed                                              3252020

Number of dependent variables                                   10
Number of independent variables                                  0
Number of continuous latent variables                            1
Number of categorical latent variables                           2

Observed dependent variables

  Binary and ordered categorical (ordinal)
   U11         U12         U13         U14         U15         U21
   U22         U23         U24         U25

Continuous latent variables
   F

Categorical latent variables
   C1          C2


Estimator                                                      MLR
Information matrix                                        OBSERVED
Optimization Specifications for the Quasi-Newton Algorithm for
Continuous Outcomes
  Maximum number of iterations                                 100
  Convergence criterion                                  0.100D-05
Optimization Specifications for the EM Algorithm
  Maximum number of iterations                                 500
  Convergence criteria
    Loglikelihood change                                 0.100D-02
    Relative loglikelihood change                        0.100D-05
    Derivative                                           0.100D-02
Optimization Specifications for the M step of the EM Algorithm for
Categorical Latent variables
  Number of M step iterations                                    1
  M step convergence criterion                           0.100D-02
  Basis for M step termination                           ITERATION
Optimization Specifications for the M step of the EM Algorithm for
Censored, Binary or Ordered Categorical (Ordinal), Unordered
Categorical (Nominal) and Count Outcomes
  Number of M step iterations                                    1
  M step convergence criterion                           0.100D-02
  Basis for M step termination                           ITERATION
  Maximum value for logit thresholds                            15
  Minimum value for logit thresholds                           -15
  Minimum expected cell size for chi-square              0.100D-01
Optimization algorithm                                         EMA
Integration Specifications
  Type                                                    STANDARD
  Number of integration points                                  15
  Dimensions of numerical integration                            1
  Adaptive quadrature                                           ON
Parameterization                                             LOGIT
Link                                                         LOGIT
Cholesky                                                        ON





MODEL FIT INFORMATION

Number of Free Parameters                       18

Loglikelihood

    H0 Value

        Mean                            -11034.370
        Std Dev                             70.763
        Number of successful computations        5

             Proportions                   Percentiles
        Expected    Observed         Expected       Observed
           0.990       1.000       -11198.986     -11120.646
           0.980       1.000       -11179.696     -11120.646
           0.950       1.000       -11150.768     -11120.646
           0.900       1.000       -11125.060     -11120.646
           0.800       0.800       -11093.924     -11120.646
           0.700       0.600       -11071.478     -11120.646
           0.500       0.400       -11034.370     -11081.107
           0.300       0.400       -10997.262     -11069.375
           0.200       0.400       -10974.816     -10956.236
           0.100       0.000       -10943.681     -10956.236
           0.050       0.000       -10917.972     -10956.236
           0.020       0.000       -10889.045     -10956.236
           0.010       0.000       -10869.755     -10956.236

Information Criteria

    Akaike (AIC)

        Mean                             22104.741
        Std Dev                            141.526
        Number of successful computations        5

             Proportions                   Percentiles
        Expected    Observed         Expected       Observed
           0.990       1.000        21775.509      21924.975
           0.980       1.000        21814.089      21924.975
           0.950       1.000        21871.945      21924.975
           0.900       1.000        21923.361      21924.975
           0.800       0.600        21985.633      21924.975
           0.700       0.600        22030.525      21924.975
           0.500       0.600        22104.741      21948.473
           0.300       0.400        22178.957      22174.750
           0.200       0.200        22223.849      22198.213
           0.100       0.000        22286.120      22198.213
           0.050       0.000        22337.536      22198.213
           0.020       0.000        22395.392      22198.213
           0.010       0.000        22433.972      22198.213

    Bayesian (BIC)

        Mean                             22205.557
        Std Dev                            141.526
        Number of successful computations        5

             Proportions                   Percentiles
        Expected    Observed         Expected       Observed
           0.990       1.000        21876.326      22025.792
           0.980       1.000        21914.905      22025.792
           0.950       1.000        21972.761      22025.792
           0.900       1.000        22024.177      22025.792
           0.800       0.600        22086.449      22025.792
           0.700       0.600        22131.341      22025.792
           0.500       0.600        22205.557      22049.289
           0.300       0.400        22279.773      22275.566
           0.200       0.200        22324.665      22299.030
           0.100       0.000        22386.936      22299.030
           0.050       0.000        22438.353      22299.030
           0.020       0.000        22496.208      22299.030
           0.010       0.000        22534.788      22299.030

    Sample-Size Adjusted BIC (n* = (n + 2) / 24)

        Mean                             22148.370
        Std Dev                            141.526
        Number of successful computations        5

             Proportions                   Percentiles
        Expected    Observed         Expected       Observed
           0.990       1.000        21819.139      21968.605
           0.980       1.000        21857.718      21968.605
           0.950       1.000        21915.574      21968.605
           0.900       1.000        21966.991      21968.605
           0.800       0.600        22029.262      21968.605
           0.700       0.600        22074.154      21968.605
           0.500       0.600        22148.370      21992.102
           0.300       0.400        22222.586      22218.379
           0.200       0.200        22267.478      22241.843
           0.100       0.000        22329.749      22241.843
           0.050       0.000        22381.166      22241.843
           0.020       0.000        22439.021      22241.843
           0.010       0.000        22477.601      22241.843

Chi-Square Test of Model Fit for the Binary and Ordered Categorical
(Ordinal) Outcomes

    Pearson Chi-Square

        Mean                              1044.402
        Std Dev                             51.989
        Degrees of freedom                    1005
        Number of successful computations        5

             Proportions                   Percentiles
        Expected    Observed         Expected       Observed
           0.990       1.000          903.653        956.070
           0.980       1.000          915.083        956.070
           0.950       1.000          932.411        956.070
           0.900       1.000          947.989        956.070
           0.800       0.800          967.086        956.070
           0.700       0.800          981.015        956.070
           0.500       0.800         1004.333       1016.264
           0.300       0.600         1028.018       1071.195
           0.200       0.600         1042.525       1079.715
           0.100       0.600         1062.867       1079.715
           0.050       0.200         1079.863       1079.715
           0.020       0.000         1099.207       1079.715
           0.010       0.000         1112.229       1079.715

    Likelihood Ratio Chi-Square

        Mean                              1097.996
        Std Dev                             43.752
        Degrees of freedom                    1005
        Number of successful computations        5

             Proportions                   Percentiles
        Expected    Observed         Expected       Observed
           0.990       1.000          903.653       1015.601
           0.980       1.000          915.083       1015.601
           0.950       1.000          932.411       1015.601
           0.900       1.000          947.989       1015.601
           0.800       1.000          967.086       1015.601
           0.700       1.000          981.015       1015.601
           0.500       1.000         1004.333       1097.262
           0.300       0.800         1028.018       1113.337
           0.200       0.800         1042.525       1120.738
           0.100       0.800         1062.867       1120.738
           0.050       0.800         1079.863       1120.738
           0.020       0.600         1099.207       1120.738
           0.010       0.600         1112.229       1120.738



MODEL RESULTS USE THE LATENT CLASS VARIABLE ORDER

   C1  C2


FINAL CLASS COUNTS AND PROPORTIONS FOR THE LATENT CLASS PATTERNS
BASED ON THE ESTIMATED MODEL

  Latent Class
    Pattern

    1  1        658.38657          0.32919
    1  2        394.34394          0.19717
    2  1        521.29612          0.26065
    2  2        425.97336          0.21299


FINAL CLASS COUNTS AND PROPORTIONS FOR EACH LATENT CLASS VARIABLE
BASED ON THE ESTIMATED MODEL

  Latent Class
    Variable    Class

    C1             1      1052.73059          0.52637
                   2       947.26953          0.47363
    C2             1      1179.68274          0.58984
                   2       820.31732          0.41016


LATENT TRANSITION PROBABILITIES BASED ON THE ESTIMATED MODEL

  C1 Classes (Rows) by C2 Classes (Columns)

            1        2

   1     0.614    0.386
   2     0.592    0.408


FINAL CLASS COUNTS AND PROPORTIONS FOR THE LATENT CLASS PATTERNS
BASED ON ESTIMATED POSTERIOR PROBABILITIES

  Latent Class
    Pattern

    1  1        658.46752          0.32923
    1  2        394.33363          0.19717
    2  1        521.33169          0.26067
    2  2        425.86716          0.21293


FINAL CLASS COUNTS AND PROPORTIONS FOR EACH LATENT CLASS VARIABLE
BASED ON ESTIMATED POSTERIOR PROBABILITIES

  Latent Class
    Variable    Class

    C1             1      1052.80115          0.52640
                   2       947.19885          0.47360
    C2             1      1179.79919          0.58990
                   2       820.20081          0.41010


FINAL CLASS COUNTS AND PROPORTIONS FOR THE LATENT CLASS PATTERNS
BASED ON THEIR MOST LIKELY LATENT CLASS PATTERN

Class Counts and Proportions

  Latent Class
    Pattern

    1  1              645          0.32230
    1  2              417          0.20830
    2  1              591          0.29550
    2  2              348          0.17390


FINAL CLASS COUNTS AND PROPORTIONS FOR EACH LATENT CLASS VARIABLE
BASED ON THEIR MOST LIKELY LATENT CLASS PATTERN

  Latent Class
    Variable    Class

    C1             1            1061          0.53060
                   2             938          0.46940
    C2             1            1235          0.61780
                   2             764          0.38220


CLASSIFICATION QUALITY

     Entropy                         0.265


MODEL RESULTS

                              ESTIMATES              S. E.     M. S. E.  95%  % Sig
                 Population   Average   Std. Dev.   Average             Cover Coeff

Parameters in the Overall Part of the Model (Parameters Equal in All of the Classes)

 F        BY
  U11                 2.000     1.9229     0.1586     0.1330     0.0261 1.000 1.000
  U12                 2.000     2.0765     0.1151     0.1249     0.0164 1.000 1.000
  U13                 2.000     1.9808     0.1594     0.1396     0.0207 0.800 1.000
  U14                 2.000     2.0707     0.1288     0.1528     0.0183 0.800 1.000
  U15                 2.000     1.9610     0.0915     0.1503     0.0082 1.000 1.000
  U21                 2.000     1.9229     0.1586     0.1330     0.0261 1.000 1.000
  U22                 2.000     2.0765     0.1151     0.1249     0.0164 1.000 1.000
  U23                 2.000     1.9808     0.1594     0.1396     0.0207 0.800 1.000
  U24                 2.000     2.0707     0.1288     0.1528     0.0183 0.800 1.000
  U25                 2.000     1.9610     0.0915     0.1503     0.0082 1.000 1.000

 Means
  F                   0.000     0.0000     0.0000     0.0000     0.0000 1.000 0.000

 Variances
  F                   1.000     1.0000     0.0000     0.0000     0.0000 1.000 0.000

Parameters for Class-specific Model Parts of C1

Latent Class C1#1

 Thresholds
  U11$1               1.000     0.8827     0.3173     0.3305     0.0943 0.800 0.800
  U12$1               1.000     0.9623     0.3117     0.4400     0.0792 1.000 0.600
  U13$1               1.000     0.9476     0.3371     0.4173     0.0936 0.800 0.600
  U14$1               1.000     0.9997     0.2263     0.4011     0.0410 1.000 0.600
  U15$1               1.000     0.9472     0.2648     0.4200     0.0589 0.800 0.600

Latent Class C1#2

 Thresholds
  U11$1              -1.000    -1.0260     0.1926     0.4533     0.0304 1.000 0.800
  U12$1              -1.000    -1.1133     0.2344     0.4668     0.0568 1.000 0.800
  U13$1              -1.000    -1.0148     0.2485     0.4404     0.0496 1.000 0.600
  U14$1              -1.000    -1.1467     0.3942     0.5138     0.1458 1.000 0.800
  U15$1              -1.000    -1.1583     0.3011     0.4771     0.0976 1.000 0.800

Parameters for Class-specific Model Parts of C2

Latent Class C2#1

 Thresholds
  U21$1               1.000     0.8827     0.3173     0.3305     0.0943 0.800 0.800
  U22$1               1.000     0.9623     0.3117     0.4400     0.0792 1.000 0.600
  U23$1               1.000     0.9476     0.3371     0.4173     0.0936 0.800 0.600
  U24$1               1.000     0.9997     0.2263     0.4011     0.0410 1.000 0.600
  U25$1               1.000     0.9472     0.2648     0.4200     0.0589 0.800 0.600

Latent Class C2#2

 Thresholds
  U21$1              -1.000    -1.0260     0.1926     0.4533     0.0304 1.000 0.800
  U22$1              -1.000    -1.1133     0.2344     0.4668     0.0568 1.000 0.800
  U23$1              -1.000    -1.0148     0.2485     0.4404     0.0496 1.000 0.600
  U24$1              -1.000    -1.1467     0.3942     0.5138     0.1458 1.000 0.800
  U25$1              -1.000    -1.1583     0.3011     0.4771     0.0976 1.000 0.800

Categorical Latent Variables

 C2#1     ON
  C1#1                0.500    -0.0415     1.3615     1.3225     1.7761 1.000 0.000

 Means
  C1#1                0.000     0.1108     0.5352     0.7639     0.2414 0.800 0.200
  C2#1                0.000     0.5251     1.2344     1.0917     1.4948 1.000 0.000

New/Additional Parameters
  TRANS11             0.622     0.6138     0.1090     0.2192     0.0096 1.000 0.600
  TRANS12             0.378     0.3862     0.1090     0.2192     0.0096 1.000 0.400
  TRANS21             0.500     0.5923     0.2524     0.1963     0.0595 0.600 0.600
  TRANS22             0.500     0.4077     0.2524     0.1963     0.0595 0.600 0.400
  PROB11              0.500     0.5264     0.1300     0.1823     0.0142 0.800 0.800
  PROB12              0.500     0.4736     0.1300     0.1823     0.0142 0.800 0.800
  PROB21              0.561     0.5898     0.1311     0.1773     0.0146 0.800 0.800
  PROB22              0.439     0.4102     0.1311     0.1773     0.0146 0.800 0.800


QUALITY OF NUMERICAL RESULTS

     Average Condition Number for the Information Matrix      0.799E-03
       (ratio of smallest to largest eigenvalue)


TECHNICAL 1 OUTPUT


     PARAMETER SPECIFICATION FOR LATENT CLASS PATTERN 1 1


           NU
              U11           U12           U13           U14           U15
              ________      ________      ________      ________      ________
                    0             0             0             0             0


           NU
              U21           U22           U23           U24           U25
              ________      ________      ________      ________      ________
                    0             0             0             0             0


           LAMBDA
              F
              ________
 U11                1
 U12                2
 U13                3
 U14                4
 U15                5
 U21                1
 U22                2
 U23                3
 U24                4
 U25                5


           THETA
              U11           U12           U13           U14           U15
              ________      ________      ________      ________      ________
 U11                0
 U12                0             0
 U13                0             0             0
 U14                0             0             0             0
 U15                0             0             0             0             0
 U21                0             0             0             0             0
 U22                0             0             0             0             0
 U23                0             0             0             0             0
 U24                0             0             0             0             0
 U25                0             0             0             0             0


           THETA
              U21           U22           U23           U24           U25
              ________      ________      ________      ________      ________
 U21                0
 U22                0             0
 U23                0             0             0
 U24                0             0             0             0
 U25                0             0             0             0             0


           ALPHA
              F
              ________
                    0


           BETA
              F
              ________
 F                  0


           PSI
              F
              ________
 F                  0


     PARAMETER SPECIFICATION FOR LATENT CLASS PATTERN 1 2


           NU
              U11           U12           U13           U14           U15
              ________      ________      ________      ________      ________
                    0             0             0             0             0


           NU
              U21           U22           U23           U24           U25
              ________      ________      ________      ________      ________
                    0             0             0             0             0


           LAMBDA
              F
              ________
 U11                1
 U12                2
 U13                3
 U14                4
 U15                5
 U21                1
 U22                2
 U23                3
 U24                4
 U25                5


           THETA
              U11           U12           U13           U14           U15
              ________      ________      ________      ________      ________
 U11                0
 U12                0             0
 U13                0             0             0
 U14                0             0             0             0
 U15                0             0             0             0             0
 U21                0             0             0             0             0
 U22                0             0             0             0             0
 U23                0             0             0             0             0
 U24                0             0             0             0             0
 U25                0             0             0             0             0


           THETA
              U21           U22           U23           U24           U25
              ________      ________      ________      ________      ________
 U21                0
 U22                0             0
 U23                0             0             0
 U24                0             0             0             0
 U25                0             0             0             0             0


           ALPHA
              F
              ________
                    0


           BETA
              F
              ________
 F                  0


           PSI
              F
              ________
 F                  0


     PARAMETER SPECIFICATION FOR LATENT CLASS PATTERN 2 1


           NU
              U11           U12           U13           U14           U15
              ________      ________      ________      ________      ________
                    0             0             0             0             0


           NU
              U21           U22           U23           U24           U25
              ________      ________      ________      ________      ________
                    0             0             0             0             0


           LAMBDA
              F
              ________
 U11                1
 U12                2
 U13                3
 U14                4
 U15                5
 U21                1
 U22                2
 U23                3
 U24                4
 U25                5


           THETA
              U11           U12           U13           U14           U15
              ________      ________      ________      ________      ________
 U11                0
 U12                0             0
 U13                0             0             0
 U14                0             0             0             0
 U15                0             0             0             0             0
 U21                0             0             0             0             0
 U22                0             0             0             0             0
 U23                0             0             0             0             0
 U24                0             0             0             0             0
 U25                0             0             0             0             0


           THETA
              U21           U22           U23           U24           U25
              ________      ________      ________      ________      ________
 U21                0
 U22                0             0
 U23                0             0             0
 U24                0             0             0             0
 U25                0             0             0             0             0


           ALPHA
              F
              ________
                    0


           BETA
              F
              ________
 F                  0


           PSI
              F
              ________
 F                  0


     PARAMETER SPECIFICATION FOR LATENT CLASS PATTERN 2 2


           NU
              U11           U12           U13           U14           U15
              ________      ________      ________      ________      ________
                    0             0             0             0             0


           NU
              U21           U22           U23           U24           U25
              ________      ________      ________      ________      ________
                    0             0             0             0             0


           LAMBDA
              F
              ________
 U11                1
 U12                2
 U13                3
 U14                4
 U15                5
 U21                1
 U22                2
 U23                3
 U24                4
 U25                5


           THETA
              U11           U12           U13           U14           U15
              ________      ________      ________      ________      ________
 U11                0
 U12                0             0
 U13                0             0             0
 U14                0             0             0             0
 U15                0             0             0             0             0
 U21                0             0             0             0             0
 U22                0             0             0             0             0
 U23                0             0             0             0             0
 U24                0             0             0             0             0
 U25                0             0             0             0             0


           THETA
              U21           U22           U23           U24           U25
              ________      ________      ________      ________      ________
 U21                0
 U22                0             0
 U23                0             0             0
 U24                0             0             0             0
 U25                0             0             0             0             0


           ALPHA
              F
              ________
                    0


           BETA
              F
              ________
 F                  0


           PSI
              F
              ________
 F                  0


     PARAMETER SPECIFICATION FOR LATENT CLASS INDICATOR MODEL PART


           TAU(U) FOR LATENT CLASS PATTERN 1 1
              U11$1         U12$1         U13$1         U14$1         U15$1
              ________      ________      ________      ________      ________
                    6             7             8             9            10


           TAU(U) FOR LATENT CLASS PATTERN 1 1
              U21$1         U22$1         U23$1         U24$1         U25$1
              ________      ________      ________      ________      ________
                    6             7             8             9            10


           TAU(U) FOR LATENT CLASS PATTERN 1 2
              U11$1         U12$1         U13$1         U14$1         U15$1
              ________      ________      ________      ________      ________
                    6             7             8             9            10


           TAU(U) FOR LATENT CLASS PATTERN 1 2
              U21$1         U22$1         U23$1         U24$1         U25$1
              ________      ________      ________      ________      ________
                   11            12            13            14            15


           TAU(U) FOR LATENT CLASS PATTERN 2 1
              U11$1         U12$1         U13$1         U14$1         U15$1
              ________      ________      ________      ________      ________
                   11            12            13            14            15


           TAU(U) FOR LATENT CLASS PATTERN 2 1
              U21$1         U22$1         U23$1         U24$1         U25$1
              ________      ________      ________      ________      ________
                    6             7             8             9            10


           TAU(U) FOR LATENT CLASS PATTERN 2 2
              U11$1         U12$1         U13$1         U14$1         U15$1
              ________      ________      ________      ________      ________
                   11            12            13            14            15


           TAU(U) FOR LATENT CLASS PATTERN 2 2
              U21$1         U22$1         U23$1         U24$1         U25$1
              ________      ________      ________      ________      ________
                   11            12            13            14            15


     PARAMETER SPECIFICATION FOR LATENT CLASS REGRESSION MODEL PART


           ALPHA(C)
              C1#1          C1#2          C2#1          C2#2
              ________      ________      ________      ________
                   16             0            17             0


           GAMMA(C)
              F
              ________
 C1#1               0
 C1#2               0
 C2#1               0
 C2#2               0


           BETA(C)
              C1#1          C1#2
              ________      ________
 C2#1              18             0
 C2#2               0             0


     PARAMETER SPECIFICATION FOR THE ADDITIONAL PARAMETERS


           NEW/ADDITIONAL PARAMETERS
              TRANS11       TRANS12       TRANS21       TRANS22       PROB11
              ________      ________      ________      ________      ________
                   19            20            21            22            23


           NEW/ADDITIONAL PARAMETERS
              PROB12        PROB21        PROB22
              ________      ________      ________
                   24            25            26


     STARTING VALUES FOR LATENT CLASS PATTERN 1 1


           NU
              U11           U12           U13           U14           U15
              ________      ________      ________      ________      ________
                0.000         0.000         0.000         0.000         0.000


           NU
              U21           U22           U23           U24           U25
              ________      ________      ________      ________      ________
                0.000         0.000         0.000         0.000         0.000


           LAMBDA
              F
              ________
 U11            2.000
 U12            2.000
 U13            2.000
 U14            2.000
 U15            2.000
 U21            2.000
 U22            2.000
 U23            2.000
 U24            2.000
 U25            2.000


           THETA
              U11           U12           U13           U14           U15
              ________      ________      ________      ________      ________
 U11            1.000
 U12            0.000         1.000
 U13            0.000         0.000         1.000
 U14            0.000         0.000         0.000         1.000
 U15            0.000         0.000         0.000         0.000         1.000
 U21            0.000         0.000         0.000         0.000         0.000
 U22            0.000         0.000         0.000         0.000         0.000
 U23            0.000         0.000         0.000         0.000         0.000
 U24            0.000         0.000         0.000         0.000         0.000
 U25            0.000         0.000         0.000         0.000         0.000


           THETA
              U21           U22           U23           U24           U25
              ________      ________      ________      ________      ________
 U21            1.000
 U22            0.000         1.000
 U23            0.000         0.000         1.000
 U24            0.000         0.000         0.000         1.000
 U25            0.000         0.000         0.000         0.000         1.000


           ALPHA
              F
              ________
                0.000


           BETA
              F
              ________
 F              0.000


           PSI
              F
              ________
 F              1.000


     STARTING VALUES FOR LATENT CLASS PATTERN 1 2


           NU
              U11           U12           U13           U14           U15
              ________      ________      ________      ________      ________
                0.000         0.000         0.000         0.000         0.000


           NU
              U21           U22           U23           U24           U25
              ________      ________      ________      ________      ________
                0.000         0.000         0.000         0.000         0.000


           LAMBDA
              F
              ________
 U11            2.000
 U12            2.000
 U13            2.000
 U14            2.000
 U15            2.000
 U21            2.000
 U22            2.000
 U23            2.000
 U24            2.000
 U25            2.000


           THETA
              U11           U12           U13           U14           U15
              ________      ________      ________      ________      ________
 U11            1.000
 U12            0.000         1.000
 U13            0.000         0.000         1.000
 U14            0.000         0.000         0.000         1.000
 U15            0.000         0.000         0.000         0.000         1.000
 U21            0.000         0.000         0.000         0.000         0.000
 U22            0.000         0.000         0.000         0.000         0.000
 U23            0.000         0.000         0.000         0.000         0.000
 U24            0.000         0.000         0.000         0.000         0.000
 U25            0.000         0.000         0.000         0.000         0.000


           THETA
              U21           U22           U23           U24           U25
              ________      ________      ________      ________      ________
 U21            1.000
 U22            0.000         1.000
 U23            0.000         0.000         1.000
 U24            0.000         0.000         0.000         1.000
 U25            0.000         0.000         0.000         0.000         1.000


           ALPHA
              F
              ________
                0.000


           BETA
              F
              ________
 F              0.000


           PSI
              F
              ________
 F              1.000


     STARTING VALUES FOR LATENT CLASS PATTERN 2 1


           NU
              U11           U12           U13           U14           U15
              ________      ________      ________      ________      ________
                0.000         0.000         0.000         0.000         0.000


           NU
              U21           U22           U23           U24           U25
              ________      ________      ________      ________      ________
                0.000         0.000         0.000         0.000         0.000


           LAMBDA
              F
              ________
 U11            2.000
 U12            2.000
 U13            2.000
 U14            2.000
 U15            2.000
 U21            2.000
 U22            2.000
 U23            2.000
 U24            2.000
 U25            2.000


           THETA
              U11           U12           U13           U14           U15
              ________      ________      ________      ________      ________
 U11            1.000
 U12            0.000         1.000
 U13            0.000         0.000         1.000
 U14            0.000         0.000         0.000         1.000
 U15            0.000         0.000         0.000         0.000         1.000
 U21            0.000         0.000         0.000         0.000         0.000
 U22            0.000         0.000         0.000         0.000         0.000
 U23            0.000         0.000         0.000         0.000         0.000
 U24            0.000         0.000         0.000         0.000         0.000
 U25            0.000         0.000         0.000         0.000         0.000


           THETA
              U21           U22           U23           U24           U25
              ________      ________      ________      ________      ________
 U21            1.000
 U22            0.000         1.000
 U23            0.000         0.000         1.000
 U24            0.000         0.000         0.000         1.000
 U25            0.000         0.000         0.000         0.000         1.000


           ALPHA
              F
              ________
                0.000


           BETA
              F
              ________
 F              0.000


           PSI
              F
              ________
 F              1.000


     STARTING VALUES FOR LATENT CLASS PATTERN 2 2


           NU
              U11           U12           U13           U14           U15
              ________      ________      ________      ________      ________
                0.000         0.000         0.000         0.000         0.000


           NU
              U21           U22           U23           U24           U25
              ________      ________      ________      ________      ________
                0.000         0.000         0.000         0.000         0.000


           LAMBDA
              F
              ________
 U11            2.000
 U12            2.000
 U13            2.000
 U14            2.000
 U15            2.000
 U21            2.000
 U22            2.000
 U23            2.000
 U24            2.000
 U25            2.000


           THETA
              U11           U12           U13           U14           U15
              ________      ________      ________      ________      ________
 U11            1.000
 U12            0.000         1.000
 U13            0.000         0.000         1.000
 U14            0.000         0.000         0.000         1.000
 U15            0.000         0.000         0.000         0.000         1.000
 U21            0.000         0.000         0.000         0.000         0.000
 U22            0.000         0.000         0.000         0.000         0.000
 U23            0.000         0.000         0.000         0.000         0.000
 U24            0.000         0.000         0.000         0.000         0.000
 U25            0.000         0.000         0.000         0.000         0.000


           THETA
              U21           U22           U23           U24           U25
              ________      ________      ________      ________      ________
 U21            1.000
 U22            0.000         1.000
 U23            0.000         0.000         1.000
 U24            0.000         0.000         0.000         1.000
 U25            0.000         0.000         0.000         0.000         1.000


           ALPHA
              F
              ________
                0.000


           BETA
              F
              ________
 F              0.000


           PSI
              F
              ________
 F              1.000


     STARTING VALUES FOR LATENT CLASS INDICATOR MODEL PART


           TAU(U) FOR LATENT CLASS PATTERN 1 1
              U11$1         U12$1         U13$1         U14$1         U15$1
              ________      ________      ________      ________      ________
                1.000         1.000         1.000         1.000         1.000


           TAU(U) FOR LATENT CLASS PATTERN 1 1
              U21$1         U22$1         U23$1         U24$1         U25$1
              ________      ________      ________      ________      ________
                1.000         1.000         1.000         1.000         1.000


           TAU(U) FOR LATENT CLASS PATTERN 1 2
              U11$1         U12$1         U13$1         U14$1         U15$1
              ________      ________      ________      ________      ________
                1.000         1.000         1.000         1.000         1.000


           TAU(U) FOR LATENT CLASS PATTERN 1 2
              U21$1         U22$1         U23$1         U24$1         U25$1
              ________      ________      ________      ________      ________
               -1.000        -1.000        -1.000        -1.000        -1.000


           TAU(U) FOR LATENT CLASS PATTERN 2 1
              U11$1         U12$1         U13$1         U14$1         U15$1
              ________      ________      ________      ________      ________
               -1.000        -1.000        -1.000        -1.000        -1.000


           TAU(U) FOR LATENT CLASS PATTERN 2 1
              U21$1         U22$1         U23$1         U24$1         U25$1
              ________      ________      ________      ________      ________
                1.000         1.000         1.000         1.000         1.000


           TAU(U) FOR LATENT CLASS PATTERN 2 2
              U11$1         U12$1         U13$1         U14$1         U15$1
              ________      ________      ________      ________      ________
               -1.000        -1.000        -1.000        -1.000        -1.000


           TAU(U) FOR LATENT CLASS PATTERN 2 2
              U21$1         U22$1         U23$1         U24$1         U25$1
              ________      ________      ________      ________      ________
               -1.000        -1.000        -1.000        -1.000        -1.000


     STARTING VALUES FOR LATENT CLASS REGRESSION MODEL PART


           ALPHA(C)
              C1#1          C1#2          C2#1          C2#2
              ________      ________      ________      ________
                0.000         0.000         0.000         0.000


           GAMMA(C)
              F
              ________
 C1#1           0.000
 C1#2           0.000
 C2#1           0.000
 C2#2           0.000


           BETA(C)
              C1#1          C1#2
              ________      ________
 C2#1           0.500         0.000
 C2#2           0.000         0.000


     STARTING VALUES FOR THE ADDITIONAL PARAMETERS


           NEW/ADDITIONAL PARAMETERS
              TRANS11       TRANS12       TRANS21       TRANS22       PROB11
              ________      ________      ________      ________      ________
                0.622         0.378         0.500         0.500         0.500


           NEW/ADDITIONAL PARAMETERS
              PROB12        PROB21        PROB22
              ________      ________      ________
                0.500         0.561         0.439


     POPULATION VALUES FOR LATENT CLASS PATTERN 1 1


           NU
              U11           U12           U13           U14           U15
              ________      ________      ________      ________      ________
                0.000         0.000         0.000         0.000         0.000


           NU
              U21           U22           U23           U24           U25
              ________      ________      ________      ________      ________
                0.000         0.000         0.000         0.000         0.000


           LAMBDA
              F
              ________
 U11            2.000
 U12            2.000
 U13            2.000
 U14            2.000
 U15            2.000
 U21            2.000
 U22            2.000
 U23            2.000
 U24            2.000
 U25            2.000


           THETA
              U11           U12           U13           U14           U15
              ________      ________      ________      ________      ________
 U11            0.000
 U12            0.000         0.000
 U13            0.000         0.000         0.000
 U14            0.000         0.000         0.000         0.000
 U15            0.000         0.000         0.000         0.000         0.000
 U21            0.000         0.000         0.000         0.000         0.000
 U22            0.000         0.000         0.000         0.000         0.000
 U23            0.000         0.000         0.000         0.000         0.000
 U24            0.000         0.000         0.000         0.000         0.000
 U25            0.000         0.000         0.000         0.000         0.000


           THETA
              U21           U22           U23           U24           U25
              ________      ________      ________      ________      ________
 U21            0.000
 U22            0.000         0.000
 U23            0.000         0.000         0.000
 U24            0.000         0.000         0.000         0.000
 U25            0.000         0.000         0.000         0.000         0.000


           ALPHA
              F
              ________
                0.000


           BETA
              F
              ________
 F              0.000


           PSI
              F
              ________
 F              1.000


     POPULATION VALUES FOR LATENT CLASS PATTERN 1 2


           NU
              U11           U12           U13           U14           U15
              ________      ________      ________      ________      ________
                0.000         0.000         0.000         0.000         0.000


           NU
              U21           U22           U23           U24           U25
              ________      ________      ________      ________      ________
                0.000         0.000         0.000         0.000         0.000


           LAMBDA
              F
              ________
 U11            2.000
 U12            2.000
 U13            2.000
 U14            2.000
 U15            2.000
 U21            2.000
 U22            2.000
 U23            2.000
 U24            2.000
 U25            2.000


           THETA
              U11           U12           U13           U14           U15
              ________      ________      ________      ________      ________
 U11            0.000
 U12            0.000         0.000
 U13            0.000         0.000         0.000
 U14            0.000         0.000         0.000         0.000
 U15            0.000         0.000         0.000         0.000         0.000
 U21            0.000         0.000         0.000         0.000         0.000
 U22            0.000         0.000         0.000         0.000         0.000
 U23            0.000         0.000         0.000         0.000         0.000
 U24            0.000         0.000         0.000         0.000         0.000
 U25            0.000         0.000         0.000         0.000         0.000


           THETA
              U21           U22           U23           U24           U25
              ________      ________      ________      ________      ________
 U21            0.000
 U22            0.000         0.000
 U23            0.000         0.000         0.000
 U24            0.000         0.000         0.000         0.000
 U25            0.000         0.000         0.000         0.000         0.000


           ALPHA
              F
              ________
                0.000


           BETA
              F
              ________
 F              0.000


           PSI
              F
              ________
 F              1.000


     POPULATION VALUES FOR LATENT CLASS PATTERN 2 1


           NU
              U11           U12           U13           U14           U15
              ________      ________      ________      ________      ________
                0.000         0.000         0.000         0.000         0.000


           NU
              U21           U22           U23           U24           U25
              ________      ________      ________      ________      ________
                0.000         0.000         0.000         0.000         0.000


           LAMBDA
              F
              ________
 U11            2.000
 U12            2.000
 U13            2.000
 U14            2.000
 U15            2.000
 U21            2.000
 U22            2.000
 U23            2.000
 U24            2.000
 U25            2.000


           THETA
              U11           U12           U13           U14           U15
              ________      ________      ________      ________      ________
 U11            0.000
 U12            0.000         0.000
 U13            0.000         0.000         0.000
 U14            0.000         0.000         0.000         0.000
 U15            0.000         0.000         0.000         0.000         0.000
 U21            0.000         0.000         0.000         0.000         0.000
 U22            0.000         0.000         0.000         0.000         0.000
 U23            0.000         0.000         0.000         0.000         0.000
 U24            0.000         0.000         0.000         0.000         0.000
 U25            0.000         0.000         0.000         0.000         0.000


           THETA
              U21           U22           U23           U24           U25
              ________      ________      ________      ________      ________
 U21            0.000
 U22            0.000         0.000
 U23            0.000         0.000         0.000
 U24            0.000         0.000         0.000         0.000
 U25            0.000         0.000         0.000         0.000         0.000


           ALPHA
              F
              ________
                0.000


           BETA
              F
              ________
 F              0.000


           PSI
              F
              ________
 F              1.000


     POPULATION VALUES FOR LATENT CLASS PATTERN 2 2


           NU
              U11           U12           U13           U14           U15
              ________      ________      ________      ________      ________
                0.000         0.000         0.000         0.000         0.000


           NU
              U21           U22           U23           U24           U25
              ________      ________      ________      ________      ________
                0.000         0.000         0.000         0.000         0.000


           LAMBDA
              F
              ________
 U11            2.000
 U12            2.000
 U13            2.000
 U14            2.000
 U15            2.000
 U21            2.000
 U22            2.000
 U23            2.000
 U24            2.000
 U25            2.000


           THETA
              U11           U12           U13           U14           U15
              ________      ________      ________      ________      ________
 U11            0.000
 U12            0.000         0.000
 U13            0.000         0.000         0.000
 U14            0.000         0.000         0.000         0.000
 U15            0.000         0.000         0.000         0.000         0.000
 U21            0.000         0.000         0.000         0.000         0.000
 U22            0.000         0.000         0.000         0.000         0.000
 U23            0.000         0.000         0.000         0.000         0.000
 U24            0.000         0.000         0.000         0.000         0.000
 U25            0.000         0.000         0.000         0.000         0.000


           THETA
              U21           U22           U23           U24           U25
              ________      ________      ________      ________      ________
 U21            0.000
 U22            0.000         0.000
 U23            0.000         0.000         0.000
 U24            0.000         0.000         0.000         0.000
 U25            0.000         0.000         0.000         0.000         0.000


           ALPHA
              F
              ________
                0.000


           BETA
              F
              ________
 F              0.000


           PSI
              F
              ________
 F              1.000


     POPULATION VALUES FOR LATENT CLASS INDICATOR MODEL PART


           TAU(U) FOR LATENT CLASS PATTERN 1 1
              U11$1         U12$1         U13$1         U14$1         U15$1
              ________      ________      ________      ________      ________
                1.000         1.000         1.000         1.000         1.000


           TAU(U) FOR LATENT CLASS PATTERN 1 1
              U21$1         U22$1         U23$1         U24$1         U25$1
              ________      ________      ________      ________      ________
                1.000         1.000         1.000         1.000         1.000


           TAU(U) FOR LATENT CLASS PATTERN 1 2
              U11$1         U12$1         U13$1         U14$1         U15$1
              ________      ________      ________      ________      ________
                1.000         1.000         1.000         1.000         1.000


           TAU(U) FOR LATENT CLASS PATTERN 1 2
              U21$1         U22$1         U23$1         U24$1         U25$1
              ________      ________      ________      ________      ________
               -1.000        -1.000        -1.000        -1.000        -1.000


           TAU(U) FOR LATENT CLASS PATTERN 2 1
              U11$1         U12$1         U13$1         U14$1         U15$1
              ________      ________      ________      ________      ________
               -1.000        -1.000        -1.000        -1.000        -1.000


           TAU(U) FOR LATENT CLASS PATTERN 2 1
              U21$1         U22$1         U23$1         U24$1         U25$1
              ________      ________      ________      ________      ________
                1.000         1.000         1.000         1.000         1.000


           TAU(U) FOR LATENT CLASS PATTERN 2 2
              U11$1         U12$1         U13$1         U14$1         U15$1
              ________      ________      ________      ________      ________
               -1.000        -1.000        -1.000        -1.000        -1.000


           TAU(U) FOR LATENT CLASS PATTERN 2 2
              U21$1         U22$1         U23$1         U24$1         U25$1
              ________      ________      ________      ________      ________
               -1.000        -1.000        -1.000        -1.000        -1.000


     POPULATION VALUES FOR LATENT CLASS REGRESSION MODEL PART


           ALPHA(C)
              C1#1          C1#2          C2#1          C2#2
              ________      ________      ________      ________
                0.000         0.000         0.000         0.000


           GAMMA(C)
              F
              ________
 C1#1           0.000
 C1#2           0.000
 C2#1           0.000
 C2#2           0.000


           BETA(C)
              C1#1          C1#2
              ________      ________
 C2#1           0.500         0.000
 C2#2           0.000         0.000


SAVEDATA INFORMATION

  Order of variables

    U11
    U12
    U13
    U14
    U15
    U21
    U22
    U23
    U24
    U25
    C1
    C2

  Save file
    4_t2n500rep*.dat

  Save file format           Free
  Save file record length    10000


RESULTS SAVING INFORMATION

  Order of data

    Replication number
    Parameter estimates
     (saved in order shown in Technical 1 output)
    Standard errors
     (saved in order shown in Technical 1 output)
    H0 Loglikelihood
    Number of Free Parameters
    Akaike (AIC)
    Bayesian (BIC)
    Sample-Size Adjusted BIC
    Pearson Chi-Square : Value
    Pearson Chi-Square : Degrees of Freedom
    Pearson Chi-Square : P-Value
    Likelihood Chi-Square : Value
    Likelihood Chi-Square : Degrees of Freedom
    Likelihood Chi-Square : P-Value

  Save file
    t2results4.csv

  Save file format           Free


     Beginning Time:  12:34:04
        Ending Time:  12:34:10
       Elapsed Time:  00:00:06



MUTHEN & MUTHEN
3463 Stoner Ave.
Los Angeles, CA  90066

Tel: (310) 391-9971
Fax: (310) 391-8971
Web: www.StatModel.com
Support: Support@StatModel.com

Copyright (c) 1998-2019 Muthen & Muthen
