Mplus VERSION 8.4 (Mac)
MUTHEN & MUTHEN
06/13/2020  12:34 PM

INPUT INSTRUCTIONS

  TITLE:
  T2RILTA - vary n-size
  MONTECARLO:
  NAMES = u11-u15 u21-u25;
  GENERATE = u11-u15 u21-u25(1);
  CATEGORICAL = u11-u15 u21-u25;
  GENCLASSES = c1(2) c2(2);
  CLASSES = c1(2) c2(2);
  NOBSERVATIONS = 2500;
  SEED = 3252020;
  	NREPS = 5; !rep number reduced for demo (real sim use 500,1000)
   repsave = all;
   save = 5_t2n500rep*.dat;
   RESULTS = t2results5.csv;
  MODEL POPULATION:
  %OVERALL%

        [c1#1-c2#1*0];
        c2#1 on c1#1*0.5;

        f by u11-u15*2 (p1-p5)
             u21-u25*2 (p1-p5);

      	f@1; [f@0]; ! set factor variance to 1 and mean to 0

    MODEL POPULATION-c1:
        %c1#1%
        [u11$1*1] (p111); [u12$1*1] (p211); [u13$1*1] (p311);
        [u14$1*1] (p411); [u15$1*1] (p511);
      	%c1#2%
      	[u11$1*-1] (p121); [u12$1*-1] (p221); [u13$1*-1] (p321);
      	[u14$1*-1] (p421); [u15$1*-1] (p521);

    MODEL POPULATION-c2:	
        %c2#1%
        [u21$1*1] (p111); [u22$1*1] (p211); [u23$1*1] (p311);
        [u24$1*1] (p411); [u25$1*1] (p511);
      	%c2#2%
        [u21$1*-1] (p121); [u22$1*-1] (p221); [u23$1*-1] (p321);
        [u24$1*-1] (p421); [u25$1*-1] (p521);
  ANALYSIS:
  TYPE = MIXTURE;
         algorithm = integration;
      	 processors = 8;
  MODEL:
  %OVERALL%

      [c1#1-c2#1*0] (par1-par2);
    	c2#1 on c1#1*0.5 (par11);

      f by u11-u15*2 (p1-p5)
           u21-u25*2 (p1-p5);

      f@1; [f@0];

    MODEL c1:
        %c1#1%
        [u11$1*1] (p111); [u12$1*1] (p211); [u13$1*1] (p311);
        [u14$1*1] (p411); [u15$1*1] (p511);
      	%c1#2%
      	[u11$1*-1] (p121); [u12$1*-1] (p221); [u13$1*-1] (p321);
      	[u14$1*-1] (p421); [u15$1*-1] (p521);

    MODEL c2: 	
        %c2#1%
        [u21$1*1] (p111); [u22$1*1] (p211); [u23$1*1] (p311);
        [u24$1*1] (p411); [u25$1*1] (p511);
      	%c2#2%
        [u21$1*-1] (p121); [u22$1*-1] (p221); [u23$1*-1] (p321);
        [u24$1*-1] (p421); [u25$1*-1] (p521);
  MODEL CONSTRAINT:
  ! Compute joint and marginal probabilities:
          New(
          trans11*.622 trans12*.378 trans21*.5 trans22*.5
          prob11*.5 prob12*.5 prob21*.561 prob22*.439);
          trans11 = 1/(1+exp(-(par2+par11)));
          trans12 = 1-trans11;
          trans21 = 1/(1+exp(-par2));
          trans22 = 1- trans21;
          !marginal probabilities at T1 and T2:
          prob11 = 1/(1+exp(-par1));
          prob12 = 1 - prob11;
          prob21 = prob11*trans11+prob12*trans21;
          prob22 = 1- prob21;



INPUT READING TERMINATED NORMALLY




T2RILTA - vary n-size

SUMMARY OF ANALYSIS

Number of groups                                                 1
Number of observations                                        2500

Number of replications
    Requested                                                    5
    Completed                                                    5
Value of seed                                              3252020

Number of dependent variables                                   10
Number of independent variables                                  0
Number of continuous latent variables                            1
Number of categorical latent variables                           2

Observed dependent variables

  Binary and ordered categorical (ordinal)
   U11         U12         U13         U14         U15         U21
   U22         U23         U24         U25

Continuous latent variables
   F

Categorical latent variables
   C1          C2


Estimator                                                      MLR
Information matrix                                        OBSERVED
Optimization Specifications for the Quasi-Newton Algorithm for
Continuous Outcomes
  Maximum number of iterations                                 100
  Convergence criterion                                  0.100D-05
Optimization Specifications for the EM Algorithm
  Maximum number of iterations                                 500
  Convergence criteria
    Loglikelihood change                                 0.100D-02
    Relative loglikelihood change                        0.100D-05
    Derivative                                           0.100D-02
Optimization Specifications for the M step of the EM Algorithm for
Categorical Latent variables
  Number of M step iterations                                    1
  M step convergence criterion                           0.100D-02
  Basis for M step termination                           ITERATION
Optimization Specifications for the M step of the EM Algorithm for
Censored, Binary or Ordered Categorical (Ordinal), Unordered
Categorical (Nominal) and Count Outcomes
  Number of M step iterations                                    1
  M step convergence criterion                           0.100D-02
  Basis for M step termination                           ITERATION
  Maximum value for logit thresholds                            15
  Minimum value for logit thresholds                           -15
  Minimum expected cell size for chi-square              0.100D-01
Optimization algorithm                                         EMA
Integration Specifications
  Type                                                    STANDARD
  Number of integration points                                  15
  Dimensions of numerical integration                            1
  Adaptive quadrature                                           ON
Parameterization                                             LOGIT
Link                                                         LOGIT
Cholesky                                                        ON





MODEL FIT INFORMATION

Number of Free Parameters                       18

Loglikelihood

    H0 Value

        Mean                            -13807.183
        Std Dev                             85.311
        Number of successful computations        5

             Proportions                   Percentiles
        Expected    Observed         Expected       Observed
           0.990       1.000       -14005.643     -13918.484
           0.980       1.000       -13982.387     -13918.484
           0.950       1.000       -13947.512     -13918.484
           0.900       0.800       -13916.518     -13918.484
           0.800       0.800       -13878.981     -13918.484
           0.700       0.800       -13851.921     -13918.484
           0.500       0.400       -13807.183     -13851.295
           0.300       0.400       -13762.446     -13841.245
           0.200       0.200       -13735.385     -13750.826
           0.100       0.200       -13697.848     -13750.826
           0.050       0.000       -13666.855     -13750.826
           0.020       0.000       -13631.980     -13750.826
           0.010       0.000       -13608.724     -13750.826

Information Criteria

    Akaike (AIC)

        Mean                             27650.367
        Std Dev                            170.623
        Number of successful computations        5

             Proportions                   Percentiles
        Expected    Observed         Expected       Observed
           0.990       1.000        27253.447      27384.133
           0.980       1.000        27299.959      27384.133
           0.950       1.000        27369.710      27384.133
           0.900       0.800        27431.697      27384.133
           0.800       0.800        27506.771      27384.133
           0.700       0.600        27560.892      27384.133
           0.500       0.600        27650.367      27537.653
           0.300       0.200        27739.841      27718.490
           0.200       0.200        27793.963      27738.590
           0.100       0.200        27869.037      27738.590
           0.050       0.000        27931.024      27738.590
           0.020       0.000        28000.774      27738.590
           0.010       0.000        28047.286      27738.590

    Bayesian (BIC)

        Mean                             27755.200
        Std Dev                            170.623
        Number of successful computations        5

             Proportions                   Percentiles
        Expected    Observed         Expected       Observed
           0.990       1.000        27358.280      27488.966
           0.980       1.000        27404.792      27488.966
           0.950       1.000        27474.543      27488.966
           0.900       0.800        27536.530      27488.966
           0.800       0.800        27611.604      27488.966
           0.700       0.600        27665.725      27488.966
           0.500       0.600        27755.200      27642.486
           0.300       0.200        27844.674      27823.323
           0.200       0.200        27898.796      27843.423
           0.100       0.200        27973.870      27843.423
           0.050       0.000        28035.857      27843.423
           0.020       0.000        28105.607      27843.423
           0.010       0.000        28152.119      27843.423

    Sample-Size Adjusted BIC (n* = (n + 2) / 24)

        Mean                             27698.009
        Std Dev                            170.623
        Number of successful computations        5

             Proportions                   Percentiles
        Expected    Observed         Expected       Observed
           0.990       1.000        27301.090      27431.775
           0.980       1.000        27347.601      27431.775
           0.950       1.000        27417.352      27431.775
           0.900       0.800        27479.339      27431.775
           0.800       0.800        27554.413      27431.775
           0.700       0.600        27608.535      27431.775
           0.500       0.600        27698.009      27585.295
           0.300       0.200        27787.484      27766.132
           0.200       0.200        27841.605      27786.232
           0.100       0.200        27916.679      27786.232
           0.050       0.000        27978.666      27786.232
           0.020       0.000        28048.417      27786.232
           0.010       0.000        28094.928      27786.232

Chi-Square Test of Model Fit for the Binary and Ordered Categorical
(Ordinal) Outcomes

    Pearson Chi-Square

        Mean                              1041.854
        Std Dev                             26.564
        Degrees of freedom                    1005
        Number of successful computations        5

             Proportions                   Percentiles
        Expected    Observed         Expected       Observed
           0.990       1.000          903.653       1010.930
           0.980       1.000          915.083       1010.930
           0.950       1.000          932.411       1010.930
           0.900       1.000          947.989       1010.930
           0.800       1.000          967.086       1010.930
           0.700       1.000          981.015       1010.930
           0.500       1.000         1004.333       1015.006
           0.300       0.600         1028.018       1044.060
           0.200       0.600         1042.525       1057.339
           0.100       0.200         1062.867       1057.339
           0.050       0.200         1079.863       1057.339
           0.020       0.000         1099.207       1057.339
           0.010       0.000         1112.229       1057.339

    Likelihood Ratio Chi-Square

        Mean                              1125.624
        Std Dev                             27.138
        Degrees of freedom                    1005
        Number of successful computations        5

             Proportions                   Percentiles
        Expected    Observed         Expected       Observed
           0.990       1.000          903.653       1078.586
           0.980       1.000          915.083       1078.586
           0.950       1.000          932.411       1078.586
           0.900       1.000          947.989       1078.586
           0.800       1.000          967.086       1078.586
           0.700       1.000          981.015       1078.586
           0.500       1.000         1004.333       1112.005
           0.300       1.000         1028.018       1141.468
           0.200       1.000         1042.525       1144.208
           0.100       1.000         1062.867       1144.208
           0.050       0.800         1079.863       1144.208
           0.020       0.800         1099.207       1144.208
           0.010       0.600         1112.229       1144.208



MODEL RESULTS USE THE LATENT CLASS VARIABLE ORDER

   C1  C2


FINAL CLASS COUNTS AND PROPORTIONS FOR THE LATENT CLASS PATTERNS
BASED ON THE ESTIMATED MODEL

  Latent Class
    Pattern

    1  1        878.45325          0.35138
    1  2        484.57282          0.19383
    2  1        638.76650          0.25551
    2  2        498.20743          0.19928


FINAL CLASS COUNTS AND PROPORTIONS FOR EACH LATENT CLASS VARIABLE
BASED ON THE ESTIMATED MODEL

  Latent Class
    Variable    Class

    C1             1      1363.02612          0.54521
                   2      1136.97388          0.45479
    C2             1      1517.21973          0.60689
                   2       982.78027          0.39311


LATENT TRANSITION PROBABILITIES BASED ON THE ESTIMATED MODEL

  C1 Classes (Rows) by C2 Classes (Columns)

            1        2

   1     0.627    0.373
   2     0.614    0.386


FINAL CLASS COUNTS AND PROPORTIONS FOR THE LATENT CLASS PATTERNS
BASED ON ESTIMATED POSTERIOR PROBABILITIES

  Latent Class
    Pattern

    1  1        878.43984          0.35138
    1  2        484.62380          0.19385
    2  1        638.82165          0.25553
    2  2        498.11471          0.19925


FINAL CLASS COUNTS AND PROPORTIONS FOR EACH LATENT CLASS VARIABLE
BASED ON ESTIMATED POSTERIOR PROBABILITIES

  Latent Class
    Variable    Class

    C1             1      1363.06360          0.54523
                   2      1136.93640          0.45477
    C2             1      1517.26147          0.60690
                   2       982.73853          0.39310


FINAL CLASS COUNTS AND PROPORTIONS FOR THE LATENT CLASS PATTERNS
BASED ON THEIR MOST LIKELY LATENT CLASS PATTERN

Class Counts and Proportions

  Latent Class
    Pattern

    1  1              915          0.36592
    1  2              510          0.20392
    2  1              688          0.27536
    2  2              387          0.15480


FINAL CLASS COUNTS AND PROPORTIONS FOR EACH LATENT CLASS VARIABLE
BASED ON THEIR MOST LIKELY LATENT CLASS PATTERN

  Latent Class
    Variable    Class

    C1             1            1424          0.56984
                   2            1075          0.43016
    C2             1            1603          0.64128
                   2             896          0.35872


CLASSIFICATION QUALITY

     Entropy                         0.253


MODEL RESULTS

                              ESTIMATES              S. E.     M. S. E.  95%  % Sig
                 Population   Average   Std. Dev.   Average             Cover Coeff

Parameters in the Overall Part of the Model (Parameters Equal in All of the Classes)

 F        BY
  U11                 2.000     1.9483     0.0858     0.1057     0.0086 1.000 1.000
  U12                 2.000     2.0717     0.0966     0.1058     0.0126 1.000 1.000
  U13                 2.000     1.9787     0.1287     0.1008     0.0137 1.000 1.000
  U14                 2.000     2.0517     0.1226     0.1116     0.0147 0.800 1.000
  U15                 2.000     1.9866     0.0638     0.1107     0.0034 1.000 1.000
  U21                 2.000     1.9483     0.0858     0.1057     0.0086 1.000 1.000
  U22                 2.000     2.0717     0.0966     0.1058     0.0126 1.000 1.000
  U23                 2.000     1.9787     0.1287     0.1008     0.0137 1.000 1.000
  U24                 2.000     2.0517     0.1226     0.1116     0.0147 0.800 1.000
  U25                 2.000     1.9866     0.0638     0.1107     0.0034 1.000 1.000

 Means
  F                   0.000     0.0000     0.0000     0.0000     0.0000 1.000 0.000

 Variances
  F                   1.000     1.0000     0.0000     0.0000     0.0000 1.000 0.000

Parameters for Class-specific Model Parts of C1

Latent Class C1#1

 Thresholds
  U11$1               1.000     0.8863     0.3191     0.2955     0.0944 0.600 1.000
  U12$1               1.000     0.9005     0.3124     0.3329     0.0880 0.800 1.000
  U13$1               1.000     0.8729     0.2689     0.3046     0.0740 0.600 1.000
  U14$1               1.000     0.9427     0.2597     0.3119     0.0572 0.800 1.000
  U15$1               1.000     0.9117     0.2646     0.3424     0.0638 0.600 0.800

Latent Class C1#2

 Thresholds
  U11$1              -1.000    -1.0701     0.2629     0.3939     0.0602 1.000 0.800
  U12$1              -1.000    -1.1092     0.3560     0.3788     0.1133 1.000 0.800
  U13$1              -1.000    -1.0656     0.3537     0.3612     0.1044 1.000 0.800
  U14$1              -1.000    -1.1436     0.3515     0.4355     0.1195 1.000 0.800
  U15$1              -1.000    -1.2026     0.3754     0.3881     0.1538 0.800 0.800

Parameters for Class-specific Model Parts of C2

Latent Class C2#1

 Thresholds
  U21$1               1.000     0.8863     0.3191     0.2955     0.0944 0.600 1.000
  U22$1               1.000     0.9005     0.3124     0.3329     0.0880 0.800 1.000
  U23$1               1.000     0.8729     0.2689     0.3046     0.0740 0.600 1.000
  U24$1               1.000     0.9427     0.2597     0.3119     0.0572 0.800 1.000
  U25$1               1.000     0.9117     0.2646     0.3424     0.0638 0.600 0.800

Latent Class C2#2

 Thresholds
  U21$1              -1.000    -1.0701     0.2629     0.3939     0.0602 1.000 0.800
  U22$1              -1.000    -1.1092     0.3560     0.3788     0.1133 1.000 0.800
  U23$1              -1.000    -1.0656     0.3537     0.3612     0.1044 1.000 0.800
  U24$1              -1.000    -1.1436     0.3515     0.4355     0.1195 1.000 0.800
  U25$1              -1.000    -1.2026     0.3754     0.3881     0.1538 0.800 0.800

Categorical Latent Variables

 C2#1     ON
  C1#1                0.500    -0.0702     0.8731     1.0485     0.9350 0.800 0.000

 Means
  C1#1                0.000     0.1958     0.5860     0.6232     0.3131 0.800 0.200
  C2#1                0.000     0.6058     1.1038     0.8883     1.3417 0.800 0.200

New/Additional Parameters
  TRANS11             0.622     0.6272     0.0952     0.1779     0.0073 1.000 0.800
  TRANS12             0.378     0.3728     0.0952     0.1779     0.0073 1.000 0.800
  TRANS21             0.500     0.6141     0.2219     0.1679     0.0524 0.800 1.000
  TRANS22             0.500     0.3859     0.2219     0.1679     0.0524 0.800 0.600
  PROB11              0.500     0.5452     0.1406     0.1482     0.0179 0.600 0.800
  PROB12              0.500     0.4548     0.1406     0.1482     0.0179 0.600 1.000
  PROB21              0.561     0.6069     0.1351     0.1458     0.0167 0.600 0.800
  PROB22              0.439     0.3931     0.1351     0.1458     0.0167 0.600 1.000


QUALITY OF NUMERICAL RESULTS

     Average Condition Number for the Information Matrix      0.891E-03
       (ratio of smallest to largest eigenvalue)


TECHNICAL 1 OUTPUT


     PARAMETER SPECIFICATION FOR LATENT CLASS PATTERN 1 1


           NU
              U11           U12           U13           U14           U15
              ________      ________      ________      ________      ________
                    0             0             0             0             0


           NU
              U21           U22           U23           U24           U25
              ________      ________      ________      ________      ________
                    0             0             0             0             0


           LAMBDA
              F
              ________
 U11                1
 U12                2
 U13                3
 U14                4
 U15                5
 U21                1
 U22                2
 U23                3
 U24                4
 U25                5


           THETA
              U11           U12           U13           U14           U15
              ________      ________      ________      ________      ________
 U11                0
 U12                0             0
 U13                0             0             0
 U14                0             0             0             0
 U15                0             0             0             0             0
 U21                0             0             0             0             0
 U22                0             0             0             0             0
 U23                0             0             0             0             0
 U24                0             0             0             0             0
 U25                0             0             0             0             0


           THETA
              U21           U22           U23           U24           U25
              ________      ________      ________      ________      ________
 U21                0
 U22                0             0
 U23                0             0             0
 U24                0             0             0             0
 U25                0             0             0             0             0


           ALPHA
              F
              ________
                    0


           BETA
              F
              ________
 F                  0


           PSI
              F
              ________
 F                  0


     PARAMETER SPECIFICATION FOR LATENT CLASS PATTERN 1 2


           NU
              U11           U12           U13           U14           U15
              ________      ________      ________      ________      ________
                    0             0             0             0             0


           NU
              U21           U22           U23           U24           U25
              ________      ________      ________      ________      ________
                    0             0             0             0             0


           LAMBDA
              F
              ________
 U11                1
 U12                2
 U13                3
 U14                4
 U15                5
 U21                1
 U22                2
 U23                3
 U24                4
 U25                5


           THETA
              U11           U12           U13           U14           U15
              ________      ________      ________      ________      ________
 U11                0
 U12                0             0
 U13                0             0             0
 U14                0             0             0             0
 U15                0             0             0             0             0
 U21                0             0             0             0             0
 U22                0             0             0             0             0
 U23                0             0             0             0             0
 U24                0             0             0             0             0
 U25                0             0             0             0             0


           THETA
              U21           U22           U23           U24           U25
              ________      ________      ________      ________      ________
 U21                0
 U22                0             0
 U23                0             0             0
 U24                0             0             0             0
 U25                0             0             0             0             0


           ALPHA
              F
              ________
                    0


           BETA
              F
              ________
 F                  0


           PSI
              F
              ________
 F                  0


     PARAMETER SPECIFICATION FOR LATENT CLASS PATTERN 2 1


           NU
              U11           U12           U13           U14           U15
              ________      ________      ________      ________      ________
                    0             0             0             0             0


           NU
              U21           U22           U23           U24           U25
              ________      ________      ________      ________      ________
                    0             0             0             0             0


           LAMBDA
              F
              ________
 U11                1
 U12                2
 U13                3
 U14                4
 U15                5
 U21                1
 U22                2
 U23                3
 U24                4
 U25                5


           THETA
              U11           U12           U13           U14           U15
              ________      ________      ________      ________      ________
 U11                0
 U12                0             0
 U13                0             0             0
 U14                0             0             0             0
 U15                0             0             0             0             0
 U21                0             0             0             0             0
 U22                0             0             0             0             0
 U23                0             0             0             0             0
 U24                0             0             0             0             0
 U25                0             0             0             0             0


           THETA
              U21           U22           U23           U24           U25
              ________      ________      ________      ________      ________
 U21                0
 U22                0             0
 U23                0             0             0
 U24                0             0             0             0
 U25                0             0             0             0             0


           ALPHA
              F
              ________
                    0


           BETA
              F
              ________
 F                  0


           PSI
              F
              ________
 F                  0


     PARAMETER SPECIFICATION FOR LATENT CLASS PATTERN 2 2


           NU
              U11           U12           U13           U14           U15
              ________      ________      ________      ________      ________
                    0             0             0             0             0


           NU
              U21           U22           U23           U24           U25
              ________      ________      ________      ________      ________
                    0             0             0             0             0


           LAMBDA
              F
              ________
 U11                1
 U12                2
 U13                3
 U14                4
 U15                5
 U21                1
 U22                2
 U23                3
 U24                4
 U25                5


           THETA
              U11           U12           U13           U14           U15
              ________      ________      ________      ________      ________
 U11                0
 U12                0             0
 U13                0             0             0
 U14                0             0             0             0
 U15                0             0             0             0             0
 U21                0             0             0             0             0
 U22                0             0             0             0             0
 U23                0             0             0             0             0
 U24                0             0             0             0             0
 U25                0             0             0             0             0


           THETA
              U21           U22           U23           U24           U25
              ________      ________      ________      ________      ________
 U21                0
 U22                0             0
 U23                0             0             0
 U24                0             0             0             0
 U25                0             0             0             0             0


           ALPHA
              F
              ________
                    0


           BETA
              F
              ________
 F                  0


           PSI
              F
              ________
 F                  0


     PARAMETER SPECIFICATION FOR LATENT CLASS INDICATOR MODEL PART


           TAU(U) FOR LATENT CLASS PATTERN 1 1
              U11$1         U12$1         U13$1         U14$1         U15$1
              ________      ________      ________      ________      ________
                    6             7             8             9            10


           TAU(U) FOR LATENT CLASS PATTERN 1 1
              U21$1         U22$1         U23$1         U24$1         U25$1
              ________      ________      ________      ________      ________
                    6             7             8             9            10


           TAU(U) FOR LATENT CLASS PATTERN 1 2
              U11$1         U12$1         U13$1         U14$1         U15$1
              ________      ________      ________      ________      ________
                    6             7             8             9            10


           TAU(U) FOR LATENT CLASS PATTERN 1 2
              U21$1         U22$1         U23$1         U24$1         U25$1
              ________      ________      ________      ________      ________
                   11            12            13            14            15


           TAU(U) FOR LATENT CLASS PATTERN 2 1
              U11$1         U12$1         U13$1         U14$1         U15$1
              ________      ________      ________      ________      ________
                   11            12            13            14            15


           TAU(U) FOR LATENT CLASS PATTERN 2 1
              U21$1         U22$1         U23$1         U24$1         U25$1
              ________      ________      ________      ________      ________
                    6             7             8             9            10


           TAU(U) FOR LATENT CLASS PATTERN 2 2
              U11$1         U12$1         U13$1         U14$1         U15$1
              ________      ________      ________      ________      ________
                   11            12            13            14            15


           TAU(U) FOR LATENT CLASS PATTERN 2 2
              U21$1         U22$1         U23$1         U24$1         U25$1
              ________      ________      ________      ________      ________
                   11            12            13            14            15


     PARAMETER SPECIFICATION FOR LATENT CLASS REGRESSION MODEL PART


           ALPHA(C)
              C1#1          C1#2          C2#1          C2#2
              ________      ________      ________      ________
                   16             0            17             0


           GAMMA(C)
              F
              ________
 C1#1               0
 C1#2               0
 C2#1               0
 C2#2               0


           BETA(C)
              C1#1          C1#2
              ________      ________
 C2#1              18             0
 C2#2               0             0


     PARAMETER SPECIFICATION FOR THE ADDITIONAL PARAMETERS


           NEW/ADDITIONAL PARAMETERS
              TRANS11       TRANS12       TRANS21       TRANS22       PROB11
              ________      ________      ________      ________      ________
                   19            20            21            22            23


           NEW/ADDITIONAL PARAMETERS
              PROB12        PROB21        PROB22
              ________      ________      ________
                   24            25            26


     STARTING VALUES FOR LATENT CLASS PATTERN 1 1


           NU
              U11           U12           U13           U14           U15
              ________      ________      ________      ________      ________
                0.000         0.000         0.000         0.000         0.000


           NU
              U21           U22           U23           U24           U25
              ________      ________      ________      ________      ________
                0.000         0.000         0.000         0.000         0.000


           LAMBDA
              F
              ________
 U11            2.000
 U12            2.000
 U13            2.000
 U14            2.000
 U15            2.000
 U21            2.000
 U22            2.000
 U23            2.000
 U24            2.000
 U25            2.000


           THETA
              U11           U12           U13           U14           U15
              ________      ________      ________      ________      ________
 U11            1.000
 U12            0.000         1.000
 U13            0.000         0.000         1.000
 U14            0.000         0.000         0.000         1.000
 U15            0.000         0.000         0.000         0.000         1.000
 U21            0.000         0.000         0.000         0.000         0.000
 U22            0.000         0.000         0.000         0.000         0.000
 U23            0.000         0.000         0.000         0.000         0.000
 U24            0.000         0.000         0.000         0.000         0.000
 U25            0.000         0.000         0.000         0.000         0.000


           THETA
              U21           U22           U23           U24           U25
              ________      ________      ________      ________      ________
 U21            1.000
 U22            0.000         1.000
 U23            0.000         0.000         1.000
 U24            0.000         0.000         0.000         1.000
 U25            0.000         0.000         0.000         0.000         1.000


           ALPHA
              F
              ________
                0.000


           BETA
              F
              ________
 F              0.000


           PSI
              F
              ________
 F              1.000


     STARTING VALUES FOR LATENT CLASS PATTERN 1 2


           NU
              U11           U12           U13           U14           U15
              ________      ________      ________      ________      ________
                0.000         0.000         0.000         0.000         0.000


           NU
              U21           U22           U23           U24           U25
              ________      ________      ________      ________      ________
                0.000         0.000         0.000         0.000         0.000


           LAMBDA
              F
              ________
 U11            2.000
 U12            2.000
 U13            2.000
 U14            2.000
 U15            2.000
 U21            2.000
 U22            2.000
 U23            2.000
 U24            2.000
 U25            2.000


           THETA
              U11           U12           U13           U14           U15
              ________      ________      ________      ________      ________
 U11            1.000
 U12            0.000         1.000
 U13            0.000         0.000         1.000
 U14            0.000         0.000         0.000         1.000
 U15            0.000         0.000         0.000         0.000         1.000
 U21            0.000         0.000         0.000         0.000         0.000
 U22            0.000         0.000         0.000         0.000         0.000
 U23            0.000         0.000         0.000         0.000         0.000
 U24            0.000         0.000         0.000         0.000         0.000
 U25            0.000         0.000         0.000         0.000         0.000


           THETA
              U21           U22           U23           U24           U25
              ________      ________      ________      ________      ________
 U21            1.000
 U22            0.000         1.000
 U23            0.000         0.000         1.000
 U24            0.000         0.000         0.000         1.000
 U25            0.000         0.000         0.000         0.000         1.000


           ALPHA
              F
              ________
                0.000


           BETA
              F
              ________
 F              0.000


           PSI
              F
              ________
 F              1.000


     STARTING VALUES FOR LATENT CLASS PATTERN 2 1


           NU
              U11           U12           U13           U14           U15
              ________      ________      ________      ________      ________
                0.000         0.000         0.000         0.000         0.000


           NU
              U21           U22           U23           U24           U25
              ________      ________      ________      ________      ________
                0.000         0.000         0.000         0.000         0.000


           LAMBDA
              F
              ________
 U11            2.000
 U12            2.000
 U13            2.000
 U14            2.000
 U15            2.000
 U21            2.000
 U22            2.000
 U23            2.000
 U24            2.000
 U25            2.000


           THETA
              U11           U12           U13           U14           U15
              ________      ________      ________      ________      ________
 U11            1.000
 U12            0.000         1.000
 U13            0.000         0.000         1.000
 U14            0.000         0.000         0.000         1.000
 U15            0.000         0.000         0.000         0.000         1.000
 U21            0.000         0.000         0.000         0.000         0.000
 U22            0.000         0.000         0.000         0.000         0.000
 U23            0.000         0.000         0.000         0.000         0.000
 U24            0.000         0.000         0.000         0.000         0.000
 U25            0.000         0.000         0.000         0.000         0.000


           THETA
              U21           U22           U23           U24           U25
              ________      ________      ________      ________      ________
 U21            1.000
 U22            0.000         1.000
 U23            0.000         0.000         1.000
 U24            0.000         0.000         0.000         1.000
 U25            0.000         0.000         0.000         0.000         1.000


           ALPHA
              F
              ________
                0.000


           BETA
              F
              ________
 F              0.000


           PSI
              F
              ________
 F              1.000


     STARTING VALUES FOR LATENT CLASS PATTERN 2 2


           NU
              U11           U12           U13           U14           U15
              ________      ________      ________      ________      ________
                0.000         0.000         0.000         0.000         0.000


           NU
              U21           U22           U23           U24           U25
              ________      ________      ________      ________      ________
                0.000         0.000         0.000         0.000         0.000


           LAMBDA
              F
              ________
 U11            2.000
 U12            2.000
 U13            2.000
 U14            2.000
 U15            2.000
 U21            2.000
 U22            2.000
 U23            2.000
 U24            2.000
 U25            2.000


           THETA
              U11           U12           U13           U14           U15
              ________      ________      ________      ________      ________
 U11            1.000
 U12            0.000         1.000
 U13            0.000         0.000         1.000
 U14            0.000         0.000         0.000         1.000
 U15            0.000         0.000         0.000         0.000         1.000
 U21            0.000         0.000         0.000         0.000         0.000
 U22            0.000         0.000         0.000         0.000         0.000
 U23            0.000         0.000         0.000         0.000         0.000
 U24            0.000         0.000         0.000         0.000         0.000
 U25            0.000         0.000         0.000         0.000         0.000


           THETA
              U21           U22           U23           U24           U25
              ________      ________      ________      ________      ________
 U21            1.000
 U22            0.000         1.000
 U23            0.000         0.000         1.000
 U24            0.000         0.000         0.000         1.000
 U25            0.000         0.000         0.000         0.000         1.000


           ALPHA
              F
              ________
                0.000


           BETA
              F
              ________
 F              0.000


           PSI
              F
              ________
 F              1.000


     STARTING VALUES FOR LATENT CLASS INDICATOR MODEL PART


           TAU(U) FOR LATENT CLASS PATTERN 1 1
              U11$1         U12$1         U13$1         U14$1         U15$1
              ________      ________      ________      ________      ________
                1.000         1.000         1.000         1.000         1.000


           TAU(U) FOR LATENT CLASS PATTERN 1 1
              U21$1         U22$1         U23$1         U24$1         U25$1
              ________      ________      ________      ________      ________
                1.000         1.000         1.000         1.000         1.000


           TAU(U) FOR LATENT CLASS PATTERN 1 2
              U11$1         U12$1         U13$1         U14$1         U15$1
              ________      ________      ________      ________      ________
                1.000         1.000         1.000         1.000         1.000


           TAU(U) FOR LATENT CLASS PATTERN 1 2
              U21$1         U22$1         U23$1         U24$1         U25$1
              ________      ________      ________      ________      ________
               -1.000        -1.000        -1.000        -1.000        -1.000


           TAU(U) FOR LATENT CLASS PATTERN 2 1
              U11$1         U12$1         U13$1         U14$1         U15$1
              ________      ________      ________      ________      ________
               -1.000        -1.000        -1.000        -1.000        -1.000


           TAU(U) FOR LATENT CLASS PATTERN 2 1
              U21$1         U22$1         U23$1         U24$1         U25$1
              ________      ________      ________      ________      ________
                1.000         1.000         1.000         1.000         1.000


           TAU(U) FOR LATENT CLASS PATTERN 2 2
              U11$1         U12$1         U13$1         U14$1         U15$1
              ________      ________      ________      ________      ________
               -1.000        -1.000        -1.000        -1.000        -1.000


           TAU(U) FOR LATENT CLASS PATTERN 2 2
              U21$1         U22$1         U23$1         U24$1         U25$1
              ________      ________      ________      ________      ________
               -1.000        -1.000        -1.000        -1.000        -1.000


     STARTING VALUES FOR LATENT CLASS REGRESSION MODEL PART


           ALPHA(C)
              C1#1          C1#2          C2#1          C2#2
              ________      ________      ________      ________
                0.000         0.000         0.000         0.000


           GAMMA(C)
              F
              ________
 C1#1           0.000
 C1#2           0.000
 C2#1           0.000
 C2#2           0.000


           BETA(C)
              C1#1          C1#2
              ________      ________
 C2#1           0.500         0.000
 C2#2           0.000         0.000


     STARTING VALUES FOR THE ADDITIONAL PARAMETERS


           NEW/ADDITIONAL PARAMETERS
              TRANS11       TRANS12       TRANS21       TRANS22       PROB11
              ________      ________      ________      ________      ________
                0.622         0.378         0.500         0.500         0.500


           NEW/ADDITIONAL PARAMETERS
              PROB12        PROB21        PROB22
              ________      ________      ________
                0.500         0.561         0.439


     POPULATION VALUES FOR LATENT CLASS PATTERN 1 1


           NU
              U11           U12           U13           U14           U15
              ________      ________      ________      ________      ________
                0.000         0.000         0.000         0.000         0.000


           NU
              U21           U22           U23           U24           U25
              ________      ________      ________      ________      ________
                0.000         0.000         0.000         0.000         0.000


           LAMBDA
              F
              ________
 U11            2.000
 U12            2.000
 U13            2.000
 U14            2.000
 U15            2.000
 U21            2.000
 U22            2.000
 U23            2.000
 U24            2.000
 U25            2.000


           THETA
              U11           U12           U13           U14           U15
              ________      ________      ________      ________      ________
 U11            0.000
 U12            0.000         0.000
 U13            0.000         0.000         0.000
 U14            0.000         0.000         0.000         0.000
 U15            0.000         0.000         0.000         0.000         0.000
 U21            0.000         0.000         0.000         0.000         0.000
 U22            0.000         0.000         0.000         0.000         0.000
 U23            0.000         0.000         0.000         0.000         0.000
 U24            0.000         0.000         0.000         0.000         0.000
 U25            0.000         0.000         0.000         0.000         0.000


           THETA
              U21           U22           U23           U24           U25
              ________      ________      ________      ________      ________
 U21            0.000
 U22            0.000         0.000
 U23            0.000         0.000         0.000
 U24            0.000         0.000         0.000         0.000
 U25            0.000         0.000         0.000         0.000         0.000


           ALPHA
              F
              ________
                0.000


           BETA
              F
              ________
 F              0.000


           PSI
              F
              ________
 F              1.000


     POPULATION VALUES FOR LATENT CLASS PATTERN 1 2


           NU
              U11           U12           U13           U14           U15
              ________      ________      ________      ________      ________
                0.000         0.000         0.000         0.000         0.000


           NU
              U21           U22           U23           U24           U25
              ________      ________      ________      ________      ________
                0.000         0.000         0.000         0.000         0.000


           LAMBDA
              F
              ________
 U11            2.000
 U12            2.000
 U13            2.000
 U14            2.000
 U15            2.000
 U21            2.000
 U22            2.000
 U23            2.000
 U24            2.000
 U25            2.000


           THETA
              U11           U12           U13           U14           U15
              ________      ________      ________      ________      ________
 U11            0.000
 U12            0.000         0.000
 U13            0.000         0.000         0.000
 U14            0.000         0.000         0.000         0.000
 U15            0.000         0.000         0.000         0.000         0.000
 U21            0.000         0.000         0.000         0.000         0.000
 U22            0.000         0.000         0.000         0.000         0.000
 U23            0.000         0.000         0.000         0.000         0.000
 U24            0.000         0.000         0.000         0.000         0.000
 U25            0.000         0.000         0.000         0.000         0.000


           THETA
              U21           U22           U23           U24           U25
              ________      ________      ________      ________      ________
 U21            0.000
 U22            0.000         0.000
 U23            0.000         0.000         0.000
 U24            0.000         0.000         0.000         0.000
 U25            0.000         0.000         0.000         0.000         0.000


           ALPHA
              F
              ________
                0.000


           BETA
              F
              ________
 F              0.000


           PSI
              F
              ________
 F              1.000


     POPULATION VALUES FOR LATENT CLASS PATTERN 2 1


           NU
              U11           U12           U13           U14           U15
              ________      ________      ________      ________      ________
                0.000         0.000         0.000         0.000         0.000


           NU
              U21           U22           U23           U24           U25
              ________      ________      ________      ________      ________
                0.000         0.000         0.000         0.000         0.000


           LAMBDA
              F
              ________
 U11            2.000
 U12            2.000
 U13            2.000
 U14            2.000
 U15            2.000
 U21            2.000
 U22            2.000
 U23            2.000
 U24            2.000
 U25            2.000


           THETA
              U11           U12           U13           U14           U15
              ________      ________      ________      ________      ________
 U11            0.000
 U12            0.000         0.000
 U13            0.000         0.000         0.000
 U14            0.000         0.000         0.000         0.000
 U15            0.000         0.000         0.000         0.000         0.000
 U21            0.000         0.000         0.000         0.000         0.000
 U22            0.000         0.000         0.000         0.000         0.000
 U23            0.000         0.000         0.000         0.000         0.000
 U24            0.000         0.000         0.000         0.000         0.000
 U25            0.000         0.000         0.000         0.000         0.000


           THETA
              U21           U22           U23           U24           U25
              ________      ________      ________      ________      ________
 U21            0.000
 U22            0.000         0.000
 U23            0.000         0.000         0.000
 U24            0.000         0.000         0.000         0.000
 U25            0.000         0.000         0.000         0.000         0.000


           ALPHA
              F
              ________
                0.000


           BETA
              F
              ________
 F              0.000


           PSI
              F
              ________
 F              1.000


     POPULATION VALUES FOR LATENT CLASS PATTERN 2 2


           NU
              U11           U12           U13           U14           U15
              ________      ________      ________      ________      ________
                0.000         0.000         0.000         0.000         0.000


           NU
              U21           U22           U23           U24           U25
              ________      ________      ________      ________      ________
                0.000         0.000         0.000         0.000         0.000


           LAMBDA
              F
              ________
 U11            2.000
 U12            2.000
 U13            2.000
 U14            2.000
 U15            2.000
 U21            2.000
 U22            2.000
 U23            2.000
 U24            2.000
 U25            2.000


           THETA
              U11           U12           U13           U14           U15
              ________      ________      ________      ________      ________
 U11            0.000
 U12            0.000         0.000
 U13            0.000         0.000         0.000
 U14            0.000         0.000         0.000         0.000
 U15            0.000         0.000         0.000         0.000         0.000
 U21            0.000         0.000         0.000         0.000         0.000
 U22            0.000         0.000         0.000         0.000         0.000
 U23            0.000         0.000         0.000         0.000         0.000
 U24            0.000         0.000         0.000         0.000         0.000
 U25            0.000         0.000         0.000         0.000         0.000


           THETA
              U21           U22           U23           U24           U25
              ________      ________      ________      ________      ________
 U21            0.000
 U22            0.000         0.000
 U23            0.000         0.000         0.000
 U24            0.000         0.000         0.000         0.000
 U25            0.000         0.000         0.000         0.000         0.000


           ALPHA
              F
              ________
                0.000


           BETA
              F
              ________
 F              0.000


           PSI
              F
              ________
 F              1.000


     POPULATION VALUES FOR LATENT CLASS INDICATOR MODEL PART


           TAU(U) FOR LATENT CLASS PATTERN 1 1
              U11$1         U12$1         U13$1         U14$1         U15$1
              ________      ________      ________      ________      ________
                1.000         1.000         1.000         1.000         1.000


           TAU(U) FOR LATENT CLASS PATTERN 1 1
              U21$1         U22$1         U23$1         U24$1         U25$1
              ________      ________      ________      ________      ________
                1.000         1.000         1.000         1.000         1.000


           TAU(U) FOR LATENT CLASS PATTERN 1 2
              U11$1         U12$1         U13$1         U14$1         U15$1
              ________      ________      ________      ________      ________
                1.000         1.000         1.000         1.000         1.000


           TAU(U) FOR LATENT CLASS PATTERN 1 2
              U21$1         U22$1         U23$1         U24$1         U25$1
              ________      ________      ________      ________      ________
               -1.000        -1.000        -1.000        -1.000        -1.000


           TAU(U) FOR LATENT CLASS PATTERN 2 1
              U11$1         U12$1         U13$1         U14$1         U15$1
              ________      ________      ________      ________      ________
               -1.000        -1.000        -1.000        -1.000        -1.000


           TAU(U) FOR LATENT CLASS PATTERN 2 1
              U21$1         U22$1         U23$1         U24$1         U25$1
              ________      ________      ________      ________      ________
                1.000         1.000         1.000         1.000         1.000


           TAU(U) FOR LATENT CLASS PATTERN 2 2
              U11$1         U12$1         U13$1         U14$1         U15$1
              ________      ________      ________      ________      ________
               -1.000        -1.000        -1.000        -1.000        -1.000


           TAU(U) FOR LATENT CLASS PATTERN 2 2
              U21$1         U22$1         U23$1         U24$1         U25$1
              ________      ________      ________      ________      ________
               -1.000        -1.000        -1.000        -1.000        -1.000


     POPULATION VALUES FOR LATENT CLASS REGRESSION MODEL PART


           ALPHA(C)
              C1#1          C1#2          C2#1          C2#2
              ________      ________      ________      ________
                0.000         0.000         0.000         0.000


           GAMMA(C)
              F
              ________
 C1#1           0.000
 C1#2           0.000
 C2#1           0.000
 C2#2           0.000


           BETA(C)
              C1#1          C1#2
              ________      ________
 C2#1           0.500         0.000
 C2#2           0.000         0.000


SAVEDATA INFORMATION

  Order of variables

    U11
    U12
    U13
    U14
    U15
    U21
    U22
    U23
    U24
    U25
    C1
    C2

  Save file
    5_t2n500rep*.dat

  Save file format           Free
  Save file record length    10000


RESULTS SAVING INFORMATION

  Order of data

    Replication number
    Parameter estimates
     (saved in order shown in Technical 1 output)
    Standard errors
     (saved in order shown in Technical 1 output)
    H0 Loglikelihood
    Number of Free Parameters
    Akaike (AIC)
    Bayesian (BIC)
    Sample-Size Adjusted BIC
    Pearson Chi-Square : Value
    Pearson Chi-Square : Degrees of Freedom
    Pearson Chi-Square : P-Value
    Likelihood Chi-Square : Value
    Likelihood Chi-Square : Degrees of Freedom
    Likelihood Chi-Square : P-Value

  Save file
    t2results5.csv

  Save file format           Free


     Beginning Time:  12:34:10
        Ending Time:  12:34:13
       Elapsed Time:  00:00:03



MUTHEN & MUTHEN
3463 Stoner Ave.
Los Angeles, CA  90066

Tel: (310) 391-9971
Fax: (310) 391-8971
Web: www.StatModel.com
Support: Support@StatModel.com

Copyright (c) 1998-2019 Muthen & Muthen
