Mplus VERSION 8.6 (Mac)
MUTHEN & MUTHEN
05/30/2021   2:41 PM

INPUT INSTRUCTIONS

  TITLE:
  CFA - mod1 - LAB 6 DEMO
  DATA:
  FILE = "/Users/agarber/github/NTNU-workshop/06-cfa-roulette/cfa_mplus/cfa_mod2.dat";

  VARIABLE:
  NAMES = BYS44E BYS44A BYS44D BYS24C BYS24A BYS24B BYS91 BYS22B BYS24D BYS24E BYS90K
       BYS90Q BYS90L BYS90M BYS90E BYS90G BYS22D BYS22E BYS22A BYS22G BYS22F BYS22C
       BYS22H BYS87E BYS87B BYS87D BYS27D BYS27G BYS27H BYS27A BYS27B BYS88A BYS87A
       BYS87C BYS87F BYS21D BYS21A BYS21E BYS20C BYS20B BYS20G BYS20E BYS20F BYS21B
       BYS21C BYS38C BYS38A BYS38B BYS24F BYS24G BYS48A BYS48B BY10FLP BYS20A BYS43
       BYS44B BYS34A BYS35A BYS36A BYS36B BYS34B BYS35B BYS27C BYS88B BYS27I BYS27E
       BYS27F BYS89G BYS89C BYS89F BYS89M BYS89I BYS89K BYS89P BYS89D BYS89H BYS89J
       BYS89V BYS89O BYS89S BYS89A BYS89B BYS89L BYS89R BYS89U BYS89E BYS89Q BYS89N
       BYS89T BYS28 BYS37 BYS90F BYS90H BYS90B BYS90A BYS90D BYS86I BYS86D BYS86C
       BYS86A BYS86B BYS42 BYS90C BYS44C BYS90J BYS85F BYS85G BYS85A BYS85B BYS85C
       BYS85D BYS44H BYS45A BYS47A BYS45B BYS45C BYS20H BYS20I BYS20D BYS20K BYS20L
       BYS47B BYS20J BYS20M BYS20N;
   MISSING=.;
   usevar =
  BYS86D
  BYS89B
  BYS89E
  BYS89A
  BYS89F
  BYS20G
  BYS21C
  BYS87C
  BYS27G
  BYS20F;
  ANALYSIS:
  estimator = mlr;
  MODEL:
  FACTOR_1 by
  BYS86D* !estimate first variable loading
  BYS89B
  BYS89E
  BYS89A
  BYS89F;

  FACTOR_1@1; !fix variance of factor to 1

   FACTOR_2 by
  BYS20G*
  BYS21C
  BYS87C
  BYS27G
  BYS20F;

  FACTOR_2@1;

  !!! ****CHANGE TO REFLECT YOUR MODS**** !!!
  ![XXXXXX] WITH [XXXXXX]; !estimate residual correlation mod indice
  ![XXXXXX] WITH [XXXXXX];
  BYS89F   WITH BYS89E;
  BYS20F   WITH BYS20G;
  OUTPUT:
  sampstat standardized residual modindices (3.84);
  PLOT:
  type = plot3;



*** WARNING
  Data set contains cases with missing on all variables.
  These cases were not included in the analysis.
  Number of cases with missing on all variables:  47
   1 WARNING(S) FOUND IN THE INPUT INSTRUCTIONS




CFA - mod1 - LAB 6 DEMO

SUMMARY OF ANALYSIS

Number of groups                                                 1
Number of observations                                         747

Number of dependent variables                                   10
Number of independent variables                                  0
Number of continuous latent variables                            2

Observed dependent variables

  Continuous
   BYS86D      BYS89B      BYS89E      BYS89A      BYS89F      BYS20G
   BYS21C      BYS87C      BYS27G      BYS20F

Continuous latent variables
   FACTOR_1    FACTOR_2


Estimator                                                      MLR
Information matrix                                        OBSERVED
Maximum number of iterations                                  1000
Convergence criterion                                    0.500D-04
Maximum number of steepest descent iterations                   20
Maximum number of iterations for H1                           2000
Convergence criterion for H1                             0.100D-03

Input data file(s)
  /Users/agarber/github/NTNU-workshop/06-cfa-roulette/cfa_mplus/cfa_mod2.dat

Input data format  FREE


SUMMARY OF DATA

     Number of missing data patterns            38


COVARIANCE COVERAGE OF DATA

Minimum covariance coverage value   0.100


     PROPORTION OF DATA PRESENT


           Covariance Coverage
              BYS86D        BYS89B        BYS89E        BYS89A        BYS89F
              ________      ________      ________      ________      ________
 BYS86D         0.810
 BYS89B         0.712         0.730
 BYS89E         0.697         0.710         0.712
 BYS89A         0.720         0.722         0.708         0.735
 BYS89F         0.703         0.712         0.707         0.710         0.720
 BYS20G         0.767         0.720         0.704         0.726         0.712
 BYS21C         0.771         0.724         0.710         0.730         0.716
 BYS87C         0.742         0.718         0.704         0.724         0.705
 BYS27G         0.772         0.727         0.711         0.731         0.719
 BYS20F         0.764         0.718         0.701         0.723         0.710


           Covariance Coverage
              BYS20G        BYS21C        BYS87C        BYS27G        BYS20F
              ________      ________      ________      ________      ________
 BYS20G         0.952
 BYS21C         0.946         0.957
 BYS87C         0.744         0.748         0.754
 BYS27G         0.945         0.950         0.750         0.956
 BYS20F         0.940         0.945         0.742         0.942         0.950


SAMPLE STATISTICS


     ESTIMATED SAMPLE STATISTICS


           Means
              BYS86D        BYS89B        BYS89E        BYS89A        BYS89F
              ________      ________      ________      ________      ________
                2.425         2.363         2.849         2.537         2.649


           Means
              BYS20G        BYS21C        BYS87C        BYS27G        BYS20F
              ________      ________      ________      ________      ________
                2.252         2.368         2.833         1.798         2.136


           Covariances
              BYS86D        BYS89B        BYS89E        BYS89A        BYS89F
              ________      ________      ________      ________      ________
 BYS86D         0.382
 BYS89B         0.071         0.892
 BYS89E         0.081         0.352         0.841
 BYS89A         0.093         0.712         0.358         0.893
 BYS89F         0.113         0.293         0.435         0.284         0.841
 BYS20G        -0.052        -0.134        -0.121        -0.119        -0.139
 BYS21C        -0.074        -0.116        -0.092        -0.137        -0.054
 BYS87C        -0.020        -0.349        -0.180        -0.358        -0.061
 BYS27G        -0.075        -0.118        -0.052        -0.117        -0.065
 BYS20F        -0.037        -0.160        -0.111        -0.161        -0.087


           Covariances
              BYS20G        BYS21C        BYS87C        BYS27G        BYS20F
              ________      ________      ________      ________      ________
 BYS20G         0.576
 BYS21C         0.205         0.840
 BYS87C         0.122         0.124         0.686
 BYS27G         0.156         0.162         0.177         0.614
 BYS20F         0.263         0.205         0.130         0.137         0.498


           Correlations
              BYS86D        BYS89B        BYS89E        BYS89A        BYS89F
              ________      ________      ________      ________      ________
 BYS86D         1.000
 BYS89B         0.122         1.000
 BYS89E         0.142         0.406         1.000
 BYS89A         0.160         0.797         0.413         1.000
 BYS89F         0.200         0.338         0.517         0.328         1.000
 BYS20G        -0.111        -0.187        -0.174        -0.167        -0.200
 BYS21C        -0.130        -0.134        -0.109        -0.158        -0.064
 BYS87C        -0.039        -0.446        -0.237        -0.458        -0.080
 BYS27G        -0.155        -0.159        -0.072        -0.158        -0.091
 BYS20F        -0.085        -0.240        -0.171        -0.242        -0.135


           Correlations
              BYS20G        BYS21C        BYS87C        BYS27G        BYS20F
              ________      ________      ________      ________      ________
 BYS20G         1.000
 BYS21C         0.295         1.000
 BYS87C         0.195         0.164         1.000
 BYS27G         0.263         0.226         0.273         1.000
 BYS20F         0.491         0.318         0.223         0.247         1.000


     MAXIMUM LOG-LIKELIHOOD VALUE FOR THE UNRESTRICTED (H1) MODEL IS -6790.209


UNIVARIATE SAMPLE STATISTICS


     UNIVARIATE HIGHER-ORDER MOMENT DESCRIPTIVE STATISTICS

         Variable/         Mean/     Skewness/   Minimum/ % with                Percentiles
        Sample Size      Variance    Kurtosis    Maximum  Min/Max      20%/60%    40%/80%    Median

     BYS86D                2.420      -0.574       1.000    6.94%       2.000      2.000      2.000
             605.000       0.382      -0.598       3.000   48.93%       3.000      3.000
     BYS89B                2.367       0.275       1.000   18.17%       2.000      2.000      2.000
             545.000       0.897      -0.821       4.000   15.05%       2.000      3.000
     BYS89E                2.855      -0.225       1.000    6.58%       2.000      3.000      3.000
             532.000       0.838      -0.946       4.000   29.14%       3.000      4.000
     BYS89A                2.541       0.264       1.000   10.75%       2.000      2.000      2.000
             549.000       0.893      -0.958       4.000   21.49%       3.000      4.000
     BYS89F                2.652       0.050       1.000    8.92%       2.000      2.000      3.000
             538.000       0.844      -0.945       4.000   21.93%       3.000      4.000
     BYS20G                2.252       0.225       1.000   14.35%       2.000      2.000      2.000
             711.000       0.574      -0.244       4.000    4.92%       2.000      3.000
     BYS21C                2.369       0.220       1.000   17.34%       2.000      2.000      2.000
             715.000       0.840      -0.758       4.000   13.01%       3.000      3.000
     BYS87C                2.840      -0.310       1.000    5.86%       2.000      3.000      3.000
             563.000       0.688      -0.473       4.000   21.85%       3.000      4.000
     BYS27G                1.800       0.751       1.000   39.64%       1.000      2.000      2.000
             714.000       0.614       0.088       4.000    3.08%       2.000      2.000
     BYS20F                2.134       0.435       1.000   15.35%       2.000      2.000      2.000
             710.000       0.496       0.325       4.000    3.66%       2.000      3.000


THE MODEL ESTIMATION TERMINATED NORMALLY



MODEL FIT INFORMATION

Number of Free Parameters                       33

Loglikelihood

          H0 Value                       -6857.761
          H0 Scaling Correction Factor      1.0586
            for MLR
          H1 Value                       -6790.209
          H1 Scaling Correction Factor      1.0426
            for MLR

Information Criteria

          Akaike (AIC)                   13781.523
          Bayesian (BIC)                 13933.853
          Sample-Size Adjusted BIC       13829.065
            (n* = (n + 2) / 24)

Chi-Square Test of Model Fit

          Value                            131.665*
          Degrees of Freedom                    32
          P-Value                           0.0000
          Scaling Correction Factor         1.0261
            for MLR

*   The chi-square value for MLM, MLMV, MLR, ULSMV, WLSM and WLSMV cannot be used
    for chi-square difference testing in the regular way.  MLM, MLR and WLSM
    chi-square difference testing is described on the Mplus website.  MLMV, WLSMV,
    and ULSMV difference testing is done using the DIFFTEST option.

RMSEA (Root Mean Square Error Of Approximation)

          Estimate                           0.065
          90 Percent C.I.                    0.053  0.076
          Probability RMSEA <= .05           0.017

CFI/TLI

          CFI                                0.923
          TLI                                0.892

Chi-Square Test of Model Fit for the Baseline Model

          Value                           1337.582
          Degrees of Freedom                    45
          P-Value                           0.0000

SRMR (Standardized Root Mean Square Residual)

          Value                              0.054



MODEL RESULTS

                                                    Two-Tailed
                    Estimate       S.E.  Est./S.E.    P-Value

 FACTOR_1 BY
    BYS86D             0.111      0.030      3.746      0.000
    BYS89B             0.835      0.030     27.929      0.000
    BYS89E             0.426      0.039     11.031      0.000
    BYS89A             0.852      0.029     29.407      0.000
    BYS89F             0.346      0.042      8.326      0.000

 FACTOR_2 BY
    BYS20G             0.340      0.056      6.024      0.000
    BYS21C             0.391      0.064      6.093      0.000
    BYS87C             0.501      0.070      7.183      0.000
    BYS27G             0.354      0.045      7.852      0.000
    BYS20F             0.352      0.050      7.110      0.000

 FACTOR_2 WITH
    FACTOR_1          -0.604      0.081     -7.423      0.000

 BYS89F   WITH
    BYS89E             0.289      0.034      8.569      0.000

 BYS20F   WITH
    BYS20G             0.142      0.032      4.394      0.000

 Intercepts
    BYS86D             2.421      0.025     96.556      0.000
    BYS89B             2.367      0.040     59.323      0.000
    BYS89E             2.854      0.039     72.504      0.000
    BYS89A             2.541      0.040     63.833      0.000
    BYS89F             2.653      0.039     67.481      0.000
    BYS20G             2.253      0.028     79.272      0.000
    BYS21C             2.369      0.034     69.152      0.000
    BYS87C             2.835      0.035     81.550      0.000
    BYS27G             1.799      0.029     61.436      0.000
    BYS20F             2.137      0.026     80.803      0.000

 Variances
    FACTOR_1           1.000      0.000    999.000    999.000
    FACTOR_2           1.000      0.000    999.000    999.000

 Residual Variances
    BYS86D             0.370      0.019     19.627      0.000
    BYS89B             0.197      0.031      6.346      0.000
    BYS89E             0.660      0.040     16.660      0.000
    BYS89A             0.168      0.034      5.020      0.000
    BYS89F             0.723      0.039     18.651      0.000
    BYS20G             0.460      0.040     11.561      0.000
    BYS21C             0.687      0.051     13.560      0.000
    BYS87C             0.437      0.065      6.749      0.000
    BYS27G             0.489      0.030     16.247      0.000
    BYS20F             0.373      0.034     10.891      0.000


QUALITY OF NUMERICAL RESULTS

     Condition Number for the Information Matrix              0.214E-01
       (ratio of smallest to largest eigenvalue)


STANDARDIZED MODEL RESULTS


STDYX Standardization

                                                    Two-Tailed
                    Estimate       S.E.  Est./S.E.    P-Value

 FACTOR_1 BY
    BYS86D             0.180      0.048      3.768      0.000
    BYS89B             0.883      0.020     44.162      0.000
    BYS89E             0.464      0.039     11.767      0.000
    BYS89A             0.901      0.021     42.986      0.000
    BYS89F             0.377      0.043      8.720      0.000

 FACTOR_2 BY
    BYS20G             0.448      0.072      6.262      0.000
    BYS21C             0.427      0.068      6.316      0.000
    BYS87C             0.604      0.079      7.627      0.000
    BYS27G             0.451      0.051      8.769      0.000
    BYS20F             0.499      0.065      7.639      0.000

 FACTOR_2 WITH
    FACTOR_1          -0.604      0.081     -7.423      0.000

 BYS89F   WITH
    BYS89E             0.419      0.041     10.190      0.000

 BYS20F   WITH
    BYS20G             0.344      0.055      6.231      0.000

 Intercepts
    BYS86D             3.915      0.119     32.836      0.000
    BYS89B             2.504      0.063     39.584      0.000
    BYS89E             3.112      0.089     34.929      0.000
    BYS89A             2.688      0.063     42.670      0.000
    BYS89F             2.889      0.075     38.483      0.000
    BYS20G             2.968      0.077     38.570      0.000
    BYS21C             2.585      0.059     43.632      0.000
    BYS87C             3.418      0.108     31.670      0.000
    BYS27G             2.296      0.053     43.040      0.000
    BYS20F             3.029      0.084     36.074      0.000

 Variances
    FACTOR_1           1.000      0.000    999.000    999.000
    FACTOR_2           1.000      0.000    999.000    999.000

 Residual Variances
    BYS86D             0.968      0.017     56.328      0.000
    BYS89B             0.220      0.035      6.225      0.000
    BYS89E             0.785      0.037     21.434      0.000
    BYS89A             0.188      0.038      4.989      0.000
    BYS89F             0.858      0.033     26.309      0.000
    BYS20G             0.799      0.064     12.472      0.000
    BYS21C             0.818      0.058     14.165      0.000
    BYS87C             0.635      0.096      6.639      0.000
    BYS27G             0.796      0.046     17.138      0.000
    BYS20F             0.751      0.065     11.494      0.000


STDY Standardization

                                                    Two-Tailed
                    Estimate       S.E.  Est./S.E.    P-Value

 FACTOR_1 BY
    BYS86D             0.180      0.048      3.768      0.000
    BYS89B             0.883      0.020     44.162      0.000
    BYS89E             0.464      0.039     11.767      0.000
    BYS89A             0.901      0.021     42.986      0.000
    BYS89F             0.377      0.043      8.720      0.000

 FACTOR_2 BY
    BYS20G             0.448      0.072      6.262      0.000
    BYS21C             0.427      0.068      6.316      0.000
    BYS87C             0.604      0.079      7.627      0.000
    BYS27G             0.451      0.051      8.769      0.000
    BYS20F             0.499      0.065      7.639      0.000

 FACTOR_2 WITH
    FACTOR_1          -0.604      0.081     -7.423      0.000

 BYS89F   WITH
    BYS89E             0.419      0.041     10.190      0.000

 BYS20F   WITH
    BYS20G             0.344      0.055      6.231      0.000

 Intercepts
    BYS86D             3.915      0.119     32.836      0.000
    BYS89B             2.504      0.063     39.584      0.000
    BYS89E             3.112      0.089     34.929      0.000
    BYS89A             2.688      0.063     42.670      0.000
    BYS89F             2.889      0.075     38.483      0.000
    BYS20G             2.968      0.077     38.570      0.000
    BYS21C             2.585      0.059     43.632      0.000
    BYS87C             3.418      0.108     31.670      0.000
    BYS27G             2.296      0.053     43.040      0.000
    BYS20F             3.029      0.084     36.074      0.000

 Variances
    FACTOR_1           1.000      0.000    999.000    999.000
    FACTOR_2           1.000      0.000    999.000    999.000

 Residual Variances
    BYS86D             0.968      0.017     56.328      0.000
    BYS89B             0.220      0.035      6.225      0.000
    BYS89E             0.785      0.037     21.434      0.000
    BYS89A             0.188      0.038      4.989      0.000
    BYS89F             0.858      0.033     26.309      0.000
    BYS20G             0.799      0.064     12.472      0.000
    BYS21C             0.818      0.058     14.165      0.000
    BYS87C             0.635      0.096      6.639      0.000
    BYS27G             0.796      0.046     17.138      0.000
    BYS20F             0.751      0.065     11.494      0.000


STD Standardization

                                                    Two-Tailed
                    Estimate       S.E.  Est./S.E.    P-Value

 FACTOR_1 BY
    BYS86D             0.111      0.030      3.746      0.000
    BYS89B             0.835      0.030     27.929      0.000
    BYS89E             0.426      0.039     11.031      0.000
    BYS89A             0.852      0.029     29.407      0.000
    BYS89F             0.346      0.042      8.326      0.000

 FACTOR_2 BY
    BYS20G             0.340      0.056      6.024      0.000
    BYS21C             0.391      0.064      6.093      0.000
    BYS87C             0.501      0.070      7.183      0.000
    BYS27G             0.354      0.045      7.852      0.000
    BYS20F             0.352      0.050      7.110      0.000

 FACTOR_2 WITH
    FACTOR_1          -0.604      0.081     -7.423      0.000

 BYS89F   WITH
    BYS89E             0.289      0.034      8.569      0.000

 BYS20F   WITH
    BYS20G             0.142      0.032      4.394      0.000

 Intercepts
    BYS86D             2.421      0.025     96.556      0.000
    BYS89B             2.367      0.040     59.323      0.000
    BYS89E             2.854      0.039     72.504      0.000
    BYS89A             2.541      0.040     63.833      0.000
    BYS89F             2.653      0.039     67.481      0.000
    BYS20G             2.253      0.028     79.272      0.000
    BYS21C             2.369      0.034     69.152      0.000
    BYS87C             2.835      0.035     81.550      0.000
    BYS27G             1.799      0.029     61.436      0.000
    BYS20F             2.137      0.026     80.803      0.000

 Variances
    FACTOR_1           1.000      0.000    999.000    999.000
    FACTOR_2           1.000      0.000    999.000    999.000

 Residual Variances
    BYS86D             0.370      0.019     19.627      0.000
    BYS89B             0.197      0.031      6.346      0.000
    BYS89E             0.660      0.040     16.660      0.000
    BYS89A             0.168      0.034      5.020      0.000
    BYS89F             0.723      0.039     18.651      0.000
    BYS20G             0.460      0.040     11.561      0.000
    BYS21C             0.687      0.051     13.560      0.000
    BYS87C             0.437      0.065      6.749      0.000
    BYS27G             0.489      0.030     16.247      0.000
    BYS20F             0.373      0.034     10.891      0.000


R-SQUARE

    Observed                                        Two-Tailed
    Variable        Estimate       S.E.  Est./S.E.    P-Value

    BYS86D             0.032      0.017      1.884      0.060
    BYS89B             0.780      0.035     22.081      0.000
    BYS89E             0.215      0.037      5.883      0.000
    BYS89A             0.812      0.038     21.493      0.000
    BYS89F             0.142      0.033      4.360      0.000
    BYS20G             0.201      0.064      3.131      0.002
    BYS21C             0.182      0.058      3.158      0.002
    BYS87C             0.365      0.096      3.813      0.000
    BYS27G             0.204      0.046      4.385      0.000
    BYS20F             0.249      0.065      3.819      0.000


RESIDUAL OUTPUT


     ESTIMATED MODEL AND RESIDUALS (OBSERVED - ESTIMATED)


           Model Estimated Means
              BYS86D        BYS89B        BYS89E        BYS89A        BYS89F
              ________      ________      ________      ________      ________
                2.421         2.367         2.854         2.541         2.653


           Model Estimated Means
              BYS20G        BYS21C        BYS87C        BYS27G        BYS20F
              ________      ________      ________      ________      ________
                2.253         2.369         2.835         1.799         2.137


           Residuals for Means
              BYS86D        BYS89B        BYS89E        BYS89A        BYS89F
              ________      ________      ________      ________      ________
                0.004        -0.004        -0.005        -0.004        -0.004


           Residuals for Means
              BYS20G        BYS21C        BYS87C        BYS27G        BYS20F
              ________      ________      ________      ________      ________
               -0.001        -0.001        -0.002        -0.001         0.000


           Standardized Residuals (z-scores) for Means
              BYS86D        BYS89B        BYS89E        BYS89A        BYS89F
              ________      ________      ________      ________      ________
              999.000       999.000       999.000       999.000       999.000


           Standardized Residuals (z-scores) for Means
              BYS20G        BYS21C        BYS87C        BYS27G        BYS20F
              ________      ________      ________      ________      ________
               -0.904       999.000        -3.726       999.000       999.000


           Normalized Residuals for Means
              BYS86D        BYS89B        BYS89E        BYS89A        BYS89F
              ________      ________      ________      ________      ________
                0.159        -0.112        -0.135        -0.108        -0.100


           Normalized Residuals for Means
              BYS20G        BYS21C        BYS87C        BYS27G        BYS20F
              ________      ________      ________      ________      ________
               -0.024        -0.030        -0.052        -0.048        -0.015


           Model Estimated Covariances
              BYS86D        BYS89B        BYS89E        BYS89A        BYS89F
              ________      ________      ________      ________      ________
 BYS86D         0.383
 BYS89B         0.093         0.894
 BYS89E         0.047         0.356         0.842
 BYS89A         0.095         0.711         0.363         0.894
 BYS89F         0.039         0.289         0.437         0.295         0.843
 BYS20G        -0.023        -0.171        -0.087        -0.175        -0.071
 BYS21C        -0.026        -0.197        -0.101        -0.201        -0.082
 BYS87C        -0.034        -0.253        -0.129        -0.258        -0.105
 BYS27G        -0.024        -0.178        -0.091        -0.182        -0.074
 BYS20F        -0.024        -0.178        -0.091        -0.181        -0.074


           Model Estimated Covariances
              BYS20G        BYS21C        BYS87C        BYS27G        BYS20F
              ________      ________      ________      ________      ________
 BYS20G         0.576
 BYS21C         0.133         0.840
 BYS87C         0.170         0.196         0.688
 BYS27G         0.120         0.138         0.177         0.614
 BYS20F         0.262         0.138         0.177         0.125         0.498


           Model Estimated Correlations
              BYS86D        BYS89B        BYS89E        BYS89A        BYS89F
              ________      ________      ________      ________      ________
 BYS86D         1.000
 BYS89B         0.159         1.000
 BYS89E         0.083         0.410         1.000
 BYS89A         0.162         0.796         0.418         1.000
 BYS89F         0.068         0.333         0.518         0.340         1.000
 BYS20G        -0.049        -0.239        -0.125        -0.244        -0.102
 BYS21C        -0.046        -0.228        -0.120        -0.232        -0.097
 BYS87C        -0.066        -0.322        -0.169        -0.328        -0.137
 BYS27G        -0.049        -0.241        -0.126        -0.245        -0.103
 BYS20F        -0.054        -0.266        -0.140        -0.272        -0.114


           Model Estimated Correlations
              BYS20G        BYS21C        BYS87C        BYS27G        BYS20F
              ________      ________      ________      ________      ________
 BYS20G         1.000
 BYS21C         0.191         1.000
 BYS87C         0.271         0.258         1.000
 BYS27G         0.202         0.193         0.273         1.000
 BYS20F         0.490         0.213         0.302         0.225         1.000


           Residuals for Covariances
              BYS86D        BYS89B        BYS89E        BYS89A        BYS89F
              ________      ________      ________      ________      ________
 BYS86D         0.000
 BYS89B        -0.022        -0.002
 BYS89E         0.033        -0.004        -0.001
 BYS89A        -0.001         0.000        -0.005        -0.001
 BYS89F         0.075         0.004        -0.002        -0.011        -0.003
 BYS20G        -0.029         0.037        -0.033         0.055        -0.068
 BYS21C        -0.048         0.081         0.009         0.064         0.028
 BYS87C         0.014        -0.097        -0.051        -0.101         0.044
 BYS27G        -0.051         0.061         0.039         0.065         0.009
 BYS20F        -0.013         0.018        -0.020         0.020        -0.014


           Residuals for Covariances
              BYS20G        BYS21C        BYS87C        BYS27G        BYS20F
              ________      ________      ________      ________      ________
 BYS20G         0.000
 BYS21C         0.072         0.000
 BYS87C        -0.048        -0.072        -0.003
 BYS27G         0.036         0.024         0.000         0.000
 BYS20F         0.000         0.068        -0.046         0.012         0.000


           Residuals for Correlations
              BYS86D        BYS89B        BYS89E        BYS89A        BYS89F
              ________      ________      ________      ________      ________
 BYS86D         0.000
 BYS89B        -0.037         0.000
 BYS89E         0.059        -0.004         0.000
 BYS89A        -0.002         0.001        -0.005         0.000
 BYS89F         0.132         0.005        -0.001        -0.011         0.000
 BYS20G        -0.063         0.051        -0.048         0.077        -0.098
 BYS21C        -0.084         0.093         0.010         0.074         0.033
 BYS87C         0.027        -0.124        -0.068        -0.130         0.057
 BYS27G        -0.106         0.082         0.054         0.087         0.012
 BYS20F        -0.030         0.027        -0.031         0.030        -0.021


           Residuals for Correlations
              BYS20G        BYS21C        BYS87C        BYS27G        BYS20F
              ________      ________      ________      ________      ________
 BYS20G         0.000
 BYS21C         0.104         0.000
 BYS87C        -0.076        -0.094         0.000
 BYS27G         0.060         0.033         0.001         0.000
 BYS20F         0.001         0.104        -0.078         0.022         0.000


           Standardized Residuals (z-scores) for Covariances
              BYS86D        BYS89B        BYS89E        BYS89A        BYS89F
              ________      ________      ________      ________      ________
 BYS86D       999.000
 BYS89B        -2.987       999.000
 BYS89E         1.488        -0.574       999.000
 BYS89A       999.000       999.000        -0.498       999.000
 BYS89F         3.064         0.442       999.000        -1.076       999.000
 BYS20G        -1.462         1.691        -1.210         2.469        -2.427
 BYS21C        -2.031         3.000         0.255         2.410         0.810
 BYS87C         0.728       999.000       999.000       999.000         2.203
 BYS27G        -2.618         3.001         1.355         3.094         0.293
 BYS20F        -0.711         1.135        -0.798         1.155        -0.531


           Standardized Residuals (z-scores) for Covariances
              BYS20G        BYS21C        BYS87C        BYS27G        BYS20F
              ________      ________      ________      ________      ________
 BYS20G       999.000
 BYS21C       999.000         0.242
 BYS87C        -2.700        -3.155       999.000
 BYS27G       999.000       999.000         0.007       999.000
 BYS20F       999.000       999.000        -2.813       999.000       999.000


           Normalized Residuals for Covariances
              BYS86D        BYS89B        BYS89E        BYS89A        BYS89F
              ________      ________      ________      ________      ________
 BYS86D        -0.023
 BYS89B        -0.846        -0.037
 BYS89E         1.263        -0.104        -0.023
 BYS89A        -0.058         0.005        -0.118        -0.022
 BYS89F         2.743         0.099        -0.055        -0.272        -0.069
 BYS20G        -1.383         1.165        -1.071         1.728        -2.187
 BYS21C        -1.924         2.152         0.230         1.690         0.747
 BYS87C         0.612        -2.756        -1.510        -2.835         1.244
 BYS27G        -2.456         1.934         1.205         2.020         0.270
 BYS20F        -0.663         0.630        -0.688         0.666        -0.473


           Normalized Residuals for Covariances
              BYS20G        BYS21C        BYS87C        BYS27G        BYS20F
              ________      ________      ________      ________      ________
 BYS20G         0.002
 BYS21C         2.558         0.005
 BYS87C        -1.737        -2.150        -0.072
 BYS27G         1.392         0.843         0.002        -0.006
 BYS20F         0.020         2.524        -1.715         0.484         0.010


MODEL MODIFICATION INDICES

NOTE:  Modification indices for direct effects of observed dependent variables
regressed on covariates may not be included.  To include these, request
MODINDICES (ALL).

Minimum M.I. value for printing the modification index     3.840

                                   M.I.     E.P.C.  Std E.P.C.  StdYX E.P.C.

BY Statements

FACTOR_1 BY BYS20G                 4.272     0.098      0.098        0.130
FACTOR_1 BY BYS21C                10.161     0.205      0.205        0.224
FACTOR_1 BY BYS87C                63.730    -0.550     -0.550       -0.663
FACTOR_1 BY BYS27G                13.007     0.201      0.201        0.257
FACTOR_2 BY BYS86D                 3.870    -0.094     -0.094       -0.151

WITH Statements

BYS89B   WITH BYS86D               4.184    -0.033     -0.033       -0.121
BYS89A   WITH BYS89B               4.332     0.207      0.207        1.135
BYS89F   WITH BYS86D               8.411     0.061      0.061        0.117
BYS20G   WITH BYS89A               5.443     0.038      0.038        0.135
BYS20G   WITH BYS89F               8.212    -0.063     -0.063       -0.110
BYS21C   WITH BYS86D               4.882    -0.049     -0.049       -0.097
BYS21C   WITH BYS20G               7.285     0.063      0.063        0.112
BYS87C   WITH BYS86D               4.918     0.043      0.043        0.107
BYS87C   WITH BYS89B               4.544    -0.041     -0.041       -0.142
BYS87C   WITH BYS89A               8.185    -0.056     -0.056       -0.205
BYS87C   WITH BYS89F              13.387     0.092      0.092        0.164
BYS87C   WITH BYS20G               4.175    -0.049     -0.049       -0.109
BYS87C   WITH BYS21C              14.723    -0.125     -0.125       -0.228
BYS27G   WITH BYS86D               8.658    -0.055     -0.055       -0.130
BYS27G   WITH BYS20G               4.796     0.044      0.044        0.093
BYS20F   WITH BYS21C               9.114     0.066      0.066        0.130
BYS20F   WITH BYS87C               5.740    -0.054     -0.054       -0.135


SAMPLE STATISTICS FOR ESTIMATED FACTOR SCORES


     SAMPLE STATISTICS


           Means
              FACTOR_1      FACTOR_1      FACTOR_2      FACTOR_2
              ________      ________      ________      ________
                0.000         0.479         0.000         0.626


           Covariances
              FACTOR_1      FACTOR_1      FACTOR_2      FACTOR_2
              ________      ________      ________      ________
 FACTOR_1       0.705
 FACTOR_1       0.001         0.066
 FACTOR_2      -0.490        -0.003         0.599
 FACTOR_2       0.001         0.020        -0.001         0.008


           Correlations
              FACTOR_1      FACTOR_1      FACTOR_2      FACTOR_2
              ________      ________      ________      ________
 FACTOR_1       1.000
 FACTOR_1       0.006         1.000
 FACTOR_2      -0.754        -0.016         1.000
 FACTOR_2       0.015         0.853        -0.017         1.000


PLOT INFORMATION

The following plots are available:

  Histograms (sample values, estimated factor scores, estimated values, residuals)
  Scatterplots (sample values, estimated factor scores, estimated values, residuals)
  Latent variable distribution plots

     Beginning Time:  14:41:36
        Ending Time:  14:41:36
       Elapsed Time:  00:00:00



MUTHEN & MUTHEN
3463 Stoner Ave.
Los Angeles, CA  90066

Tel: (310) 391-9971
Fax: (310) 391-8971
Web: www.StatModel.com
Support: Support@StatModel.com

Copyright (c) 1998-2021 Muthen & Muthen
