Mplus VERSION 8.6 (Mac)
MUTHEN & MUTHEN
05/30/2021   2:38 PM

INPUT INSTRUCTIONS

  TITLE:
  CFA - ULI - LAB 6 DEMO
  DATA:
  FILE = "/Users/agarber/github/NTNU-workshop/06-cfa-roulette/cfa_mplus/cfa_ULI.dat";

  VARIABLE:
  NAMES = BYS44E BYS44A BYS44D BYS24C BYS24A BYS24B BYS91 BYS22B BYS24D BYS24E BYS90K
       BYS90Q BYS90L BYS90M BYS90E BYS90G BYS22D BYS22E BYS22A BYS22G BYS22F BYS22C
       BYS22H BYS87E BYS87B BYS87D BYS27D BYS27G BYS27H BYS27A BYS27B BYS88A BYS87A
       BYS87C BYS87F BYS21D BYS21A BYS21E BYS20C BYS20B BYS20G BYS20E BYS20F BYS21B
       BYS21C BYS38C BYS38A BYS38B BYS24F BYS24G BYS48A BYS48B BY10FLP BYS20A BYS43
       BYS44B BYS34A BYS35A BYS36A BYS36B BYS34B BYS35B BYS27C BYS88B BYS27I BYS27E
       BYS27F BYS89G BYS89C BYS89F BYS89M BYS89I BYS89K BYS89P BYS89D BYS89H BYS89J
       BYS89V BYS89O BYS89S BYS89A BYS89B BYS89L BYS89R BYS89U BYS89E BYS89Q BYS89N
       BYS89T BYS28 BYS37 BYS90F BYS90H BYS90B BYS90A BYS90D BYS86I BYS86D BYS86C
       BYS86A BYS86B BYS42 BYS90C BYS44C BYS90J BYS85F BYS85G BYS85A BYS85B BYS85C
       BYS85D BYS44H BYS45A BYS47A BYS45B BYS45C BYS20H BYS20I BYS20D BYS20K BYS20L
       BYS47B BYS20J BYS20M BYS20N;
   MISSING=.;
   usevar =
  BYS86D
  BYS89B
  BYS89E
  BYS89A
  BYS89F
  BYS20G
  BYS21C
  BYS87C
  BYS27G
  BYS20F
  ;
  ANALYSIS:
  estimator = mlr;
  MODEL:
  FACTOR_1 by
  BYS86D
  BYS89B
  BYS89E
  BYS89A
  BYS89F;

   FACTOR_2 by
  BYS20G
  BYS21C
  BYS87C
  BYS27G
  BYS20F;
  OUTPUT:
  sampstat standardized residual modindices (3.84);
  PLOT:
  type = plot3;



*** WARNING
  Data set contains cases with missing on all variables.
  These cases were not included in the analysis.
  Number of cases with missing on all variables:  47
   1 WARNING(S) FOUND IN THE INPUT INSTRUCTIONS




CFA - ULI - LAB 6 DEMO

SUMMARY OF ANALYSIS

Number of groups                                                 1
Number of observations                                         747

Number of dependent variables                                   10
Number of independent variables                                  0
Number of continuous latent variables                            2

Observed dependent variables

  Continuous
   BYS86D      BYS89B      BYS89E      BYS89A      BYS89F      BYS20G
   BYS21C      BYS87C      BYS27G      BYS20F

Continuous latent variables
   FACTOR_1    FACTOR_2


Estimator                                                      MLR
Information matrix                                        OBSERVED
Maximum number of iterations                                  1000
Convergence criterion                                    0.500D-04
Maximum number of steepest descent iterations                   20
Maximum number of iterations for H1                           2000
Convergence criterion for H1                             0.100D-03

Input data file(s)
  /Users/agarber/github/NTNU-workshop/06-cfa-roulette/cfa_mplus/cfa_ULI.dat

Input data format  FREE


SUMMARY OF DATA

     Number of missing data patterns            38


COVARIANCE COVERAGE OF DATA

Minimum covariance coverage value   0.100


     PROPORTION OF DATA PRESENT


           Covariance Coverage
              BYS86D        BYS89B        BYS89E        BYS89A        BYS89F
              ________      ________      ________      ________      ________
 BYS86D         0.810
 BYS89B         0.712         0.730
 BYS89E         0.697         0.710         0.712
 BYS89A         0.720         0.722         0.708         0.735
 BYS89F         0.703         0.712         0.707         0.710         0.720
 BYS20G         0.767         0.720         0.704         0.726         0.712
 BYS21C         0.771         0.724         0.710         0.730         0.716
 BYS87C         0.742         0.718         0.704         0.724         0.705
 BYS27G         0.772         0.727         0.711         0.731         0.719
 BYS20F         0.764         0.718         0.701         0.723         0.710


           Covariance Coverage
              BYS20G        BYS21C        BYS87C        BYS27G        BYS20F
              ________      ________      ________      ________      ________
 BYS20G         0.952
 BYS21C         0.946         0.957
 BYS87C         0.744         0.748         0.754
 BYS27G         0.945         0.950         0.750         0.956
 BYS20F         0.940         0.945         0.742         0.942         0.950


SAMPLE STATISTICS


     ESTIMATED SAMPLE STATISTICS


           Means
              BYS86D        BYS89B        BYS89E        BYS89A        BYS89F
              ________      ________      ________      ________      ________
                2.425         2.363         2.849         2.537         2.649


           Means
              BYS20G        BYS21C        BYS87C        BYS27G        BYS20F
              ________      ________      ________      ________      ________
                2.252         2.368         2.833         1.798         2.136


           Covariances
              BYS86D        BYS89B        BYS89E        BYS89A        BYS89F
              ________      ________      ________      ________      ________
 BYS86D         0.382
 BYS89B         0.071         0.892
 BYS89E         0.081         0.352         0.841
 BYS89A         0.093         0.712         0.358         0.893
 BYS89F         0.113         0.293         0.435         0.284         0.841
 BYS20G        -0.052        -0.134        -0.121        -0.119        -0.139
 BYS21C        -0.074        -0.116        -0.092        -0.137        -0.054
 BYS87C        -0.020        -0.349        -0.180        -0.358        -0.061
 BYS27G        -0.075        -0.118        -0.052        -0.117        -0.065
 BYS20F        -0.037        -0.160        -0.111        -0.161        -0.087


           Covariances
              BYS20G        BYS21C        BYS87C        BYS27G        BYS20F
              ________      ________      ________      ________      ________
 BYS20G         0.576
 BYS21C         0.205         0.840
 BYS87C         0.122         0.124         0.686
 BYS27G         0.156         0.162         0.177         0.614
 BYS20F         0.263         0.205         0.130         0.137         0.498


           Correlations
              BYS86D        BYS89B        BYS89E        BYS89A        BYS89F
              ________      ________      ________      ________      ________
 BYS86D         1.000
 BYS89B         0.122         1.000
 BYS89E         0.142         0.406         1.000
 BYS89A         0.160         0.797         0.413         1.000
 BYS89F         0.200         0.338         0.517         0.328         1.000
 BYS20G        -0.111        -0.187        -0.174        -0.167        -0.200
 BYS21C        -0.130        -0.134        -0.109        -0.158        -0.064
 BYS87C        -0.039        -0.446        -0.237        -0.458        -0.080
 BYS27G        -0.155        -0.159        -0.072        -0.158        -0.091
 BYS20F        -0.085        -0.240        -0.171        -0.242        -0.135


           Correlations
              BYS20G        BYS21C        BYS87C        BYS27G        BYS20F
              ________      ________      ________      ________      ________
 BYS20G         1.000
 BYS21C         0.295         1.000
 BYS87C         0.195         0.164         1.000
 BYS27G         0.263         0.226         0.273         1.000
 BYS20F         0.491         0.318         0.223         0.247         1.000


     MAXIMUM LOG-LIKELIHOOD VALUE FOR THE UNRESTRICTED (H1) MODEL IS -6790.209


UNIVARIATE SAMPLE STATISTICS


     UNIVARIATE HIGHER-ORDER MOMENT DESCRIPTIVE STATISTICS

         Variable/         Mean/     Skewness/   Minimum/ % with                Percentiles
        Sample Size      Variance    Kurtosis    Maximum  Min/Max      20%/60%    40%/80%    Median

     BYS86D                2.420      -0.574       1.000    6.94%       2.000      2.000      2.000
             605.000       0.382      -0.598       3.000   48.93%       3.000      3.000
     BYS89B                2.367       0.275       1.000   18.17%       2.000      2.000      2.000
             545.000       0.897      -0.821       4.000   15.05%       2.000      3.000
     BYS89E                2.855      -0.225       1.000    6.58%       2.000      3.000      3.000
             532.000       0.838      -0.946       4.000   29.14%       3.000      4.000
     BYS89A                2.541       0.264       1.000   10.75%       2.000      2.000      2.000
             549.000       0.893      -0.958       4.000   21.49%       3.000      4.000
     BYS89F                2.652       0.050       1.000    8.92%       2.000      2.000      3.000
             538.000       0.844      -0.945       4.000   21.93%       3.000      4.000
     BYS20G                2.252       0.225       1.000   14.35%       2.000      2.000      2.000
             711.000       0.574      -0.244       4.000    4.92%       2.000      3.000
     BYS21C                2.369       0.220       1.000   17.34%       2.000      2.000      2.000
             715.000       0.840      -0.758       4.000   13.01%       3.000      3.000
     BYS87C                2.840      -0.310       1.000    5.86%       2.000      3.000      3.000
             563.000       0.688      -0.473       4.000   21.85%       3.000      4.000
     BYS27G                1.800       0.751       1.000   39.64%       1.000      2.000      2.000
             714.000       0.614       0.088       4.000    3.08%       2.000      2.000
     BYS20F                2.134       0.435       1.000   15.35%       2.000      2.000      2.000
             710.000       0.496       0.325       4.000    3.66%       2.000      3.000


THE MODEL ESTIMATION TERMINATED NORMALLY



MODEL FIT INFORMATION

Number of Free Parameters                       31

Loglikelihood

          H0 Value                       -6922.651
          H0 Scaling Correction Factor      1.0113
            for MLR
          H1 Value                       -6790.209
          H1 Scaling Correction Factor      1.0426
            for MLR

Information Criteria

          Akaike (AIC)                   13907.303
          Bayesian (BIC)                 14050.401
          Sample-Size Adjusted BIC       13951.964
            (n* = (n + 2) / 24)

Chi-Square Test of Model Fit

          Value                            247.286*
          Degrees of Freedom                    34
          P-Value                           0.0000
          Scaling Correction Factor         1.0712
            for MLR

*   The chi-square value for MLM, MLMV, MLR, ULSMV, WLSM and WLSMV cannot be used
    for chi-square difference testing in the regular way.  MLM, MLR and WLSM
    chi-square difference testing is described on the Mplus website.  MLMV, WLSMV,
    and ULSMV difference testing is done using the DIFFTEST option.

RMSEA (Root Mean Square Error Of Approximation)

          Estimate                           0.092
          90 Percent C.I.                    0.081  0.103
          Probability RMSEA <= .05           0.000

CFI/TLI

          CFI                                0.835
          TLI                                0.782

Chi-Square Test of Model Fit for the Baseline Model

          Value                           1337.582
          Degrees of Freedom                    45
          P-Value                           0.0000

SRMR (Standardized Root Mean Square Residual)

          Value                              0.076



MODEL RESULTS

                                                    Two-Tailed
                    Estimate       S.E.  Est./S.E.    P-Value

 FACTOR_1 BY
    BYS86D             1.000      0.000    999.000    999.000
    BYS89B             7.484      2.051      3.650      0.000
    BYS89E             3.954      1.065      3.713      0.000
    BYS89A             7.528      2.025      3.717      0.000
    BYS89F             3.342      0.896      3.727      0.000

 FACTOR_2 BY
    BYS20G             1.000      0.000    999.000    999.000
    BYS21C             0.860      0.100      8.637      0.000
    BYS87C             0.748      0.139      5.398      0.000
    BYS27G             0.675      0.091      7.461      0.000
    BYS20F             0.991      0.079     12.613      0.000

 FACTOR_2 WITH
    FACTOR_1          -0.025      0.008     -3.281      0.001

 Intercepts
    BYS86D             2.421      0.025     96.499      0.000
    BYS89B             2.363      0.040     59.333      0.000
    BYS89E             2.855      0.039     72.728      0.000
    BYS89A             2.537      0.040     63.785      0.000
    BYS89F             2.652      0.039     67.509      0.000
    BYS20G             2.253      0.028     79.289      0.000
    BYS21C             2.369      0.034     69.150      0.000
    BYS87C             2.839      0.035     81.895      0.000
    BYS27G             1.799      0.029     61.433      0.000
    BYS20F             2.136      0.026     80.751      0.000

 Variances
    FACTOR_1           0.012      0.007      1.855      0.064
    FACTOR_2           0.236      0.034      6.844      0.000

 Residual Variances
    BYS86D             0.370      0.019     19.557      0.000
    BYS89B             0.192      0.028      6.981      0.000
    BYS89E             0.641      0.040     15.926      0.000
    BYS89A             0.185      0.029      6.335      0.000
    BYS89F             0.702      0.039     17.805      0.000
    BYS20G             0.340      0.028     12.205      0.000
    BYS21C             0.665      0.037     18.175      0.000
    BYS87C             0.556      0.043     13.033      0.000
    BYS27G             0.506      0.027     18.533      0.000
    BYS20F             0.266      0.026     10.339      0.000


QUALITY OF NUMERICAL RESULTS

     Condition Number for the Information Matrix              0.524E-06
       (ratio of smallest to largest eigenvalue)


STANDARDIZED MODEL RESULTS


STDYX Standardization

                                                    Two-Tailed
                    Estimate       S.E.  Est./S.E.    P-Value

 FACTOR_1 BY
    BYS86D             0.181      0.048      3.731      0.000
    BYS89B             0.886      0.018     49.757      0.000
    BYS89E             0.483      0.040     11.995      0.000
    BYS89A             0.891      0.018     48.186      0.000
    BYS89F             0.407      0.044      9.249      0.000

 FACTOR_2 BY
    BYS20G             0.640      0.039     16.496      0.000
    BYS21C             0.456      0.041     11.132      0.000
    BYS87C             0.438      0.060      7.262      0.000
    BYS27G             0.419      0.043      9.796      0.000
    BYS20F             0.683      0.039     17.689      0.000

 FACTOR_2 WITH
    FACTOR_1          -0.461      0.061     -7.539      0.000

 Intercepts
    BYS86D             3.914      0.119     32.829      0.000
    BYS89B             2.503      0.063     39.827      0.000
    BYS89E             3.123      0.089     35.006      0.000
    BYS89A             2.686      0.063     42.911      0.000
    BYS89F             2.891      0.075     38.493      0.000
    BYS20G             2.970      0.077     38.550      0.000
    BYS21C             2.585      0.059     43.624      0.000
    BYS87C             3.423      0.107     31.872      0.000
    BYS27G             2.296      0.053     43.036      0.000
    BYS20F             3.027      0.084     36.076      0.000

 Variances
    FACTOR_1           1.000      0.000    999.000    999.000
    FACTOR_2           1.000      0.000    999.000    999.000

 Residual Variances
    BYS86D             0.967      0.017     55.285      0.000
    BYS89B             0.216      0.032      6.842      0.000
    BYS89E             0.766      0.039     19.686      0.000
    BYS89A             0.207      0.033      6.286      0.000
    BYS89F             0.834      0.036     23.290      0.000
    BYS20G             0.590      0.050     11.864      0.000
    BYS21C             0.792      0.037     21.236      0.000
    BYS87C             0.808      0.053     15.302      0.000
    BYS27G             0.825      0.036     23.039      0.000
    BYS20F             0.534      0.053     10.135      0.000


STDY Standardization

                                                    Two-Tailed
                    Estimate       S.E.  Est./S.E.    P-Value

 FACTOR_1 BY
    BYS86D             0.181      0.048      3.731      0.000
    BYS89B             0.886      0.018     49.757      0.000
    BYS89E             0.483      0.040     11.995      0.000
    BYS89A             0.891      0.018     48.186      0.000
    BYS89F             0.407      0.044      9.249      0.000

 FACTOR_2 BY
    BYS20G             0.640      0.039     16.496      0.000
    BYS21C             0.456      0.041     11.132      0.000
    BYS87C             0.438      0.060      7.262      0.000
    BYS27G             0.419      0.043      9.796      0.000
    BYS20F             0.683      0.039     17.689      0.000

 FACTOR_2 WITH
    FACTOR_1          -0.461      0.061     -7.539      0.000

 Intercepts
    BYS86D             3.914      0.119     32.829      0.000
    BYS89B             2.503      0.063     39.827      0.000
    BYS89E             3.123      0.089     35.006      0.000
    BYS89A             2.686      0.063     42.911      0.000
    BYS89F             2.891      0.075     38.493      0.000
    BYS20G             2.970      0.077     38.550      0.000
    BYS21C             2.585      0.059     43.624      0.000
    BYS87C             3.423      0.107     31.872      0.000
    BYS27G             2.296      0.053     43.036      0.000
    BYS20F             3.027      0.084     36.076      0.000

 Variances
    FACTOR_1           1.000      0.000    999.000    999.000
    FACTOR_2           1.000      0.000    999.000    999.000

 Residual Variances
    BYS86D             0.967      0.017     55.285      0.000
    BYS89B             0.216      0.032      6.842      0.000
    BYS89E             0.766      0.039     19.686      0.000
    BYS89A             0.207      0.033      6.286      0.000
    BYS89F             0.834      0.036     23.290      0.000
    BYS20G             0.590      0.050     11.864      0.000
    BYS21C             0.792      0.037     21.236      0.000
    BYS87C             0.808      0.053     15.302      0.000
    BYS27G             0.825      0.036     23.039      0.000
    BYS20F             0.534      0.053     10.135      0.000


STD Standardization

                                                    Two-Tailed
                    Estimate       S.E.  Est./S.E.    P-Value

 FACTOR_1 BY
    BYS86D             0.112      0.030      3.710      0.000
    BYS89B             0.836      0.028     29.488      0.000
    BYS89E             0.442      0.039     11.221      0.000
    BYS89A             0.841      0.027     30.872      0.000
    BYS89F             0.373      0.043      8.778      0.000

 FACTOR_2 BY
    BYS20G             0.486      0.035     13.688      0.000
    BYS21C             0.418      0.040     10.321      0.000
    BYS87C             0.363      0.052      6.938      0.000
    BYS27G             0.328      0.038      8.644      0.000
    BYS20F             0.482      0.034     14.050      0.000

 FACTOR_2 WITH
    FACTOR_1          -0.461      0.061     -7.539      0.000

 Intercepts
    BYS86D             2.421      0.025     96.499      0.000
    BYS89B             2.363      0.040     59.333      0.000
    BYS89E             2.855      0.039     72.728      0.000
    BYS89A             2.537      0.040     63.785      0.000
    BYS89F             2.652      0.039     67.509      0.000
    BYS20G             2.253      0.028     79.289      0.000
    BYS21C             2.369      0.034     69.150      0.000
    BYS87C             2.839      0.035     81.895      0.000
    BYS27G             1.799      0.029     61.433      0.000
    BYS20F             2.136      0.026     80.751      0.000

 Variances
    FACTOR_1           1.000      0.000    999.000    999.000
    FACTOR_2           1.000      0.000    999.000    999.000

 Residual Variances
    BYS86D             0.370      0.019     19.557      0.000
    BYS89B             0.192      0.028      6.981      0.000
    BYS89E             0.641      0.040     15.926      0.000
    BYS89A             0.185      0.029      6.335      0.000
    BYS89F             0.702      0.039     17.805      0.000
    BYS20G             0.340      0.028     12.205      0.000
    BYS21C             0.665      0.037     18.175      0.000
    BYS87C             0.556      0.043     13.033      0.000
    BYS27G             0.506      0.027     18.533      0.000
    BYS20F             0.266      0.026     10.339      0.000


R-SQUARE

    Observed                                        Two-Tailed
    Variable        Estimate       S.E.  Est./S.E.    P-Value

    BYS86D             0.033      0.017      1.865      0.062
    BYS89B             0.784      0.032     24.879      0.000
    BYS89E             0.234      0.039      5.998      0.000
    BYS89A             0.793      0.033     24.093      0.000
    BYS89F             0.166      0.036      4.625      0.000
    BYS20G             0.410      0.050      8.248      0.000
    BYS21C             0.208      0.037      5.566      0.000
    BYS87C             0.192      0.053      3.631      0.000
    BYS27G             0.175      0.036      4.898      0.000
    BYS20F             0.466      0.053      8.845      0.000


RESIDUAL OUTPUT


     ESTIMATED MODEL AND RESIDUALS (OBSERVED - ESTIMATED)


           Model Estimated Means
              BYS86D        BYS89B        BYS89E        BYS89A        BYS89F
              ________      ________      ________      ________      ________
                2.421         2.363         2.855         2.537         2.652


           Model Estimated Means
              BYS20G        BYS21C        BYS87C        BYS27G        BYS20F
              ________      ________      ________      ________      ________
                2.253         2.369         2.839         1.799         2.136


           Residuals for Means
              BYS86D        BYS89B        BYS89E        BYS89A        BYS89F
              ________      ________      ________      ________      ________
                0.004        -0.001        -0.006         0.000        -0.003


           Residuals for Means
              BYS20G        BYS21C        BYS87C        BYS27G        BYS20F
              ________      ________      ________      ________      ________
               -0.001        -0.001        -0.006        -0.001         0.000


           Standardized Residuals (z-scores) for Means
              BYS86D        BYS89B        BYS89E        BYS89A        BYS89F
              ________      ________      ________      ________      ________
              999.000        -0.526        -2.351       999.000       999.000


           Standardized Residuals (z-scores) for Means
              BYS20G        BYS21C        BYS87C        BYS27G        BYS20F
              ________      ________      ________      ________      ________
               -1.429       999.000        -2.329       999.000       999.000


           Normalized Residuals for Means
              BYS86D        BYS89B        BYS89E        BYS89A        BYS89F
              ________      ________      ________      ________      ________
                0.176        -0.019        -0.156        -0.010        -0.086


           Normalized Residuals for Means
              BYS20G        BYS21C        BYS87C        BYS27G        BYS20F
              ________      ________      ________      ________      ________
               -0.039        -0.022        -0.175        -0.040         0.008


           Model Estimated Covariances
              BYS86D        BYS89B        BYS89E        BYS89A        BYS89F
              ________      ________      ________      ________      ________
 BYS86D         0.383
 BYS89B         0.093         0.892
 BYS89E         0.049         0.370         0.836
 BYS89A         0.094         0.703         0.372         0.892
 BYS89F         0.042         0.312         0.165         0.314         0.842
 BYS20G        -0.025        -0.187        -0.099        -0.188        -0.084
 BYS21C        -0.022        -0.161        -0.085        -0.162        -0.072
 BYS87C        -0.019        -0.140        -0.074        -0.141        -0.063
 BYS27G        -0.017        -0.126        -0.067        -0.127        -0.056
 BYS20F        -0.025        -0.186        -0.098        -0.187        -0.083


           Model Estimated Covariances
              BYS20G        BYS21C        BYS87C        BYS27G        BYS20F
              ________      ________      ________      ________      ________
 BYS20G         0.576
 BYS21C         0.203         0.840
 BYS87C         0.176         0.152         0.688
 BYS27G         0.159         0.137         0.119         0.614
 BYS20F         0.234         0.201         0.175         0.158         0.498


           Model Estimated Correlations
              BYS86D        BYS89B        BYS89E        BYS89A        BYS89F
              ________      ________      ________      ________      ________
 BYS86D         1.000
 BYS89B         0.160         1.000
 BYS89E         0.087         0.428         1.000
 BYS89A         0.161         0.789         0.430         1.000
 BYS89F         0.074         0.360         0.197         0.362         1.000
 BYS20G        -0.053        -0.261        -0.143        -0.263        -0.120
 BYS21C        -0.038        -0.186        -0.101        -0.187        -0.085
 BYS87C        -0.036        -0.179        -0.098        -0.180        -0.082
 BYS27G        -0.035        -0.171        -0.093        -0.172        -0.079
 BYS20F        -0.057        -0.279        -0.152        -0.280        -0.128


           Model Estimated Correlations
              BYS20G        BYS21C        BYS87C        BYS27G        BYS20F
              ________      ________      ________      ________      ________
 BYS20G         1.000
 BYS21C         0.292         1.000
 BYS87C         0.280         0.200         1.000
 BYS27G         0.268         0.191         0.183         1.000
 BYS20F         0.437         0.311         0.299         0.286         1.000


           Residuals for Covariances
              BYS86D        BYS89B        BYS89E        BYS89A        BYS89F
              ________      ________      ________      ________      ________
 BYS86D         0.000
 BYS89B        -0.022         0.001
 BYS89E         0.031        -0.018         0.005
 BYS89A        -0.001         0.008        -0.014         0.001
 BYS89F         0.071        -0.019         0.270        -0.030        -0.001
 BYS20G        -0.027         0.053        -0.022         0.069        -0.056
 BYS21C        -0.052         0.045        -0.007         0.025         0.018
 BYS87C        -0.001        -0.209        -0.106        -0.218         0.002
 BYS27G        -0.058         0.009         0.015         0.010        -0.009
 BYS20F        -0.012         0.026        -0.012         0.025        -0.005


           Residuals for Covariances
              BYS20G        BYS21C        BYS87C        BYS27G        BYS20F
              ________      ________      ________      ________      ________
 BYS20G         0.000
 BYS21C         0.002         0.000
 BYS87C        -0.054        -0.027        -0.002
 BYS27G        -0.003         0.025         0.058         0.000
 BYS20F         0.029         0.004        -0.044        -0.021         0.000


           Residuals for Correlations
              BYS86D        BYS89B        BYS89E        BYS89A        BYS89F
              ________      ________      ________      ________      ________
 BYS86D         0.000
 BYS89B        -0.038         0.000
 BYS89E         0.055        -0.022         0.000
 BYS89A        -0.001         0.008        -0.017         0.000
 BYS89F         0.126        -0.022         0.320        -0.034         0.000
 BYS20G        -0.058         0.074        -0.031         0.096        -0.080
 BYS21C        -0.092         0.052        -0.008         0.029         0.022
 BYS87C        -0.002        -0.268        -0.140        -0.278         0.002
 BYS27G        -0.120         0.012         0.021         0.014        -0.012
 BYS20F        -0.028         0.039        -0.019         0.038        -0.007


           Residuals for Correlations
              BYS20G        BYS21C        BYS87C        BYS27G        BYS20F
              ________      ________      ________      ________      ________
 BYS20G         0.000
 BYS21C         0.003         0.000
 BYS87C        -0.086        -0.036         0.000
 BYS27G        -0.005         0.035         0.090         0.000
 BYS20F         0.053         0.007        -0.076        -0.039         0.000


           Standardized Residuals (z-scores) for Covariances
              BYS86D        BYS89B        BYS89E        BYS89A        BYS89F
              ________      ________      ________      ________      ________
 BYS86D       999.000
 BYS89B        -3.750       999.000
 BYS89E         1.431        -2.433         1.096
 BYS89A       999.000       999.000        -1.360         0.427
 BYS89F         2.999        -2.500        11.127        -3.280       999.000
 BYS20G        -1.372         2.718        -0.828         3.422        -2.059
 BYS21C        -2.206         1.701        -0.204         0.934         0.525
 BYS87C        -0.048       999.000        -3.951       999.000         0.053
 BYS27G        -2.894         0.431         0.518         0.472        -0.282
 BYS20F        -0.656         2.313        -0.525         1.805        -0.182


           Standardized Residuals (z-scores) for Covariances
              BYS20G        BYS21C        BYS87C        BYS27G        BYS20F
              ________      ________      ________      ________      ________
 BYS20G       999.000
 BYS21C         0.209         0.000
 BYS87C        -3.758        -1.313       999.000
 BYS27G        -0.245         1.471         4.645       999.000
 BYS20F       999.000         0.504        -4.113        -1.629       999.000


           Normalized Residuals for Covariances
              BYS86D        BYS89B        BYS89E        BYS89A        BYS89F
              ________      ________      ________      ________      ________
 BYS86D        -0.024
 BYS89B        -0.866         0.018
 BYS89E         1.186        -0.472         0.122
 BYS89A        -0.028         0.210        -0.355         0.022
 BYS89F         2.626        -0.489         7.029        -0.768        -0.024
 BYS20G        -1.280         1.666        -0.700         2.152        -1.784
 BYS21C        -2.117         1.189        -0.183         0.653         0.483
 BYS87C        -0.046        -5.968        -3.116        -6.122         0.045
 BYS27G        -2.784         0.284         0.464         0.319        -0.261
 BYS20F        -0.606         0.914        -0.428         0.854        -0.155


           Normalized Residuals for Covariances
              BYS20G        BYS21C        BYS87C        BYS27G        BYS20F
              ________      ________      ________      ________      ________
 BYS20G         0.014
 BYS21C         0.088         0.000
 BYS87C        -1.960        -0.819        -0.069
 BYS27G        -0.125         0.891         2.146        -0.005
 BYS20F         1.211         0.159        -1.658        -0.855        -0.001


MODEL MODIFICATION INDICES

NOTE:  Modification indices for direct effects of observed dependent variables
regressed on covariates may not be included.  To include these, request
MODINDICES (ALL).

Minimum M.I. value for printing the modification index     3.840

                                   M.I.     E.P.C.  Std E.P.C.  StdYX E.P.C.

BY Statements

FACTOR_1 BY BYS20G                10.910     1.233      0.138        0.182
FACTOR_1 BY BYS87C                76.018    -3.530     -0.394       -0.476
FACTOR_2 BY BYS86D                 4.810    -0.170     -0.083       -0.133

WITH Statements

BYS89B   WITH BYS86D               5.492    -0.039     -0.039       -0.145
BYS89E   WITH BYS89B               5.346    -0.065     -0.065       -0.184
BYS89A   WITH BYS89B              68.854     0.680      0.680        3.607
BYS89A   WITH BYS89E               4.282    -0.058     -0.058       -0.169
BYS89F   WITH BYS86D               9.839     0.073      0.073        0.144
BYS89F   WITH BYS89E              81.267     0.282      0.282        0.420
BYS89F   WITH BYS89A               8.613    -0.077     -0.077       -0.214
BYS20G   WITH BYS89A               8.711     0.050      0.050        0.199
BYS20G   WITH BYS89F              11.437    -0.084     -0.084       -0.172
BYS87C   WITH BYS89B               8.912    -0.059     -0.059       -0.180
BYS87C   WITH BYS89A              15.736    -0.078     -0.078       -0.243
BYS87C   WITH BYS89F              11.211     0.099      0.099        0.158
BYS87C   WITH BYS20G              12.358    -0.090     -0.090       -0.207
BYS27G   WITH BYS86D               7.148    -0.052     -0.052       -0.119
BYS27G   WITH BYS87C               7.917     0.073      0.073        0.137
BYS20F   WITH BYS20G              28.993     0.144      0.144        0.478
BYS20F   WITH BYS87C              11.428    -0.082     -0.082       -0.214
BYS20F   WITH BYS27G               4.675    -0.046     -0.046       -0.125


SAMPLE STATISTICS FOR ESTIMATED FACTOR SCORES


     SAMPLE STATISTICS


           Means
              FACTOR_1      FACTOR_1      FACTOR_2      FACTOR_2
              ________      ________      ________      ________
                0.000         0.054         0.000         0.273


           Covariances
              FACTOR_1      FACTOR_1      FACTOR_2      FACTOR_2
              ________      ________      ________      ________
 FACTOR_1       0.009
 FACTOR_1       0.000         0.001
 FACTOR_2      -0.022         0.000         0.160
 FACTOR_2       0.000         0.001         0.000         0.002


           Correlations
              FACTOR_1      FACTOR_1      FACTOR_2      FACTOR_2
              ________      ________      ________      ________
 FACTOR_1       1.000
 FACTOR_1      -0.003         1.000
 FACTOR_2      -0.580        -0.001         1.000
 FACTOR_2       0.019         0.518         0.004         1.000


PLOT INFORMATION

The following plots are available:

  Histograms (sample values, estimated factor scores, estimated values, residuals)
  Scatterplots (sample values, estimated factor scores, estimated values, residuals)
  Latent variable distribution plots

     Beginning Time:  14:38:22
        Ending Time:  14:38:22
       Elapsed Time:  00:00:00



MUTHEN & MUTHEN
3463 Stoner Ave.
Los Angeles, CA  90066

Tel: (310) 391-9971
Fax: (310) 391-8971
Web: www.StatModel.com
Support: Support@StatModel.com

Copyright (c) 1998-2021 Muthen & Muthen
