Mplus VERSION 8.6 (Mac)
MUTHEN & MUTHEN
05/27/2021   2:24 PM

INPUT INSTRUCTIONS

  TITLE:
   WSL FACTOR ANALYSIS - CONFIGURAL
  DATA:
  FILE = "/Users/agarber/github/NTNU-workshop/10-wls/wls_invar/m4_configural_wls.dat";

  VARIABLE:
  NAMES = STU_ID X1STDOB X1SES X1SEX X1RACE X1PAR1ED X1PAR2ED X1TXMTSC X2TXMTSC
       X3TGPA9T X3TGPAAC X1STUEDE X1PAREDE S1MPERS1 S1MPERS2 S1MUSELI S1MUSECL
       S1MUSEJO S1MTESTS S1MTEXTB S1MSKILL S1MASSEX S1MENJNG S1MWASTE S1MBORIN
       S1MENJYS S1SPERS1 S1SPERS2 S1SUSELI S1SUSECL S1SUSEJO S1STESTS S1STEXTB
       S1SSKILL S1SASSEX S1SENJNG S1SWASTE S1SBORIN S1SENJYS S1SAFE S1PROUD S1TALKPR
       S1SCHWAS S1GOODGR S1NOHWDN S1NOPAPE S1NOBOOK S1LATE;
   MISSING=.;
   usevar =
    S1SPERS1 S1SPERS2 S1SUSELI S1SUSECL
    S1SUSEJO S1STESTS S1STEXTB S1SSKILL
    S1SASSEX S1SENJNG S1SWASTE S1SBORIN;

     categorical =
    S1SPERS1 S1SPERS2 S1SUSELI S1SUSECL
    S1SUSEJO S1STESTS S1STEXTB S1SSKILL
    S1SASSEX S1SENJNG S1SWASTE S1SBORIN;

    grouping = X1SEX (1=MALE 2=FEMALE);
  ANALYSIS:
  estimator=wlsmv; parameterization=theta;
  MODEL:
  SCI_ID  BY S1SPERS1@1 S1SPERS2;
    SCI_UT  BY S1SUSELI@1 S1SUSECL S1SUSEJO;
    SCI_EFF BY S1STESTS@1 S1STEXTB S1SSKILL S1SASSEX ;
    SCI_INT BY S1SENJNG@1 S1SWASTE S1SBORIN;

   ! Threshold 1 for each item is constrained across groups1
   ! One additional threshold constrained across groups for
   ! the identification variable (ULI).

   [S1SPERS1$1](f1_11);  [S1SPERS1$2](f1_12);  [S1SPERS1$3] ;
   [S1SPERS2$1](f1_21);  [S1SPERS2$2]       ;  [S1SPERS2$3] ;
   [S1SUSELI$1](f2_11);  [S1SUSELI$2](f2_12);  [S1SUSELI$3] ;
   [S1SUSECL$1](f2_21);  [S1SUSECL$2]       ;  [S1SUSECL$3] ;
   [S1SUSEJO$1](f2_31);  [S1SUSEJO$2]       ;  [S1SUSEJO$3] ;
   [S1STESTS$1](f3_11);  [S1STESTS$2](f3_12);  [S1STESTS$3] ;
   [S1STEXTB$1](f3_21);  [S1STEXTB$2]       ;  [S1STEXTB$3] ;
   [S1SSKILL$1](f3_31);  [S1SSKILL$2]       ;  [S1SSKILL$3] ;
   [S1SASSEX$1](f3_41);  [S1SASSEX$2]       ;  [S1SASSEX$3] ;
   [S1SENJNG$1](f4_11);  [S1SENJNG$2](f4_12);  [S1SENJNG$3] ;
   [S1SWASTE$1](f4_21);  [S1SWASTE$2]       ;  [S1SWASTE$3] ;
   [S1SBORIN$1](f4_31);  [S1SBORIN$2]       ;  [S1SBORIN$3] ;

   [SCI_ID-SCI_INT@0];   ! factor means are fixed to 0 in group 1
   SCI_ID-SCI_INT;       ! factor variances are free in group 1
   S1SPERS1-S1SBORIN@1;  ! residual variances are fixed to 1 in group 1

   MODEL FEMALE:

   SCI_ID  BY S1SPERS1@1 S1SPERS2;
   SCI_UT  BY S1SUSELI@1 S1SUSECL S1SUSEJO;
   SCI_EFF BY S1STESTS@1 S1STEXTB S1SSKILL S1SASSEX ;
   SCI_INT BY S1SENJNG@1 S1SWASTE S1SBORIN;

   [S1SPERS1$1](f1_11);  [S1SPERS1$2](f1_12);  [S1SPERS1$3] ;
   [S1SPERS2$1](f1_21);  [S1SPERS2$2]       ;  [S1SPERS2$3] ;
   [S1SUSELI$1](f2_11);  [S1SUSELI$2](f2_12);  [S1SUSELI$3] ;
   [S1SUSECL$1](f2_21);  [S1SUSECL$2]       ;  [S1SUSECL$3] ;
   [S1SUSEJO$1](f2_31);  [S1SUSEJO$2]       ;  [S1SUSEJO$3] ;
   [S1STESTS$1](f3_11);  [S1STESTS$2](f3_12);  [S1STESTS$3] ;
   [S1STEXTB$1](f3_21);  [S1STEXTB$2]       ;  [S1STEXTB$3] ;
   [S1SSKILL$1](f3_31);  [S1SSKILL$2]       ;  [S1SSKILL$3] ;
   [S1SASSEX$1](f3_41);  [S1SASSEX$2]       ;  [S1SASSEX$3] ;
   [S1SENJNG$1](f4_11);  [S1SENJNG$2](f4_12);  [S1SENJNG$3] ;
   [S1SWASTE$1](f4_21);  [S1SWASTE$2]       ;  [S1SWASTE$3] ;
   [S1SBORIN$1](f4_31);  [S1SBORIN$2]       ;  [S1SBORIN$3] ;

  [SCI_ID-SCI_INT];       ! factor means are free in group 2
  SCI_ID-SCI_INT;         ! factor variances are free in group 2
  S1SPERS1-S1SBORIN;      ! residual variances are free in group 2

  savedata: DIFFTEST=diff_1_2.dat;



*** WARNING
  Data set contains cases with missing on all variables.
  These cases were not included in the analysis.
  Number of cases with missing on all variables:  257
   1 WARNING(S) FOUND IN THE INPUT INSTRUCTIONS




WSL FACTOR ANALYSIS - CONFIGURAL

SUMMARY OF ANALYSIS

Number of groups                                                 2
Number of observations
   Group MALE                                                 1380
   Group FEMALE                                               1363
   Total sample size                                          2743

Number of dependent variables                                   12
Number of independent variables                                  0
Number of continuous latent variables                            4

Observed dependent variables

  Binary and ordered categorical (ordinal)
   S1SPERS1    S1SPERS2    S1SUSELI    S1SUSECL    S1SUSEJO    S1STESTS
   S1STEXTB    S1SSKILL    S1SASSEX    S1SENJNG    S1SWASTE    S1SBORIN

Continuous latent variables
   SCI_ID      SCI_UT      SCI_EFF     SCI_INT

Variables with special functions

  Grouping variable     X1SEX

Estimator                                                    WLSMV
Maximum number of iterations                                  1000
Convergence criterion                                    0.500D-04
Maximum number of steepest descent iterations                   20
Maximum number of iterations for H1                           2000
Convergence criterion for H1                             0.100D-03
Parameterization                                             THETA
Link                                                        PROBIT

Input data file(s)
  /Users/agarber/github/NTNU-workshop/10-wls/wls_invar/m4_configural_wls.dat

Input data format  FREE


SUMMARY OF DATA

   Group MALE
     Number of missing data patterns            29

   Group FEMALE
     Number of missing data patterns            24


COVARIANCE COVERAGE OF DATA

Minimum covariance coverage value   0.100


     PROPORTION OF DATA PRESENT FOR MALE


           Covariance Coverage
              S1SPERS1      S1SPERS2      S1SUSELI      S1SUSECL      S1SUSEJO
              ________      ________      ________      ________      ________
 S1SPERS1       0.996
 S1SPERS2       0.977         0.980
 S1SUSELI       0.801         0.792         0.804
 S1SUSECL       0.801         0.791         0.802         0.804
 S1SUSEJO       0.799         0.789         0.801         0.800         0.801
 S1STESTS       0.810         0.798         0.800         0.800         0.798
 S1STEXTB       0.808         0.797         0.799         0.799         0.796
 S1SSKILL       0.809         0.797         0.799         0.799         0.796
 S1SASSEX       0.807         0.796         0.798         0.798         0.796
 S1SENJNG       0.812         0.799         0.802         0.803         0.800
 S1SWASTE       0.810         0.800         0.803         0.801         0.800
 S1SBORIN       0.808         0.798         0.800         0.799         0.798


           Covariance Coverage
              S1STESTS      S1STEXTB      S1SSKILL      S1SASSEX      S1SENJNG
              ________      ________      ________      ________      ________
 S1STESTS       0.812
 S1STEXTB       0.807         0.811
 S1SSKILL       0.807         0.806         0.811
 S1SASSEX       0.806         0.804         0.804         0.809
 S1SENJNG       0.810         0.808         0.809         0.807         0.814
 S1SWASTE       0.809         0.809         0.808         0.807         0.812
 S1SBORIN       0.807         0.806         0.806         0.804         0.809


           Covariance Coverage
              S1SWASTE      S1SBORIN
              ________      ________
 S1SWASTE       0.814
 S1SBORIN       0.811         0.811


     PROPORTION OF DATA PRESENT FOR FEMALE


           Covariance Coverage
              S1SPERS1      S1SPERS2      S1SUSELI      S1SUSECL      S1SUSEJO
              ________      ________      ________      ________      ________
 S1SPERS1       0.997
 S1SPERS2       0.991         0.992
 S1SUSELI       0.815         0.811         0.817
 S1SUSECL       0.814         0.810         0.815         0.817
 S1SUSEJO       0.812         0.809         0.814         0.813         0.814
 S1STESTS       0.823         0.819         0.817         0.816         0.814
 S1STEXTB       0.822         0.818         0.815         0.814         0.812
 S1SSKILL       0.820         0.817         0.814         0.812         0.811
 S1SASSEX       0.820         0.817         0.814         0.813         0.811
 S1SENJNG       0.821         0.817         0.815         0.814         0.812
 S1SWASTE       0.821         0.817         0.815         0.814         0.813
 S1SBORIN       0.820         0.816         0.814         0.814         0.812


           Covariance Coverage
              S1STESTS      S1STEXTB      S1SSKILL      S1SASSEX      S1SENJNG
              ________      ________      ________      ________      ________
 S1STESTS       0.825
 S1STEXTB       0.822         0.823
 S1SSKILL       0.821         0.820         0.822
 S1SASSEX       0.822         0.820         0.819         0.822
 S1SENJNG       0.822         0.820         0.819         0.820         0.823
 S1SWASTE       0.822         0.820         0.819         0.820         0.821
 S1SBORIN       0.821         0.820         0.818         0.819         0.821


           Covariance Coverage
              S1SWASTE      S1SBORIN
              ________      ________
 S1SWASTE       0.823
 S1SBORIN       0.821         0.822


UNIVARIATE PROPORTIONS AND COUNTS FOR CATEGORICAL VARIABLES

  Group MALE
    S1SPERS1
      Category 1    0.178          245.000
      Category 2    0.348          478.000
      Category 3    0.343          471.000
      Category 4    0.131          180.000
    S1SPERS2
      Category 1    0.207          280.000
      Category 2    0.410          554.000
      Category 3    0.305          413.000
      Category 4    0.078          105.000
    S1SUSELI
      Category 1    0.070           78.000
      Category 2    0.370          411.000
      Category 3    0.432          479.000
      Category 4    0.128          142.000
    S1SUSECL
      Category 1    0.029           32.000
      Category 2    0.072           80.000
      Category 3    0.541          601.000
      Category 4    0.358          397.000
    S1SUSEJO
      Category 1    0.068           75.000
      Category 2    0.228          252.000
      Category 3    0.469          519.000
      Category 4    0.235          260.000
    S1STESTS
      Category 1    0.028           31.000
      Category 2    0.196          220.000
      Category 3    0.558          625.000
      Category 4    0.219          245.000
    S1STEXTB
      Category 1    0.057           64.000
      Category 2    0.289          323.000
      Category 3    0.487          545.000
      Category 4    0.167          187.000
    S1SSKILL
      Category 1    0.029           33.000
      Category 2    0.213          238.000
      Category 3    0.549          614.000
      Category 4    0.209          234.000
    S1SASSEX
      Category 1    0.025           28.000
      Category 2    0.151          169.000
      Category 3    0.582          650.000
      Category 4    0.241          269.000
    S1SENJNG
      Category 1    0.094          106.000
      Category 2    0.207          233.000
      Category 3    0.483          543.000
      Category 4    0.215          242.000
    S1SWASTE
      Category 1    0.060           67.000
      Category 2    0.132          148.000
      Category 3    0.475          533.000
      Category 4    0.334          375.000
    S1SBORIN
      Category 1    0.132          148.000
      Category 2    0.248          277.000
      Category 3    0.410          459.000
      Category 4    0.210          235.000

  Group FEMALE
    S1SPERS1
      Category 1    0.217          295.000
      Category 2    0.397          539.000
      Category 3    0.311          423.000
      Category 4    0.075          102.000
    S1SPERS2
      Category 1    0.200          270.000
      Category 2    0.428          579.000
      Category 3    0.317          428.000
      Category 4    0.055           75.000
    S1SUSELI
      Category 1    0.052           58.000
      Category 2    0.340          379.000
      Category 3    0.499          556.000
      Category 4    0.109          121.000
    S1SUSECL
      Category 1    0.020           22.000
      Category 2    0.069           77.000
      Category 3    0.618          688.000
      Category 4    0.293          326.000
    S1SUSEJO
      Category 1    0.051           57.000
      Category 2    0.229          254.000
      Category 3    0.488          542.000
      Category 4    0.232          257.000
    S1STESTS
      Category 1    0.037           42.000
      Category 2    0.300          338.000
      Category 3    0.538          605.000
      Category 4    0.124          140.000
    S1STEXTB
      Category 1    0.078           87.000
      Category 2    0.392          440.000
      Category 3    0.455          510.000
      Category 4    0.076           85.000
    S1SSKILL
      Category 1    0.031           35.000
      Category 2    0.275          308.000
      Category 3    0.574          643.000
      Category 4    0.120          134.000
    S1SASSEX
      Category 1    0.021           23.000
      Category 2    0.183          205.000
      Category 3    0.616          690.000
      Category 4    0.181          203.000
    S1SENJNG
      Category 1    0.060           67.000
      Category 2    0.295          331.000
      Category 3    0.495          555.000
      Category 4    0.151          169.000
    S1SWASTE
      Category 1    0.040           45.000
      Category 2    0.126          141.000
      Category 3    0.536          601.000
      Category 4    0.299          335.000
    S1SBORIN
      Category 1    0.096          108.000
      Category 2    0.295          330.000
      Category 3    0.421          471.000
      Category 4    0.188          211.000



THE MODEL ESTIMATION TERMINATED NORMALLY



MODEL FIT INFORMATION

Number of Free Parameters                      108

Chi-Square Test of Model Fit

          Value                            699.033*
          Degrees of Freedom                    96
          P-Value                           0.0000

Chi-Square Contribution From Each Group

          MALE                             326.112
          FEMALE                           372.921

*   The chi-square value for MLM, MLMV, MLR, ULSMV, WLSM and WLSMV cannot be used
    for chi-square difference testing in the regular way.  MLM, MLR and WLSM
    chi-square difference testing is described on the Mplus website.  MLMV, WLSMV,
    and ULSMV difference testing is done using the DIFFTEST option.

RMSEA (Root Mean Square Error Of Approximation)

          Estimate                           0.068
          90 Percent C.I.                    0.063  0.072
          Probability RMSEA <= .05           0.000

CFI/TLI

          CFI                                0.984
          TLI                                0.978

Chi-Square Test of Model Fit for the Baseline Model

          Value                          37240.969
          Degrees of Freedom                   132
          P-Value                           0.0000

SRMR (Standardized Root Mean Square Residual)

          Value                              0.030

Optimum Function Value for Weighted Least-Squares Estimator

          Value                     0.65388423D-01



MODEL RESULTS

                                                    Two-Tailed
                    Estimate       S.E.  Est./S.E.    P-Value

Group MALE

 SCI_ID   BY
    S1SPERS1           1.000      0.000    999.000    999.000
    S1SPERS2           0.378      0.112      3.376      0.001

 SCI_UT   BY
    S1SUSELI           1.000      0.000    999.000    999.000
    S1SUSECL           1.083      0.097     11.205      0.000
    S1SUSEJO           1.116      0.104     10.755      0.000

 SCI_EFF  BY
    S1STESTS           1.000      0.000    999.000    999.000
    S1STEXTB           0.808      0.043     18.657      0.000
    S1SSKILL           1.031      0.062     16.746      0.000
    S1SASSEX           0.976      0.068     14.266      0.000

 SCI_INT  BY
    S1SENJNG           1.000      0.000    999.000    999.000
    S1SWASTE           0.707      0.073      9.754      0.000
    S1SBORIN           0.622      0.061     10.122      0.000

 SCI_UT   WITH
    SCI_ID             2.310      0.602      3.839      0.000

 SCI_EFF  WITH
    SCI_ID             5.076      1.284      3.954      0.000
    SCI_UT             1.109      0.114      9.720      0.000

 SCI_INT  WITH
    SCI_ID             4.728      1.231      3.841      0.000
    SCI_UT             1.543      0.177      8.731      0.000
    SCI_EFF            2.402      0.254      9.467      0.000

 Means
    SCI_ID             0.000      0.000    999.000    999.000
    SCI_UT             0.000      0.000    999.000    999.000
    SCI_EFF            0.000      0.000    999.000    999.000
    SCI_INT            0.000      0.000    999.000    999.000

 Thresholds
    S1SPERS1$1        -3.916      0.931     -4.209      0.000
    S1SPERS1$2         0.284      0.154      1.842      0.065
    S1SPERS1$3         4.763      1.117      4.264      0.000
    S1SPERS2$1        -1.512      0.084    -17.957      0.000
    S1SPERS2$2         0.550      0.067      8.233      0.000
    S1SPERS2$3         2.631      0.124     21.219      0.000
    S1SUSELI$1        -2.231      0.100    -22.298      0.000
    S1SUSELI$2        -0.226      0.057     -3.970      0.000
    S1SUSELI$3         1.721      0.087     19.743      0.000
    S1SUSECL$1        -3.008      0.146    -20.574      0.000
    S1SUSECL$2        -2.025      0.102    -19.942      0.000
    S1SUSECL$3         0.579      0.063      9.207      0.000
    S1SUSEJO$1        -2.412      0.111    -21.776      0.000
    S1SUSEJO$2        -0.867      0.068    -12.828      0.000
    S1SUSEJO$3         1.167      0.073     16.069      0.000
    S1STESTS$1        -4.228      0.182    -23.176      0.000
    S1STESTS$2        -1.675      0.103    -16.267      0.000
    S1STESTS$3         1.715      0.095     18.026      0.000
    S1STEXTB$1        -2.966      0.117    -25.252      0.000
    S1STEXTB$2        -0.744      0.074    -10.103      0.000
    S1STEXTB$3         1.813      0.085     21.454      0.000
    S1SSKILL$1        -4.271      0.211    -20.265      0.000
    S1SSKILL$2        -1.582      0.106    -14.865      0.000
    S1SSKILL$3         1.831      0.104     17.683      0.000
    S1SASSEX$1        -4.242      0.205    -20.729      0.000
    S1SASSEX$2        -2.011      0.119    -16.900      0.000
    S1SASSEX$3         1.522      0.097     15.668      0.000
    S1SENJNG$1        -2.982      0.177    -16.870      0.000
    S1SENJNG$2        -1.181      0.107    -11.008      0.000
    S1SENJNG$3         1.789      0.141     12.705      0.000
    S1SWASTE$1        -2.734      0.117    -23.395      0.000
    S1SWASTE$2        -1.531      0.085    -17.969      0.000
    S1SWASTE$3         0.753      0.069     10.984      0.000
    S1SBORIN$1        -1.802      0.078    -23.026      0.000
    S1SBORIN$2        -0.494      0.062     -8.000      0.000
    S1SBORIN$3         1.302      0.069     18.857      0.000

 Variances
    SCI_ID            17.018      8.587      1.982      0.047
    SCI_UT             1.293      0.163      7.950      0.000
    SCI_EFF            3.870      0.367     10.556      0.000
    SCI_INT            4.152      0.670      6.193      0.000

 Residual Variances
    S1SPERS1           1.000      0.000    999.000    999.000
    S1SPERS2           1.000      0.000    999.000    999.000
    S1SUSELI           1.000      0.000    999.000    999.000
    S1SUSECL           1.000      0.000    999.000    999.000
    S1SUSEJO           1.000      0.000    999.000    999.000
    S1STESTS           1.000      0.000    999.000    999.000
    S1STEXTB           1.000      0.000    999.000    999.000
    S1SSKILL           1.000      0.000    999.000    999.000
    S1SASSEX           1.000      0.000    999.000    999.000
    S1SENJNG           1.000      0.000    999.000    999.000
    S1SWASTE           1.000      0.000    999.000    999.000
    S1SBORIN           1.000      0.000    999.000    999.000

Group FEMALE

 SCI_ID   BY
    S1SPERS1           1.000      0.000    999.000    999.000
    S1SPERS2           0.334      0.091      3.663      0.000

 SCI_UT   BY
    S1SUSELI           1.000      0.000    999.000    999.000
    S1SUSECL           1.288      0.111     11.561      0.000
    S1SUSEJO           1.325      0.120     11.051      0.000

 SCI_EFF  BY
    S1STESTS           1.000      0.000    999.000    999.000
    S1STEXTB           0.771      0.050     15.390      0.000
    S1SSKILL           0.994      0.067     14.914      0.000
    S1SASSEX           0.919      0.069     13.266      0.000

 SCI_INT  BY
    S1SENJNG           1.000      0.000    999.000    999.000
    S1SWASTE           0.782      0.067     11.604      0.000
    S1SBORIN           0.622      0.053     11.772      0.000

 SCI_UT   WITH
    SCI_ID             1.768      0.463      3.816      0.000

 SCI_EFF  WITH
    SCI_ID             3.281      0.850      3.861      0.000
    SCI_UT             0.790      0.114      6.906      0.000

 SCI_INT  WITH
    SCI_ID             2.320      0.610      3.804      0.000
    SCI_UT             0.793      0.110      7.230      0.000
    SCI_EFF            1.218      0.174      7.012      0.000

 Means
    SCI_ID            -0.847      0.272     -3.113      0.002
    SCI_UT             0.179      0.093      1.935      0.053
    SCI_EFF           -0.892      0.151     -5.904      0.000
    SCI_INT           -0.616      0.132     -4.678      0.000

 Thresholds
    S1SPERS1$1        -3.916      0.931     -4.209      0.000
    S1SPERS1$2         0.284      0.154      1.842      0.065
    S1SPERS1$3         4.807      1.169      4.112      0.000
    S1SPERS2$1        -1.512      0.084    -17.957      0.000
    S1SPERS2$2         0.193      0.069      2.792      0.005
    S1SPERS2$3         2.042      0.178     11.487      0.000
    S1SUSELI$1        -2.231      0.100    -22.298      0.000
    S1SUSELI$2        -0.226      0.057     -3.970      0.000
    S1SUSELI$3         2.008      0.198     10.154      0.000
    S1SUSECL$1        -3.008      0.146    -20.574      0.000
    S1SUSECL$2        -1.888      0.136    -13.902      0.000
    S1SUSECL$3         1.087      0.165      6.596      0.000
    S1SUSEJO$1        -2.412      0.111    -21.776      0.000
    S1SUSEJO$2        -0.709      0.102     -6.978      0.000
    S1SUSEJO$3         1.429      0.196      7.288      0.000
    S1STESTS$1        -4.228      0.182    -23.176      0.000
    S1STESTS$2        -1.675      0.103    -16.267      0.000
    S1STESTS$3         1.266      0.296      4.284      0.000
    S1STEXTB$1        -2.966      0.117    -25.252      0.000
    S1STEXTB$2        -0.810      0.125     -6.501      0.000
    S1STEXTB$3         1.610      0.260      6.186      0.000
    S1SSKILL$1        -4.271      0.211    -20.265      0.000
    S1SSKILL$2        -1.807      0.150    -12.028      0.000
    S1SSKILL$3         1.252      0.283      4.427      0.000
    S1SASSEX$1        -4.242      0.205    -20.729      0.000
    S1SASSEX$2        -2.209      0.147    -14.992      0.000
    S1SASSEX$3         0.707      0.229      3.087      0.002
    S1SENJNG$1        -2.982      0.177    -16.870      0.000
    S1SENJNG$2        -1.181      0.107    -11.008      0.000
    S1SENJNG$3         0.954      0.224      4.250      0.000
    S1SWASTE$1        -2.734      0.117    -23.395      0.000
    S1SWASTE$2        -1.732      0.103    -16.759      0.000
    S1SWASTE$3         0.198      0.136      1.457      0.145
    S1SBORIN$1        -1.802      0.078    -23.026      0.000
    S1SBORIN$2        -0.684      0.076     -9.049      0.000
    S1SBORIN$3         0.580      0.134      4.334      0.000

 Variances
    SCI_ID            13.520      6.457      2.094      0.036
    SCI_UT             1.022      0.161      6.350      0.000
    SCI_EFF            2.660      0.459      5.796      0.000
    SCI_INT            1.821      0.335      5.431      0.000

 Residual Variances
    S1SPERS1           1.907      1.007      1.894      0.058
    S1SPERS2           0.618      0.101      6.101      0.000
    S1SUSELI           1.176      0.165      7.115      0.000
    S1SUSECL           0.778      0.122      6.399      0.000
    S1SUSEJO           0.842      0.136      6.194      0.000
    S1STESTS           0.843      0.137      6.167      0.000
    S1STEXTB           0.987      0.142      6.946      0.000
    S1SSKILL           0.676      0.116      5.820      0.000
    S1SASSEX           0.561      0.096      5.830      0.000
    S1SENJNG           0.486      0.097      5.009      0.000
    S1SWASTE           0.543      0.078      6.935      0.000
    S1SBORIN           0.484      0.072      6.750      0.000


QUALITY OF NUMERICAL RESULTS

     Condition Number for the Information Matrix              0.157E-04
       (ratio of smallest to largest eigenvalue)


SAVEDATA INFORMATION


  Difference testing

  Save file
    diff_1_2.dat
  Save format      Free

     Beginning Time:  14:24:14
        Ending Time:  14:24:14
       Elapsed Time:  00:00:00



MUTHEN & MUTHEN
3463 Stoner Ave.
Los Angeles, CA  90066

Tel: (310) 391-9971
Fax: (310) 391-8971
Web: www.StatModel.com
Support: Support@StatModel.com

Copyright (c) 1998-2021 Muthen & Muthen
