Mplus VERSION 8.6 (Mac)
MUTHEN & MUTHEN
05/27/2021   5:39 PM

INPUT INSTRUCTIONS

  TITLE:
  m4 model indirect - Lab 1
  DATA:
  FILE = "/Users/agarber/github/NTNU-workshop/13-comp-models/mplus_files/CA_schls.dat";

  VARIABLE:
  NAMES = str expnstu compstu elpct mealpct readscr mathscr testscr;
   MISSING=.;
   usevar =
      str               ! covariate
      elpct             ! mediator
      mealpct           ! mediator
      mathscr           ! outcome
  DEFINE:
  int_ab = compstu*mealpct;  ! create interaction term
  ANALYSIS:
  estimator = MLR
  MODEL:
  mathscr on str;             ! direct path (c')
      mathscr on elpct mealpct;   ! b paths
      elpct mealpct on str;       ! a paths

      Model indirect:
      mathscr ind str;
  OUTPUT:
  sampstat standardized modindices (ALL)



INPUT READING TERMINATED NORMALLY




m4 model indirect - Lab 1

SUMMARY OF ANALYSIS

Number of groups                                                 1
Number of observations                                         420

Number of dependent variables                                    3
Number of independent variables                                  1
Number of continuous latent variables                            0

Observed dependent variables

  Continuous
   ELPCT       MEALPCT     MATHSCR

Observed independent variables
   STR


Estimator                                                      MLR
Information matrix                                        OBSERVED
Maximum number of iterations                                  1000
Convergence criterion                                    0.500D-04
Maximum number of steepest descent iterations                   20
Maximum number of iterations for H1                           2000
Convergence criterion for H1                             0.100D-03

Input data file(s)
  /Users/agarber/github/NTNU-workshop/13-comp-models/mplus_files/CA_schls.dat

Input data format  FREE


SUMMARY OF DATA

     Number of missing data patterns             1


COVARIANCE COVERAGE OF DATA

Minimum covariance coverage value   0.100


     PROPORTION OF DATA PRESENT


           Covariance Coverage
              ELPCT         MEALPCT       MATHSCR       STR
              ________      ________      ________      ________
 ELPCT          1.000
 MEALPCT        1.000         1.000
 MATHSCR        1.000         1.000         1.000
 STR            1.000         1.000         1.000         1.000


SAMPLE STATISTICS


     ESTIMATED SAMPLE STATISTICS


           Means
              ELPCT         MEALPCT       MATHSCR       STR
              ________      ________      ________      ________
               15.768        44.705       653.343        19.640


           Covariances
              ELPCT         MEALPCT       MATHSCR       STR
              ________      ________      ________      ________
 ELPCT        333.579
 MEALPCT      323.131       733.926
 MATHSCR     -194.558      -417.652       350.883
 STR            6.476         6.921        -6.922         3.570


           Correlations
              ELPCT         MEALPCT       MATHSCR       STR
              ________      ________      ________      ________
 ELPCT          1.000
 MEALPCT        0.653         1.000
 MATHSCR       -0.569        -0.823         1.000
 STR            0.188         0.135        -0.196         1.000


     MAXIMUM LOG-LIKELIHOOD VALUE FOR THE UNRESTRICTED (H1) MODEL IS -6120.251


UNIVARIATE SAMPLE STATISTICS


     UNIVARIATE HIGHER-ORDER MOMENT DESCRIPTIVE STATISTICS

         Variable/         Mean/     Skewness/   Minimum/ % with                Percentiles
        Sample Size      Variance    Kurtosis    Maximum  Min/Max      20%/60%    40%/80%    Median

     ELPCT                15.768       1.427       0.000   11.67%       1.158      5.006      8.778
             420.000     333.579       1.435      85.540    0.24%      13.067     30.633
     MEALPCT              44.705       0.184       0.000    2.14%      19.091     32.864     41.751
             420.000     733.926      -1.000     100.000    1.19%      51.852     71.024
     MATHSCR             653.343       0.255     605.400    0.24%     636.600    647.700    652.450
             420.000     350.883      -0.160     709.500    0.24%     657.700    669.300
     STR                  19.640      -0.025      14.000    0.24%      18.133     19.265     19.723
             420.000       3.570       0.610      25.800    0.24%      20.074     21.079


THE MODEL ESTIMATION TERMINATED NORMALLY



MODEL FIT INFORMATION

Number of Free Parameters                       11

Loglikelihood

          H0 Value                       -5369.974
          H0 Scaling Correction Factor      1.0656
            for MLR
          H1 Value                       -5257.032
          H1 Scaling Correction Factor      1.0724
            for MLR

Information Criteria

          Akaike (AIC)                   10761.948
          Bayesian (BIC)                 10806.391
          Sample-Size Adjusted BIC       10771.484
            (n* = (n + 2) / 24)

Chi-Square Test of Model Fit

          Value                            196.845*
          Degrees of Freedom                     1
          P-Value                           0.0000
          Scaling Correction Factor         1.1475
            for MLR

*   The chi-square value for MLM, MLMV, MLR, ULSMV, WLSM and WLSMV cannot be used
    for chi-square difference testing in the regular way.  MLM, MLR and WLSM
    chi-square difference testing is described on the Mplus website.  MLMV, WLSMV,
    and ULSMV difference testing is done using the DIFFTEST option.

RMSEA (Root Mean Square Error Of Approximation)

          Estimate                           0.683
          90 Percent C.I.                    0.604  0.765
          Probability RMSEA <= .05           0.000

CFI/TLI

          CFI                                0.698
          TLI                                0.000

Chi-Square Test of Model Fit for the Baseline Model

          Value                            654.718
          Degrees of Freedom                     6
          P-Value                           0.0000

SRMR (Standardized Root Mean Square Residual)

          Value                              0.309



MODEL RESULTS

                                                    Two-Tailed
                    Estimate       S.E.  Est./S.E.    P-Value

 MATHSCR  ON
    STR               -0.811      0.304     -2.670      0.008
    ELPCT             -0.041      0.036     -1.131      0.258
    MEALPCT           -0.543      0.027    -20.034      0.000

 ELPCT    ON
    STR                1.814      0.446      4.066      0.000

 MEALPCT  ON
    STR                1.938      0.727      2.666      0.008

 Intercepts
    ELPCT            -19.854      8.657     -2.293      0.022
    MEALPCT            6.633     14.459      0.459      0.646
    MATHSCR          694.202      6.252    111.044      0.000

 Residual Variances
    ELPCT            321.834     29.800     10.800      0.000
    MEALPCT          720.511     34.193     21.072      0.000
    MATHSCR          110.352      8.351     13.215      0.000


QUALITY OF NUMERICAL RESULTS

     Condition Number for the Information Matrix              0.122E-06
       (ratio of smallest to largest eigenvalue)


STANDARDIZED MODEL RESULTS


STDYX Standardization

                                                    Two-Tailed
                    Estimate       S.E.  Est./S.E.    P-Value

 MATHSCR  ON
    STR               -0.083      0.031     -2.724      0.006
    ELPCT             -0.041      0.037     -1.096      0.273
    MEALPCT           -0.802      0.020    -39.262      0.000

 ELPCT    ON
    STR                0.188      0.046      4.072      0.000

 MEALPCT  ON
    STR                0.135      0.050      2.697      0.007

 Intercepts
    ELPCT             -1.087      0.472     -2.302      0.021
    MEALPCT            0.245      0.535      0.457      0.647
    MATHSCR           37.818      1.411     26.798      0.000

 Residual Variances
    ELPCT              0.965      0.017     55.788      0.000
    MEALPCT            0.982      0.014     72.423      0.000
    MATHSCR            0.327      0.031     10.580      0.000


STDY Standardization

                                                    Two-Tailed
                    Estimate       S.E.  Est./S.E.    P-Value

 MATHSCR  ON
    STR               -0.044      0.016     -2.739      0.006
    ELPCT             -0.041      0.037     -1.096      0.273
    MEALPCT           -0.802      0.020    -39.262      0.000

 ELPCT    ON
    STR                0.099      0.024      4.122      0.000

 MEALPCT  ON
    STR                0.072      0.026      2.712      0.007

 Intercepts
    ELPCT             -1.087      0.472     -2.302      0.021
    MEALPCT            0.245      0.535      0.457      0.647
    MATHSCR           37.818      1.411     26.798      0.000

 Residual Variances
    ELPCT              0.965      0.017     55.788      0.000
    MEALPCT            0.982      0.014     72.423      0.000
    MATHSCR            0.327      0.031     10.580      0.000


STD Standardization

                                                    Two-Tailed
                    Estimate       S.E.  Est./S.E.    P-Value

 MATHSCR  ON
    STR               -0.811      0.304     -2.670      0.008
    ELPCT             -0.041      0.036     -1.131      0.258
    MEALPCT           -0.543      0.027    -20.034      0.000

 ELPCT    ON
    STR                1.814      0.446      4.066      0.000

 MEALPCT  ON
    STR                1.938      0.727      2.666      0.008

 Intercepts
    ELPCT            -19.854      8.657     -2.293      0.022
    MEALPCT            6.633     14.459      0.459      0.646
    MATHSCR          694.202      6.252    111.044      0.000

 Residual Variances
    ELPCT            321.834     29.800     10.800      0.000
    MEALPCT          720.511     34.193     21.072      0.000
    MATHSCR          110.352      8.351     13.215      0.000


R-SQUARE

    Observed                                        Two-Tailed
    Variable        Estimate       S.E.  Est./S.E.    P-Value

    ELPCT              0.035      0.017      2.036      0.042
    MEALPCT            0.018      0.014      1.349      0.177
    MATHSCR            0.673      0.031     21.726      0.000


TOTAL, TOTAL INDIRECT, SPECIFIC INDIRECT, AND DIRECT EFFECTS


                                                    Two-Tailed
                    Estimate       S.E.  Est./S.E.    P-Value

Effects from STR to MATHSCR

  Total               -1.939      0.520     -3.725      0.000
  Total indirect      -1.128      0.404     -2.789      0.005

  Specific indirect 1
    MATHSCR
    ELPCT
    STR               -0.075      0.066     -1.142      0.253

  Specific indirect 2
    MATHSCR
    MEALPCT
    STR               -1.053      0.404     -2.606      0.009

  Direct
    MATHSCR
    STR               -0.811      0.304     -2.670      0.008



STANDARDIZED TOTAL, TOTAL INDIRECT, SPECIFIC INDIRECT, AND DIRECT EFFECTS


STDYX Standardization

                                                    Two-Tailed
                    Estimate       S.E.  Est./S.E.    P-Value

Effects from STR to MATHSCR

  Total               -0.200      0.051     -3.907      0.000
  Total indirect      -0.116      0.040     -2.871      0.004

  Specific indirect 1
    MATHSCR
    ELPCT
    STR               -0.008      0.007     -1.114      0.265

  Specific indirect 2
    MATHSCR
    MEALPCT
    STR               -0.108      0.040     -2.705      0.007

  Direct
    MATHSCR
    STR               -0.083      0.031     -2.724      0.006



STDY Standardization

                                                    Two-Tailed
                    Estimate       S.E.  Est./S.E.    P-Value

Effects from STR to MATHSCR

  Total               -0.106      0.027     -3.950      0.000
  Total indirect      -0.061      0.021     -2.888      0.004

  Specific indirect 1
    MATHSCR
    ELPCT
    STR               -0.004      0.004     -1.115      0.265

  Specific indirect 2
    MATHSCR
    MEALPCT
    STR               -0.057      0.021     -2.720      0.007

  Direct
    MATHSCR
    STR               -0.044      0.016     -2.739      0.006



STD Standardization

                                                    Two-Tailed
                    Estimate       S.E.  Est./S.E.    P-Value

Effects from STR to MATHSCR

  Total               -1.939      0.520     -3.725      0.000
  Total indirect      -1.128      0.404     -2.789      0.005

  Specific indirect 1
    MATHSCR
    ELPCT
    STR               -0.075      0.066     -1.142      0.253

  Specific indirect 2
    MATHSCR
    MEALPCT
    STR               -1.053      0.404     -2.606      0.009

  Direct
    MATHSCR
    STR               -0.811      0.304     -2.670      0.008




MODEL MODIFICATION INDICES

Minimum M.I. value for printing the modification index    10.000

                                   M.I.     E.P.C.  Std E.P.C.  StdYX E.P.C.

ON Statements

ELPCT    ON MEALPCT              152.251     0.431      0.431        0.639
ELPCT    ON MATHSCR              152.246    -0.793     -0.793       -0.797
MEALPCT  ON ELPCT                152.251     0.965      0.965        0.651
MEALPCT  ON MATHSCR              152.174   -23.376    -23.376      -15.839

WITH Statements

MEALPCT  WITH ELPCT              152.251   310.578    310.578        0.645


     Beginning Time:  17:39:30
        Ending Time:  17:39:31
       Elapsed Time:  00:00:01



MUTHEN & MUTHEN
3463 Stoner Ave.
Los Angeles, CA  90066

Tel: (310) 391-9971
Fax: (310) 391-8971
Web: www.StatModel.com
Support: Support@StatModel.com

Copyright (c) 1998-2021 Muthen & Muthen
