Mplus VERSION 8.6 (Mac)
MUTHEN & MUTHEN
05/26/2021  12:08 PM

INPUT INSTRUCTIONS

  TITLE:
  PRACTICE 01 - Explore TYPE = BASIC
  DATA:
  FILE = "/Users/agarber/github/NTNU-workshop/02-run-models/basic_mplus/basic.dat";

  VARIABLE:
  NAMES = item1 item2 item3 item4 item5 item6 item7 item8 item9 female;
   MISSING=.;
   usevar=
   item1 item2 item3 item4 item5
   item6 item7 item8 item9 female;

   ! use exclamation symbol to make comments, reminders, or annotations in Mplus files
  ANALYSIS:
  type = basic;



INPUT READING TERMINATED NORMALLY




PRACTICE 01 - Explore TYPE = BASIC

SUMMARY OF ANALYSIS

Number of groups                                                 1
Number of observations                                         119

Number of dependent variables                                   10
Number of independent variables                                  0
Number of continuous latent variables                            0

Observed dependent variables

  Continuous
   ITEM1       ITEM2       ITEM3       ITEM4       ITEM5       ITEM6
   ITEM7       ITEM8       ITEM9       FEMALE


Estimator                                                       ML
Information matrix                                        OBSERVED
Maximum number of iterations                                  1000
Convergence criterion                                    0.500D-04
Maximum number of steepest descent iterations                   20
Maximum number of iterations for H1                           2000
Convergence criterion for H1                             0.100D-03

Input data file(s)
  /Users/agarber/github/NTNU-workshop/02-run-models/basic_mplus/basic.dat

Input data format  FREE


SUMMARY OF DATA

     Number of missing data patterns             5


SUMMARY OF MISSING DATA PATTERNS


     MISSING DATA PATTERNS (x = not missing)

           1  2  3  4  5
 ITEM1     x  x  x  x  x
 ITEM2     x  x  x  x
 ITEM3     x  x  x  x  x
 ITEM4     x  x  x  x  x
 ITEM5     x  x  x     x
 ITEM6     x  x     x  x
 ITEM7     x  x  x  x  x
 ITEM8     x     x  x  x
 ITEM9     x  x  x  x  x
 FEMALE    x  x  x  x  x


     MISSING DATA PATTERN FREQUENCIES

    Pattern   Frequency     Pattern   Frequency     Pattern   Frequency
          1         115           3           1           5           1
          2           1           4           1


COVARIANCE COVERAGE OF DATA

Minimum covariance coverage value   0.100


     PROPORTION OF DATA PRESENT


           Covariance Coverage
              ITEM1         ITEM2         ITEM3         ITEM4         ITEM5
              ________      ________      ________      ________      ________
 ITEM1          1.000
 ITEM2          0.992         0.992
 ITEM3          1.000         0.992         1.000
 ITEM4          1.000         0.992         1.000         1.000
 ITEM5          0.992         0.983         0.992         0.992         0.992
 ITEM6          0.992         0.983         0.992         0.992         0.983
 ITEM7          1.000         0.992         1.000         1.000         0.992
 ITEM8          0.992         0.983         0.992         0.992         0.983
 ITEM9          1.000         0.992         1.000         1.000         0.992
 FEMALE         1.000         0.992         1.000         1.000         0.992


           Covariance Coverage
              ITEM6         ITEM7         ITEM8         ITEM9         FEMALE
              ________      ________      ________      ________      ________
 ITEM6          0.992
 ITEM7          0.992         1.000
 ITEM8          0.983         0.992         0.992
 ITEM9          0.992         1.000         0.992         1.000
 FEMALE         0.992         1.000         0.992         1.000         1.000





RESULTS FOR BASIC ANALYSIS


     ESTIMATED SAMPLE STATISTICS


           Means
              ITEM1         ITEM2         ITEM3         ITEM4         ITEM5
              ________      ________      ________      ________      ________
                4.508         4.843         4.706         4.815         4.187


           Means
              ITEM6         ITEM7         ITEM8         ITEM9         FEMALE
              ________      ________      ________      ________      ________
                4.724         3.689         3.948         5.857         0.681


           Covariances
              ITEM1         ITEM2         ITEM3         ITEM4         ITEM5
              ________      ________      ________      ________      ________
 ITEM1          6.886
 ITEM2          5.610         7.319
 ITEM3          5.259         4.408         7.418
 ITEM4          4.741         5.010         3.996         7.764
 ITEM5          5.080         4.712         3.763         5.126        10.855
 ITEM6          4.258         4.967         4.154         5.229         5.582
 ITEM7          3.910         3.816         4.253         4.346         5.609
 ITEM8          4.512         4.318         4.474         5.146         5.864
 ITEM9          2.749         2.641         3.714         3.058         2.531
 FEMALE         0.070         0.042         0.099         0.075         0.018


           Covariances
              ITEM6         ITEM7         ITEM8         ITEM9         FEMALE
              ________      ________      ________      ________      ________
 ITEM6          7.145
 ITEM7          4.846         7.760
 ITEM8          5.188         6.488         8.133
 ITEM9          3.065         2.788         2.967         7.097
 FEMALE         0.013         0.052         0.000        -0.121         0.217


           Correlations
              ITEM1         ITEM2         ITEM3         ITEM4         ITEM5
              ________      ________      ________      ________      ________
 ITEM1          1.000
 ITEM2          0.790         1.000
 ITEM3          0.736         0.598         1.000
 ITEM4          0.648         0.665         0.527         1.000
 ITEM5          0.588         0.529         0.419         0.558         1.000
 ITEM6          0.607         0.687         0.571         0.702         0.634
 ITEM7          0.535         0.506         0.561         0.560         0.611
 ITEM8          0.603         0.560         0.576         0.648         0.624
 ITEM9          0.393         0.366         0.512         0.412         0.288
 FEMALE         0.057         0.034         0.078         0.058         0.011


           Correlations
              ITEM6         ITEM7         ITEM8         ITEM9         FEMALE
              ________      ________      ________      ________      ________
 ITEM6          1.000
 ITEM7          0.651         1.000
 ITEM8          0.681         0.817         1.000
 ITEM9          0.430         0.376         0.391         1.000
 FEMALE         0.010         0.040         0.000        -0.098         1.000


     MAXIMUM LOG-LIKELIHOOD VALUE FOR THE UNRESTRICTED (H1) MODEL IS -2298.381


UNIVARIATE SAMPLE STATISTICS


     UNIVARIATE HIGHER-ORDER MOMENT DESCRIPTIVE STATISTICS

         Variable/         Mean/     Skewness/   Minimum/ % with                Percentiles
        Sample Size      Variance    Kurtosis    Maximum  Min/Max      20%/60%    40%/80%    Median

     ITEM1                 4.508       0.313       1.000   16.81%       2.000      3.000      4.000
             119.000       6.886      -0.875      10.000    5.04%       5.000      7.000
     ITEM2                 4.856       0.140       1.000   14.41%       2.000      4.000      5.000
             118.000       7.344      -1.103      10.000    5.08%       6.000      7.000
     ITEM3                 4.706       0.318       1.000   13.45%       2.000      3.000      5.000
             119.000       7.418      -0.984      10.000    7.56%       5.000      7.000
     ITEM4                 4.815       0.179       1.000   15.97%       2.000      3.000      5.000
             119.000       7.764      -1.192      10.000    5.04%       6.000      8.000
     ITEM5                 4.169       2.329       1.000   23.73%       1.000      2.000      3.000
             118.000      10.870      11.391      25.000    0.85%       5.000      7.000
     ITEM6                 4.720       0.141       1.000   13.56%       2.000      3.000      5.000
             118.000       7.185      -1.258      10.000    2.54%       5.000      8.000
     ITEM7                 3.689       0.877       1.000   26.89%       1.000      2.000      3.000
             119.000       7.760      -0.540      10.000    4.20%       3.000      7.000
     ITEM8                 3.915       0.628       1.000   29.66%       1.000      2.000      3.000
             118.000       8.061      -0.928      10.000    4.24%       4.000      7.000
     ITEM9                 5.857      -0.196       1.000    5.88%       3.000      5.000      6.000
             119.000       7.097      -1.046      10.000    9.24%       7.000      8.000
     FEMALE                0.681      -0.775       0.000   31.93%       0.000      1.000      1.000
             119.000       0.217      -1.399       1.000   68.07%       1.000      1.000


     Beginning Time:  12:08:56
        Ending Time:  12:08:56
       Elapsed Time:  00:00:00



MUTHEN & MUTHEN
3463 Stoner Ave.
Los Angeles, CA  90066

Tel: (310) 391-9971
Fax: (310) 391-8971
Web: www.StatModel.com
Support: Support@StatModel.com

Copyright (c) 1998-2021 Muthen & Muthen
