Mplus VERSION 8.6 (Mac)
MUTHEN & MUTHEN
05/26/2021  12:12 PM

INPUT INSTRUCTIONS

  TITLE:
  PRACTICE 02 - Explore female observations only
  DATA:
  FILE = "/Users/agarber/github/NTNU-workshop/02-run-models/basic_mplus/fem_basic.dat";

  VARIABLE:
  NAMES = item1 item2 item3 item4 item5 item6 item7 item8 item9 female;
   MISSING=.;
   usevar=
   item1 item2 item3 item4 item5
   item6 item7 item8 item9;

   useobs = female == 1; !include observations that report female in analysis
  ANALYSIS:
  type = basic;



INPUT READING TERMINATED NORMALLY




PRACTICE 02 - Explore female observations only

SUMMARY OF ANALYSIS

Number of groups                                                 1
Number of observations                                          81

Number of dependent variables                                    9
Number of independent variables                                  0
Number of continuous latent variables                            0

Observed dependent variables

  Continuous
   ITEM1       ITEM2       ITEM3       ITEM4       ITEM5       ITEM6
   ITEM7       ITEM8       ITEM9


Estimator                                                       ML
Information matrix                                        OBSERVED
Maximum number of iterations                                  1000
Convergence criterion                                    0.500D-04
Maximum number of steepest descent iterations                   20
Maximum number of iterations for H1                           2000
Convergence criterion for H1                             0.100D-03

Input data file(s)
  /Users/agarber/github/NTNU-workshop/02-run-models/basic_mplus/fem_basic.dat

Input data format  FREE


SUMMARY OF DATA

     Number of missing data patterns             5


SUMMARY OF MISSING DATA PATTERNS


     MISSING DATA PATTERNS (x = not missing)

           1  2  3  4  5
 ITEM1     x  x  x  x  x
 ITEM2     x  x  x  x
 ITEM3     x  x  x  x  x
 ITEM4     x  x  x  x  x
 ITEM5     x  x  x     x
 ITEM6     x  x     x  x
 ITEM7     x  x  x  x  x
 ITEM8     x     x  x  x
 ITEM9     x  x  x  x  x


     MISSING DATA PATTERN FREQUENCIES

    Pattern   Frequency     Pattern   Frequency     Pattern   Frequency
          1          77           3           1           5           1
          2           1           4           1


COVARIANCE COVERAGE OF DATA

Minimum covariance coverage value   0.100


     PROPORTION OF DATA PRESENT


           Covariance Coverage
              ITEM1         ITEM2         ITEM3         ITEM4         ITEM5
              ________      ________      ________      ________      ________
 ITEM1          1.000
 ITEM2          0.988         0.988
 ITEM3          1.000         0.988         1.000
 ITEM4          1.000         0.988         1.000         1.000
 ITEM5          0.988         0.975         0.988         0.988         0.988
 ITEM6          0.988         0.975         0.988         0.988         0.975
 ITEM7          1.000         0.988         1.000         1.000         0.988
 ITEM8          0.988         0.975         0.988         0.988         0.975
 ITEM9          1.000         0.988         1.000         1.000         0.988


           Covariance Coverage
              ITEM6         ITEM7         ITEM8         ITEM9
              ________      ________      ________      ________
 ITEM6          0.988
 ITEM7          0.988         1.000
 ITEM8          0.975         0.988         0.988
 ITEM9          0.988         1.000         0.988         1.000





RESULTS FOR BASIC ANALYSIS


     ESTIMATED SAMPLE STATISTICS


           Means
              ITEM1         ITEM2         ITEM3         ITEM4         ITEM5
              ________      ________      ________      ________      ________
                4.611         4.904         4.852         4.926         4.221


           Means
              ITEM6         ITEM7         ITEM8         ITEM9
              ________      ________      ________      ________
                4.744         3.765         3.946         5.679


           Covariances
              ITEM1         ITEM2         ITEM3         ITEM4         ITEM5
              ________      ________      ________      ________      ________
 ITEM1          6.654
 ITEM2          4.927         6.750
 ITEM3          4.918         3.862         7.756
 ITEM4          4.897         4.694         4.162         7.476
 ITEM5          5.359         4.626         3.414         5.284        12.060
 ITEM6          4.218         4.933         4.234         5.260         5.826
 ITEM7          3.693         3.525         4.595         4.254         5.461
 ITEM8          4.048         3.808         4.337         5.037         5.854
 ITEM9          3.067         3.085         4.286         3.705         2.478


           Covariances
              ITEM6         ITEM7         ITEM8         ITEM9
              ________      ________      ________      ________
 ITEM6          7.084
 ITEM7          4.616         8.105
 ITEM8          5.019         6.773         8.386
 ITEM9          3.583         3.246         3.069         8.070


           Correlations
              ITEM1         ITEM2         ITEM3         ITEM4         ITEM5
              ________      ________      ________      ________      ________
 ITEM1          1.000
 ITEM2          0.735         1.000
 ITEM3          0.685         0.534         1.000
 ITEM4          0.694         0.661         0.547         1.000
 ITEM5          0.598         0.513         0.353         0.556         1.000
 ITEM6          0.614         0.713         0.571         0.723         0.630
 ITEM7          0.503         0.477         0.580         0.547         0.552
 ITEM8          0.542         0.506         0.538         0.636         0.582
 ITEM9          0.418         0.418         0.542         0.477         0.251


           Correlations
              ITEM6         ITEM7         ITEM8         ITEM9
              ________      ________      ________      ________
 ITEM6          1.000
 ITEM7          0.609         1.000
 ITEM8          0.651         0.821         1.000
 ITEM9          0.474         0.401         0.373         1.000


     MAXIMUM LOG-LIKELIHOOD VALUE FOR THE UNRESTRICTED (H1) MODEL IS -1521.352


UNIVARIATE SAMPLE STATISTICS


     UNIVARIATE HIGHER-ORDER MOMENT DESCRIPTIVE STATISTICS

         Variable/         Mean/     Skewness/   Minimum/ % with                Percentiles
        Sample Size      Variance    Kurtosis    Maximum  Min/Max      20%/60%    40%/80%    Median

     ITEM1                 4.611       0.291       1.000   14.81%       2.000      4.000      4.500
              81.000       6.654      -0.817      10.000    4.94%       5.000      7.000
     ITEM2                 4.925       0.061       1.000   13.75%       2.000      4.000      5.000
              80.000       6.769      -1.020      10.000    3.75%       6.000      7.000
     ITEM3                 4.852       0.215       1.000   13.58%       2.000      3.000      5.000
              81.000       7.756      -1.138      10.000    7.41%       6.000      8.000
     ITEM4                 4.926       0.128       1.000   13.58%       2.000      3.000      5.000
              81.000       7.476      -1.197      10.000    4.94%       6.000      8.000
     ITEM5                 4.188       2.803       1.000   20.00%       1.000      2.000      3.000
              80.000      12.052      13.748      25.000    1.25%       5.000      7.000
     ITEM6                 4.737       0.066       1.000   13.75%       2.000      3.000      5.000
              80.000       7.144      -1.353      10.000    1.25%       6.000      8.000
     ITEM7                 3.765       0.835       1.000   27.16%       1.000      2.000      3.000
              81.000       8.105      -0.635      10.000    4.94%       4.000      7.000
     ITEM8                 3.900       0.653       1.000   30.00%       1.000      2.000      3.000
              80.000       8.290      -0.914      10.000    5.00%       4.000      7.000
     ITEM9                 5.679      -0.061       1.000    7.41%       3.000      5.000      6.000
              81.000       8.070      -1.223      10.000   11.11%       7.000      8.000


     Beginning Time:  12:12:01
        Ending Time:  12:12:01
       Elapsed Time:  00:00:00



MUTHEN & MUTHEN
3463 Stoner Ave.
Los Angeles, CA  90066

Tel: (310) 391-9971
Fax: (310) 391-8971
Web: www.StatModel.com
Support: Support@StatModel.com

Copyright (c) 1998-2021 Muthen & Muthen
