Mplus VERSION 8.6 (Mac)
MUTHEN & MUTHEN
05/29/2021  12:19 PM

INPUT INSTRUCTIONS

  TITLE:
  Class 2
  DATA:
  FILE = "/Users/agarber/github/NTNU-workshop/21-response-patterns/enum_mplus/lsay.dat";

  VARIABLE:
  NAMES = Enjoy Useful Logical Job Adult;
   MISSING=.;
   categorical = Enjoy-Adult;
  usevar = Enjoy-Adult;
  classes = c(2);
  ANALYSIS:
  estimator = mlr;
      type = mixture;
      starts = 200 50;
      processors = 10;
  OUTPUT:
  sampstat residual tech11 tech14;
  PLOT:
  type = plot3;
       series = Enjoy-Adult(*);



*** WARNING in OUTPUT command
  SAMPSTAT option is not available when all outcomes are censored, ordered
  categorical, unordered categorical (nominal), count or continuous-time
  survival variables.  Request for SAMPSTAT is ignored.
   1 WARNING(S) FOUND IN THE INPUT INSTRUCTIONS




Class 2

SUMMARY OF ANALYSIS

Number of groups                                                 1
Number of observations                                        3061

Number of dependent variables                                    5
Number of independent variables                                  0
Number of continuous latent variables                            0
Number of categorical latent variables                           1

Observed dependent variables

  Binary and ordered categorical (ordinal)
   ENJOY       USEFUL      LOGICAL     JOB         ADULT

Categorical latent variables
   C


Estimator                                                      MLR
Information matrix                                        OBSERVED
Optimization Specifications for the Quasi-Newton Algorithm for
Continuous Outcomes
  Maximum number of iterations                                 100
  Convergence criterion                                  0.100D-05
Optimization Specifications for the EM Algorithm
  Maximum number of iterations                                 500
  Convergence criteria
    Loglikelihood change                                 0.100D-06
    Relative loglikelihood change                        0.100D-06
    Derivative                                           0.100D-05
Optimization Specifications for the M step of the EM Algorithm for
Categorical Latent variables
  Number of M step iterations                                    1
  M step convergence criterion                           0.100D-05
  Basis for M step termination                           ITERATION
Optimization Specifications for the M step of the EM Algorithm for
Censored, Binary or Ordered Categorical (Ordinal), Unordered
Categorical (Nominal) and Count Outcomes
  Number of M step iterations                                    1
  M step convergence criterion                           0.100D-05
  Basis for M step termination                           ITERATION
  Maximum value for logit thresholds                            15
  Minimum value for logit thresholds                           -15
  Minimum expected cell size for chi-square              0.100D-01
Maximum number of iterations for H1                           2000
Convergence criterion for H1                             0.100D-03
Optimization algorithm                                         EMA
Random Starts Specifications
  Number of initial stage random starts                        200
  Number of final stage optimizations                           50
  Number of initial stage iterations                            10
  Initial stage convergence criterion                    0.100D+01
  Random starts scale                                    0.500D+01
  Random seed for generating random starts                       0
Link                                                         LOGIT

Input data file(s)
  /Users/agarber/github/NTNU-workshop/21-response-patterns/enum_mplus/lsay.dat
Input data format  FREE


SUMMARY OF DATA

     Number of missing data patterns            21
     Number of y missing data patterns           0
     Number of u missing data patterns          21


COVARIANCE COVERAGE OF DATA

Minimum covariance coverage value   0.100


     PROPORTION OF DATA PRESENT FOR U


           Covariance Coverage
              ENJOY         USEFUL        LOGICAL       JOB           ADULT
              ________      ________      ________      ________      ________
 ENJOY          0.994
 USEFUL         0.972         0.976
 LOGICAL        0.972         0.960         0.977
 JOB            0.979         0.965         0.966         0.984
 ADULT          0.989         0.973         0.975         0.982         0.994


UNIVARIATE PROPORTIONS AND COUNTS FOR CATEGORICAL VARIABLES

    ENJOY
      Category 1    0.387         1177.000
      Category 2    0.613         1865.000
    USEFUL
      Category 1    0.596         1782.000
      Category 2    0.404         1206.000
    LOGICAL
      Category 1    0.508         1519.000
      Category 2    0.492         1473.000
    JOB
      Category 1    0.596         1796.000
      Category 2    0.404         1216.000
    ADULT
      Category 1    0.539         1639.000
      Category 2    0.461         1404.000


RANDOM STARTS RESULTS RANKED FROM THE BEST TO THE WORST LOGLIKELIHOOD VALUES

Final stage loglikelihood values at local maxima, seeds, and initial stage start numbers:

           -8785.317  794236           127
           -8785.317  373505           88
           -8785.317  268896           124
           -8785.317  848969           173
           -8785.317  unperturbed      0
           -8785.317  603842           61
           -8785.317  164305           128
           -8785.317  341041           34
           -8785.317  107446           12
           -8785.317  931874           141
           -8785.317  436460           89
           -8785.317  526324           178
           -8785.317  207896           25
           -8785.317  915107           54
           -8785.317  751054           117
           -8785.317  950604           172
           -8785.317  195873           6
           -8785.317  484501           163
           -8785.317  966014           37
           -8785.317  464179           106
           -8785.317  467339           66
           -8785.317  544048           87
           -8785.317  967902           52
           -8785.317  352277           42
           -8785.317  987090           70
           -8785.317  264081           186
           -8785.317  466971           109
           -8785.317  717754           180
           -8785.317  124999           96
           -8785.317  340112           126
           -8785.317  371246           101
           -8785.317  253358           2
           -8785.317  863094           147
           -8785.317  726035           191
           -8785.317  432148           30
           -8785.317  369602           146
           -8785.317  202790           198
           -8785.317  648555           113
           -8785.317  783110           72
           -8785.317  928287           197
           -8785.317  150531           154
           -8785.317  903420           5
           -8785.317  85462            51
           -8785.317  458181           189
           -8785.317  575700           100
           -8785.317  915642           40
           -8785.317  318230           46
           -8785.317  192071           142
           -8785.317  565819           65
           -8785.317  437181           135



THE BEST LOGLIKELIHOOD VALUE HAS BEEN REPLICATED.  RERUN WITH AT LEAST TWICE THE
RANDOM STARTS TO CHECK THAT THE BEST LOGLIKELIHOOD IS STILL OBTAINED AND REPLICATED.


THE MODEL ESTIMATION TERMINATED NORMALLY



MODEL FIT INFORMATION

Number of Free Parameters                       11

Loglikelihood

          H0 Value                       -8785.317
          H0 Scaling Correction Factor      1.0633
            for MLR

Information Criteria

          Akaike (AIC)                   17592.633
          Bayesian (BIC)                 17658.925
          Sample-Size Adjusted BIC       17623.973
            (n* = (n + 2) / 24)

Chi-Square Test of Model Fit for the Binary and Ordered Categorical
(Ordinal) Outcomes

          Pearson Chi-Square

          Value                            250.629
          Degrees of Freedom                    20
          P-Value                           0.0000

          Likelihood Ratio Chi-Square

          Value                            224.336
          Degrees of Freedom                    20
          P-Value                           0.0000

Chi-Square Test for MCAR under the Unrestricted Latent Class Indicator Model

          Pearson Chi-Square

          Value                            161.488
          Degrees of Freedom                   148
          P-Value                           0.2119

          Likelihood Ratio Chi-Square

          Value                            128.456
          Degrees of Freedom                   148
          P-Value                           0.8751



FINAL CLASS COUNTS AND PROPORTIONS FOR THE LATENT CLASSES
BASED ON THE ESTIMATED MODEL

    Latent
   Classes

       1       1751.89934          0.57233
       2       1309.10066          0.42767


FINAL CLASS COUNTS AND PROPORTIONS FOR THE LATENT CLASSES
BASED ON ESTIMATED POSTERIOR PROBABILITIES

    Latent
   Classes

       1       1751.89934          0.57233
       2       1309.10066          0.42767


FINAL CLASS COUNTS AND PROPORTIONS FOR THE LATENT CLASSES
BASED ON THEIR MOST LIKELY LATENT CLASS MEMBERSHIP

Class Counts and Proportions

    Latent
   Classes

       1             1682          0.54949
       2             1379          0.45051


CLASSIFICATION QUALITY

     Entropy                         0.763


Average Latent Class Probabilities for Most Likely Latent Class Membership (Row)
by Latent Class (Column)

           1        2

    1   0.959    0.041
    2   0.101    0.899


Classification Probabilities for the Most Likely Latent Class Membership (Column)
by Latent Class (Row)

           1        2

    1   0.921    0.079
    2   0.053    0.947


Logits for the Classification Probabilities for the Most Likely Latent Class Membership (Column)
by Latent Class (Row)

              1        2

    1      2.450    0.000
    2     -2.884    0.000


MODEL RESULTS

                                                    Two-Tailed
                    Estimate       S.E.  Est./S.E.    P-Value

Latent Class 1

 Thresholds
    ENJOY$1            0.250      0.059      4.262      0.000
    USEFUL$1           1.969      0.111     17.741      0.000
    LOGICAL$1          1.169      0.079     14.768      0.000
    JOB$1              1.988      0.105     18.906      0.000
    ADULT$1            1.609      0.099     16.293      0.000

Latent Class 2

 Thresholds
    ENJOY$1           -1.715      0.093    -18.385      0.000
    USEFUL$1          -1.270      0.104    -12.243      0.000
    LOGICAL$1         -1.611      0.107    -15.061      0.000
    JOB$1             -1.288      0.110    -11.740      0.000
    ADULT$1           -1.782      0.128    -13.976      0.000

Categorical Latent Variables

 Means
    C#1                0.291      0.064      4.526      0.000


QUALITY OF NUMERICAL RESULTS

     Condition Number for the Information Matrix              0.598E-01
       (ratio of smallest to largest eigenvalue)


RESULTS IN PROBABILITY SCALE

                                                    Two-Tailed
                    Estimate       S.E.  Est./S.E.    P-Value

Latent Class 1

 ENJOY
    Category 1         0.562      0.014     38.888      0.000
    Category 2         0.438      0.014     30.274      0.000
 USEFUL
    Category 1         0.878      0.012     73.559      0.000
    Category 2         0.122      0.012     10.266      0.000
 LOGICAL
    Category 1         0.763      0.014     53.299      0.000
    Category 2         0.237      0.014     16.565      0.000
 JOB
    Category 1         0.880      0.011     78.940      0.000
    Category 2         0.120      0.011     10.814      0.000
 ADULT
    Category 1         0.833      0.014     60.739      0.000
    Category 2         0.167      0.014     12.151      0.000

Latent Class 2

 ENJOY
    Category 1         0.152      0.012     12.646      0.000
    Category 2         0.848      0.012     70.296      0.000
 USEFUL
    Category 1         0.219      0.018     12.348      0.000
    Category 2         0.781      0.018     43.969      0.000
 LOGICAL
    Category 1         0.166      0.015     11.217      0.000
    Category 2         0.834      0.015     56.166      0.000
 JOB
    Category 1         0.216      0.019     11.628      0.000
    Category 2         0.784      0.019     42.163      0.000
 ADULT
    Category 1         0.144      0.016      9.161      0.000
    Category 2         0.856      0.016     54.449      0.000


LATENT CLASS INDICATOR ODDS RATIOS FOR THE LATENT CLASSES

                                                95% C.I.
                    Estimate       S.E.  Lower 2.5% Upper 2.5%

Latent Class 1 Compared to Latent Class 2

 ENJOY
    Category > 1       0.140      0.015      0.114      0.172
 USEFUL
    Category > 1       0.039      0.005      0.030      0.051
 LOGICAL
    Category > 1       0.062      0.007      0.049      0.078
 JOB
    Category > 1       0.038      0.005      0.029      0.049
 ADULT
    Category > 1       0.034      0.005      0.026      0.044


RESIDUAL OUTPUT


     UNIVARIATE DISTRIBUTION FIT FOR CLASS 1

     Variable          Observed      Estimated      Residual (Obs.-Est.)    Stand. Residual
     ENJOY
       Category 1        0.562          0.562                  0.000                0.000
       Category 2        0.438          0.438                  0.000                0.000
     USEFUL
       Category 1        0.878          0.878                  0.000                0.000
       Category 2        0.122          0.122                  0.000                0.000
     LOGICAL
       Category 1        0.763          0.763                  0.000                0.000
       Category 2        0.237          0.237                  0.000                0.000
     JOB
       Category 1        0.880          0.880                  0.000                0.000
       Category 2        0.120          0.120                  0.000                0.000
     ADULT
       Category 1        0.833          0.833                  0.000                0.000
       Category 2        0.167          0.167                  0.000                0.000


     BIVARIATE DISTRIBUTIONS FIT FOR CLASS 1

     Variable       Variable          Observed     Estimated    Residual (Obs.-Est.)  Stand. Residual
     ENJOY          USEFUL
       Category 1     Category 1        0.500       0.493             0.006            0.514
       Category 1     Category 2        0.063       0.069            -0.006           -1.013
       Category 2     Category 1        0.379       0.384            -0.006           -0.483
       Category 2     Category 2        0.059       0.054             0.006            1.040
     ENJOY          LOGICAL
       Category 1     Category 1        0.451       0.429             0.022            1.824
       Category 1     Category 2        0.112       0.133            -0.021           -2.639
       Category 2     Category 1        0.312       0.334            -0.022           -1.956
       Category 2     Category 2        0.126       0.104             0.022            3.005
     ENJOY          JOB
       Category 1     Category 1        0.492       0.495            -0.002           -0.194
       Category 1     Category 2        0.070       0.068             0.002            0.400
       Category 2     Category 1        0.387       0.385             0.002            0.139
       Category 2     Category 2        0.051       0.053            -0.002           -0.317
     ENJOY          ADULT
       Category 1     Category 1        0.485       0.469             0.016            1.375
       Category 1     Category 2        0.078       0.094            -0.016           -2.268
       Category 2     Category 1        0.348       0.365            -0.017           -1.464
       Category 2     Category 2        0.089       0.073             0.016            2.614
     USEFUL         LOGICAL
       Category 1     Category 1        0.690       0.669             0.021            1.861
       Category 1     Category 2        0.190       0.208            -0.018           -1.896
       Category 2     Category 1        0.073       0.093            -0.020           -2.903
       Category 2     Category 2        0.047       0.029             0.018            4.400
     USEFUL         JOB
       Category 1     Category 1        0.772       0.772             0.001            0.052
       Category 1     Category 2        0.105       0.106            -0.001           -0.071
       Category 2     Category 1        0.108       0.108             0.000            0.056
       Category 2     Category 2        0.014       0.015             0.000           -0.145
     USEFUL         ADULT
       Category 1     Category 1        0.731       0.731             0.000            0.002
       Category 1     Category 2        0.147       0.146             0.000            0.032
       Category 2     Category 1        0.102       0.102             0.000            0.024
       Category 2     Category 2        0.020       0.020             0.000           -0.138
     LOGICAL        JOB
       Category 1     Category 1        0.670       0.671            -0.001           -0.049
       Category 1     Category 2        0.094       0.092             0.002            0.248
       Category 2     Category 1        0.208       0.209             0.000           -0.042
       Category 2     Category 2        0.028       0.029            -0.001           -0.189
     LOGICAL        ADULT
       Category 1     Category 1        0.638       0.636             0.002            0.156
       Category 1     Category 2        0.125       0.127            -0.002           -0.296
       Category 2     Category 1        0.195       0.198            -0.003           -0.270
       Category 2     Category 2        0.043       0.040             0.003            0.672
     JOB            ADULT
       Category 1     Category 1        0.745       0.733             0.012            1.172
       Category 1     Category 2        0.134       0.147            -0.012           -1.475
       Category 2     Category 1        0.088       0.100            -0.012           -1.672
       Category 2     Category 2        0.032       0.020             0.012            3.606


     UNIVARIATE DISTRIBUTION FIT FOR CLASS 2

     Variable          Observed      Estimated      Residual (Obs.-Est.)    Stand. Residual
     ENJOY
       Category 1        0.152          0.152                  0.000                0.000
       Category 2        0.848          0.848                  0.000                0.000
     USEFUL
       Category 1        0.219          0.219                  0.000                0.000
       Category 2        0.781          0.781                  0.000                0.000
     LOGICAL
       Category 1        0.166          0.166                  0.000                0.000
       Category 2        0.834          0.834                  0.000                0.000
     JOB
       Category 1        0.216          0.216                  0.000                0.000
       Category 2        0.784          0.784                  0.000                0.000
     ADULT
       Category 1        0.144          0.144                  0.000                0.000
       Category 2        0.856          0.856                  0.000                0.000


     BIVARIATE DISTRIBUTIONS FIT FOR CLASS 2

     Variable       Variable          Observed     Estimated    Residual (Obs.-Est.)  Stand. Residual
     ENJOY          USEFUL
       Category 1     Category 1        0.041       0.033             0.008            1.549
       Category 1     Category 2        0.113       0.119            -0.006           -0.726
       Category 2     Category 1        0.179       0.186            -0.007           -0.654
       Category 2     Category 2        0.668       0.662             0.006            0.446
     ENJOY          LOGICAL
       Category 1     Category 1        0.026       0.025             0.000            0.046
       Category 1     Category 2        0.127       0.127             0.000           -0.030
       Category 2     Category 1        0.141       0.141             0.000           -0.036
       Category 2     Category 2        0.707       0.706             0.000            0.034
     ENJOY          JOB
       Category 1     Category 1        0.029       0.033            -0.004           -0.731
       Category 1     Category 2        0.124       0.120             0.004            0.480
       Category 2     Category 1        0.187       0.183             0.004            0.364
       Category 2     Category 2        0.660       0.664            -0.005           -0.352
     ENJOY          ADULT
       Category 1     Category 1        0.027       0.022             0.005            1.319
       Category 1     Category 2        0.125       0.131            -0.005           -0.572
       Category 2     Category 1        0.117       0.122            -0.005           -0.549
       Category 2     Category 2        0.730       0.725             0.005            0.401
     USEFUL         LOGICAL
       Category 1     Category 1        0.059       0.036             0.023            4.431
       Category 1     Category 2        0.161       0.183            -0.021           -1.993
       Category 2     Category 1        0.106       0.130            -0.024           -2.616
       Category 2     Category 2        0.673       0.651             0.023            1.719
     USEFUL         JOB
       Category 1     Category 1        0.057       0.047             0.010            1.715
       Category 1     Category 2        0.162       0.172            -0.010           -0.963
       Category 2     Category 1        0.159       0.169            -0.010           -0.976
       Category 2     Category 2        0.622       0.612             0.010            0.748
     USEFUL         ADULT
       Category 1     Category 1        0.029       0.032            -0.003           -0.541
       Category 1     Category 2        0.191       0.188             0.003            0.299
       Category 2     Category 1        0.114       0.112             0.001            0.131
       Category 2     Category 2        0.667       0.668            -0.002           -0.135
     LOGICAL        JOB
       Category 1     Category 1        0.039       0.036             0.003            0.643
       Category 1     Category 2        0.127       0.130            -0.004           -0.376
       Category 2     Category 1        0.176       0.180            -0.004           -0.382
       Category 2     Category 2        0.658       0.653             0.004            0.322
     LOGICAL        ADULT
       Category 1     Category 1        0.021       0.024            -0.002           -0.586
       Category 1     Category 2        0.145       0.142             0.002            0.230
       Category 2     Category 1        0.122       0.120             0.002            0.233
       Category 2     Category 2        0.712       0.713            -0.002           -0.147
     JOB            ADULT
       Category 1     Category 1        0.050       0.031             0.019            4.003
       Category 1     Category 2        0.165       0.185            -0.020           -1.845
       Category 2     Category 1        0.093       0.113            -0.020           -2.232
       Category 2     Category 2        0.691       0.671             0.020            1.548


TECHNICAL 11 OUTPUT

     Random Starts Specifications for the k-1 Class Analysis Model
        Number of initial stage random starts                 200
        Number of final stage optimizations                    50



     VUONG-LO-MENDELL-RUBIN LIKELIHOOD RATIO TEST FOR 1 (H0) VERSUS 2 CLASSES

          H0 Loglikelihood Value                       -10250.604
          2 Times the Loglikelihood Difference           2930.574
          Difference in the Number of Parameters                6
          Mean                                              5.287
          Standard Deviation                                9.781
          P-Value                                          0.0000

     LO-MENDELL-RUBIN ADJUSTED LRT TEST

          Value                                          2870.960
          P-Value                                          0.0000


TECHNICAL 14 OUTPUT

     Random Starts Specifications for the k-1 Class Analysis Model
        Number of initial stage random starts                 200
        Number of final stage optimizations                    50

     Random Starts Specification for the k-1 Class Model for Generated Data
        Number of initial stage random starts                   0
        Number of final stage optimizations for the
           initial stage random starts                          0
     Random Starts Specification for the k Class Model for Generated Data
        Number of initial stage random starts                  40
        Number of final stage optimizations                     8
     Number of bootstrap draws requested                   Varies


     PARAMETRIC BOOTSTRAPPED LIKELIHOOD RATIO TEST FOR 1 (H0) VERSUS 2 CLASSES

          H0 Loglikelihood Value                       -10250.604
          2 Times the Loglikelihood Difference           2930.574
          Difference in the Number of Parameters                6
          Approximate P-Value                              0.0000
          Successful Bootstrap Draws                            5


PLOT INFORMATION

The following plots are available:

  Histograms (sample values)
  Scatterplots (sample values)
  Sample proportions and estimated probabilities

     Beginning Time:  12:19:01
        Ending Time:  12:19:02
       Elapsed Time:  00:00:01



MUTHEN & MUTHEN
3463 Stoner Ave.
Los Angeles, CA  90066

Tel: (310) 391-9971
Fax: (310) 391-8971
Web: www.StatModel.com
Support: Support@StatModel.com

Copyright (c) 1998-2021 Muthen & Muthen
