Mplus VERSION 8.6 (Mac)
MUTHEN & MUTHEN
05/29/2021  12:19 PM

INPUT INSTRUCTIONS

  TITLE:
  Class 3
  DATA:
  FILE = "/Users/agarber/github/NTNU-workshop/21-response-patterns/enum_mplus/lsay.dat";

  VARIABLE:
  NAMES = Enjoy Useful Logical Job Adult;
   MISSING=.;
   categorical = Enjoy-Adult;
  usevar = Enjoy-Adult;
  classes = c(3);
  ANALYSIS:
  estimator = mlr;
      type = mixture;
      starts = 200 50;
      processors = 10;
  OUTPUT:
  sampstat residual tech11 tech14;
  PLOT:
  type = plot3;
       series = Enjoy-Adult(*);



*** WARNING in OUTPUT command
  SAMPSTAT option is not available when all outcomes are censored, ordered
  categorical, unordered categorical (nominal), count or continuous-time
  survival variables.  Request for SAMPSTAT is ignored.
   1 WARNING(S) FOUND IN THE INPUT INSTRUCTIONS




Class 3

SUMMARY OF ANALYSIS

Number of groups                                                 1
Number of observations                                        3061

Number of dependent variables                                    5
Number of independent variables                                  0
Number of continuous latent variables                            0
Number of categorical latent variables                           1

Observed dependent variables

  Binary and ordered categorical (ordinal)
   ENJOY       USEFUL      LOGICAL     JOB         ADULT

Categorical latent variables
   C


Estimator                                                      MLR
Information matrix                                        OBSERVED
Optimization Specifications for the Quasi-Newton Algorithm for
Continuous Outcomes
  Maximum number of iterations                                 100
  Convergence criterion                                  0.100D-05
Optimization Specifications for the EM Algorithm
  Maximum number of iterations                                 500
  Convergence criteria
    Loglikelihood change                                 0.100D-06
    Relative loglikelihood change                        0.100D-06
    Derivative                                           0.100D-05
Optimization Specifications for the M step of the EM Algorithm for
Categorical Latent variables
  Number of M step iterations                                    1
  M step convergence criterion                           0.100D-05
  Basis for M step termination                           ITERATION
Optimization Specifications for the M step of the EM Algorithm for
Censored, Binary or Ordered Categorical (Ordinal), Unordered
Categorical (Nominal) and Count Outcomes
  Number of M step iterations                                    1
  M step convergence criterion                           0.100D-05
  Basis for M step termination                           ITERATION
  Maximum value for logit thresholds                            15
  Minimum value for logit thresholds                           -15
  Minimum expected cell size for chi-square              0.100D-01
Maximum number of iterations for H1                           2000
Convergence criterion for H1                             0.100D-03
Optimization algorithm                                         EMA
Random Starts Specifications
  Number of initial stage random starts                        200
  Number of final stage optimizations                           50
  Number of initial stage iterations                            10
  Initial stage convergence criterion                    0.100D+01
  Random starts scale                                    0.500D+01
  Random seed for generating random starts                       0
Link                                                         LOGIT

Input data file(s)
  /Users/agarber/github/NTNU-workshop/21-response-patterns/enum_mplus/lsay.dat
Input data format  FREE


SUMMARY OF DATA

     Number of missing data patterns            21
     Number of y missing data patterns           0
     Number of u missing data patterns          21


COVARIANCE COVERAGE OF DATA

Minimum covariance coverage value   0.100


     PROPORTION OF DATA PRESENT FOR U


           Covariance Coverage
              ENJOY         USEFUL        LOGICAL       JOB           ADULT
              ________      ________      ________      ________      ________
 ENJOY          0.994
 USEFUL         0.972         0.976
 LOGICAL        0.972         0.960         0.977
 JOB            0.979         0.965         0.966         0.984
 ADULT          0.989         0.973         0.975         0.982         0.994


UNIVARIATE PROPORTIONS AND COUNTS FOR CATEGORICAL VARIABLES

    ENJOY
      Category 1    0.387         1177.000
      Category 2    0.613         1865.000
    USEFUL
      Category 1    0.596         1782.000
      Category 2    0.404         1206.000
    LOGICAL
      Category 1    0.508         1519.000
      Category 2    0.492         1473.000
    JOB
      Category 1    0.596         1796.000
      Category 2    0.404         1216.000
    ADULT
      Category 1    0.539         1639.000
      Category 2    0.461         1404.000


RANDOM STARTS RESULTS RANKED FROM THE BEST TO THE WORST LOGLIKELIHOOD VALUES

Final stage loglikelihood values at local maxima, seeds, and initial stage start numbers:

           -8693.569  281558           184
           -8693.569  25127            107
           -8693.569  253358           2
           -8693.569  569131           26
           -8693.569  247224           94
           -8693.569  551639           55
           -8693.569  268217           83
           -8693.569  728038           177
           -8693.569  695155           150
           -8693.569  372176           23
           -8693.569  570782           193
           -8693.569  992389           77
           -8693.569  152496           123
           -8693.569  392418           28
           -8693.569  107446           12
           -8693.569  unperturbed      0
           -8693.569  22089            143
           -8693.569  319144           176
           -8693.569  40340            188
           -8693.569  120506           45
           -8693.569  100874           108
           -8693.569  931874           141
           -8693.569  311214           64
           -8693.569  347515           24
           -8693.569  411615           171
           -8693.569  321390           133
           -8693.569  741888           138
           -8693.569  76337            76
           -8693.569  475420           71
           -8693.569  436460           89
           -8693.569  723775           97
           -8693.569  696773           80
           -8693.569  443917           60
           -8693.569  526324           178
           -8693.569  804561           59
           -8693.569  726035           191
           -8693.569  456213           160
           -8693.569  437181           135
           -8693.569  960438           116
           -8693.569  195873           6
           -8693.569  479273           156
           -8693.569  635245           121
           -8693.569  587946           120
           -8693.569  645664           39
           -8693.569  440841           118
           -8693.569  402224           91
           -8693.569  85462            51
           -8693.569  851945           18

2 perturbed starting value run(s) did not converge or were rejected in the third stage.



THE BEST LOGLIKELIHOOD VALUE HAS BEEN REPLICATED.  RERUN WITH AT LEAST TWICE THE
RANDOM STARTS TO CHECK THAT THE BEST LOGLIKELIHOOD IS STILL OBTAINED AND REPLICATED.


THE MODEL ESTIMATION TERMINATED NORMALLY



MODEL FIT INFORMATION

Number of Free Parameters                       17

Loglikelihood

          H0 Value                       -8693.569
          H0 Scaling Correction Factor      1.0293
            for MLR

Information Criteria

          Akaike (AIC)                   17421.138
          Bayesian (BIC)                 17523.588
          Sample-Size Adjusted BIC       17469.572
            (n* = (n + 2) / 24)

Chi-Square Test of Model Fit for the Binary and Ordered Categorical
(Ordinal) Outcomes

          Pearson Chi-Square

          Value                             66.232
          Degrees of Freedom                    14
          P-Value                           0.0000

          Likelihood Ratio Chi-Square

          Value                             64.056
          Degrees of Freedom                    14
          P-Value                           0.0000

Chi-Square Test for MCAR under the Unrestricted Latent Class Indicator Model

          Pearson Chi-Square

          Value                            161.488
          Degrees of Freedom                   148
          P-Value                           0.2119

          Likelihood Ratio Chi-Square

          Value                            128.456
          Degrees of Freedom                   148
          P-Value                           0.8751



FINAL CLASS COUNTS AND PROPORTIONS FOR THE LATENT CLASSES
BASED ON THE ESTIMATED MODEL

    Latent
   Classes

       1        845.68037          0.27628
       2       1358.23167          0.44372
       3        857.08796          0.28000


FINAL CLASS COUNTS AND PROPORTIONS FOR THE LATENT CLASSES
BASED ON ESTIMATED POSTERIOR PROBABILITIES

    Latent
   Classes

       1        845.68037          0.27628
       2       1358.23167          0.44372
       3        857.08796          0.28000


FINAL CLASS COUNTS AND PROPORTIONS FOR THE LATENT CLASSES
BASED ON THEIR MOST LIKELY LATENT CLASS MEMBERSHIP

Class Counts and Proportions

    Latent
   Classes

       1              925          0.30219
       2             1191          0.38909
       3              945          0.30872


CLASSIFICATION QUALITY

     Entropy                         0.646


Average Latent Class Probabilities for Most Likely Latent Class Membership (Row)
by Latent Class (Column)

           1        2        3

    1   0.800    0.200    0.000
    2   0.089    0.857    0.055
    3   0.000    0.162    0.838


Classification Probabilities for the Most Likely Latent Class Membership (Column)
by Latent Class (Row)

           1        2        3

    1   0.875    0.125    0.000
    2   0.136    0.751    0.113
    3   0.000    0.076    0.924


Logits for the Classification Probabilities for the Most Likely Latent Class Membership (Column)
by Latent Class (Row)

              1        2        3

    1      9.824    7.878    0.000
    2      0.187    1.896    0.000
    3     -7.857   -2.499    0.000


MODEL RESULTS

                                                    Two-Tailed
                    Estimate       S.E.  Est./S.E.    P-Value

Latent Class 1

 Thresholds
    ENJOY$1            0.892      0.142      6.272      0.000
    USEFUL$1           4.597      2.015      2.281      0.023
    LOGICAL$1          2.664      0.559      4.761      0.000
    JOB$1              3.219      0.435      7.396      0.000
    ADULT$1            4.107      1.577      2.604      0.009

Latent Class 2

 Thresholds
    ENJOY$1           -0.584      0.134     -4.344      0.000
    USEFUL$1           0.686      0.169      4.058      0.000
    LOGICAL$1          0.034      0.145      0.235      0.814
    JOB$1              0.796      0.190      4.180      0.000
    ADULT$1            0.264      0.194      1.363      0.173

Latent Class 3

 Thresholds
    ENJOY$1           -2.042      0.142    -14.350      0.000
    USEFUL$1          -2.213      0.281     -7.862      0.000
    LOGICAL$1         -2.383      0.245     -9.739      0.000
    JOB$1             -2.348      0.274     -8.569      0.000
    ADULT$1           -2.816      0.308     -9.141      0.000

Categorical Latent Variables

 Means
    C#1               -0.013      0.211     -0.063      0.949
    C#2                0.460      0.086      5.378      0.000


QUALITY OF NUMERICAL RESULTS

     Condition Number for the Information Matrix              0.348E-03
       (ratio of smallest to largest eigenvalue)


RESULTS IN PROBABILITY SCALE

                                                    Two-Tailed
                    Estimate       S.E.  Est./S.E.    P-Value

Latent Class 1

 ENJOY
    Category 1         0.709      0.029     24.188      0.000
    Category 2         0.291      0.029      9.913      0.000
 USEFUL
    Category 1         0.990      0.020     49.705      0.000
    Category 2         0.010      0.020      0.501      0.616
 LOGICAL
    Category 1         0.935      0.034     27.439      0.000
    Category 2         0.065      0.034      1.912      0.056
 JOB
    Category 1         0.962      0.016     59.736      0.000
    Category 2         0.038      0.016      2.390      0.017
 ADULT
    Category 1         0.984      0.025     39.151      0.000
    Category 2         0.016      0.025      0.644      0.519

Latent Class 2

 ENJOY
    Category 1         0.358      0.031     11.583      0.000
    Category 2         0.642      0.031     20.773      0.000
 USEFUL
    Category 1         0.665      0.038     17.666      0.000
    Category 2         0.335      0.038      8.898      0.000
 LOGICAL
    Category 1         0.509      0.036     14.049      0.000
    Category 2         0.491      0.036     13.579      0.000
 JOB
    Category 1         0.689      0.041     16.892      0.000
    Category 2         0.311      0.041      7.623      0.000
 ADULT
    Category 1         0.566      0.048     11.893      0.000
    Category 2         0.434      0.048      9.135      0.000

Latent Class 3

 ENJOY
    Category 1         0.115      0.014      7.942      0.000
    Category 2         0.885      0.014     61.172      0.000
 USEFUL
    Category 1         0.099      0.025      3.941      0.000
    Category 2         0.901      0.025     36.035      0.000
 LOGICAL
    Category 1         0.084      0.019      4.464      0.000
    Category 2         0.916      0.019     48.374      0.000
 JOB
    Category 1         0.087      0.022      3.999      0.000
    Category 2         0.913      0.022     41.835      0.000
 ADULT
    Category 1         0.056      0.016      3.440      0.001
    Category 2         0.944      0.016     57.492      0.000


LATENT CLASS INDICATOR ODDS RATIOS FOR THE LATENT CLASSES

                                                95% C.I.
                    Estimate       S.E.  Lower 2.5% Upper 2.5%

Latent Class 1 Compared to Latent Class 2

 ENJOY
    Category > 1       0.229      0.034      0.171      0.305
 USEFUL
    Category > 1       0.020      0.039      0.000      0.909
 LOGICAL
    Category > 1       0.072      0.036      0.027      0.194
 JOB
    Category > 1       0.089      0.039      0.037      0.210
 ADULT
    Category > 1       0.021      0.033      0.001      0.419

Latent Class 1 Compared to Latent Class 3

 ENJOY
    Category > 1       0.053      0.009      0.038      0.075
 USEFUL
    Category > 1       0.001      0.002      0.000      0.044
 LOGICAL
    Category > 1       0.006      0.003      0.003      0.016
 JOB
    Category > 1       0.004      0.002      0.002      0.009
 ADULT
    Category > 1       0.001      0.001      0.000      0.018

Latent Class 2 Compared to Latent Class 3

 ENJOY
    Category > 1       0.233      0.044      0.161      0.337
 USEFUL
    Category > 1       0.055      0.014      0.033      0.092
 LOGICAL
    Category > 1       0.089      0.022      0.055      0.144
 JOB
    Category > 1       0.043      0.011      0.026      0.071
 ADULT
    Category > 1       0.046      0.014      0.025      0.084


RESIDUAL OUTPUT


     UNIVARIATE DISTRIBUTION FIT FOR CLASS 1

     Variable          Observed      Estimated      Residual (Obs.-Est.)    Stand. Residual
     ENJOY
       Category 1        0.709          0.709                  0.000                0.000
       Category 2        0.291          0.291                  0.000                0.000
     USEFUL
       Category 1        0.990          0.990                  0.000                0.000
       Category 2        0.010          0.010                  0.000                0.000
     LOGICAL
       Category 1        0.935          0.935                  0.000                0.000
       Category 2        0.065          0.065                  0.000                0.000
     JOB
       Category 1        0.962          0.962                  0.000                0.000
       Category 2        0.038          0.038                  0.000                0.000
     ADULT
       Category 1        0.984          0.984                  0.000                0.000
       Category 2        0.016          0.016                  0.000                0.000


     BIVARIATE DISTRIBUTIONS FIT FOR CLASS 1

     Variable       Variable          Observed     Estimated    Residual (Obs.-Est.)  Stand. Residual
     ENJOY          USEFUL
       Category 1     Category 1        0.702       0.702            -0.001           -0.043
       Category 1     Category 2        0.007       0.007             0.000            0.092
       Category 2     Category 1        0.289       0.288             0.001            0.052
       Category 2     Category 2        0.003       0.003             0.000           -0.211
     ENJOY          LOGICAL
       Category 1     Category 1        0.665       0.663             0.002            0.132
       Category 1     Category 2        0.044       0.046            -0.002           -0.282
       Category 2     Category 1        0.270       0.272            -0.002           -0.144
       Category 2     Category 2        0.021       0.019             0.002            0.446
     ENJOY          JOB
       Category 1     Category 1        0.680       0.682            -0.002           -0.134
       Category 1     Category 2        0.030       0.027             0.003            0.479
       Category 2     Category 1        0.281       0.280             0.002            0.122
       Category 2     Category 2        0.009       0.011            -0.002           -0.667
     ENJOY          ADULT
       Category 1     Category 1        0.699       0.698             0.001            0.048
       Category 1     Category 2        0.011       0.011             0.000           -0.045
       Category 2     Category 1        0.285       0.286            -0.001           -0.052
       Category 2     Category 2        0.005       0.005             0.000            0.091
     USEFUL         LOGICAL
       Category 1     Category 1        0.927       0.926             0.001            0.154
       Category 1     Category 2        0.063       0.064            -0.001           -0.120
       Category 2     Category 1        0.009       0.009            -0.001           -0.183
       Category 2     Category 2        0.001       0.001             0.000            0.266
     USEFUL         JOB
       Category 1     Category 1        0.952       0.952             0.000            0.020
       Category 1     Category 2        0.038       0.038             0.000           -0.027
       Category 2     Category 1        0.010       0.010             0.000            0.026
       Category 2     Category 2        0.000       0.000             0.000           -0.084
     USEFUL         ADULT
       Category 1     Category 1        0.974       0.974             0.000            0.009
       Category 1     Category 2        0.016       0.016             0.000           -0.007
       Category 2     Category 1        0.010       0.010             0.000            0.004
       Category 2     Category 2        0.000       0.000             0.000           -0.079
     LOGICAL        JOB
       Category 1     Category 1        0.899       0.899             0.000           -0.036
       Category 1     Category 2        0.037       0.036             0.001            0.107
       Category 2     Category 1        0.063       0.063             0.000            0.025
       Category 2     Category 2        0.002       0.003            -0.001           -0.299
     LOGICAL        ADULT
       Category 1     Category 1        0.919       0.920            -0.001           -0.054
       Category 1     Category 2        0.015       0.015             0.000            0.073
       Category 2     Category 1        0.064       0.064             0.000            0.048
       Category 2     Category 2        0.001       0.001             0.000           -0.181
     JOB            ADULT
       Category 1     Category 1        0.947       0.946             0.001            0.069
       Category 1     Category 2        0.015       0.016            -0.001           -0.137
       Category 2     Category 1        0.038       0.038             0.000           -0.041
       Category 2     Category 2        0.001       0.001             0.000            0.366


     UNIVARIATE DISTRIBUTION FIT FOR CLASS 2

     Variable          Observed      Estimated      Residual (Obs.-Est.)    Stand. Residual
     ENJOY
       Category 1        0.358          0.358                  0.000                0.000
       Category 2        0.642          0.642                  0.000                0.000
     USEFUL
       Category 1        0.665          0.665                  0.000                0.000
       Category 2        0.335          0.335                  0.000                0.000
     LOGICAL
       Category 1        0.509          0.509                  0.000                0.000
       Category 2        0.491          0.491                  0.000                0.000
     JOB
       Category 1        0.689          0.689                  0.000                0.000
       Category 2        0.311          0.311                  0.000                0.000
     ADULT
       Category 1        0.566          0.566                  0.000                0.000
       Category 2        0.434          0.434                  0.000                0.000


     BIVARIATE DISTRIBUTIONS FIT FOR CLASS 2

     Variable       Variable          Observed     Estimated    Residual (Obs.-Est.)  Stand. Residual
     ENJOY          USEFUL
       Category 1     Category 1        0.238       0.238             0.000            0.035
       Category 1     Category 2        0.120       0.120             0.001            0.058
       Category 2     Category 1        0.427       0.427             0.000            0.027
       Category 2     Category 2        0.214       0.215            -0.001           -0.114
     ENJOY          LOGICAL
       Category 1     Category 1        0.186       0.182             0.004            0.338
       Category 1     Category 2        0.172       0.176            -0.004           -0.353
       Category 2     Category 1        0.322       0.326            -0.004           -0.326
       Category 2     Category 2        0.320       0.316             0.004            0.338
     ENJOY          JOB
       Category 1     Category 1        0.235       0.247            -0.012           -0.998
       Category 1     Category 2        0.123       0.111             0.011            1.339
       Category 2     Category 1        0.453       0.442             0.011            0.802
       Category 2     Category 2        0.189       0.200            -0.011           -0.973
     ENJOY          ADULT
       Category 1     Category 1        0.212       0.202             0.010            0.873
       Category 1     Category 2        0.147       0.156            -0.009           -0.914
       Category 2     Category 1        0.353       0.363            -0.010           -0.772
       Category 2     Category 2        0.288       0.279             0.010            0.785
     USEFUL         LOGICAL
       Category 1     Category 1        0.362       0.338             0.024            1.857
       Category 1     Category 2        0.307       0.327            -0.020           -1.596
       Category 2     Category 1        0.146       0.170            -0.024           -2.337
       Category 2     Category 2        0.185       0.165             0.020            2.018
     USEFUL         JOB
       Category 1     Category 1        0.454       0.458            -0.004           -0.324
       Category 1     Category 2        0.211       0.207             0.004            0.407
       Category 2     Category 1        0.237       0.231             0.006            0.543
       Category 2     Category 2        0.098       0.104            -0.006           -0.760
     USEFUL         ADULT
       Category 1     Category 1        0.362       0.376            -0.014           -1.061
       Category 1     Category 2        0.304       0.289             0.015            1.204
       Category 2     Category 1        0.203       0.189             0.014            1.274
       Category 2     Category 2        0.131       0.146            -0.014           -1.506
     LOGICAL        JOB
       Category 1     Category 1        0.338       0.350            -0.012           -0.957
       Category 1     Category 2        0.172       0.158             0.014            1.380
       Category 2     Category 1        0.349       0.339             0.010            0.789
       Category 2     Category 2        0.141       0.153            -0.011           -1.169
     LOGICAL        ADULT
       Category 1     Category 1        0.268       0.288            -0.020           -1.617
       Category 1     Category 2        0.240       0.221             0.019            1.703
       Category 2     Category 1        0.296       0.278             0.018            1.470
       Category 2     Category 2        0.196       0.214            -0.017           -1.545
     JOB            ADULT
       Category 1     Category 1        0.416       0.390             0.027            2.019
       Category 1     Category 2        0.272       0.299            -0.027           -2.166
       Category 2     Category 1        0.149       0.176            -0.027           -2.591
       Category 2     Category 2        0.162       0.135             0.027            2.906


     UNIVARIATE DISTRIBUTION FIT FOR CLASS 3

     Variable          Observed      Estimated      Residual (Obs.-Est.)    Stand. Residual
     ENJOY
       Category 1        0.115          0.115                  0.000                0.000
       Category 2        0.885          0.885                  0.000                0.000
     USEFUL
       Category 1        0.099          0.099                  0.000                0.000
       Category 2        0.901          0.901                  0.000                0.000
     LOGICAL
       Category 1        0.084          0.084                  0.000                0.000
       Category 2        0.916          0.916                  0.000                0.000
     JOB
       Category 1        0.087          0.087                  0.000                0.000
       Category 2        0.913          0.913                  0.000                0.000
     ADULT
       Category 1        0.056          0.056                  0.000                0.000
       Category 2        0.944          0.944                  0.000                0.000


     BIVARIATE DISTRIBUTIONS FIT FOR CLASS 3

     Variable       Variable          Observed     Estimated    Residual (Obs.-Est.)  Stand. Residual
     ENJOY          USEFUL
       Category 1     Category 1        0.014       0.011             0.002            0.622
       Category 1     Category 2        0.102       0.104            -0.001           -0.134
       Category 2     Category 1        0.085       0.087            -0.002           -0.193
       Category 2     Category 2        0.799       0.798             0.001            0.073
     ENJOY          LOGICAL
       Category 1     Category 1        0.009       0.010            -0.001           -0.289
       Category 1     Category 2        0.106       0.105             0.001            0.055
       Category 2     Category 1        0.075       0.075             0.001            0.069
       Category 2     Category 2        0.810       0.810             0.000           -0.017
     ENJOY          JOB
       Category 1     Category 1        0.007       0.010            -0.003           -0.839
       Category 1     Category 2        0.109       0.105             0.004            0.347
       Category 2     Category 1        0.080       0.077             0.003            0.334
       Category 2     Category 2        0.804       0.808            -0.004           -0.284
     ENJOY          ADULT
       Category 1     Category 1        0.008       0.006             0.001            0.433
       Category 1     Category 2        0.107       0.108            -0.001           -0.123
       Category 2     Category 1        0.049       0.050            -0.001           -0.133
       Category 2     Category 2        0.836       0.835             0.001            0.087
     USEFUL         LOGICAL
       Category 1     Category 1        0.013       0.008             0.004            1.364
       Category 1     Category 2        0.087       0.090            -0.003           -0.343
       Category 2     Category 1        0.071       0.076            -0.005           -0.591
       Category 2     Category 2        0.830       0.825             0.004            0.345
     USEFUL         JOB
       Category 1     Category 1        0.008       0.009            -0.001           -0.291
       Category 1     Category 2        0.091       0.090             0.001            0.078
       Category 2     Category 1        0.079       0.079             0.001            0.066
       Category 2     Category 2        0.822       0.823             0.000           -0.035
     USEFUL         ADULT
       Category 1     Category 1        0.004       0.006            -0.002           -0.656
       Category 1     Category 2        0.095       0.093             0.002            0.196
       Category 2     Category 1        0.052       0.051             0.001            0.108
       Category 2     Category 2        0.849       0.851            -0.001           -0.090
     LOGICAL        JOB
       Category 1     Category 1        0.007       0.007            -0.001           -0.292
       Category 1     Category 2        0.077       0.077             0.000            0.027
       Category 2     Category 1        0.081       0.080             0.001            0.082
       Category 2     Category 2        0.835       0.836             0.000           -0.012
     LOGICAL        ADULT
       Category 1     Category 1        0.004       0.005            -0.001           -0.484
       Category 1     Category 2        0.081       0.080             0.001            0.106
       Category 2     Category 1        0.053       0.052             0.001            0.149
       Category 2     Category 2        0.863       0.864            -0.001           -0.083
     JOB            ADULT
       Category 1     Category 1        0.006       0.005             0.001            0.555
       Category 1     Category 2        0.081       0.082            -0.002           -0.181
       Category 2     Category 1        0.050       0.052            -0.001           -0.182
       Category 2     Category 2        0.863       0.861             0.002            0.147


TECHNICAL 11 OUTPUT

     Random Starts Specifications for the k-1 Class Analysis Model
        Number of initial stage random starts                 200
        Number of final stage optimizations                    50



     VUONG-LO-MENDELL-RUBIN LIKELIHOOD RATIO TEST FOR 2 (H0) VERSUS 3 CLASSES

          H0 Loglikelihood Value                        -8785.317
          2 Times the Loglikelihood Difference            183.495
          Difference in the Number of Parameters                6
          Mean                                              5.618
          Standard Deviation                                6.915
          P-Value                                          0.0000

     LO-MENDELL-RUBIN ADJUSTED LRT TEST

          Value                                           179.763
          P-Value                                          0.0000


TECHNICAL 14 OUTPUT

     Random Starts Specifications for the k-1 Class Analysis Model
        Number of initial stage random starts                 200
        Number of final stage optimizations                    50

     Random Starts Specification for the k-1 Class Model for Generated Data
        Number of initial stage random starts                   0
        Number of final stage optimizations for the
           initial stage random starts                          0
     Random Starts Specification for the k Class Model for Generated Data
        Number of initial stage random starts                  40
        Number of final stage optimizations                     8
     Number of bootstrap draws requested                   Varies


     PARAMETRIC BOOTSTRAPPED LIKELIHOOD RATIO TEST FOR 2 (H0) VERSUS 3 CLASSES

          H0 Loglikelihood Value                        -8785.317
          2 Times the Loglikelihood Difference            183.495
          Difference in the Number of Parameters                6
          Approximate P-Value                              0.0000
          Successful Bootstrap Draws                            5


PLOT INFORMATION

The following plots are available:

  Histograms (sample values)
  Scatterplots (sample values)
  Sample proportions and estimated probabilities

     Beginning Time:  12:19:03
        Ending Time:  12:19:05
       Elapsed Time:  00:00:02



MUTHEN & MUTHEN
3463 Stoner Ave.
Los Angeles, CA  90066

Tel: (310) 391-9971
Fax: (310) 391-8971
Web: www.StatModel.com
Support: Support@StatModel.com

Copyright (c) 1998-2021 Muthen & Muthen
