Mplus VERSION 8.6 (Mac)
MUTHEN & MUTHEN
05/29/2021  12:19 PM

INPUT INSTRUCTIONS

  TITLE:
  Class 6
  DATA:
  FILE = "/Users/agarber/github/NTNU-workshop/21-response-patterns/enum_mplus/lsay.dat";

  VARIABLE:
  NAMES = Enjoy Useful Logical Job Adult;
   MISSING=.;
   categorical = Enjoy-Adult;
  usevar = Enjoy-Adult;
  classes = c(6);
  ANALYSIS:
  estimator = mlr;
      type = mixture;
      starts = 200 50;
      processors = 10;
  OUTPUT:
  sampstat residual tech11 tech14;
  PLOT:
  type = plot3;
       series = Enjoy-Adult(*);



*** WARNING in OUTPUT command
  SAMPSTAT option is not available when all outcomes are censored, ordered
  categorical, unordered categorical (nominal), count or continuous-time
  survival variables.  Request for SAMPSTAT is ignored.
   1 WARNING(S) FOUND IN THE INPUT INSTRUCTIONS




Class 6

SUMMARY OF ANALYSIS

Number of groups                                                 1
Number of observations                                        3061

Number of dependent variables                                    5
Number of independent variables                                  0
Number of continuous latent variables                            0
Number of categorical latent variables                           1

Observed dependent variables

  Binary and ordered categorical (ordinal)
   ENJOY       USEFUL      LOGICAL     JOB         ADULT

Categorical latent variables
   C


Estimator                                                      MLR
Information matrix                                        OBSERVED
Optimization Specifications for the Quasi-Newton Algorithm for
Continuous Outcomes
  Maximum number of iterations                                 100
  Convergence criterion                                  0.100D-05
Optimization Specifications for the EM Algorithm
  Maximum number of iterations                                 500
  Convergence criteria
    Loglikelihood change                                 0.100D-06
    Relative loglikelihood change                        0.100D-06
    Derivative                                           0.100D-05
Optimization Specifications for the M step of the EM Algorithm for
Categorical Latent variables
  Number of M step iterations                                    1
  M step convergence criterion                           0.100D-05
  Basis for M step termination                           ITERATION
Optimization Specifications for the M step of the EM Algorithm for
Censored, Binary or Ordered Categorical (Ordinal), Unordered
Categorical (Nominal) and Count Outcomes
  Number of M step iterations                                    1
  M step convergence criterion                           0.100D-05
  Basis for M step termination                           ITERATION
  Maximum value for logit thresholds                            15
  Minimum value for logit thresholds                           -15
  Minimum expected cell size for chi-square              0.100D-01
Maximum number of iterations for H1                           2000
Convergence criterion for H1                             0.100D-03
Optimization algorithm                                         EMA
Random Starts Specifications
  Number of initial stage random starts                        200
  Number of final stage optimizations                           50
  Number of initial stage iterations                            10
  Initial stage convergence criterion                    0.100D+01
  Random starts scale                                    0.500D+01
  Random seed for generating random starts                       0
Link                                                         LOGIT

Input data file(s)
  /Users/agarber/github/NTNU-workshop/21-response-patterns/enum_mplus/lsay.dat
Input data format  FREE


SUMMARY OF DATA

     Number of missing data patterns            21
     Number of y missing data patterns           0
     Number of u missing data patterns          21


COVARIANCE COVERAGE OF DATA

Minimum covariance coverage value   0.100


     PROPORTION OF DATA PRESENT FOR U


           Covariance Coverage
              ENJOY         USEFUL        LOGICAL       JOB           ADULT
              ________      ________      ________      ________      ________
 ENJOY          0.994
 USEFUL         0.972         0.976
 LOGICAL        0.972         0.960         0.977
 JOB            0.979         0.965         0.966         0.984
 ADULT          0.989         0.973         0.975         0.982         0.994


UNIVARIATE PROPORTIONS AND COUNTS FOR CATEGORICAL VARIABLES

    ENJOY
      Category 1    0.387         1177.000
      Category 2    0.613         1865.000
    USEFUL
      Category 1    0.596         1782.000
      Category 2    0.404         1206.000
    LOGICAL
      Category 1    0.508         1519.000
      Category 2    0.492         1473.000
    JOB
      Category 1    0.596         1796.000
      Category 2    0.404         1216.000
    ADULT
      Category 1    0.539         1639.000
      Category 2    0.461         1404.000


RANDOM STARTS RESULTS RANKED FROM THE BEST TO THE WORST LOGLIKELIHOOD VALUES

Final stage loglikelihood values at local maxima, seeds, and initial stage start numbers:

           -8661.541  259507           53
           -8661.541  533738           11
           -8661.541  782200           84
           -8661.541  830392           35
           -8661.541  928287           197
           -8661.541  645664           39
           -8661.542  107446           12
           -8661.566  570782           193
           -8661.572  292884           103
           -8661.572  813779           92
           -8661.586  370466           41
           -8661.589  794236           127
           -8661.614  576596           99
           -8661.661  606576           151
           -8661.680  152496           123
           -8661.685  407168           44
           -8661.686  471398           74
           -8661.701  636396           168
           -8661.703  476498           179
           -8661.707  856536           144
           -8661.715  100874           108
           -8661.759  462953           7
           -8661.777  440841           118
           -8662.003  784664           75
           -8662.070  963053           43
           -8662.286  313407           132

24 perturbed starting value run(s) did not converge or were rejected in the third stage.



THE BEST LOGLIKELIHOOD VALUE HAS BEEN REPLICATED.  RERUN WITH AT LEAST TWICE THE
RANDOM STARTS TO CHECK THAT THE BEST LOGLIKELIHOOD IS STILL OBTAINED AND REPLICATED.

     THE STANDARD ERRORS OF THE MODEL PARAMETER ESTIMATES MAY NOT BE
     TRUSTWORTHY FOR SOME PARAMETERS DUE TO A NON-POSITIVE DEFINITE
     FIRST-ORDER DERIVATIVE PRODUCT MATRIX.  THIS MAY BE DUE TO THE STARTING
     VALUES BUT MAY ALSO BE AN INDICATION OF MODEL NONIDENTIFICATION.  THE
     CONDITION NUMBER IS       0.235D-16.  PROBLEM INVOLVING THE FOLLOWING PARAMETER:
     Parameter 33, [ C#3 ]

     ONE OR MORE PARAMETERS WERE FIXED TO AVOID SINGULARITY OF THE
     INFORMATION MATRIX. THE SINGULARITY IS MOST LIKELY BECAUSE THE
     MODEL IS NOT IDENTIFIED, OR BECAUSE OF EMPTY CELLS IN THE JOINT
     DISTRIBUTION OF THE CATEGORICAL VARIABLES IN THE MODEL.
     THE FOLLOWING PARAMETERS WERE FIXED:
     Parameter 34, [ C#4 ]
     Parameter 35, [ C#5 ]
     Parameter 18, %C#4%: [ LOGICAL$1 ]


THE MODEL ESTIMATION TERMINATED NORMALLY

     THE DEGREES OF FREEDOM FOR THIS MODEL ARE NEGATIVE.  THE MODEL IS NOT
     IDENTIFIED OR TOO MANY CELLS WERE DELETED.  A CHI-SQUARE TEST IS NOT
     AVAILABLE.



MODEL FIT INFORMATION

Number of Free Parameters                       35

Loglikelihood

          H0 Value                       -8661.541
          H0 Scaling Correction Factor      0.8881
            for MLR

Information Criteria

          Akaike (AIC)                   17393.082
          Bayesian (BIC)                 17604.009
          Sample-Size Adjusted BIC       17492.800
            (n* = (n + 2) / 24)



FINAL CLASS COUNTS AND PROPORTIONS FOR THE LATENT CLASSES
BASED ON THE ESTIMATED MODEL

    Latent
   Classes

       1        900.41362          0.29416
       2        310.44868          0.10142
       3        352.70734          0.11523
       4        282.42933          0.09227
       5        291.77890          0.09532
       6        923.22213          0.30161


FINAL CLASS COUNTS AND PROPORTIONS FOR THE LATENT CLASSES
BASED ON ESTIMATED POSTERIOR PROBABILITIES

    Latent
   Classes

       1        900.41362          0.29416
       2        310.44868          0.10142
       3        352.70734          0.11523
       4        282.42933          0.09227
       5        291.77890          0.09532
       6        923.22213          0.30161


FINAL CLASS COUNTS AND PROPORTIONS FOR THE LATENT CLASSES
BASED ON THEIR MOST LIKELY LATENT CLASS MEMBERSHIP

Class Counts and Proportions

    Latent
   Classes

       1              912          0.29794
       2              350          0.11434
       3              308          0.10062
       4              281          0.09180
       5              183          0.05978
       6             1027          0.33551


CLASSIFICATION QUALITY

     Entropy                         0.640


Average Latent Class Probabilities for Most Likely Latent Class Membership (Row)
by Latent Class (Column)

           1        2        3        4        5        6

    1   0.908    0.012    0.033    0.024    0.023    0.001
    2   0.119    0.618    0.159    0.087    0.011    0.007
    3   0.020    0.024    0.557    0.002    0.302    0.095
    4   0.049    0.171    0.098    0.514    0.084    0.084
    5   0.057    0.064    0.176    0.081    0.548    0.074
    6   0.001    0.016    0.035    0.069    0.049    0.831


Classification Probabilities for the Most Likely Latent Class Membership (Column)
by Latent Class (Row)

           1        2        3        4        5        6

    1   0.919    0.046    0.007    0.015    0.011    0.001
    2   0.035    0.697    0.024    0.155    0.037    0.052
    3   0.085    0.157    0.487    0.078    0.091    0.101
    4   0.076    0.108    0.002    0.511    0.052    0.250
    5   0.070    0.013    0.319    0.081    0.344    0.173
    6   0.001    0.003    0.032    0.026    0.015    0.924


Logits for the Classification Probabilities for the Most Likely Latent Class Membership (Column)
by Latent Class (Row)

              1        2        3        4        5        6

    1      7.232    4.239    2.343    3.139    2.849    0.000
    2     -0.392    2.597   -0.763    1.093   -0.325    0.000
    3     -0.172    0.439    1.569   -0.265   -0.103    0.000
    4     -1.190   -0.842   -4.955    0.714   -1.566    0.000
    5     -0.899   -2.579    0.612   -0.756    0.688    0.000
    6     -6.693   -5.853   -3.378   -3.588   -4.138    0.000


MODEL RESULTS

                                                    Two-Tailed
                    Estimate       S.E.  Est./S.E.    P-Value

Latent Class 1

 Thresholds
    ENJOY$1           -1.942      0.877     -2.215      0.027
    USEFUL$1          -2.927      2.190     -1.337      0.181
    LOGICAL$1         -2.340      0.345     -6.791      0.000
    JOB$1             -1.928      0.563     -3.424      0.001
    ADULT$1           -2.649      1.067     -2.483      0.013

Latent Class 2

 Thresholds
    ENJOY$1           -0.694      0.408     -1.702      0.089
    USEFUL$1           3.611     67.940      0.053      0.958
    LOGICAL$1         -0.189      6.543     -0.029      0.977
    JOB$1             -0.439     10.323     -0.043      0.966
    ADULT$1           -2.042      4.672     -0.437      0.662

Latent Class 3

 Thresholds
    ENJOY$1           -0.895      5.680     -0.158      0.875
    USEFUL$1           0.806      1.184      0.681      0.496
    LOGICAL$1         -1.469     29.058     -0.051      0.960
    JOB$1              2.753     17.025      0.162      0.872
    ADULT$1            0.936     10.830      0.086      0.931

Latent Class 4

 Thresholds
    ENJOY$1           -0.707      1.271     -0.556      0.578
    USEFUL$1           0.452      4.976      0.091      0.928
    LOGICAL$1         10.315      0.000    999.000    999.000
    JOB$1              0.903      9.446      0.096      0.924
    ADULT$1           -0.372     13.507     -0.028      0.978

Latent Class 5

 Thresholds
    ENJOY$1           -0.033      4.297     -0.008      0.994
    USEFUL$1           0.106      1.436      0.074      0.941
    LOGICAL$1         -0.727      1.818     -0.400      0.689
    JOB$1              0.623      4.173      0.149      0.881
    ADULT$1            3.410     81.039      0.042      0.966

Latent Class 6

 Thresholds
    ENJOY$1            0.760      0.952      0.799      0.425
    USEFUL$1           4.001      3.727      1.074      0.283
    LOGICAL$1          3.278      7.618      0.430      0.667
    JOB$1              2.710      0.465      5.829      0.000
    ADULT$1            3.769      1.488      2.533      0.011

Categorical Latent Variables

 Means
    C#1               -0.025      0.911     -0.027      0.978
    C#2               -1.090      6.939     -0.157      0.875
    C#3               -0.962     10.238     -0.094      0.925
    C#4               -1.184      0.000    999.000    999.000
    C#5               -1.152      0.000    999.000    999.000


QUALITY OF NUMERICAL RESULTS

     Condition Number for the Information Matrix              0.290E-08
       (ratio of smallest to largest eigenvalue)


RESULTS IN PROBABILITY SCALE

                                                    Two-Tailed
                    Estimate       S.E.  Est./S.E.    P-Value

Latent Class 1

 ENJOY
    Category 1         0.125      0.096      1.304      0.192
    Category 2         0.875      0.096      9.091      0.000
 USEFUL
    Category 1         0.051      0.106      0.481      0.630
    Category 2         0.949      0.106      8.981      0.000
 LOGICAL
    Category 1         0.088      0.028      3.182      0.001
    Category 2         0.912      0.028     33.027      0.000
 JOB
    Category 1         0.127      0.062      2.034      0.042
    Category 2         0.873      0.062     13.985      0.000
 ADULT
    Category 1         0.066      0.066      1.004      0.316
    Category 2         0.934      0.066     14.192      0.000

Latent Class 2

 ENJOY
    Category 1         0.333      0.091      3.676      0.000
    Category 2         0.667      0.091      7.361      0.000
 USEFUL
    Category 1         0.974      1.741      0.559      0.576
    Category 2         0.026      1.741      0.015      0.988
 LOGICAL
    Category 1         0.453      1.621      0.279      0.780
    Category 2         0.547      1.621      0.338      0.736
 JOB
    Category 1         0.392      2.460      0.159      0.873
    Category 2         0.608      2.460      0.247      0.805
 ADULT
    Category 1         0.115      0.475      0.242      0.809
    Category 2         0.885      0.475      1.863      0.062

Latent Class 3

 ENJOY
    Category 1         0.290      1.170      0.248      0.804
    Category 2         0.710      1.170      0.607      0.544
 USEFUL
    Category 1         0.691      0.253      2.735      0.006
    Category 2         0.309      0.253      1.222      0.222
 LOGICAL
    Category 1         0.187      4.420      0.042      0.966
    Category 2         0.813      4.420      0.184      0.854
 JOB
    Category 1         0.940      0.959      0.980      0.327
    Category 2         0.060      0.959      0.062      0.950
 ADULT
    Category 1         0.718      2.192      0.328      0.743
    Category 2         0.282      2.192      0.129      0.898

Latent Class 4

 ENJOY
    Category 1         0.330      0.281      1.175      0.240
    Category 2         0.670      0.281      2.382      0.017
 USEFUL
    Category 1         0.611      1.182      0.517      0.605
    Category 2         0.389      1.182      0.329      0.742
 LOGICAL
    Category 1         1.000      0.000      0.000      1.000
    Category 2         0.000      0.000      0.000      1.000
 JOB
    Category 1         0.712      1.939      0.367      0.714
    Category 2         0.288      1.939      0.149      0.882
 ADULT
    Category 1         0.408      3.263      0.125      0.900
    Category 2         0.592      3.263      0.181      0.856

Latent Class 5

 ENJOY
    Category 1         0.492      1.074      0.458      0.647
    Category 2         0.508      1.074      0.473      0.636
 USEFUL
    Category 1         0.526      0.358      1.470      0.141
    Category 2         0.474      0.358      1.323      0.186
 LOGICAL
    Category 1         0.326      0.399      0.816      0.415
    Category 2         0.674      0.399      1.688      0.091
 JOB
    Category 1         0.651      0.948      0.687      0.492
    Category 2         0.349      0.948      0.368      0.713
 ADULT
    Category 1         0.968      2.510      0.386      0.700
    Category 2         0.032      2.510      0.013      0.990

Latent Class 6

 ENJOY
    Category 1         0.681      0.207      3.297      0.001
    Category 2         0.319      0.207      1.541      0.123
 USEFUL
    Category 1         0.982      0.066     14.935      0.000
    Category 2         0.018      0.066      0.273      0.785
 LOGICAL
    Category 1         0.964      0.267      3.612      0.000
    Category 2         0.036      0.267      0.136      0.892
 JOB
    Category 1         0.938      0.027     34.471      0.000
    Category 2         0.062      0.027      2.294      0.022
 ADULT
    Category 1         0.977      0.033     29.798      0.000
    Category 2         0.023      0.033      0.687      0.492


LATENT CLASS INDICATOR ODDS RATIOS FOR THE LATENT CLASSES

                                                95% C.I.
                    Estimate       S.E.  Lower 2.5% Upper 2.5%

Latent Class 1 Compared to Latent Class 2

 ENJOY
    Category > 1       3.482      3.731      0.426     28.445
 USEFUL
    Category > 1     690.585  48015.242      0.000  *********
 LOGICAL
    Category > 1       8.590     54.937      0.000  *********
 JOB
    Category > 1       4.432     43.499      0.000  *********
 ADULT
    Category > 1       1.835      7.221      0.001   4106.079

Latent Class 1 Compared to Latent Class 3

 ENJOY
    Category > 1       2.850     13.759      0.000  36674.297
 USEFUL
    Category > 1      41.782    132.016      0.085  20441.990
 LOGICAL
    Category > 1       2.390     69.812      0.000  *********
 JOB
    Category > 1     107.815   1884.163      0.000  *********
 ADULT
    Category > 1      36.038    355.579      0.000  *********

Latent Class 1 Compared to Latent Class 4

 ENJOY
    Category > 1       3.439      1.830      1.212      9.759
 USEFUL
    Category > 1      29.344    200.581      0.000  *********
 LOGICAL
    Category > 1   *********  *********  *********  *********
 JOB
    Category > 1      16.959    152.106      0.000  *********
 ADULT
    Category > 1       9.750    122.532      0.000  *********

Latent Class 1 Compared to Latent Class 5

 ENJOY
    Category > 1       6.744     34.672      0.000  *********
 USEFUL
    Category > 1      20.751     69.742      0.029  15062.746
 LOGICAL
    Category > 1       5.015      9.479      0.123    203.789
 JOB
    Category > 1      12.824     47.437      0.009  18065.213
 ADULT
    Category > 1     427.849  35091.129      0.000  *********

Latent Class 1 Compared to Latent Class 6

 ENJOY
    Category > 1      14.914      3.048      9.991     22.263
 USEFUL
    Category > 1    1020.165   2748.133      5.196  *********
 LOGICAL
    Category > 1     275.201   2131.303      0.000  *********
 JOB
    Category > 1     103.282     95.458     16.877    632.059
 ADULT
    Category > 1     612.973    845.342     41.071   9148.346

Latent Class 2 Compared to Latent Class 3

 ENJOY
    Category > 1       0.818      4.777      0.000  76112.969
 USEFUL
    Category > 1       0.061      4.053      0.000  *********
 LOGICAL
    Category > 1       0.278      9.896      0.000  *********
 JOB
    Category > 1      24.329    652.131      0.000  *********
 ADULT
    Category > 1      19.639    155.210      0.000  *********

Latent Class 2 Compared to Latent Class 4

 ENJOY
    Category > 1       0.988      1.464      0.054     18.035
 USEFUL
    Category > 1       0.042      2.687      0.000  *********
 LOGICAL
    Category > 1   36480.312  *********      0.098  *********
 JOB
    Category > 1       3.827     11.100      0.013   1127.144
 ADULT
    Category > 1       5.314     54.449      0.000  *********

Latent Class 2 Compared to Latent Class 5

 ENJOY
    Category > 1       1.937      8.093      0.001   6978.283
 USEFUL
    Category > 1       0.030      2.006      0.000  *********
 LOGICAL
    Category > 1       0.584      4.714      0.000  *********
 JOB
    Category > 1       2.894     18.236      0.000  *********
 ADULT
    Category > 1     233.157  19677.041      0.000  *********

Latent Class 2 Compared to Latent Class 6

 ENJOY
    Category > 1       4.283      4.903      0.454     40.381
 USEFUL
    Category > 1       1.477    105.156      0.000  *********
 LOGICAL
    Category > 1      32.037    449.225      0.000  *********
 JOB
    Category > 1      23.306    247.860      0.000  *********
 ADULT
    Category > 1     334.041   1357.952      0.116  *********

Latent Class 3 Compared to Latent Class 4

 ENJOY
    Category > 1       1.207      5.406      0.000   7846.404
 USEFUL
    Category > 1       0.702      2.764      0.000   1570.642
 LOGICAL
    Category > 1   *********  *********      0.000  *********
 JOB
    Category > 1       0.157      3.979      0.000  *********
 ADULT
    Category > 1       0.271      0.870      0.000    148.111

Latent Class 3 Compared to Latent Class 5

 ENJOY
    Category > 1       2.366     23.543      0.000  *********
 USEFUL
    Category > 1       0.497      0.527      0.062      3.981
 LOGICAL
    Category > 1       2.099     58.004      0.000  *********
 JOB
    Category > 1       0.119      2.506      0.000  *********
 ADULT
    Category > 1      11.872   1088.349      0.000  *********

Latent Class 3 Compared to Latent Class 6

 ENJOY
    Category > 1       5.233     24.981      0.000  60547.516
 USEFUL
    Category > 1      24.416    116.466      0.002  *********
 LOGICAL
    Category > 1     115.167   2525.545      0.000  *********
 JOB
    Category > 1       0.958     15.993      0.000  *********
 ADULT
    Category > 1      17.009    172.447      0.000  *********

Latent Class 4 Compared to Latent Class 5

 ENJOY
    Category > 1       1.961     10.812      0.000  96711.773
 USEFUL
    Category > 1       0.707      2.708      0.000   1285.373
 LOGICAL
    Category > 1       0.000      0.000      0.000      0.001
 JOB
    Category > 1       0.756      4.441      0.000  75574.617
 ADULT
    Category > 1      43.880   4126.588      0.000  *********

Latent Class 4 Compared to Latent Class 6

 ENJOY
    Category > 1       4.337      2.193      1.609     11.685
 USEFUL
    Category > 1      34.766    295.409      0.000  *********
 LOGICAL
    Category > 1       0.001      0.007      0.000   2678.680
 JOB
    Category > 1       6.090     59.286      0.000  *********
 ADULT
    Category > 1      62.866    805.800      0.000  *********

Latent Class 5 Compared to Latent Class 6

 ENJOY
    Category > 1       2.211     11.492      0.000  58655.902
 USEFUL
    Category > 1      49.162    243.596      0.003  *********
 LOGICAL
    Category > 1      54.876    339.302      0.000  *********
 JOB
    Category > 1       8.054     36.210      0.001  54066.301
 ADULT
    Category > 1       1.433    117.125      0.000  *********


RESIDUAL OUTPUT


     UNIVARIATE DISTRIBUTION FIT FOR CLASS 1

     Variable          Observed      Estimated      Residual (Obs.-Est.)    Stand. Residual
     ENJOY
       Category 1        0.125          0.125                  0.000                0.000
       Category 2        0.875          0.875                  0.000                0.000
     USEFUL
       Category 1        0.051          0.051                  0.000                0.000
       Category 2        0.949          0.949                  0.000                0.000
     LOGICAL
       Category 1        0.088          0.088                  0.000                0.000
       Category 2        0.912          0.912                  0.000                0.000
     JOB
       Category 1        0.127          0.127                  0.000                0.000
       Category 2        0.873          0.873                  0.000                0.000
     ADULT
       Category 1        0.066          0.066                  0.000                0.000
       Category 2        0.934          0.934                  0.000                0.000


     BIVARIATE DISTRIBUTIONS FIT FOR CLASS 1

     Variable       Variable          Observed     Estimated    Residual (Obs.-Est.)  Stand. Residual
     ENJOY          USEFUL
       Category 1     Category 1        0.006       0.006             0.000            0.030
       Category 1     Category 2        0.120       0.119             0.001            0.089
       Category 2     Category 1        0.045       0.044             0.000            0.018
       Category 2     Category 2        0.829       0.830            -0.001           -0.093
     ENJOY          LOGICAL
       Category 1     Category 1        0.011       0.011             0.000           -0.032
       Category 1     Category 2        0.114       0.114            -0.001           -0.052
       Category 2     Category 1        0.077       0.077             0.000           -0.034
       Category 2     Category 2        0.799       0.798             0.001            0.072
     ENJOY          JOB
       Category 1     Category 1        0.016       0.016             0.000            0.034
       Category 1     Category 2        0.110       0.110             0.001            0.068
       Category 2     Category 1        0.111       0.111             0.000            0.012
       Category 2     Category 2        0.763       0.764            -0.001           -0.069
     ENJOY          ADULT
       Category 1     Category 1        0.008       0.008             0.000            0.007
       Category 1     Category 2        0.117       0.117             0.000           -0.013
       Category 2     Category 1        0.058       0.058             0.000            0.028
       Category 2     Category 2        0.817       0.817             0.000           -0.008
     USEFUL         LOGICAL
       Category 1     Category 1        0.004       0.004             0.000            0.002
       Category 1     Category 2        0.047       0.046             0.000            0.071
       Category 2     Category 1        0.083       0.083            -0.001           -0.085
       Category 2     Category 2        0.866       0.866             0.000            0.025
     USEFUL         JOB
       Category 1     Category 1        0.006       0.006             0.000           -0.015
       Category 1     Category 2        0.044       0.044             0.000           -0.014
       Category 2     Category 1        0.120       0.121             0.000           -0.040
       Category 2     Category 2        0.829       0.829             0.001            0.045
     USEFUL         ADULT
       Category 1     Category 1        0.003       0.003             0.000           -0.029
       Category 1     Category 2        0.048       0.047             0.000            0.030
       Category 2     Category 1        0.061       0.063            -0.001           -0.153
       Category 2     Category 2        0.888       0.886             0.001            0.102
     LOGICAL        JOB
       Category 1     Category 1        0.011       0.011             0.000           -0.034
       Category 1     Category 2        0.076       0.077            -0.001           -0.076
       Category 2     Category 1        0.116       0.116             0.000           -0.007
       Category 2     Category 2        0.797       0.796             0.001            0.065
     LOGICAL        ADULT
       Category 1     Category 1        0.006       0.006             0.000           -0.010
       Category 1     Category 2        0.082       0.082             0.000           -0.012
       Category 2     Category 1        0.060       0.060             0.000           -0.021
       Category 2     Category 2        0.852       0.852             0.000            0.025
     JOB            ADULT
       Category 1     Category 1        0.008       0.008             0.000           -0.009
       Category 1     Category 2        0.118       0.119             0.000           -0.045
       Category 2     Category 1        0.058       0.058             0.000            0.009
       Category 2     Category 2        0.816       0.815             0.000            0.034


     UNIVARIATE DISTRIBUTION FIT FOR CLASS 2

     Variable          Observed      Estimated      Residual (Obs.-Est.)    Stand. Residual
     ENJOY
       Category 1        0.333          0.333                  0.000                0.000
       Category 2        0.667          0.667                  0.000                0.000
     USEFUL
       Category 1        0.974          0.974                  0.000                0.000
       Category 2        0.026          0.026                  0.000                0.000
     LOGICAL
       Category 1        0.453          0.453                  0.000                0.000
       Category 2        0.547          0.547                  0.000                0.000
     JOB
       Category 1        0.392          0.392                  0.000                0.000
       Category 2        0.608          0.608                  0.000                0.000
     ADULT
       Category 1        0.115          0.115                  0.000                0.000
       Category 2        0.885          0.885                  0.000                0.000


     BIVARIATE DISTRIBUTIONS FIT FOR CLASS 2

     Variable       Variable          Observed     Estimated    Residual (Obs.-Est.)  Stand. Residual
     ENJOY          USEFUL
       Category 1     Category 1        0.326       0.324             0.002            0.078
       Category 1     Category 2        0.009       0.009             0.000            0.003
       Category 2     Category 1        0.647       0.649            -0.002           -0.072
       Category 2     Category 2        0.017       0.018             0.000           -0.018
     ENJOY          LOGICAL
       Category 1     Category 1        0.152       0.151             0.001            0.041
       Category 1     Category 2        0.183       0.182             0.001            0.044
       Category 2     Category 1        0.301       0.302            -0.001           -0.029
       Category 2     Category 2        0.364       0.365            -0.001           -0.038
     ENJOY          JOB
       Category 1     Category 1        0.130       0.131             0.000           -0.018
       Category 1     Category 2        0.202       0.203             0.000           -0.004
       Category 2     Category 1        0.261       0.261             0.000           -0.007
       Category 2     Category 2        0.406       0.406             0.001            0.022
     ENJOY          ADULT
       Category 1     Category 1        0.038       0.038             0.000            0.004
       Category 1     Category 2        0.295       0.295             0.000            0.019
       Category 2     Category 1        0.077       0.077             0.000           -0.006
       Category 2     Category 2        0.590       0.590             0.000           -0.016
     USEFUL         LOGICAL
       Category 1     Category 1        0.439       0.441            -0.002           -0.055
       Category 1     Category 2        0.535       0.533             0.002            0.066
       Category 2     Category 1        0.012       0.012             0.000           -0.030
       Category 2     Category 2        0.014       0.014             0.000           -0.018
     USEFUL         JOB
       Category 1     Category 1        0.382       0.382             0.000            0.005
       Category 1     Category 2        0.592       0.592             0.000           -0.004
       Category 2     Category 1        0.010       0.010             0.000           -0.002
       Category 2     Category 2        0.016       0.016             0.000           -0.004
     USEFUL         ADULT
       Category 1     Category 1        0.111       0.112            -0.001           -0.053
       Category 1     Category 2        0.863       0.862             0.001            0.053
       Category 2     Category 1        0.003       0.003             0.000           -0.011
       Category 2     Category 2        0.023       0.023             0.000           -0.005
     LOGICAL        JOB
       Category 1     Category 1        0.177       0.178            -0.001           -0.041
       Category 1     Category 2        0.277       0.275             0.001            0.047
       Category 2     Category 1        0.213       0.214            -0.001           -0.057
       Category 2     Category 2        0.334       0.333             0.001            0.039
     LOGICAL        ADULT
       Category 1     Category 1        0.052       0.052             0.000           -0.036
       Category 1     Category 2        0.400       0.401            -0.001           -0.022
       Category 2     Category 1        0.063       0.063             0.000           -0.020
       Category 2     Category 2        0.486       0.484             0.001            0.047
     JOB            ADULT
       Category 1     Category 1        0.045       0.045             0.000           -0.007
       Category 1     Category 2        0.347       0.347             0.000            0.003
       Category 2     Category 1        0.070       0.070             0.000           -0.008
       Category 2     Category 2        0.538       0.538             0.000            0.004


     UNIVARIATE DISTRIBUTION FIT FOR CLASS 3

     Variable          Observed      Estimated      Residual (Obs.-Est.)    Stand. Residual
     ENJOY
       Category 1        0.290          0.290                  0.000                0.000
       Category 2        0.710          0.710                  0.000                0.000
     USEFUL
       Category 1        0.691          0.691                  0.000                0.000
       Category 2        0.309          0.309                  0.000                0.000
     LOGICAL
       Category 1        0.187          0.187                  0.000                0.000
       Category 2        0.813          0.813                  0.000                0.000
     JOB
       Category 1        0.940          0.940                  0.000                0.000
       Category 2        0.060          0.060                  0.000                0.000
     ADULT
       Category 1        0.718          0.718                  0.000                0.000
       Category 2        0.282          0.282                  0.000                0.000


     BIVARIATE DISTRIBUTIONS FIT FOR CLASS 3

     Variable       Variable          Observed     Estimated    Residual (Obs.-Est.)  Stand. Residual
     ENJOY          USEFUL
       Category 1     Category 1        0.200       0.201            -0.001           -0.031
       Category 1     Category 2        0.089       0.090             0.000           -0.023
       Category 2     Category 1        0.491       0.491             0.001            0.030
       Category 2     Category 2        0.219       0.219             0.000            0.010
     ENJOY          LOGICAL
       Category 1     Category 1        0.054       0.054             0.000           -0.028
       Category 1     Category 2        0.236       0.236             0.000           -0.013
       Category 2     Category 1        0.132       0.133             0.000           -0.023
       Category 2     Category 2        0.578       0.577             0.001            0.040
     ENJOY          JOB
       Category 1     Category 1        0.273       0.273             0.001            0.027
       Category 1     Category 2        0.017       0.017             0.000            0.014
       Category 2     Category 1        0.666       0.667            -0.001           -0.033
       Category 2     Category 2        0.043       0.043             0.000            0.008
     ENJOY          ADULT
       Category 1     Category 1        0.208       0.208             0.000            0.004
       Category 1     Category 2        0.082       0.082             0.000            0.015
       Category 2     Category 1        0.509       0.510            -0.001           -0.021
       Category 2     Category 2        0.200       0.200             0.000            0.011
     USEFUL         LOGICAL
       Category 1     Category 1        0.130       0.129             0.001            0.054
       Category 1     Category 2        0.565       0.562             0.003            0.113
       Category 2     Category 1        0.057       0.058            -0.001           -0.052
       Category 2     Category 2        0.248       0.251            -0.003           -0.143
     USEFUL         JOB
       Category 1     Category 1        0.650       0.650             0.000            0.005
       Category 1     Category 2        0.041       0.041            -0.001           -0.052
       Category 2     Category 1        0.291       0.290             0.001            0.027
       Category 2     Category 2        0.018       0.019             0.000           -0.029
     USEFUL         ADULT
       Category 1     Category 1        0.498       0.496             0.001            0.044
       Category 1     Category 2        0.195       0.195             0.000            0.008
       Category 2     Category 1        0.221       0.222            -0.001           -0.039
       Category 2     Category 2        0.087       0.087             0.000           -0.032
     LOGICAL        JOB
       Category 1     Category 1        0.177       0.176             0.001            0.050
       Category 1     Category 2        0.011       0.011             0.000            0.027
       Category 2     Category 1        0.763       0.764            -0.001           -0.064
       Category 2     Category 2        0.049       0.049             0.000            0.025
     LOGICAL        ADULT
       Category 1     Category 1        0.134       0.134            -0.001           -0.029
       Category 1     Category 2        0.053       0.053             0.000            0.008
       Category 2     Category 1        0.583       0.584            -0.001           -0.025
       Category 2     Category 2        0.230       0.229             0.001            0.048
     JOB            ADULT
       Category 1     Category 1        0.674       0.675            -0.001           -0.031
       Category 1     Category 2        0.266       0.265             0.001            0.030
       Category 2     Category 1        0.043       0.043             0.000            0.000
       Category 2     Category 2        0.017       0.017             0.000            0.009


     UNIVARIATE DISTRIBUTION FIT FOR CLASS 4

     Variable          Observed      Estimated      Residual (Obs.-Est.)    Stand. Residual
     ENJOY
       Category 1        0.330          0.330                  0.000                0.000
       Category 2        0.670          0.670                  0.000                0.000
     USEFUL
       Category 1        0.611          0.611                  0.000                0.000
       Category 2        0.389          0.389                  0.000                0.000
     LOGICAL
       Category 1        1.000          1.000                  0.000                0.000
       Category 2        0.000          0.000                  0.000                0.000
     JOB
       Category 1        0.712          0.712                  0.000                0.000
       Category 2        0.288          0.288                  0.000                0.000
     ADULT
       Category 1        0.408          0.408                  0.000                0.000
       Category 2        0.592          0.592                  0.000                0.000


     BIVARIATE DISTRIBUTIONS FIT FOR CLASS 4

     Variable       Variable          Observed     Estimated    Residual (Obs.-Est.)  Stand. Residual
     ENJOY          USEFUL
       Category 1     Category 1        0.203       0.202             0.001            0.055
       Category 1     Category 2        0.128       0.128             0.000            0.000
       Category 2     Category 1        0.410       0.409             0.000            0.008
       Category 2     Category 2        0.259       0.260            -0.002           -0.059
     ENJOY          LOGICAL
       Category 1     Category 1        0.330       0.330             0.000           -0.010
       Category 1     Category 2        0.000       0.000             0.000            0.000
       Category 2     Category 1        0.670       0.670             0.000            0.010
       Category 2     Category 2        0.000       0.000             0.000            0.000
     ENJOY          JOB
       Category 1     Category 1        0.234       0.235            -0.001           -0.044
       Category 1     Category 2        0.095       0.095             0.000           -0.001
       Category 2     Category 1        0.477       0.477             0.000            0.006
       Category 2     Category 2        0.194       0.193             0.001            0.040
     ENJOY          ADULT
       Category 1     Category 1        0.135       0.135             0.000           -0.004
       Category 1     Category 2        0.196       0.196             0.001            0.037
       Category 2     Category 1        0.272       0.273            -0.001           -0.042
       Category 2     Category 2        0.397       0.396             0.000            0.012
     USEFUL         LOGICAL
       Category 1     Category 1        0.614       0.611             0.003            0.109
       Category 1     Category 2        0.000       0.000             0.000            0.001
       Category 2     Category 1        0.386       0.389            -0.003           -0.109
       Category 2     Category 2        0.000       0.000             0.000            0.000
     USEFUL         JOB
       Category 1     Category 1        0.437       0.435             0.002            0.061
       Category 1     Category 2        0.175       0.176            -0.001           -0.058
       Category 2     Category 1        0.277       0.277             0.001            0.022
       Category 2     Category 2        0.111       0.112            -0.001           -0.056
     USEFUL         ADULT
       Category 1     Category 1        0.250       0.249             0.000            0.018
       Category 1     Category 2        0.362       0.362             0.000           -0.004
       Category 2     Category 1        0.159       0.159             0.000            0.003
       Category 2     Category 2        0.230       0.230             0.000           -0.016
     LOGICAL        JOB
       Category 1     Category 1        0.710       0.712            -0.002           -0.067
       Category 1     Category 2        0.290       0.288             0.002            0.067
       Category 2     Category 1        0.000       0.000             0.000            0.000
       Category 2     Category 2        0.000       0.000             0.000            0.000
     LOGICAL        ADULT
       Category 1     Category 1        0.407       0.408            -0.002           -0.055
       Category 1     Category 2        0.593       0.592             0.002            0.055
       Category 2     Category 1        0.000       0.000             0.000            0.000
       Category 2     Category 2        0.000       0.000             0.000            0.000
     JOB            ADULT
       Category 1     Category 1        0.292       0.290             0.001            0.049
       Category 1     Category 2        0.420       0.421            -0.001           -0.049
       Category 2     Category 1        0.118       0.118             0.001            0.031
       Category 2     Category 2        0.170       0.171             0.000           -0.022


     UNIVARIATE DISTRIBUTION FIT FOR CLASS 5

     Variable          Observed      Estimated      Residual (Obs.-Est.)    Stand. Residual
     ENJOY
       Category 1        0.492          0.492                  0.000                0.000
       Category 2        0.508          0.508                  0.000                0.000
     USEFUL
       Category 1        0.526          0.526                  0.000                0.000
       Category 2        0.474          0.474                  0.000                0.000
     LOGICAL
       Category 1        0.326          0.326                  0.000                0.000
       Category 2        0.674          0.674                  0.000                0.000
     JOB
       Category 1        0.651          0.651                  0.000                0.000
       Category 2        0.349          0.349                  0.000                0.000
     ADULT
       Category 1        0.968          0.968                  0.000                0.000
       Category 2        0.032          0.032                  0.000                0.000


     BIVARIATE DISTRIBUTIONS FIT FOR CLASS 5

     Variable       Variable          Observed     Estimated    Residual (Obs.-Est.)  Stand. Residual
     ENJOY          USEFUL
       Category 1     Category 1        0.259       0.259             0.001            0.021
       Category 1     Category 2        0.233       0.233             0.000           -0.003
       Category 2     Category 1        0.268       0.268             0.000            0.002
       Category 2     Category 2        0.240       0.241            -0.001           -0.021
     ENJOY          LOGICAL
       Category 1     Category 1        0.159       0.160            -0.001           -0.032
       Category 1     Category 2        0.332       0.332             0.001            0.019
       Category 2     Category 1        0.165       0.166            -0.001           -0.028
       Category 2     Category 2        0.343       0.343             0.001            0.027
     ENJOY          JOB
       Category 1     Category 1        0.319       0.320            -0.001           -0.043
       Category 1     Category 2        0.172       0.172             0.000            0.020
       Category 2     Category 1        0.331       0.331             0.000           -0.009
       Category 2     Category 2        0.178       0.177             0.001            0.044
     ENJOY          ADULT
       Category 1     Category 1        0.476       0.476             0.000            0.013
       Category 1     Category 2        0.016       0.016             0.000            0.004
       Category 2     Category 1        0.492       0.492             0.000           -0.015
       Category 2     Category 2        0.016       0.016             0.000            0.001
     USEFUL         LOGICAL
       Category 1     Category 1        0.173       0.172             0.002            0.088
       Category 1     Category 2        0.357       0.355             0.002            0.082
       Category 2     Category 1        0.153       0.154            -0.001           -0.042
       Category 2     Category 2        0.316       0.319            -0.003           -0.123
     USEFUL         JOB
       Category 1     Category 1        0.345       0.343             0.002            0.069
       Category 1     Category 2        0.182       0.184            -0.001           -0.061
       Category 2     Category 1        0.309       0.308             0.001            0.039
       Category 2     Category 2        0.164       0.165            -0.002           -0.074
     USEFUL         ADULT
       Category 1     Category 1        0.511       0.510             0.001            0.033
       Category 1     Category 2        0.017       0.017             0.000            0.018
       Category 2     Category 1        0.457       0.458            -0.001           -0.040
       Category 2     Category 2        0.015       0.015             0.000            0.008
     LOGICAL        JOB
       Category 1     Category 1        0.213       0.212             0.001            0.028
       Category 1     Category 2        0.116       0.114             0.002            0.114
       Category 2     Category 1        0.435       0.439            -0.004           -0.144
       Category 2     Category 2        0.237       0.235             0.001            0.056
     LOGICAL        ADULT
       Category 1     Category 1        0.315       0.315             0.000           -0.016
       Category 1     Category 2        0.010       0.010             0.000            0.009
       Category 2     Category 1        0.653       0.653             0.000            0.008
       Category 2     Category 2        0.022       0.022             0.000            0.017
     JOB            ADULT
       Category 1     Category 1        0.630       0.630             0.000           -0.012
       Category 1     Category 2        0.021       0.021             0.000            0.007
       Category 2     Category 1        0.338       0.338             0.000            0.008
       Category 2     Category 2        0.011       0.011             0.000            0.008


     UNIVARIATE DISTRIBUTION FIT FOR CLASS 6

     Variable          Observed      Estimated      Residual (Obs.-Est.)    Stand. Residual
     ENJOY
       Category 1        0.681          0.681                  0.000                0.000
       Category 2        0.319          0.319                  0.000                0.000
     USEFUL
       Category 1        0.982          0.982                  0.000                0.000
       Category 2        0.018          0.018                  0.000                0.000
     LOGICAL
       Category 1        0.964          0.964                  0.000                0.000
       Category 2        0.036          0.036                  0.000                0.000
     JOB
       Category 1        0.938          0.938                  0.000                0.000
       Category 2        0.062          0.062                  0.000                0.000
     ADULT
       Category 1        0.977          0.977                  0.000                0.000
       Category 2        0.023          0.023                  0.000                0.000


     BIVARIATE DISTRIBUTIONS FIT FOR CLASS 6

     Variable       Variable          Observed     Estimated    Residual (Obs.-Est.)  Stand. Residual
     ENJOY          USEFUL
       Category 1     Category 1        0.669       0.669             0.000            0.012
       Category 1     Category 2        0.012       0.012             0.000           -0.048
       Category 2     Category 1        0.313       0.313             0.000            0.005
       Category 2     Category 2        0.006       0.006             0.000           -0.033
     ENJOY          LOGICAL
       Category 1     Category 1        0.657       0.657             0.000            0.001
       Category 1     Category 2        0.025       0.025             0.000            0.006
       Category 2     Category 1        0.307       0.307             0.000           -0.004
       Category 2     Category 2        0.012       0.012             0.000            0.004
     ENJOY          JOB
       Category 1     Category 1        0.639       0.639             0.000            0.012
       Category 1     Category 2        0.043       0.043             0.000            0.050
       Category 2     Category 1        0.298       0.299            -0.001           -0.042
       Category 2     Category 2        0.020       0.020             0.000            0.024
     ENJOY          ADULT
       Category 1     Category 1        0.667       0.666             0.001            0.038
       Category 1     Category 2        0.015       0.015             0.000            0.014
       Category 2     Category 1        0.311       0.311            -0.001           -0.042
       Category 2     Category 2        0.007       0.007             0.000            0.002
     USEFUL         LOGICAL
       Category 1     Category 1        0.947       0.946             0.001            0.109
       Category 1     Category 2        0.035       0.036             0.000           -0.052
       Category 2     Category 1        0.017       0.017             0.000           -0.110
       Category 2     Category 2        0.001       0.001             0.000           -0.029
     USEFUL         JOB
       Category 1     Category 1        0.921       0.921             0.001            0.058
       Category 1     Category 2        0.061       0.061            -0.001           -0.075
       Category 2     Category 1        0.017       0.017             0.000            0.020
       Category 2     Category 2        0.001       0.001             0.000           -0.005
     USEFUL         ADULT
       Category 1     Category 1        0.960       0.960             0.000            0.026
       Category 1     Category 2        0.022       0.022             0.000           -0.028
       Category 2     Category 1        0.018       0.018             0.000           -0.007
       Category 2     Category 2        0.000       0.000             0.000           -0.005
     LOGICAL        JOB
       Category 1     Category 1        0.904       0.904             0.000           -0.001
       Category 1     Category 2        0.060       0.060             0.000            0.027
       Category 2     Category 1        0.034       0.034             0.000           -0.033
       Category 2     Category 2        0.002       0.002             0.000           -0.003
     LOGICAL        ADULT
       Category 1     Category 1        0.942       0.942             0.000           -0.028
       Category 1     Category 2        0.022       0.022             0.000            0.021
       Category 2     Category 1        0.036       0.036             0.000            0.018
       Category 2     Category 2        0.001       0.001             0.000            0.007
     JOB            ADULT
       Category 1     Category 1        0.917       0.916             0.000            0.023
       Category 1     Category 2        0.021       0.021             0.000           -0.060
       Category 2     Category 1        0.061       0.061             0.000            0.011
       Category 2     Category 2        0.001       0.001             0.000           -0.014


TECHNICAL 1 OUTPUT


     PARAMETER SPECIFICATION FOR LATENT CLASS 1


     PARAMETER SPECIFICATION FOR LATENT CLASS 2


     PARAMETER SPECIFICATION FOR LATENT CLASS 3


     PARAMETER SPECIFICATION FOR LATENT CLASS 4


     PARAMETER SPECIFICATION FOR LATENT CLASS 5


     PARAMETER SPECIFICATION FOR LATENT CLASS 6


     PARAMETER SPECIFICATION FOR LATENT CLASS INDICATOR MODEL PART


           TAU(U) FOR LATENT CLASS 1
              ENJOY$1       USEFUL$1      LOGICAL$      JOB$1         ADULT$1
              ________      ________      ________      ________      ________
                    1             2             3             4             5


           TAU(U) FOR LATENT CLASS 2
              ENJOY$1       USEFUL$1      LOGICAL$      JOB$1         ADULT$1
              ________      ________      ________      ________      ________
                    6             7             8             9            10


           TAU(U) FOR LATENT CLASS 3
              ENJOY$1       USEFUL$1      LOGICAL$      JOB$1         ADULT$1
              ________      ________      ________      ________      ________
                   11            12            13            14            15


           TAU(U) FOR LATENT CLASS 4
              ENJOY$1       USEFUL$1      LOGICAL$      JOB$1         ADULT$1
              ________      ________      ________      ________      ________
                   16            17            18            19            20


           TAU(U) FOR LATENT CLASS 5
              ENJOY$1       USEFUL$1      LOGICAL$      JOB$1         ADULT$1
              ________      ________      ________      ________      ________
                   21            22            23            24            25


           TAU(U) FOR LATENT CLASS 6
              ENJOY$1       USEFUL$1      LOGICAL$      JOB$1         ADULT$1
              ________      ________      ________      ________      ________
                   26            27            28            29            30


     PARAMETER SPECIFICATION FOR LATENT CLASS REGRESSION MODEL PART


           ALPHA(C)
              C#1           C#2           C#3           C#4           C#5
              ________      ________      ________      ________      ________
                   31            32            33            34            35


           ALPHA(C)
              C#6
              ________
                    0


     STARTING VALUES FOR LATENT CLASS 1


     STARTING VALUES FOR LATENT CLASS 2


     STARTING VALUES FOR LATENT CLASS 3


     STARTING VALUES FOR LATENT CLASS 4


     STARTING VALUES FOR LATENT CLASS 5


     STARTING VALUES FOR LATENT CLASS 6


     STARTING VALUES FOR LATENT CLASS INDICATOR MODEL PART


           TAU(U) FOR LATENT CLASS 1
              ENJOY$1       USEFUL$1      LOGICAL$      JOB$1         ADULT$1
              ________      ________      ________      ________      ________
               -2.460        -1.610        -1.969        -1.610        -1.845


           TAU(U) FOR LATENT CLASS 2
              ENJOY$1       USEFUL$1      LOGICAL$      JOB$1         ADULT$1
              ________      ________      ________      ________      ________
               -1.460        -0.610        -0.969        -0.610        -0.845


           TAU(U) FOR LATENT CLASS 3
              ENJOY$1       USEFUL$1      LOGICAL$      JOB$1         ADULT$1
              ________      ________      ________      ________      ________
               -0.460         0.390         0.031         0.390         0.155


           TAU(U) FOR LATENT CLASS 4
              ENJOY$1       USEFUL$1      LOGICAL$      JOB$1         ADULT$1
              ________      ________      ________      ________      ________
               -0.460         0.390         0.031         0.390         0.155


           TAU(U) FOR LATENT CLASS 5
              ENJOY$1       USEFUL$1      LOGICAL$      JOB$1         ADULT$1
              ________      ________      ________      ________      ________
                0.540         1.390         1.031         1.390         1.155


           TAU(U) FOR LATENT CLASS 6
              ENJOY$1       USEFUL$1      LOGICAL$      JOB$1         ADULT$1
              ________      ________      ________      ________      ________
                1.540         2.390         2.031         2.390         2.155


     STARTING VALUES FOR LATENT CLASS REGRESSION MODEL PART


           ALPHA(C)
              C#1           C#2           C#3           C#4           C#5
              ________      ________      ________      ________      ________
                0.000         0.000         0.000         0.000         0.000


           ALPHA(C)
              C#6
              ________
                0.000


TECHNICAL 11 OUTPUT

     Random Starts Specifications for the k-1 Class Analysis Model
        Number of initial stage random starts                 200
        Number of final stage optimizations                    50



     VUONG-LO-MENDELL-RUBIN LIKELIHOOD RATIO TEST FOR 5 (H0) VERSUS 6 CLASSES

          H0 Loglikelihood Value                        -8662.435
          2 Times the Loglikelihood Difference              1.788
          Difference in the Number of Parameters                6
          Mean                                              4.205
          Standard Deviation                                4.053
          P-Value                                          0.7522

     LO-MENDELL-RUBIN ADJUSTED LRT TEST

          Value                                             1.752
          P-Value                                          0.7561


TECHNICAL 14 OUTPUT

     Random Starts Specifications for the k-1 Class Analysis Model
        Number of initial stage random starts                 200
        Number of final stage optimizations                    50

     Random Starts Specification for the k-1 Class Model for Generated Data
        Number of initial stage random starts                   0
        Number of final stage optimizations for the
           initial stage random starts                          0
     Random Starts Specification for the k Class Model for Generated Data
        Number of initial stage random starts                  40
        Number of final stage optimizations                     8
     Number of bootstrap draws requested                   Varies


     PARAMETRIC BOOTSTRAPPED LIKELIHOOD RATIO TEST FOR 5 (H0) VERSUS 6 CLASSES

          H0 Loglikelihood Value                        -8662.435
          2 Times the Loglikelihood Difference              1.788
          Difference in the Number of Parameters                6
          Approximate P-Value                              1.0000
          Successful Bootstrap Draws                            2


PLOT INFORMATION

The following plots are available:

  Histograms (sample values)
  Scatterplots (sample values)
  Sample proportions and estimated probabilities

     Beginning Time:  12:19:10
        Ending Time:  12:19:12
       Elapsed Time:  00:00:02



MUTHEN & MUTHEN
3463 Stoner Ave.
Los Angeles, CA  90066

Tel: (310) 391-9971
Fax: (310) 391-8971
Web: www.StatModel.com
Support: Support@StatModel.com

Copyright (c) 1998-2021 Muthen & Muthen
