Mplus VERSION 8.6 (Mac)
MUTHEN & MUTHEN
05/26/2021   2:31 PM

INPUT INSTRUCTIONS

  TITLE:
  School Trouble EFA - LAB 4 DEMO
  DATA:
  FILE = "/Users/agarber/github/NTNU-workshop/04-splits-iterators/efa_mplus/efa1_trouble.dat

  VARIABLE:
  NAMES = BYS22A BYS22B BYS22C BYS22D BYS22E BYS22F BYS22G BYS22H BYS24A BYS24B BYS24C
       BYS24D BYS24E BYS24F BYS24G;
   MISSING=.;
   usevar = BYS22A-BYS24G;
  ANALYSIS:
  type = efa 1 5;
       estimator = mlr;
       parallel=50; ! run parallel analysis
  OUTPUT:
  sampstat;
  PLOT:
  type = plot3;



*** WARNING
  Input line exceeded 90 characters. Some input may be truncated.
  FILE = "/Users/agarber/github/NTNU-workshop/04-splits-iterators/efa_mplus/efa1_trouble.dat"
*** WARNING in DATA command
  Statement not terminated by a semicolon:
  FILE = "/Users/agarber/github/NTNU-workshop/04-splits-iterators/efa_mplus/efa1_trouble.dat"
*** WARNING
  Data set contains cases with missing on all variables.
  These cases were not included in the analysis.
  Number of cases with missing on all variables:  31
   3 WARNING(S) FOUND IN THE INPUT INSTRUCTIONS




School Trouble EFA - LAB 4 DEMO

SUMMARY OF ANALYSIS

Number of groups                                                 1
Number of observations                                         366

Number of dependent variables                                   15
Number of independent variables                                  0
Number of continuous latent variables                            0

Observed dependent variables

  Continuous
   BYS22A      BYS22B      BYS22C      BYS22D      BYS22E      BYS22F
   BYS22G      BYS22H      BYS24A      BYS24B      BYS24C      BYS24D
   BYS24E      BYS24F      BYS24G


Estimator                                                      MLR
Rotation                                                    GEOMIN
Row standardization                                    CORRELATION
Type of rotation                                           OBLIQUE
Epsilon value                                               Varies
Information matrix                                        OBSERVED
Maximum number of iterations                                  1000
Convergence criterion                                    0.500D-04
Maximum number of steepest descent iterations                   20
Maximum number of iterations for H1                           2000
Convergence criterion for H1                             0.100D-03
Optimization Specifications for the Exploratory Factor Analysis
Rotation Algorithm
  Number of random starts                                       30
  Maximum number of iterations                               10000
  Derivative convergence criterion                       0.100D-04

Input data file(s)
  /Users/agarber/github/NTNU-workshop/04-splits-iterators/efa_mplus/efa1_trouble

Input data format  FREE


SUMMARY OF DATA

     Number of missing data patterns            18


COVARIANCE COVERAGE OF DATA

Minimum covariance coverage value   0.100


     PROPORTION OF DATA PRESENT


           Covariance Coverage
              BYS22A        BYS22B        BYS22C        BYS22D        BYS22E
              ________      ________      ________      ________      ________
 BYS22A         0.992
 BYS22B         0.984         0.989
 BYS22C         0.986         0.984         0.989
 BYS22D         0.981         0.978         0.981         0.984
 BYS22E         0.984         0.978         0.981         0.978         0.986
 BYS22F         0.986         0.981         0.986         0.978         0.981
 BYS22G         0.989         0.984         0.986         0.984         0.986
 BYS22H         0.986         0.984         0.986         0.984         0.984
 BYS24A         0.992         0.989         0.989         0.984         0.986
 BYS24B         0.989         0.986         0.986         0.981         0.984
 BYS24C         0.973         0.973         0.973         0.967         0.967
 BYS24D         0.984         0.981         0.981         0.975         0.981
 BYS24E         0.992         0.989         0.989         0.984         0.986
 BYS24F         0.984         0.981         0.984         0.975         0.978
 BYS24G         0.989         0.986         0.986         0.981         0.984


           Covariance Coverage
              BYS22F        BYS22G        BYS22H        BYS24A        BYS24B
              ________      ________      ________      ________      ________
 BYS22F         0.989
 BYS22G         0.986         0.992
 BYS22H         0.984         0.989         0.989
 BYS24A         0.989         0.992         0.989         0.997
 BYS24B         0.986         0.989         0.986         0.995         0.997
 BYS24C         0.970         0.973         0.973         0.978         0.978
 BYS24D         0.981         0.984         0.981         0.989         0.986
 BYS24E         0.989         0.992         0.989         0.997         0.995
 BYS24F         0.984         0.984         0.981         0.989         0.986
 BYS24G         0.986         0.989         0.986         0.995         0.992


           Covariance Coverage
              BYS24C        BYS24D        BYS24E        BYS24F        BYS24G
              ________      ________      ________      ________      ________
 BYS24C         0.978
 BYS24D         0.973         0.989
 BYS24E         0.978         0.989         0.997
 BYS24F         0.970         0.981         0.989         0.989
 BYS24G         0.975         0.986         0.995         0.986         0.995


SAMPLE STATISTICS


     ESTIMATED SAMPLE STATISTICS


           Means
              BYS22A        BYS22B        BYS22C        BYS22D        BYS22E
              ________      ________      ________      ________      ________
                1.515         1.366         1.231         1.156         1.245


           Means
              BYS22F        BYS22G        BYS22H        BYS24A        BYS24B
              ________      ________      ________      ________      ________
                1.039         1.189         1.270         2.386         1.485


           Means
              BYS24C        BYS24D        BYS24E        BYS24F        BYS24G
              ________      ________      ________      ________      ________
                2.597         1.689         1.161         1.092         1.008


           Covariances
              BYS22A        BYS22B        BYS22C        BYS22D        BYS22E
              ________      ________      ________      ________      ________
 BYS22A         0.415
 BYS22B         0.108         0.441
 BYS22C         0.109         0.069         0.299
 BYS22D         0.091         0.086         0.107         0.198
 BYS22E         0.110         0.063         0.133         0.114         0.290
 BYS22F         0.030         0.005         0.016         0.024         0.029
 BYS22G         0.124         0.065         0.110         0.073         0.102
 BYS22H         0.069         0.038         0.141         0.035         0.102
 BYS24A         0.118         0.127         0.039         0.009         0.045
 BYS24B         0.122         0.206         0.060         0.078         0.032
 BYS24C         0.051         0.146         0.049        -0.003         0.015
 BYS24D         0.135         0.242         0.148         0.132         0.122
 BYS24E         0.045         0.109         0.064         0.082         0.056
 BYS24F         0.042         0.051         0.017         0.044         0.027
 BYS24G        -0.002         0.011         0.001         0.004         0.001


           Covariances
              BYS22F        BYS22G        BYS22H        BYS24A        BYS24B
              ________      ________      ________      ________      ________
 BYS22F         0.048
 BYS22G         0.031         0.198
 BYS22H         0.025         0.084         0.330
 BYS24A        -0.026         0.044        -0.031         1.387
 BYS24B        -0.002         0.042        -0.008         0.456         0.907
 BYS24C        -0.029         0.005         0.011         0.451         0.336
 BYS24D        -0.005         0.102         0.036         0.331         0.332
 BYS24E        -0.006         0.043        -0.022         0.118         0.189
 BYS24F        -0.004         0.024        -0.002         0.060         0.079
 BYS24G         0.000        -0.002        -0.002         0.005         0.001


           Covariances
              BYS24C        BYS24D        BYS24E        BYS24F        BYS24G
              ________      ________      ________      ________      ________
 BYS24C         1.179
 BYS24D         0.256         0.863
 BYS24E         0.125         0.286         0.333
 BYS24F         0.070         0.108         0.070         0.105
 BYS24G         0.003         0.014        -0.001         0.002         0.008


           Correlations
              BYS22A        BYS22B        BYS22C        BYS22D        BYS22E
              ________      ________      ________      ________      ________
 BYS22A         1.000
 BYS22B         0.252         1.000
 BYS22C         0.308         0.190         1.000
 BYS22D         0.318         0.290         0.438         1.000
 BYS22E         0.317         0.176         0.451         0.474         1.000
 BYS22F         0.209         0.034         0.131         0.247         0.245
 BYS22G         0.434         0.220         0.452         0.368         0.425
 BYS22H         0.187         0.100         0.450         0.135         0.328
 BYS24A         0.155         0.163         0.061         0.018         0.070
 BYS24B         0.198         0.326         0.116         0.184         0.062
 BYS24C         0.073         0.202         0.082        -0.005         0.026
 BYS24D         0.226         0.393         0.291         0.320         0.243
 BYS24E         0.122         0.283         0.203         0.321         0.181
 BYS24F         0.200         0.238         0.097         0.306         0.154
 BYS24G        -0.026         0.178         0.017         0.104         0.015


           Correlations
              BYS22F        BYS22G        BYS22H        BYS24A        BYS24B
              ________      ________      ________      ________      ________
 BYS22F         1.000
 BYS22G         0.319         1.000
 BYS22H         0.201         0.327         1.000
 BYS24A        -0.102         0.085        -0.046         1.000
 BYS24B        -0.011         0.099        -0.014         0.407         1.000
 BYS24C        -0.120         0.010         0.018         0.353         0.325
 BYS24D        -0.023         0.248         0.067         0.302         0.376
 BYS24E        -0.049         0.169        -0.066         0.174         0.345
 BYS24F        -0.050         0.169        -0.009         0.156         0.255
 BYS24G        -0.016        -0.039        -0.043         0.047         0.017


           Correlations
              BYS24C        BYS24D        BYS24E        BYS24F        BYS24G
              ________      ________      ________      ________      ________
 BYS24C         1.000
 BYS24D         0.254         1.000
 BYS24E         0.200         0.533         1.000
 BYS24F         0.199         0.359         0.375         1.000
 BYS24G         0.034         0.161        -0.026         0.067         1.000


     MAXIMUM LOG-LIKELIHOOD VALUE FOR THE UNRESTRICTED (H1) MODEL IS -3551.244


UNIVARIATE SAMPLE STATISTICS


     UNIVARIATE HIGHER-ORDER MOMENT DESCRIPTIVE STATISTICS

         Variable/         Mean/     Skewness/   Minimum/ % with                Percentiles
        Sample Size      Variance    Kurtosis    Maximum  Min/Max      20%/60%    40%/80%    Median

     BYS22A                1.515       0.871       1.000   56.75%       1.000      1.000      1.000
             363.000       0.415      -0.324       3.000    8.26%       2.000      2.000
     BYS22B                1.365       1.577       1.000   74.03%       1.000      1.000      1.000
             362.000       0.442       1.046       3.000   10.50%       1.000      2.000
     BYS22C                1.232       2.288       1.000   82.87%       1.000      1.000      1.000
             362.000       0.300       4.063       3.000    6.08%       1.000      1.000
     BYS22D                1.156       2.943       1.000   87.78%       1.000      1.000      1.000
             360.000       0.198       8.004       3.000    3.33%       1.000      1.000
     BYS22E                1.247       2.115       1.000   80.61%       1.000      1.000      1.000
             361.000       0.291       3.447       3.000    5.26%       1.000      1.000
     BYS22F                1.039       6.248       1.000   96.69%       1.000      1.000      1.000
             362.000       0.048      42.294       3.000    0.55%       1.000      1.000
     BYS22G                1.190       2.298       1.000   83.20%       1.000      1.000      1.000
             363.000       0.198       4.660       3.000    2.20%       1.000      1.000
     BYS22H                1.271       2.008       1.000   79.56%       1.000      1.000      1.000
             362.000       0.330       2.841       3.000    6.63%       1.000      2.000
     BYS24A                2.386       0.766       1.000   24.11%       1.000      2.000      2.000
             365.000       1.388      -0.142       5.000    8.77%       2.000      3.000
     BYS24B                1.485       2.211       1.000   72.60%       1.000      1.000      1.000
             365.000       0.907       4.403       5.000    3.01%       1.000      2.000
     BYS24C                2.587       0.611       1.000   13.69%       2.000      2.000      2.000
             358.000       1.170      -0.074       5.000    8.10%       3.000      3.000
     BYS24D                1.685       1.613       1.000   53.59%       1.000      1.000      1.000
             362.000       0.851       2.776       5.000    2.76%       2.000      2.000
     BYS24E                1.162       4.347       1.000   90.41%       1.000      1.000      1.000
             365.000       0.333      20.721       5.000    0.82%       1.000      1.000
     BYS24F                1.091       3.765       1.000   91.99%       1.000      1.000      1.000
             362.000       0.105      14.602       3.000    1.10%       1.000      1.000
     BYS24G                1.008      10.878       1.000   99.18%       1.000      1.000      1.000
             364.000       0.008     116.342       2.000    0.82%       1.000      1.000


     NO CONVERGENCE.  NUMBER OF ITERATIONS EXCEEDED.
     PROBLEM OCCURRED IN EXPLORATORY FACTOR ANALYSIS WITH 4 FACTOR(S).




SUMMARY OF MODEL FIT INFORMATION


                   Number of                   Degrees of
     Model        Parameters      Chi-Square    Freedom     P-Value

     1-factor          45            486.361        90       0.0000
     2-factor          59            171.137        76       0.0000
     3-factor          72            137.702        63       0.0000
     4-factor         N/A
     5-factor          95            121.846        40       0.0000

                                               Degrees of
     Models Compared              Chi-Square    Freedom     P-Value

     1-factor against 2-factor       911.446        14       0.0000
     2-factor against 3-factor        31.016        13       0.0034



RESULTS FOR EXPLORATORY FACTOR ANALYSIS


           EIGENVALUES FOR SAMPLE CORRELATION MATRIX
                  1             2             3             4             5
              ________      ________      ________      ________      ________
                3.834         2.214         1.186         1.055         0.968


           EIGENVALUES FOR SAMPLE CORRELATION MATRIX
                  6             7             8             9            10
              ________      ________      ________      ________      ________
                0.765         0.758         0.721         0.632         0.607


           EIGENVALUES FOR SAMPLE CORRELATION MATRIX
                 11            12            13            14            15
              ________      ________      ________      ________      ________
                0.562         0.503         0.449         0.391         0.356


           AVERAGE EIGENVALUES FROM PARALLEL ANALYSIS
                  1             2             3             4             5
              ________      ________      ________      ________      ________
                1.366         1.280         1.214         1.168         1.121


           AVERAGE EIGENVALUES FROM PARALLEL ANALYSIS
                  6             7             8             9            10
              ________      ________      ________      ________      ________
                1.078         1.025         0.987         0.946         0.910


           AVERAGE EIGENVALUES FROM PARALLEL ANALYSIS
                 11            12            13            14            15
              ________      ________      ________      ________      ________
                0.866         0.828         0.789         0.737         0.684


           95 PERCENTILE EIGENVALUES FROM PARALLEL ANALYSIS
                  1             2             3             4             5
              ________      ________      ________      ________      ________
                1.434         1.346         1.272         1.217         1.156


           95 PERCENTILE EIGENVALUES FROM PARALLEL ANALYSIS
                  6             7             8             9            10
              ________      ________      ________      ________      ________
                1.105         1.057         1.019         0.984         0.941


           95 PERCENTILE EIGENVALUES FROM PARALLEL ANALYSIS
                 11            12            13            14            15
              ________      ________      ________      ________      ________
                0.896         0.862         0.822         0.782         0.733


EXPLORATORY FACTOR ANALYSIS WITH 1 FACTOR(S):


MODEL FIT INFORMATION

Number of Free Parameters                       45

Loglikelihood

          H0 Value                       -3828.090
          H0 Scaling Correction Factor      4.1233
            for MLR
          H1 Value                       -3551.244
          H1 Scaling Correction Factor      2.1334
            for MLR

Information Criteria

          Akaike (AIC)                    7746.179
          Bayesian (BIC)                  7921.798
          Sample-Size Adjusted BIC        7779.030
            (n* = (n + 2) / 24)

Chi-Square Test of Model Fit

          Value                            486.361*
          Degrees of Freedom                    90
          P-Value                           0.0000
          Scaling Correction Factor         1.1384
            for MLR

*   The chi-square value for MLM, MLMV, MLR, ULSMV, WLSM and WLSMV cannot be used
    for chi-square difference testing in the regular way.  MLM, MLR and WLSM
    chi-square difference testing is described on the Mplus website.  MLMV, WLSMV,
    and ULSMV difference testing is done using the DIFFTEST option.

RMSEA (Root Mean Square Error Of Approximation)

          Estimate                           0.110
          90 Percent C.I.                    0.100  0.119
          Probability RMSEA <= .05           0.000

CFI/TLI

          CFI                                0.512
          TLI                                0.431

Chi-Square Test of Model Fit for the Baseline Model

          Value                            917.080
          Degrees of Freedom                   105
          P-Value                           0.0000

SRMR (Standardized Root Mean Square Residual)

          Value                              0.101



MINIMUM ROTATION FUNCTION VALUE       3.10373



           GEOMIN ROTATED LOADINGS (* significant at 5% level)
                  1
              ________
 BYS22A         0.516*
 BYS22B         0.470*
 BYS22C         0.602*
 BYS22D         0.642*
 BYS22E         0.584*
 BYS22F         0.231
 BYS22G         0.593*
 BYS22H         0.325*
 BYS24A         0.250*
 BYS24B         0.382*
 BYS24C         0.210
 BYS24D         0.580*
 BYS24E         0.477*
 BYS24F         0.407*
 BYS24G         0.073


           GEOMIN FACTOR CORRELATIONS (* significant at 5% level)
                  1
              ________
      1         1.000


           ESTIMATED RESIDUAL VARIANCES
              BYS22A        BYS22B        BYS22C        BYS22D        BYS22E
              ________      ________      ________      ________      ________
                0.733         0.779         0.637         0.587         0.659


           ESTIMATED RESIDUAL VARIANCES
              BYS22F        BYS22G        BYS22H        BYS24A        BYS24B
              ________      ________      ________      ________      ________
                0.947         0.648         0.895         0.938         0.854


           ESTIMATED RESIDUAL VARIANCES
              BYS24C        BYS24D        BYS24E        BYS24F        BYS24G
              ________      ________      ________      ________      ________
                0.956         0.663         0.772         0.834         0.995


           S.E. GEOMIN ROTATED LOADINGS
                  1
              ________
 BYS22A         0.069
 BYS22B         0.092
 BYS22C         0.106
 BYS22D         0.079
 BYS22E         0.121
 BYS22F         0.161
 BYS22G         0.113
 BYS22H         0.142
 BYS24A         0.117
 BYS24B         0.147
 BYS24C         0.120
 BYS24D         0.146
 BYS24E         0.167
 BYS24F         0.127
 BYS24G         0.057


           S.E. GEOMIN FACTOR CORRELATIONS
                  1
              ________
      1         0.000


           S.E. ESTIMATED RESIDUAL VARIANCES
              BYS22A        BYS22B        BYS22C        BYS22D        BYS22E
              ________      ________      ________      ________      ________
                0.072         0.087         0.128         0.101         0.141


           S.E. ESTIMATED RESIDUAL VARIANCES
              BYS22F        BYS22G        BYS22H        BYS24A        BYS24B
              ________      ________      ________      ________      ________
                0.074         0.134         0.092         0.058         0.112


           S.E. ESTIMATED RESIDUAL VARIANCES
              BYS24C        BYS24D        BYS24E        BYS24F        BYS24G
              ________      ________      ________      ________      ________
                0.051         0.170         0.159         0.104         0.008


           Est./S.E. GEOMIN ROTATED LOADINGS
                  1
              ________
 BYS22A         7.439
 BYS22B         5.084
 BYS22C         5.663
 BYS22D         8.177
 BYS22E         4.839
 BYS22F         1.430
 BYS22G         5.247
 BYS22H         2.288
 BYS24A         2.142
 BYS24B         2.606
 BYS24C         1.747
 BYS24D         3.963
 BYS24E         2.864
 BYS24F         3.202
 BYS24G         1.275


           Est./S.E. GEOMIN FACTOR CORRELATIONS
                  1
              ________
      1         0.000


           Est./S.E. ESTIMATED RESIDUAL VARIANCES
              BYS22A        BYS22B        BYS22C        BYS22D        BYS22E
              ________      ________      ________      ________      ________
               10.235         8.980         4.975         5.818         4.678


           Est./S.E. ESTIMATED RESIDUAL VARIANCES
              BYS22F        BYS22G        BYS22H        BYS24A        BYS24B
              ________      ________      ________      ________      ________
               12.718         4.832         9.706        16.066         7.632


           Est./S.E. ESTIMATED RESIDUAL VARIANCES
              BYS24C        BYS24D        BYS24E        BYS24F        BYS24G
              ________      ________      ________      ________      ________
               18.918         3.900         4.855         8.060       118.283


EXPLORATORY FACTOR ANALYSIS WITH 2 FACTOR(S):


MODEL FIT INFORMATION

Number of Free Parameters                       59

Loglikelihood

          H0 Value                       -3660.817
          H0 Scaling Correction Factor      3.2320
            for MLR
          H1 Value                       -3551.244
          H1 Scaling Correction Factor      2.1334
            for MLR

Information Criteria

          Akaike (AIC)                    7439.634
          Bayesian (BIC)                  7669.889
          Sample-Size Adjusted BIC        7482.706
            (n* = (n + 2) / 24)

Chi-Square Test of Model Fit

          Value                            171.137*
          Degrees of Freedom                    76
          P-Value                           0.0000
          Scaling Correction Factor         1.2805
            for MLR

*   The chi-square value for MLM, MLMV, MLR, ULSMV, WLSM and WLSMV cannot be used
    for chi-square difference testing in the regular way.  MLM, MLR and WLSM
    chi-square difference testing is described on the Mplus website.  MLMV, WLSMV,
    and ULSMV difference testing is done using the DIFFTEST option.

RMSEA (Root Mean Square Error Of Approximation)

          Estimate                           0.058
          90 Percent C.I.                    0.047  0.070
          Probability RMSEA <= .05           0.112

CFI/TLI

          CFI                                0.883
          TLI                                0.838

Chi-Square Test of Model Fit for the Baseline Model

          Value                            917.080
          Degrees of Freedom                   105
          P-Value                           0.0000

SRMR (Standardized Root Mean Square Residual)

          Value                              0.047



MINIMUM ROTATION FUNCTION VALUE       0.80360



           GEOMIN ROTATED LOADINGS (* significant at 5% level)
                  1             2
              ________      ________
 BYS22A         0.459*        0.128*
 BYS22B         0.139         0.451*
 BYS22C         0.660*        0.037
 BYS22D         0.542*        0.194*
 BYS22E         0.669*       -0.003
 BYS22F         0.467*       -0.243*
 BYS22G         0.680*        0.001
 BYS22H         0.562*       -0.212*
 BYS24A        -0.135         0.495*
 BYS24B        -0.094         0.624*
 BYS24C        -0.157         0.470*
 BYS24D         0.100         0.688*
 BYS24E         0.013         0.635*
 BYS24F         0.041         0.486*
 BYS24G        -0.032         0.132*


           GEOMIN FACTOR CORRELATIONS (* significant at 5% level)
                  1             2
              ________      ________
      1         1.000
      2         0.386*        1.000


           ESTIMATED RESIDUAL VARIANCES
              BYS22A        BYS22B        BYS22C        BYS22D        BYS22E
              ________      ________      ________      ________      ________
                0.727         0.729         0.544         0.588         0.553


           ESTIMATED RESIDUAL VARIANCES
              BYS22F        BYS22G        BYS22H        BYS24A        BYS24B
              ________      ________      ________      ________      ________
                0.810         0.537         0.731         0.789         0.647


           ESTIMATED RESIDUAL VARIANCES
              BYS24C        BYS24D        BYS24E        BYS24F        BYS24G
              ________      ________      ________      ________      ________
                0.811         0.463         0.590         0.747         0.985


           S.E. GEOMIN ROTATED LOADINGS
                  1             2
              ________      ________
 BYS22A         0.068         0.064
 BYS22B         0.098         0.072
 BYS22C         0.067         0.073
 BYS22D         0.098         0.090
 BYS22E         0.055         0.056
 BYS22F         0.136         0.072
 BYS22G         0.067         0.050
 BYS22H         0.072         0.074
 BYS24A         0.090         0.073
 BYS24B         0.094         0.077
 BYS24C         0.090         0.075
 BYS24D         0.080         0.069
 BYS24E         0.035         0.078
 BYS24F         0.082         0.093
 BYS24G         0.035         0.060


           S.E. GEOMIN FACTOR CORRELATIONS
                  1             2
              ________      ________
      1         0.000
      2         0.112         0.000


           S.E. ESTIMATED RESIDUAL VARIANCES
              BYS22A        BYS22B        BYS22C        BYS22D        BYS22E
              ________      ________      ________      ________      ________
                0.055         0.050         0.077         0.092         0.073


           S.E. ESTIMATED RESIDUAL VARIANCES
              BYS22F        BYS22G        BYS22H        BYS24A        BYS24B
              ________      ________      ________      ________      ________
                0.114         0.089         0.069         0.058         0.080


           S.E. ESTIMATED RESIDUAL VARIANCES
              BYS24C        BYS24D        BYS24E        BYS24F        BYS24G
              ________      ________      ________      ________      ________
                0.060         0.075         0.096         0.083         0.014


           Est./S.E. GEOMIN ROTATED LOADINGS
                  1             2
              ________      ________
 BYS22A         6.770         2.011
 BYS22B         1.409         6.225
 BYS22C         9.872         0.501
 BYS22D         5.509         2.149
 BYS22E        12.128        -0.049
 BYS22F         3.426        -3.394
 BYS22G        10.199         0.025
 BYS22H         7.849        -2.861
 BYS24A        -1.505         6.804
 BYS24B        -0.994         8.074
 BYS24C        -1.753         6.289
 BYS24D         1.259        10.016
 BYS24E         0.366         8.113
 BYS24F         0.499         5.231
 BYS24G        -0.924         2.212


           Est./S.E. GEOMIN FACTOR CORRELATIONS
                  1             2
              ________      ________
      1         0.000
      2         3.439         0.000


           Est./S.E. ESTIMATED RESIDUAL VARIANCES
              BYS22A        BYS22B        BYS22C        BYS22D        BYS22E
              ________      ________      ________      ________      ________
               13.139        14.556         7.025         6.362         7.542


           Est./S.E. ESTIMATED RESIDUAL VARIANCES
              BYS22F        BYS22G        BYS22H        BYS24A        BYS24B
              ________      ________      ________      ________      ________
                7.104         6.016        10.591        13.578         8.116


           Est./S.E. ESTIMATED RESIDUAL VARIANCES
              BYS24C        BYS24D        BYS24E        BYS24F        BYS24G
              ________      ________      ________      ________      ________
               13.410         6.159         6.165         9.040        70.232


           FACTOR STRUCTURE
                  1             2
              ________      ________
 BYS22A         0.509         0.305
 BYS22B         0.313         0.504
 BYS22C         0.674         0.291
 BYS22D         0.617         0.403
 BYS22E         0.668         0.255
 BYS22F         0.373        -0.063
 BYS22G         0.680         0.263
 BYS22H         0.480         0.004
 BYS24A         0.056         0.443
 BYS24B         0.147         0.587
 BYS24C         0.024         0.410
 BYS24D         0.366         0.727
 BYS24E         0.258         0.640
 BYS24F         0.228         0.502
 BYS24G         0.018         0.119


EXPLORATORY FACTOR ANALYSIS WITH 3 FACTOR(S):


MODEL FIT INFORMATION

Number of Free Parameters                       72

Loglikelihood

          H0 Value                       -3622.491
          H0 Scaling Correction Factor      3.0946
            for MLR
          H1 Value                       -3551.244
          H1 Scaling Correction Factor      2.1334
            for MLR

Information Criteria

          Akaike (AIC)                    7388.983
          Bayesian (BIC)                  7669.972
          Sample-Size Adjusted BIC        7441.545
            (n* = (n + 2) / 24)

Chi-Square Test of Model Fit

          Value                            137.702*
          Degrees of Freedom                    63
          P-Value                           0.0000
          Scaling Correction Factor         1.0348
            for MLR

*   The chi-square value for MLM, MLMV, MLR, ULSMV, WLSM and WLSMV cannot be used
    for chi-square difference testing in the regular way.  MLM, MLR and WLSM
    chi-square difference testing is described on the Mplus website.  MLMV, WLSMV,
    and ULSMV difference testing is done using the DIFFTEST option.

RMSEA (Root Mean Square Error Of Approximation)

          Estimate                           0.057
          90 Percent C.I.                    0.044  0.070
          Probability RMSEA <= .05           0.180

CFI/TLI

          CFI                                0.908
          TLI                                0.847

Chi-Square Test of Model Fit for the Baseline Model

          Value                            917.080
          Degrees of Freedom                   105
          P-Value                           0.0000

SRMR (Standardized Root Mean Square Residual)

          Value                              0.035



MINIMUM ROTATION FUNCTION VALUE       0.42134



           GEOMIN ROTATED LOADINGS (* significant at 5% level)
                  1             2             3
              ________      ________      ________
 BYS22A         0.479*        0.198        -0.024
 BYS22B         0.168         0.359*        0.171
 BYS22C         0.660*        0.101         0.012
 BYS22D         0.457*       -0.008         0.444
 BYS22E         0.622*        0.007         0.116
 BYS22F         0.416*       -0.190        -0.001
 BYS22G         0.662*        0.078         0.003
 BYS22H         0.609*       -0.010        -0.264
 BYS24A         0.002         0.668*       -0.236
 BYS24B         0.003         0.630*        0.018
 BYS24C        -0.035         0.588*       -0.175
 BYS24D         0.122         0.504*        0.323
 BYS24E        -0.034         0.360         0.513
 BYS24F         0.020         0.285         0.355*
 BYS24G        -0.033         0.056         0.103


           GEOMIN FACTOR CORRELATIONS (* significant at 5% level)
                  1             2             3
              ________      ________      ________
      1         1.000
      2         0.149         1.000
      3         0.289         0.334         1.000


           ESTIMATED RESIDUAL VARIANCES
              BYS22A        BYS22B        BYS22C        BYS22D        BYS22E
              ________      ________      ________      ________      ________
                0.713         0.739         0.529         0.480         0.556


           ESTIMATED RESIDUAL VARIANCES
              BYS22F        BYS22G        BYS22H        BYS24A        BYS24B
              ________      ________      ________      ________      ________
                0.815         0.539         0.652         0.603         0.594


           ESTIMATED RESIDUAL VARIANCES
              BYS24C        BYS24D        BYS24E        BYS24F        BYS24G
              ________      ________      ________      ________      ________
                0.694         0.477         0.497         0.719         0.984


           S.E. GEOMIN ROTATED LOADINGS
                  1             2             3
              ________      ________      ________
 BYS22A         0.094         0.130         0.168
 BYS22B         0.089         0.105         0.115
 BYS22C         0.131         0.093         0.271
 BYS22D         0.134         0.018         0.233
 BYS22E         0.067         0.041         0.124
 BYS22F         0.149         0.143         0.184
 BYS22G         0.076         0.081         0.062
 BYS22H         0.199         0.032         0.333
 BYS24A         0.016         0.250         0.219
 BYS24B         0.057         0.078         0.128
 BYS24C         0.104         0.076         0.177
 BYS24D         0.097         0.218         0.290
 BYS24E         0.076         0.296         0.361
 BYS24F         0.074         0.162         0.130
 BYS24G         0.059         0.068         0.152


           S.E. GEOMIN FACTOR CORRELATIONS
                  1             2             3
              ________      ________      ________
      1         0.000
      2         0.096         0.000
      3         0.181         0.300         0.000


           S.E. ESTIMATED RESIDUAL VARIANCES
              BYS22A        BYS22B        BYS22C        BYS22D        BYS22E
              ________      ________      ________      ________      ________
                0.090         0.055         0.100         0.210         0.073


           S.E. ESTIMATED RESIDUAL VARIANCES
              BYS22F        BYS22G        BYS22H        BYS24A        BYS24B
              ________      ________      ________      ________      ________
                0.114         0.099         0.223         0.219         0.069


           S.E. ESTIMATED RESIDUAL VARIANCES
              BYS24C        BYS24D        BYS24E        BYS24F        BYS24G
              ________      ________      ________      ________      ________
                0.091         0.094         0.242         0.111         0.028


           Est./S.E. GEOMIN ROTATED LOADINGS
                  1             2             3
              ________      ________      ________
 BYS22A         5.086         1.518        -0.145
 BYS22B         1.877         3.421         1.483
 BYS22C         5.050         1.087         0.045
 BYS22D         3.405        -0.445         1.910
 BYS22E         9.253         0.162         0.939
 BYS22F         2.799        -1.329        -0.007
 BYS22G         8.710         0.963         0.043
 BYS22H         3.056        -0.305        -0.793
 BYS24A         0.152         2.669        -1.078
 BYS24B         0.061         8.129         0.139
 BYS24C        -0.339         7.714        -0.988
 BYS24D         1.261         2.316         1.115
 BYS24E        -0.452         1.214         1.422
 BYS24F         0.277         1.761         2.724
 BYS24G        -0.569         0.834         0.675


           Est./S.E. GEOMIN FACTOR CORRELATIONS
                  1             2             3
              ________      ________      ________
      1         0.000
      2         1.561         0.000
      3         1.602         1.114         0.000


           Est./S.E. ESTIMATED RESIDUAL VARIANCES
              BYS22A        BYS22B        BYS22C        BYS22D        BYS22E
              ________      ________      ________      ________      ________
                7.935        13.352         5.296         2.289         7.567


           Est./S.E. ESTIMATED RESIDUAL VARIANCES
              BYS22F        BYS22G        BYS22H        BYS24A        BYS24B
              ________      ________      ________      ________      ________
                7.161         5.417         2.929         2.760         8.593


           Est./S.E. ESTIMATED RESIDUAL VARIANCES
              BYS24C        BYS24D        BYS24E        BYS24F        BYS24G
              ________      ________      ________      ________      ________
                7.650         5.048         2.052         6.499        34.571


           FACTOR STRUCTURE
                  1             2             3
              ________      ________      ________
 BYS22A         0.501         0.261         0.180
 BYS22B         0.271         0.441         0.339
 BYS22C         0.678         0.203         0.237
 BYS22D         0.584         0.209         0.574
 BYS22E         0.657         0.138         0.298
 BYS22F         0.387        -0.128         0.056
 BYS22G         0.675         0.178         0.221
 BYS22H         0.531        -0.007        -0.091
 BYS24A         0.034         0.590        -0.012
 BYS24B         0.103         0.637         0.229
 BYS24C         0.002         0.524         0.011
 BYS24D         0.291         0.630         0.527
 BYS24E         0.168         0.526         0.623
 BYS24F         0.166         0.407         0.456
 BYS24G         0.005         0.086         0.112


EXPLORATORY FACTOR ANALYSIS WITH 5 FACTOR(S):


MODEL FIT INFORMATION

Number of Free Parameters                       95

Loglikelihood

          H0 Value                       -3579.920
          H0 Scaling Correction Factor      2.8335
            for MLR
          H1 Value                       -3551.244
          H1 Scaling Correction Factor      2.1334
            for MLR

Information Criteria

          Akaike (AIC)                    7349.840
          Bayesian (BIC)                  7720.590
          Sample-Size Adjusted BIC        7419.193
            (n* = (n + 2) / 24)

Chi-Square Test of Model Fit

          Value                            121.846*
          Degrees of Freedom                    40
          P-Value                           0.0000
          Scaling Correction Factor         0.4707
            for MLR

*   The chi-square value for MLM, MLMV, MLR, ULSMV, WLSM and WLSMV cannot be used
    for chi-square difference testing in the regular way.  MLM, MLR and WLSM
    chi-square difference testing is described on the Mplus website.  MLMV, WLSMV,
    and ULSMV difference testing is done using the DIFFTEST option.

RMSEA (Root Mean Square Error Of Approximation)

          Estimate                           0.075
          90 Percent C.I.                    0.060  0.090
          Probability RMSEA <= .05           0.004

CFI/TLI

          CFI                                0.899
          TLI                                0.735

Chi-Square Test of Model Fit for the Baseline Model

          Value                            917.080
          Degrees of Freedom                   105
          P-Value                           0.0000

SRMR (Standardized Root Mean Square Residual)

          Value                              0.025



MINIMUM ROTATION FUNCTION VALUE       0.45133



           GEOMIN ROTATED LOADINGS (* significant at 5% level)
                  1             2             3             4             5
              ________      ________      ________      ________      ________
 BYS22A         0.039         0.017         0.242*        0.499*       -0.047
 BYS22B         0.007         0.104         0.399         0.121         0.062
 BYS22C         0.757*        0.229         0.029        -0.007         0.023
 BYS22D         0.015         1.051        -0.003         0.010        -0.005
 BYS22E         0.287         0.235        -0.002         0.290         0.040
 BYS22F        -0.059         0.065        -0.170         0.502*       -0.042
 BYS22G         0.195        -0.028         0.046         0.641         0.060
 BYS22H         0.515        -0.036        -0.045         0.193        -0.121
 BYS24A        -0.029        -0.093         0.639*       -0.009        -0.067
 BYS24B        -0.069         0.029         0.612*        0.001         0.080
 BYS24C         0.074        -0.073         0.546*       -0.148        -0.006
 BYS24D         0.108         0.055         0.421         0.040         0.314
 BYS24E         0.000        -0.016         0.004        -0.024         1.029
 BYS24F        -0.106         0.149         0.290         0.075         0.204
 BYS24G        -0.006         0.158         0.166        -0.121        -0.132


           GEOMIN FACTOR CORRELATIONS (* significant at 5% level)
                  1             2             3             4             5
              ________      ________      ________      ________      ________
      1         1.000
      2         0.216         1.000
      3         0.174         0.226         1.000
      4         0.427         0.458         0.171         1.000
      5         0.139         0.325         0.423         0.138         1.000


           ESTIMATED RESIDUAL VARIANCES
              BYS22A        BYS22B        BYS22C        BYS22D        BYS22E
              ________      ________      ________      ________      ________
                0.635         0.735         0.284        -0.117         0.602


           ESTIMATED RESIDUAL VARIANCES
              BYS22F        BYS22G        BYS22H        BYS24A        BYS24B
              ________      ________      ________      ________      ________
                0.738         0.429         0.635         0.642         0.579


           ESTIMATED RESIDUAL VARIANCES
              BYS24C        BYS24D        BYS24E        BYS24F        BYS24G
              ________      ________      ________      ________      ________
                0.705         0.533        -0.047         0.754         0.955


           S.E. GEOMIN ROTATED LOADINGS
                  1             2             3             4             5
              ________      ________      ________      ________      ________
 BYS22A         0.221         0.122         0.084         0.107         0.066
 BYS22B         0.249         0.502         0.396         0.308         0.682
 BYS22C         0.289         1.049         0.048         0.135         0.028
 BYS22D         0.021         1.807         0.023         0.059         0.094
 BYS22E         0.624         0.850         0.054         0.230         0.182
 BYS22F         0.331         0.108         0.244         0.161         0.333
 BYS22G         0.415         0.140         0.290         0.344         0.155
 BYS22H         0.582         0.070         0.234         0.711         0.656
 BYS24A         0.104         0.598         0.099         0.162         0.068
 BYS24B         0.098         0.104         0.216         0.107         0.479
 BYS24C         0.073         0.417         0.087         0.260         0.057
 BYS24D         0.214         0.735         0.868         0.158         1.337
 BYS24E         0.093         0.115         0.099         0.205         1.808
 BYS24F         0.159         0.661         0.671         0.396         1.200
 BYS24G         0.116         0.614         0.085         0.516         0.235


           S.E. GEOMIN FACTOR CORRELATIONS
                  1             2             3             4             5
              ________      ________      ________      ________      ________
      1         0.000
      2         0.577         0.000
      3         0.224         0.790         0.000
      4         0.604         0.671         0.154         0.000
      5         0.948         0.211         0.378         0.511         0.000


           S.E. ESTIMATED RESIDUAL VARIANCES
              BYS22A        BYS22B        BYS22C        BYS22D        BYS22E
              ________      ________      ________      ________      ________
                0.111         0.110         0.503         3.833         0.107


           S.E. ESTIMATED RESIDUAL VARIANCES
              BYS22F        BYS22G        BYS22H        BYS24A        BYS24B
              ________      ________      ________      ________      ________
                0.152         0.087         0.181         0.156         0.100


           S.E. ESTIMATED RESIDUAL VARIANCES
              BYS24C        BYS24D        BYS24E        BYS24F        BYS24G
              ________      ________      ________      ________      ________
                0.080         0.288         3.902         0.083         0.179


           Est./S.E. GEOMIN ROTATED LOADINGS
                  1             2             3             4             5
              ________      ________      ________      ________      ________
 BYS22A         0.177         0.140         2.894         4.652        -0.713
 BYS22B         0.029         0.207         1.010         0.392         0.091
 BYS22C         2.622         0.219         0.605        -0.050         0.811
 BYS22D         0.726         0.582        -0.126         0.173        -0.052
 BYS22E         0.460         0.276        -0.035         1.264         0.219
 BYS22F        -0.178         0.605        -0.695         3.115        -0.126
 BYS22G         0.470        -0.200         0.158         1.866         0.385
 BYS22H         0.886        -0.511        -0.191         0.271        -0.185
 BYS24A        -0.279        -0.155         6.452        -0.057        -0.982
 BYS24B        -0.703         0.281         2.835         0.007         0.167
 BYS24C         1.012        -0.174         6.272        -0.570        -0.106
 BYS24D         0.505         0.075         0.485         0.250         0.235
 BYS24E        -0.005        -0.138         0.042        -0.118         0.569
 BYS24F        -0.663         0.226         0.432         0.191         0.170
 BYS24G        -0.052         0.257         1.957        -0.235        -0.561


           Est./S.E. GEOMIN FACTOR CORRELATIONS
                  1             2             3             4             5
              ________      ________      ________      ________      ________
      1         0.000
      2         0.374         0.000
      3         0.776         0.287         0.000
      4         0.706         0.682         1.111         0.000
      5         0.147         1.538         1.119         0.269         0.000


           Est./S.E. ESTIMATED RESIDUAL VARIANCES
              BYS22A        BYS22B        BYS22C        BYS22D        BYS22E
              ________      ________      ________      ________      ________
                5.724         6.710         0.566        -0.031         5.633


           Est./S.E. ESTIMATED RESIDUAL VARIANCES
              BYS22F        BYS22G        BYS22H        BYS24A        BYS24B
              ________      ________      ________      ________      ________
                4.860         4.945         3.519         4.118         5.797


           Est./S.E. ESTIMATED RESIDUAL VARIANCES
              BYS24C        BYS24D        BYS24E        BYS24F        BYS24G
              ________      ________      ________      ________      ________
                8.809         1.850        -0.012         9.117         5.340


           FACTOR STRUCTURE
                  1             2             3             4             5
              ________      ________      ________      ________      ________
 BYS22A         0.291         0.293         0.318         0.558         0.135
 BYS22B         0.159         0.272         0.471         0.248         0.283
 BYS22C         0.812         0.404         0.221         0.429         0.214
 BYS22D         0.246         1.057         0.237         0.497         0.339
 BYS22E         0.467         0.442         0.168         0.525         0.195
 BYS22F         0.134         0.230        -0.097         0.472        -0.031
 BYS22G         0.479         0.337         0.208         0.728         0.186
 BYS22H         0.565         0.114         0.019         0.372        -0.054
 BYS24A         0.049         0.020         0.583         0.036         0.168
 BYS24B         0.055         0.179         0.641         0.100         0.339
 BYS24C         0.089        -0.003         0.514        -0.057         0.191
 BYS24D         0.254         0.294         0.591         0.226         0.530
 BYS24E         0.130         0.309         0.432         0.111         1.023
 BYS24F         0.038         0.293         0.404         0.176         0.371
 BYS24G        -0.013         0.096         0.124        -0.042        -0.028


PLOT INFORMATION

The following plots are available:

  Histograms (sample values)
  Scatterplots (sample values)
  Eigenvalues for exploratory factor analysis

     Beginning Time:  14:31:42
        Ending Time:  14:31:44
       Elapsed Time:  00:00:02



MUTHEN & MUTHEN
3463 Stoner Ave.
Los Angeles, CA  90066

Tel: (310) 391-9971
Fax: (310) 391-8971
Web: www.StatModel.com
Support: Support@StatModel.com

Copyright (c) 1998-2021 Muthen & Muthen
