Mplus VERSION 8.4 (Mac)
MUTHEN & MUTHEN
08/20/2020   9:21 AM

INPUT INSTRUCTIONS

  TITLE:
  Dating Model 6a - RI-LTA, continuous RI, Mover-Stayer
       Lanza-Collins 2008 Developmental Psychology
  DATA:
  FILE = "/Users/agarber/Desktop/RI-LTA_Muthen20/date_mplus/date.dat";

  VARIABLE:
  NAMES = id gender male dates_98 dates_99 dates_00 par_98 par_99 par_00 u11 u21 u31
       age_fd u12 u22 u32 u13 u23 u33 u14 u24 u34 safe_98 safe_99 safe_00;
   MISSING=.;
   usev = u11 u13 u14
         			 u21 u23 u24
         			 u31 u33 u34;

        categorical = u11-u34;
        missing = all(999);
        classes = cb(2) c1(5) c2(5) c3(5);
  ANALYSIS:
  type = mixture;
    	 starts =  100 20;
    	 processors = 8;
       parameterization = probability;
       algorithm = integration;
  MODEL:
  %Overall%

      f by u11-u14* (lam1-lam3)
    	u21-u24* (lam1-lam3)
    	u31-u34* (lam1-lam3);
    	f@1; [f@0];
    	
    Model cb:

    %cb#1% !!! Stationary transition assumption !!!
        c2 on c1 (pt1-pt20);
        c3 on c2 (pt1-pt20);

    %cb#2% !!! Stayer class.  Going row by row: !!!
        c2#1 on c1#1@1; c2#2 on c1#1@0; c2#3 on c1#1@0; c2#4 on c1#1@0;
        c2#1 on c1#2@0; c2#2 on c1#2@1; c2#3 on c1#2@0; c2#4 on c1#2@0;
        c2#1 on c1#3@0; c2#2 on c1#3@0; c2#3 on c1#3@1; c2#4 on c1#3@0;
        c2#1 on c1#4@0; c2#2 on c1#4@0; c2#3 on c1#4@0; c2#4 on c1#4@1;
        c2#1 on c1#5@0; c2#2 on c1#5@0; c2#3 on c1#5@0; c2#4 on c1#5@0;

        c3#1 on c2#1@1; c3#2 on c2#1@0; c3#3 on c2#1@0; c3#4 on c2#1@0;
        c3#1 on c2#2@0; c3#2 on c2#2@1; c3#3 on c2#2@0; c3#4 on c2#2@0;
        c3#1 on c2#3@0; c3#2 on c2#3@0; c3#3 on c2#3@1; c3#4 on c2#3@0;
        c3#1 on c2#4@0; c3#2 on c2#4@0; c3#3 on c2#4@0; c3#4 on c2#4@1;
        c3#1 on c2#5@0; c3#2 on c2#5@0; c3#3 on c2#5@0; c3#4 on c2#5@0;

    Model c1:
    	%c1#1%
    	[u11$1 u11$2  u13$1 u13$2 u14$1] (p11-p15);
    	%c1#2%
    	[u11$1 u11$2  u13$1 u13$2 u14$1] (p21-p25);
    	%c1#3%
    	[u11$1 u11$2  u13$1 u13$2 u14$1] (p31-p35);
    	%c1#4%
    	[u11$1 u11$2  u13$1 u13$2 u14$1] (p41-p45);
    	%c1#5%
    	[u11$1 u11$2 u13$1 u13$2 u14$1] (p51-p55);

    Model c2:
    	%c2#1%
    	[u21$1 u21$2  u23$1 u23$2 u24$1] (p11-p15);
    	%c2#2%
    	[u21$1 u21$2 u23$1 u23$2 u24$1] (p21-p25);
    	%c2#3%
    	[u21$1 u21$2 u23$1 u23$2 u24$1] (p31-p35);
    	%c2#4%
    	[u21$1 u21$2 u23$1 u23$2 u24$1] (p41-p45);
    	%c2#5%
    	[u21$1 u21$2 u23$1 u23$2 u24$1] (p51-p55);

    Model c3:
    	%c3#1%
    	[u31$1 u31$2  u33$1 u33$2 u34$1] (p11-p15);
    	%c3#2%
    	[u31$1 u31$2  u33$1 u33$2 u34$1] (p21-p25);
    	%c3#3%
    	[u31$1 u31$2  u33$1 u33$2 u34$1] (p31-p35);
    	%c3#4%
    	[u31$1 u31$2 u33$1 u33$2 u34$1] (p41-p45);
    	%c3#5%
    	[u31$1 u31$2  u33$1 u33$2 u34$1] (p51-p55);



*** WARNING
  Data set contains cases with missing on all variables.
  These cases were not included in the analysis.
  Number of cases with missing on all variables:  4
   1 WARNING(S) FOUND IN THE INPUT INSTRUCTIONS




Dating Model 6a - RI-LTA, continuous RI, Mover-Stayer
Lanza-Collins 2008 Developmental Psychology

SUMMARY OF ANALYSIS

Number of groups                                                 1
Number of observations                                        2933

Number of dependent variables                                    9
Number of independent variables                                  0
Number of continuous latent variables                            1
Number of categorical latent variables                           4

Observed dependent variables

  Binary and ordered categorical (ordinal)
   U11         U13         U14         U21         U23         U24
   U31         U33         U34

Continuous latent variables
   F

Categorical latent variables
   CB          C1          C2          C3


Estimator                                                      MLR
Information matrix                                        OBSERVED
Optimization Specifications for the Quasi-Newton Algorithm for
Continuous Outcomes
  Maximum number of iterations                                 100
  Convergence criterion                                  0.100D-05
Optimization Specifications for the EM Algorithm
  Maximum number of iterations                                 500
  Convergence criteria
    Loglikelihood change                                 0.100D-02
    Relative loglikelihood change                        0.100D-05
    Derivative                                           0.100D-02
Optimization Specifications for the M step of the EM Algorithm for
Categorical Latent variables
  Number of M step iterations                                    1
  M step convergence criterion                           0.100D-02
  Basis for M step termination                           ITERATION
Optimization Specifications for the M step of the EM Algorithm for
Censored, Binary or Ordered Categorical (Ordinal), Unordered
Categorical (Nominal) and Count Outcomes
  Number of M step iterations                                    1
  M step convergence criterion                           0.100D-02
  Basis for M step termination                           ITERATION
  Maximum value for logit thresholds                            15
  Minimum value for logit thresholds                           -15
  Minimum expected cell size for chi-square              0.100D-01
Maximum number of iterations for H1                           2000
Convergence criterion for H1                             0.100D-03
Optimization algorithm                                         EMA
Integration Specifications
  Type                                                    STANDARD
  Number of integration points                                  15
  Dimensions of numerical integration                            1
  Adaptive quadrature                                           ON
Random Starts Specifications
  Number of initial stage random starts                        100
  Number of final stage optimizations                           20
  Number of initial stage iterations                            10
  Initial stage convergence criterion                    0.100D+01
  Random starts scale                                    0.500D+01
  Random seed for generating random starts                       0
Parameterization                                       PROBABILITY
Link                                                         LOGIT
Cholesky                                                        ON

Input data file(s)
  /Users/agarber/Desktop/RI-LTA_Muthen20/date_mplus/date.dat
Input data format  FREE


SUMMARY OF DATA

     Number of missing data patterns            80
     Number of y missing data patterns           0
     Number of u missing data patterns          80


COVARIANCE COVERAGE OF DATA

Minimum covariance coverage value   0.100


     PROPORTION OF DATA PRESENT FOR U


           Covariance Coverage
              U11           U13           U14           U21           U23
              ________      ________      ________      ________      ________
 U11            0.990
 U13            0.945         0.949
 U14            0.912         0.915         0.917
 U21            0.897         0.860         0.833         0.905
 U23            0.874         0.839         0.813         0.875         0.881
 U24            0.852         0.819         0.796         0.853         0.855
 U31            0.867         0.834         0.808         0.829         0.808
 U33            0.849         0.817         0.791         0.811         0.791
 U34            0.818         0.786         0.762         0.781         0.764


           Covariance Coverage
              U24           U31           U33           U34
              ________      ________      ________      ________
 U24            0.860
 U31            0.789         0.877
 U33            0.772         0.853         0.857
 U34            0.748         0.821         0.822         0.825


UNIVARIATE PROPORTIONS AND COUNTS FOR CATEGORICAL VARIABLES

    U11
      Category 1    0.179          521.000
      Category 2    0.157          455.000
      Category 3    0.664         1927.000
    U13
      Category 1    0.500         1391.000
      Category 2    0.204          568.000
      Category 3    0.296          825.000
    U14
      Category 1    0.750         2017.000
      Category 2    0.250          672.000
    U21
      Category 1    0.133          354.000
      Category 2    0.242          642.000
      Category 3    0.625         1659.000
    U23
      Category 1    0.384          993.000
      Category 2    0.293          757.000
      Category 3    0.323          835.000
    U24
      Category 1    0.688         1736.000
      Category 2    0.312          786.000
    U31
      Category 1    0.126          323.000
      Category 2    0.283          729.000
      Category 3    0.591         1520.000
    U33
      Category 1    0.299          752.000
      Category 2    0.349          877.000
      Category 3    0.352          886.000
    U34
      Category 1    0.588         1422.000
      Category 2    0.412          998.000


RANDOM STARTS RESULTS RANKED FROM THE BEST TO THE WORST LOGLIKELIHOOD VALUES

Final stage loglikelihood values at local maxima, seeds, and initial stage start numbers:

          -16041.367  153942           31
          -16045.768  848163           47
          -16063.133  131856           90
          -16078.004  626891           32
          -16081.808  696773           80
          -16084.809  804561           59
          -16084.830  650371           14
          -16085.680  783110           72
          -16087.556  544048           87
          -16087.774  851945           18
          -16087.811  685657           69
          -16095.715  127215           9
          -16096.354  939021           8
          -16098.599  568859           49
          -16120.343  846194           93

5 perturbed starting value run(s) did not converge or were rejected in the third stage.



     WARNING:  THE BEST LOGLIKELIHOOD VALUE WAS NOT REPLICATED.  THE
     SOLUTION MAY NOT BE TRUSTWORTHY DUE TO LOCAL MAXIMA.  INCREASE THE
     NUMBER OF RANDOM STARTS.

     ONE OR MORE PARAMETERS WERE FIXED TO AVOID SINGULARITY OF THE
     INFORMATION MATRIX. THE SINGULARITY IS MOST LIKELY BECAUSE THE
     MODEL IS NOT IDENTIFIED, OR BECAUSE OF EMPTY CELLS IN THE JOINT
     DISTRIBUTION OF THE CATEGORICAL VARIABLES IN THE MODEL.
     THE FOLLOWING PARAMETERS WERE FIXED:
     Parameter 8, %CB#1.C1#1.C2#1.C3#1%: [ U14$1 ] (equality/label)
     Parameter 23, %CB#1.C1#1.C2#1.C3#4%: [ U34$1 ] (equality/label)
     Parameter 24, %CB#1.C1#1.C2#1.C3#5%: [ U31$1 ] (equality/label)


THE MODEL ESTIMATION TERMINATED NORMALLY



MODEL FIT INFORMATION

Number of Free Parameters                       53

Loglikelihood

          H0 Value                      -16041.367
          H0 Scaling Correction Factor      1.1195
            for MLR

Information Criteria

          Akaike (AIC)                   32188.733
          Bayesian (BIC)                 32505.874
          Sample-Size Adjusted BIC       32337.473
            (n* = (n + 2) / 24)

Chi-Square Test of Model Fit for the Binary and Ordered Categorical
(Ordinal) Outcomes**

          Pearson Chi-Square

          Value                           3950.149
          Degrees of Freedom                  5691
          P-Value                           1.0000

          Likelihood Ratio Chi-Square

          Value                           1616.582
          Degrees of Freedom                  5691
          P-Value                           1.0000

** Of the 50208 cells in the latent class indicator table, 87
   were deleted in the calculation of chi-square due to extreme values.

Chi-Square Test for MCAR under the Unrestricted Latent Class Indicator Model

          Pearson Chi-Square

          Value                           5614.079
          Degrees of Freedom                 44297
          P-Value                           1.0000

          Likelihood Ratio Chi-Square

          Value                           2128.248
          Degrees of Freedom                 44297
          P-Value                           1.0000



MODEL RESULTS USE THE LATENT CLASS VARIABLE ORDER

   CB  C1  C2  C3


FINAL CLASS COUNTS AND PROPORTIONS FOR THE LATENT CLASS PATTERNS
BASED ON THE ESTIMATED MODEL

  Latent Class
    Pattern

    1  1  1  1        117.04664          0.03991
    1  1  1  2         14.85999          0.00507
    1  1  1  3         16.42003          0.00560
    1  1  1  4         65.14231          0.02221
    1  1  1  5          6.94178          0.00237
    1  1  2  1          2.10539          0.00072
    1  1  2  2         17.43069          0.00594
    1  1  2  3          7.38150          0.00252
    1  1  2  4          0.27249          0.00009
    1  1  2  5          0.79279          0.00027
    1  1  3  1          1.02957          0.00035
    1  1  3  2          4.46122          0.00152
    1  1  3  3         18.12823          0.00618
    1  1  3  4          1.70178          0.00058
    1  1  3  5          5.59980          0.00191
    1  1  4  1          1.83252          0.00062
    1  1  4  2          1.81289          0.00062
    1  1  4  3         17.77044          0.00606
    1  1  4  4         75.97196          0.02590
    1  1  4  5         25.28179          0.00862
    1  1  5  1          0.09857          0.00003
    1  1  5  2          2.88678          0.00098
    1  1  5  3          4.39257          0.00150
    1  1  5  4          0.93741          0.00032
    1  1  5  5          4.75674          0.00162
    1  2  1  1          3.98844          0.00136
    1  2  1  2          0.50636          0.00017
    1  2  1  3          0.55952          0.00019
    1  2  1  4          2.21977          0.00076
    1  2  1  5          0.23655          0.00008
    1  2  2  1          4.67842          0.00160
    1  2  2  2         38.73295          0.01321
    1  2  2  3         16.40252          0.00559
    1  2  2  4          0.60550          0.00021
    1  2  2  5          1.76168          0.00060
    1  2  3  1          0.87679          0.00030
    1  2  3  2          3.79922          0.00130
    1  2  3  3         15.43817          0.00526
    1  2  3  4          1.44925          0.00049
    1  2  3  5          4.76884          0.00163
    1  2  4  1          0.01452          0.00000
    1  2  4  2          0.01437          0.00000
    1  2  4  3          0.14082          0.00005
    1  2  4  4          0.60202          0.00021
    1  2  4  5          0.20034          0.00007
    1  2  5  1          0.02133          0.00001
    1  2  5  2          0.62456          0.00021
    1  2  5  3          0.95034          0.00032
    1  2  5  4          0.20281          0.00007
    1  2  5  5          1.02913          0.00035
    1  3  1  1         11.98056          0.00408
    1  3  1  2          1.52103          0.00052
    1  3  1  3          1.68071          0.00057
    1  3  1  4          6.66778          0.00227
    1  3  1  5          0.71054          0.00024
    1  3  2  1          7.35514          0.00251
    1  3  2  2         60.89365          0.02076
    1  3  2  3         25.78708          0.00879
    1  3  2  4          0.95194          0.00032
    1  3  2  5          2.76961          0.00094
    1  3  3  1         13.22692          0.00451
    1  3  3  2         57.31354          0.01954
    1  3  3  3        232.89425          0.07940
    1  3  3  4         21.86287          0.00745
    1  3  3  5         71.94087          0.02453
    1  3  4  1          0.55707          0.00019
    1  3  4  2          0.55111          0.00019
    1  3  4  3          5.40208          0.00184
    1  3  4  4         23.09490          0.00787
    1  3  4  5          7.68547          0.00262
    1  3  5  1          0.92531          0.00032
    1  3  5  2         27.09804          0.00924
    1  3  5  3         41.23279          0.01406
    1  3  5  4          8.79938          0.00300
    1  3  5  5         44.65117          0.01522
    1  4  1  1          9.13739          0.00312
    1  4  1  2          1.16006          0.00040
    1  4  1  3          1.28185          0.00044
    1  4  1  4          5.08541          0.00173
    1  4  1  5          0.54192          0.00018
    1  4  2  1          1.28074          0.00044
    1  4  2  2         10.60332          0.00362
    1  4  2  3          4.49027          0.00153
    1  4  2  4          0.16576          0.00006
    1  4  2  5          0.48227          0.00016
    1  4  3  1          5.55588          0.00189
    1  4  3  2         24.07417          0.00821
    1  4  3  3         97.82566          0.03335
    1  4  3  4          9.18335          0.00313
    1  4  3  5         30.21828          0.01030
    1  4  4  1         10.65644          0.00363
    1  4  4  2         10.54232          0.00359
    1  4  4  3        103.33838          0.03523
    1  4  4  4        441.79084          0.15063
    1  4  4  5        147.01825          0.05013
    1  4  5  1          1.79008          0.00061
    1  4  5  2         52.42332          0.01787
    1  4  5  3         79.76813          0.02720
    1  4  5  4         17.02310          0.00580
    1  4  5  5         86.38126          0.02945
    1  5  1  1          1.31236          0.00045
    1  5  1  2          0.16661          0.00006
    1  5  1  3          0.18411          0.00006
    1  5  1  4          0.73040          0.00025
    1  5  1  5          0.07783          0.00003
    1  5  2  1          5.44528          0.00186
    1  5  2  2         45.08178          0.01537
    1  5  2  3         19.09111          0.00651
    1  5  2  4          0.70475          0.00024
    1  5  2  5          2.05044          0.00070
    1  5  3  1          3.66683          0.00125
    1  5  3  2         15.88874          0.00542
    1  5  3  3         64.56410          0.02201
    1  5  3  4          6.06093          0.00207
    1  5  3  5         19.94380          0.00680
    1  5  4  1          0.35108          0.00012
    1  5  4  2          0.34732          0.00012
    1  5  4  3          3.40451          0.00116
    1  5  4  4         14.55490          0.00496
    1  5  4  5          4.84355          0.00165
    1  5  5  1          0.89927          0.00031
    1  5  5  2         26.33561          0.00898
    1  5  5  3         40.07266          0.01366
    1  5  5  4          8.55180          0.00292
    1  5  5  5         43.39486          0.01480
    2  1  1  1         40.54644          0.01382
    2  1  1  2          0.00000          0.00000
    2  1  1  3          0.00000          0.00000
    2  1  1  4          0.00000          0.00000
    2  1  1  5          0.00000          0.00000
    2  1  2  1          0.00000          0.00000
    2  1  2  2          0.00000          0.00000
    2  1  2  3          0.00000          0.00000
    2  1  2  4          0.00000          0.00000
    2  1  2  5          0.00000          0.00000
    2  1  3  1          0.00000          0.00000
    2  1  3  2          0.00000          0.00000
    2  1  3  3          0.00000          0.00000
    2  1  3  4          0.00000          0.00000
    2  1  3  5          0.00000          0.00000
    2  1  4  1          0.00000          0.00000
    2  1  4  2          0.00000          0.00000
    2  1  4  3          0.00000          0.00000
    2  1  4  4          0.00000          0.00000
    2  1  4  5          0.00000          0.00000
    2  1  5  1          0.00000          0.00000
    2  1  5  2          0.00000          0.00000
    2  1  5  3          0.00000          0.00000
    2  1  5  4          0.00000          0.00000
    2  1  5  5          0.00000          0.00000
    2  2  1  1          0.00000          0.00000
    2  2  1  2          0.00000          0.00000
    2  2  1  3          0.00000          0.00000
    2  2  1  4          0.00000          0.00000
    2  2  1  5          0.00000          0.00000
    2  2  2  1          0.00000          0.00000
    2  2  2  2          9.75174          0.00332
    2  2  2  3          0.00000          0.00000
    2  2  2  4          0.00000          0.00000
    2  2  2  5          0.00000          0.00000
    2  2  3  1          0.00000          0.00000
    2  2  3  2          0.00000          0.00000
    2  2  3  3          0.00000          0.00000
    2  2  3  4          0.00000          0.00000
    2  2  3  5          0.00000          0.00000
    2  2  4  1          0.00000          0.00000
    2  2  4  2          0.00000          0.00000
    2  2  4  3          0.00000          0.00000
    2  2  4  4          0.00000          0.00000
    2  2  4  5          0.00000          0.00000
    2  2  5  1          0.00000          0.00000
    2  2  5  2          0.00000          0.00000
    2  2  5  3          0.00000          0.00000
    2  2  5  4          0.00000          0.00000
    2  2  5  5          0.00000          0.00000
    2  3  1  1          0.00000          0.00000
    2  3  1  2          0.00000          0.00000
    2  3  1  3          0.00000          0.00000
    2  3  1  4          0.00000          0.00000
    2  3  1  5          0.00000          0.00000
    2  3  2  1          0.00000          0.00000
    2  3  2  2          0.00000          0.00000
    2  3  2  3          0.00000          0.00000
    2  3  2  4          0.00000          0.00000
    2  3  2  5          0.00000          0.00000
    2  3  3  1          0.00000          0.00000
    2  3  3  2          0.00000          0.00000
    2  3  3  3         66.18962          0.02257
    2  3  3  4          0.00000          0.00000
    2  3  3  5          0.00000          0.00000
    2  3  4  1          0.00000          0.00000
    2  3  4  2          0.00000          0.00000
    2  3  4  3          0.00000          0.00000
    2  3  4  4          0.00000          0.00000
    2  3  4  5          0.00000          0.00000
    2  3  5  1          0.00000          0.00000
    2  3  5  2          0.00000          0.00000
    2  3  5  3          0.00000          0.00000
    2  3  5  4          0.00000          0.00000
    2  3  5  5          0.00000          0.00000
    2  4  1  1          0.00000          0.00000
    2  4  1  2          0.00000          0.00000
    2  4  1  3          0.00000          0.00000
    2  4  1  4          0.00000          0.00000
    2  4  1  5          0.00000          0.00000
    2  4  2  1          0.00000          0.00000
    2  4  2  2          0.00000          0.00000
    2  4  2  3          0.00000          0.00000
    2  4  2  4          0.00000          0.00000
    2  4  2  5          0.00000          0.00000
    2  4  3  1          0.00000          0.00000
    2  4  3  2          0.00000          0.00000
    2  4  3  3          0.00000          0.00000
    2  4  3  4          0.00000          0.00000
    2  4  3  5          0.00000          0.00000
    2  4  4  1          0.00000          0.00000
    2  4  4  2          0.00000          0.00000
    2  4  4  3          0.00000          0.00000
    2  4  4  4        112.52011          0.03836
    2  4  4  5          0.00000          0.00000
    2  4  5  1          0.00000          0.00000
    2  4  5  2          0.00000          0.00000
    2  4  5  3          0.00000          0.00000
    2  4  5  4          0.00000          0.00000
    2  4  5  5          0.00000          0.00000
    2  5  1  1          0.00000          0.00000
    2  5  1  2          0.00000          0.00000
    2  5  1  3          0.00000          0.00000
    2  5  1  4          0.00000          0.00000
    2  5  1  5          0.00000          0.00000
    2  5  2  1          0.00000          0.00000
    2  5  2  2          0.00000          0.00000
    2  5  2  3          0.00000          0.00000
    2  5  2  4          0.00000          0.00000
    2  5  2  5          0.00000          0.00000
    2  5  3  1          0.00000          0.00000
    2  5  3  2          0.00000          0.00000
    2  5  3  3          0.00000          0.00000
    2  5  3  4          0.00000          0.00000
    2  5  3  5          0.00000          0.00000
    2  5  4  1          0.00000          0.00000
    2  5  4  2          0.00000          0.00000
    2  5  4  3          0.00000          0.00000
    2  5  4  4          0.00000          0.00000
    2  5  4  5          0.00000          0.00000
    2  5  5  1          0.00000          0.00000
    2  5  5  2          0.00000          0.00000
    2  5  5  3          0.00000          0.00000
    2  5  5  4          0.00000          0.00000
    2  5  5  5         32.01513          0.01092


FINAL CLASS COUNTS AND PROPORTIONS FOR EACH LATENT CLASS VARIABLE
BASED ON THE ESTIMATED MODEL

  Latent Class
    Variable    Class

    CB             1      2671.97729          0.91100
                   2       261.02304          0.08900
    C1             1       455.60236          0.15534
                   2       109.57595          0.03736
                   3       743.74341          0.25358
                   4      1264.33862          0.43107
                   5       359.73978          0.12265
    C2             1       310.70645          0.10593
                   2       287.06882          0.09788
                   3       797.66254          0.27196
                   4      1010.29993          0.34446
                   5       527.26208          0.17977
    C3             1       246.37898          0.08400
                   2       428.88138          0.14623
                   3       884.79144          0.30167
                   4       826.85352          0.28191
                   5       546.09467          0.18619


LATENT TRANSITION PROBABILITIES BASED ON THE ESTIMATED MODEL

  CB Classes (Rows) by C1 Classes (Columns)

            1        2        3        4        5

   1     0.155    0.037    0.254    0.431    0.123
   2     0.155    0.037    0.254    0.431    0.123

  C1 Classes (Rows) by C2 Classes (Columns)

            1        2        3        4        5

   1     0.573    0.061    0.068    0.269    0.029
   2     0.069    0.656    0.240    0.009    0.026
   3     0.030    0.131    0.623    0.050    0.165
   4     0.014    0.013    0.132    0.653    0.188
   5     0.007    0.201    0.306    0.065    0.420

  C2 Classes (Rows) by C3 Classes (Columns)

            1        2        3        4        5

   1     0.592    0.059    0.065    0.257    0.027
   2     0.073    0.636    0.255    0.009    0.027
   3     0.031    0.132    0.621    0.050    0.166
   4     0.013    0.013    0.129    0.662    0.183
   5     0.007    0.207    0.316    0.067    0.403


FINAL CLASS COUNTS AND PROPORTIONS FOR THE LATENT CLASS PATTERNS
BASED ON ESTIMATED POSTERIOR PROBABILITIES

  Latent Class
    Pattern

    1  1  1  1        118.46572          0.04039
    1  1  1  2         16.82671          0.00574
    1  1  1  3         11.64177          0.00397
    1  1  1  4         68.01538          0.02319
    1  1  1  5          6.64823          0.00227
    1  1  2  1          3.05945          0.00104
    1  1  2  2         11.16913          0.00381
    1  1  2  3          8.06524          0.00275
    1  1  2  4          0.19487          0.00007
    1  1  2  5          0.53232          0.00018
    1  1  3  1          1.66434          0.00057
    1  1  3  2          5.33204          0.00182
    1  1  3  3         19.70665          0.00672
    1  1  3  4          3.26138          0.00111
    1  1  3  5          5.67826          0.00194
    1  1  4  1          2.12593          0.00072
    1  1  4  2          2.25011          0.00077
    1  1  4  3         14.59946          0.00498
    1  1  4  4         78.72693          0.02684
    1  1  4  5         24.12321          0.00822
    1  1  5  1          0.05964          0.00002
    1  1  5  2          3.10324          0.00106
    1  1  5  3          4.09954          0.00140
    1  1  5  4          1.08143          0.00037
    1  1  5  5          4.13757          0.00141
    1  2  1  1          3.10962          0.00106
    1  2  1  2          1.97481          0.00067
    1  2  1  3          1.40469          0.00048
    1  2  1  4          2.30572          0.00079
    1  2  1  5          0.24616          0.00008
    1  2  2  1          2.74233          0.00093
    1  2  2  2         41.62428          0.01419
    1  2  2  3         15.43476          0.00526
    1  2  2  4          0.28589          0.00010
    1  2  2  5          1.93428          0.00066
    1  2  3  1          0.50482          0.00017
    1  2  3  2          4.07858          0.00139
    1  2  3  3         13.60329          0.00464
    1  2  3  4          1.19577          0.00041
    1  2  3  5          4.26320          0.00145
    1  2  4  1          0.00749          0.00000
    1  2  4  2          0.05121          0.00002
    1  2  4  3          0.54671          0.00019
    1  2  4  4          0.29218          0.00010
    1  2  4  5          0.68907          0.00023
    1  2  5  1          0.01269          0.00000
    1  2  5  2          0.46550          0.00016
    1  2  5  3          1.28091          0.00044
    1  2  5  4          0.13854          0.00005
    1  2  5  5          0.92634          0.00032
    1  3  1  1         11.00646          0.00375
    1  3  1  2          2.83726          0.00097
    1  3  1  3          1.47000          0.00050
    1  3  1  4          5.50345          0.00188
    1  3  1  5          1.32452          0.00045
    1  3  2  1          6.01283          0.00205
    1  3  2  2         55.65066          0.01897
    1  3  2  3         24.91262          0.00849
    1  3  2  4          0.46144          0.00016
    1  3  2  5          2.58444          0.00088
    1  3  3  1         13.79822          0.00470
    1  3  3  2         68.20841          0.02326
    1  3  3  3        231.82450          0.07904
    1  3  3  4         16.04509          0.00547
    1  3  3  5         72.22271          0.02462
    1  3  4  1          0.93675          0.00032
    1  3  4  2          0.61717          0.00021
    1  3  4  3          9.22688          0.00315
    1  3  4  4         19.02413          0.00649
    1  3  4  5         10.54152          0.00359
    1  3  5  1          0.98659          0.00034
    1  3  5  2         25.03097          0.00853
    1  3  5  3         42.84267          0.01461
    1  3  5  4          8.98554          0.00306
    1  3  5  5         45.82421          0.01562
    1  4  1  1          8.84961          0.00302
    1  4  1  2          1.05942          0.00036
    1  4  1  3          0.78262          0.00027
    1  4  1  4          4.56551          0.00156
    1  4  1  5          0.77549          0.00026
    1  4  2  1          0.99640          0.00034
    1  4  2  2          9.46256          0.00323
    1  4  2  3          3.63350          0.00124
    1  4  2  4          0.18773          0.00006
    1  4  2  5          0.45704          0.00016
    1  4  3  1          6.55051          0.00223
    1  4  3  2         21.68030          0.00739
    1  4  3  3         98.44689          0.03357
    1  4  3  4         10.94982          0.00373
    1  4  3  5         30.56193          0.01042
    1  4  4  1         11.18631          0.00381
    1  4  4  2         12.13995          0.00414
    1  4  4  3        102.68151          0.03501
    1  4  4  4        443.77475          0.15130
    1  4  4  5        151.40139          0.05162
    1  4  5  1          1.47910          0.00050
    1  4  5  2         51.23892          0.01747
    1  4  5  3         74.97376          0.02556
    1  4  5  4         19.52892          0.00666
    1  4  5  5         83.87996          0.02860
    1  5  1  1          1.11247          0.00038
    1  5  1  2          0.51394          0.00018
    1  5  1  3          0.15167          0.00005
    1  5  1  4          0.40973          0.00014
    1  5  1  5          0.11714          0.00004
    1  5  2  1          5.53608          0.00189
    1  5  2  2         46.87840          0.01598
    1  5  2  3         20.38396          0.00695
    1  5  2  4          0.83788          0.00029
    1  5  2  5          1.99461          0.00068
    1  5  3  1          2.47879          0.00085
    1  5  3  2         15.34401          0.00523
    1  5  3  3         64.24859          0.02191
    1  5  3  4          6.11139          0.00208
    1  5  3  5         19.95596          0.00680
    1  5  4  1          0.43815          0.00015
    1  5  4  2          0.63938          0.00022
    1  5  4  3          2.69873          0.00092
    1  5  4  4         10.53229          0.00359
    1  5  4  5          5.98419          0.00204
    1  5  5  1          1.36891          0.00047
    1  5  5  2         26.08164          0.00889
    1  5  5  3         44.86473          0.01530
    1  5  5  4          8.91084          0.00304
    1  5  5  5         41.52896          0.01416
    2  1  1  1         41.03802          0.01399
    2  1  1  2          0.00000          0.00000
    2  1  1  3          0.00000          0.00000
    2  1  1  4          0.00000          0.00000
    2  1  1  5          0.00000          0.00000
    2  1  2  1          0.00000          0.00000
    2  1  2  2          0.00000          0.00000
    2  1  2  3          0.00000          0.00000
    2  1  2  4          0.00000          0.00000
    2  1  2  5          0.00000          0.00000
    2  1  3  1          0.00000          0.00000
    2  1  3  2          0.00000          0.00000
    2  1  3  3          0.00000          0.00000
    2  1  3  4          0.00000          0.00000
    2  1  3  5          0.00000          0.00000
    2  1  4  1          0.00000          0.00000
    2  1  4  2          0.00000          0.00000
    2  1  4  3          0.00000          0.00000
    2  1  4  4          0.00000          0.00000
    2  1  4  5          0.00000          0.00000
    2  1  5  1          0.00000          0.00000
    2  1  5  2          0.00000          0.00000
    2  1  5  3          0.00000          0.00000
    2  1  5  4          0.00000          0.00000
    2  1  5  5          0.00000          0.00000
    2  2  1  1          0.00000          0.00000
    2  2  1  2          0.00000          0.00000
    2  2  1  3          0.00000          0.00000
    2  2  1  4          0.00000          0.00000
    2  2  1  5          0.00000          0.00000
    2  2  2  1          0.00000          0.00000
    2  2  2  2         10.47969          0.00357
    2  2  2  3          0.00000          0.00000
    2  2  2  4          0.00000          0.00000
    2  2  2  5          0.00000          0.00000
    2  2  3  1          0.00000          0.00000
    2  2  3  2          0.00000          0.00000
    2  2  3  3          0.00000          0.00000
    2  2  3  4          0.00000          0.00000
    2  2  3  5          0.00000          0.00000
    2  2  4  1          0.00000          0.00000
    2  2  4  2          0.00000          0.00000
    2  2  4  3          0.00000          0.00000
    2  2  4  4          0.00000          0.00000
    2  2  4  5          0.00000          0.00000
    2  2  5  1          0.00000          0.00000
    2  2  5  2          0.00000          0.00000
    2  2  5  3          0.00000          0.00000
    2  2  5  4          0.00000          0.00000
    2  2  5  5          0.00000          0.00000
    2  3  1  1          0.00000          0.00000
    2  3  1  2          0.00000          0.00000
    2  3  1  3          0.00000          0.00000
    2  3  1  4          0.00000          0.00000
    2  3  1  5          0.00000          0.00000
    2  3  2  1          0.00000          0.00000
    2  3  2  2          0.00000          0.00000
    2  3  2  3          0.00000          0.00000
    2  3  2  4          0.00000          0.00000
    2  3  2  5          0.00000          0.00000
    2  3  3  1          0.00000          0.00000
    2  3  3  2          0.00000          0.00000
    2  3  3  3         65.88559          0.02246
    2  3  3  4          0.00000          0.00000
    2  3  3  5          0.00000          0.00000
    2  3  4  1          0.00000          0.00000
    2  3  4  2          0.00000          0.00000
    2  3  4  3          0.00000          0.00000
    2  3  4  4          0.00000          0.00000
    2  3  4  5          0.00000          0.00000
    2  3  5  1          0.00000          0.00000
    2  3  5  2          0.00000          0.00000
    2  3  5  3          0.00000          0.00000
    2  3  5  4          0.00000          0.00000
    2  3  5  5          0.00000          0.00000
    2  4  1  1          0.00000          0.00000
    2  4  1  2          0.00000          0.00000
    2  4  1  3          0.00000          0.00000
    2  4  1  4          0.00000          0.00000
    2  4  1  5          0.00000          0.00000
    2  4  2  1          0.00000          0.00000
    2  4  2  2          0.00000          0.00000
    2  4  2  3          0.00000          0.00000
    2  4  2  4          0.00000          0.00000
    2  4  2  5          0.00000          0.00000
    2  4  3  1          0.00000          0.00000
    2  4  3  2          0.00000          0.00000
    2  4  3  3          0.00000          0.00000
    2  4  3  4          0.00000          0.00000
    2  4  3  5          0.00000          0.00000
    2  4  4  1          0.00000          0.00000
    2  4  4  2          0.00000          0.00000
    2  4  4  3          0.00000          0.00000
    2  4  4  4        113.02539          0.03854
    2  4  4  5          0.00000          0.00000
    2  4  5  1          0.00000          0.00000
    2  4  5  2          0.00000          0.00000
    2  4  5  3          0.00000          0.00000
    2  4  5  4          0.00000          0.00000
    2  4  5  5          0.00000          0.00000
    2  5  1  1          0.00000          0.00000
    2  5  1  2          0.00000          0.00000
    2  5  1  3          0.00000          0.00000
    2  5  1  4          0.00000          0.00000
    2  5  1  5          0.00000          0.00000
    2  5  2  1          0.00000          0.00000
    2  5  2  2          0.00000          0.00000
    2  5  2  3          0.00000          0.00000
    2  5  2  4          0.00000          0.00000
    2  5  2  5          0.00000          0.00000
    2  5  3  1          0.00000          0.00000
    2  5  3  2          0.00000          0.00000
    2  5  3  3          0.00000          0.00000
    2  5  3  4          0.00000          0.00000
    2  5  3  5          0.00000          0.00000
    2  5  4  1          0.00000          0.00000
    2  5  4  2          0.00000          0.00000
    2  5  4  3          0.00000          0.00000
    2  5  4  4          0.00000          0.00000
    2  5  4  5          0.00000          0.00000
    2  5  5  1          0.00000          0.00000
    2  5  5  2          0.00000          0.00000
    2  5  5  3          0.00000          0.00000
    2  5  5  4          0.00000          0.00000
    2  5  5  5         30.63853          0.01045


FINAL CLASS COUNTS AND PROPORTIONS FOR EACH LATENT CLASS VARIABLE
BASED ON ESTIMATED POSTERIOR PROBABILITIES

  Latent Class
    Variable    Class

    CB             1      2671.93311          0.91099
                   2       261.06723          0.08901
    C1             1       455.60651          0.15534
                   2       109.59855          0.03737
                   3       743.76459          0.25358
                   4      1264.26941          0.43105
                   5       359.76093          0.12266
    C2             1       312.15610          0.10643
                   2       275.51236          0.09394
                   3       803.60107          0.27399
                   4      1018.26080          0.34717
                   5       523.46967          0.17848
    C3             1       245.52724          0.08371
                   2       434.73828          0.14822
                   3       879.41132          0.29983
                   4       824.35199          0.28106
                   5       548.97125          0.18717


FINAL CLASS COUNTS AND PROPORTIONS FOR THE LATENT CLASS PATTERNS
BASED ON THEIR MOST LIKELY LATENT CLASS PATTERN

Class Counts and Proportions

  Latent Class
    Pattern

    1  1  1  1              134          0.04569
    1  1  1  2               13          0.00443
    1  1  1  3                9          0.00307
    1  1  1  4               85          0.02898
    1  1  1  5                3          0.00102
    1  1  2  1                4          0.00136
    1  1  2  2               11          0.00375
    1  1  2  3                5          0.00170
    1  1  2  4                0          0.00000
    1  1  2  5                0          0.00000
    1  1  3  1                2          0.00068
    1  1  3  2                5          0.00170
    1  1  3  3               23          0.00784
    1  1  3  4                3          0.00102
    1  1  3  5                6          0.00205
    1  1  4  1                6          0.00205
    1  1  4  2                1          0.00034
    1  1  4  3               15          0.00511
    1  1  4  4               94          0.03205
    1  1  4  5               26          0.00886
    1  1  5  1                0          0.00000
    1  1  5  2                5          0.00170
    1  1  5  3                3          0.00102
    1  1  5  4                1          0.00034
    1  1  5  5                1          0.00034
    1  2  1  1                2          0.00068
    1  2  1  2                2          0.00068
    1  2  1  3                1          0.00034
    1  2  1  4                2          0.00068
    1  2  1  5                0          0.00000
    1  2  2  1                1          0.00034
    1  2  2  2               57          0.01943
    1  2  2  3               12          0.00409
    1  2  2  4                0          0.00000
    1  2  2  5                0          0.00000
    1  2  3  1                0          0.00000
    1  2  3  2                3          0.00102
    1  2  3  3               11          0.00375
    1  2  3  4                0          0.00000
    1  2  3  5                4          0.00136
    1  2  4  1                0          0.00000
    1  2  4  2                0          0.00000
    1  2  4  3                1          0.00034
    1  2  4  4                0          0.00000
    1  2  4  5                1          0.00034
    1  2  5  1                0          0.00000
    1  2  5  2                0          0.00000
    1  2  5  3                0          0.00000
    1  2  5  4                0          0.00000
    1  2  5  5                0          0.00000
    1  3  1  1               12          0.00409
    1  3  1  2                3          0.00102
    1  3  1  3                0          0.00000
    1  3  1  4                5          0.00170
    1  3  1  5                2          0.00068
    1  3  2  1                4          0.00136
    1  3  2  2               48          0.01637
    1  3  2  3               29          0.00989
    1  3  2  4                0          0.00000
    1  3  2  5                0          0.00000
    1  3  3  1               14          0.00477
    1  3  3  2               78          0.02659
    1  3  3  3              329          0.11217
    1  3  3  4                9          0.00307
    1  3  3  5               58          0.01977
    1  3  4  1                3          0.00102
    1  3  4  2                0          0.00000
    1  3  4  3                7          0.00239
    1  3  4  4               13          0.00443
    1  3  4  5                9          0.00307
    1  3  5  1                3          0.00102
    1  3  5  2               23          0.00784
    1  3  5  3               32          0.01091
    1  3  5  4                8          0.00273
    1  3  5  5               38          0.01296
    1  4  1  1               16          0.00546
    1  4  1  2                1          0.00034
    1  4  1  3                4          0.00136
    1  4  1  4                2          0.00068
    1  4  1  5                2          0.00068
    1  4  2  1                0          0.00000
    1  4  2  2                1          0.00034
    1  4  2  3                1          0.00034
    1  4  2  4                0          0.00000
    1  4  2  5                0          0.00000
    1  4  3  1                5          0.00170
    1  4  3  2               16          0.00546
    1  4  3  3              118          0.04023
    1  4  3  4                6          0.00205
    1  4  3  5               20          0.00682
    1  4  4  1                4          0.00136
    1  4  4  2                4          0.00136
    1  4  4  3              141          0.04807
    1  4  4  4              616          0.21002
    1  4  4  5              139          0.04739
    1  4  5  1                0          0.00000
    1  4  5  2               57          0.01943
    1  4  5  3               80          0.02728
    1  4  5  4               19          0.00648
    1  4  5  5               75          0.02557
    1  5  1  1                1          0.00034
    1  5  1  2                0          0.00000
    1  5  1  3                0          0.00000
    1  5  1  4                0          0.00000
    1  5  1  5                0          0.00000
    1  5  2  1                5          0.00170
    1  5  2  2               44          0.01500
    1  5  2  3               22          0.00750
    1  5  2  4                0          0.00000
    1  5  2  5                0          0.00000
    1  5  3  1                1          0.00034
    1  5  3  2               17          0.00580
    1  5  3  3               58          0.01977
    1  5  3  4                6          0.00205
    1  5  3  5               11          0.00375
    1  5  4  1                0          0.00000
    1  5  4  2                0          0.00000
    1  5  4  3                2          0.00068
    1  5  4  4                7          0.00239
    1  5  4  5                3          0.00102
    1  5  5  1                1          0.00034
    1  5  5  2               26          0.00886
    1  5  5  3               44          0.01500
    1  5  5  4               11          0.00375
    1  5  5  5               68          0.02318
    2  1  1  1                0          0.00000
    2  1  1  2                0          0.00000
    2  1  1  3                0          0.00000
    2  1  1  4                0          0.00000
    2  1  1  5                0          0.00000
    2  1  2  1                0          0.00000
    2  1  2  2                0          0.00000
    2  1  2  3                0          0.00000
    2  1  2  4                0          0.00000
    2  1  2  5                0          0.00000
    2  1  3  1                0          0.00000
    2  1  3  2                0          0.00000
    2  1  3  3                0          0.00000
    2  1  3  4                0          0.00000
    2  1  3  5                0          0.00000
    2  1  4  1                0          0.00000
    2  1  4  2                0          0.00000
    2  1  4  3                0          0.00000
    2  1  4  4                0          0.00000
    2  1  4  5                0          0.00000
    2  1  5  1                0          0.00000
    2  1  5  2                0          0.00000
    2  1  5  3                0          0.00000
    2  1  5  4                0          0.00000
    2  1  5  5                0          0.00000
    2  2  1  1                0          0.00000
    2  2  1  2                0          0.00000
    2  2  1  3                0          0.00000
    2  2  1  4                0          0.00000
    2  2  1  5                0          0.00000
    2  2  2  1                0          0.00000
    2  2  2  2                0          0.00000
    2  2  2  3                0          0.00000
    2  2  2  4                0          0.00000
    2  2  2  5                0          0.00000
    2  2  3  1                0          0.00000
    2  2  3  2                0          0.00000
    2  2  3  3                0          0.00000
    2  2  3  4                0          0.00000
    2  2  3  5                0          0.00000
    2  2  4  1                0          0.00000
    2  2  4  2                0          0.00000
    2  2  4  3                0          0.00000
    2  2  4  4                0          0.00000
    2  2  4  5                0          0.00000
    2  2  5  1                0          0.00000
    2  2  5  2                0          0.00000
    2  2  5  3                0          0.00000
    2  2  5  4                0          0.00000
    2  2  5  5                0          0.00000
    2  3  1  1                0          0.00000
    2  3  1  2                0          0.00000
    2  3  1  3                0          0.00000
    2  3  1  4                0          0.00000
    2  3  1  5                0          0.00000
    2  3  2  1                0          0.00000
    2  3  2  2                0          0.00000
    2  3  2  3                0          0.00000
    2  3  2  4                0          0.00000
    2  3  2  5                0          0.00000
    2  3  3  1                0          0.00000
    2  3  3  2                0          0.00000
    2  3  3  3                0          0.00000
    2  3  3  4                0          0.00000
    2  3  3  5                0          0.00000
    2  3  4  1                0          0.00000
    2  3  4  2                0          0.00000
    2  3  4  3                0          0.00000
    2  3  4  4                0          0.00000
    2  3  4  5                0          0.00000
    2  3  5  1                0          0.00000
    2  3  5  2                0          0.00000
    2  3  5  3                0          0.00000
    2  3  5  4                0          0.00000
    2  3  5  5                0          0.00000
    2  4  1  1                0          0.00000
    2  4  1  2                0          0.00000
    2  4  1  3                0          0.00000
    2  4  1  4                0          0.00000
    2  4  1  5                0          0.00000
    2  4  2  1                0          0.00000
    2  4  2  2                0          0.00000
    2  4  2  3                0          0.00000
    2  4  2  4                0          0.00000
    2  4  2  5                0          0.00000
    2  4  3  1                0          0.00000
    2  4  3  2                0          0.00000
    2  4  3  3                0          0.00000
    2  4  3  4                0          0.00000
    2  4  3  5                0          0.00000
    2  4  4  1                0          0.00000
    2  4  4  2                0          0.00000
    2  4  4  3                0          0.00000
    2  4  4  4                0          0.00000
    2  4  4  5                0          0.00000
    2  4  5  1                0          0.00000
    2  4  5  2                0          0.00000
    2  4  5  3                0          0.00000
    2  4  5  4                0          0.00000
    2  4  5  5                0          0.00000
    2  5  1  1                0          0.00000
    2  5  1  2                0          0.00000
    2  5  1  3                0          0.00000
    2  5  1  4                0          0.00000
    2  5  1  5                0          0.00000
    2  5  2  1                0          0.00000
    2  5  2  2                0          0.00000
    2  5  2  3                0          0.00000
    2  5  2  4                0          0.00000
    2  5  2  5                0          0.00000
    2  5  3  1                0          0.00000
    2  5  3  2                0          0.00000
    2  5  3  3                0          0.00000
    2  5  3  4                0          0.00000
    2  5  3  5                0          0.00000
    2  5  4  1                0          0.00000
    2  5  4  2                0          0.00000
    2  5  4  3                0          0.00000
    2  5  4  4                0          0.00000
    2  5  4  5                0          0.00000
    2  5  5  1                0          0.00000
    2  5  5  2                0          0.00000
    2  5  5  3                0          0.00000
    2  5  5  4                0          0.00000
    2  5  5  5                0          0.00000


FINAL CLASS COUNTS AND PROPORTIONS FOR EACH LATENT CLASS VARIABLE
BASED ON THEIR MOST LIKELY LATENT CLASS PATTERN

  Latent Class
    Variable    Class

    CB             1            2933          1.00000
                   2               0          0.00000
    C1             1             455          0.15513
                   2              97          0.03307
                   3             727          0.24787
                   4            1327          0.45244
                   5             327          0.11149
    C2             1             299          0.10194
                   2             244          0.08319
                   3             803          0.27378
                   4            1092          0.37232
                   5             495          0.16877
    C3             1             218          0.07433
                   2             415          0.14149
                   3             947          0.32288
                   4             887          0.30242
                   5             466          0.15888


CLASSIFICATION QUALITY

     Entropy                         0.738


MODEL RESULTS

                                                    Two-Tailed
                    Estimate       S.E.  Est./S.E.    P-Value

Parameters in the Overall Part of the Model (Parameters Equal in All of the Classes)

 F        BY
    U11                1.554      0.160      9.719      0.000
    U13                4.181      0.662      6.320      0.000
    U14                1.504      0.249      6.052      0.000
    U21                1.554      0.160      9.719      0.000
    U23                4.181      0.662      6.320      0.000
    U24                1.504      0.249      6.052      0.000
    U31                1.554      0.160      9.719      0.000
    U33                4.181      0.662      6.320      0.000
    U34                1.504      0.249      6.052      0.000

 Means
    F                  0.000      0.000    999.000    999.000

 Variances
    F                  1.000      0.000    999.000    999.000

Parameters for Class-specific Model Parts of C1

Latent Class C1#1

 Thresholds
    U11$1              2.577      0.567      4.544      0.000
    U11$2              3.094      0.501      6.181      0.000
    U13$1              6.612      1.123      5.889      0.000
    U13$2              7.835      1.121      6.988      0.000
    U14$1             31.847      0.000    999.000    999.000

Latent Class C1#2

 Thresholds
    U11$1             -2.005      0.374     -5.358      0.000
    U11$2              2.860      1.257      2.276      0.023
    U13$1            -12.085      2.246     -5.380      0.000
    U13$2              5.718      1.697      3.369      0.001
    U14$1             -2.621      0.762     -3.438      0.001

Latent Class C1#3

 Thresholds
    U11$1             -3.782      0.202    -18.707      0.000
    U11$2             -2.977      0.162    -18.418      0.000
    U13$1             -9.786      0.810    -12.083      0.000
    U13$2             -5.533      0.904     -6.119      0.000
    U14$1             -0.555      0.262     -2.122      0.034

Latent Class C1#4

 Thresholds
    U11$1             -4.180      0.689     -6.065      0.000
    U11$2             -1.692      0.289     -5.854      0.000
    U13$1              3.770      1.628      2.316      0.021
    U13$2              5.116      1.703      3.003      0.003
    U14$1             33.010      0.000    999.000    999.000

Latent Class C1#5

 Thresholds
    U11$1            -32.598      0.000    999.000    999.000
    U11$2             -0.253      0.336     -0.751      0.453
    U13$1             -8.662      0.978     -8.857      0.000
    U13$2              6.190      1.537      4.029      0.000
    U14$1             -0.029      0.380     -0.075      0.940

Parameters for Class-specific Model Parts of C2

Latent Class C2#1

 Thresholds
    U21$1              2.577      0.567      4.544      0.000
    U21$2              3.094      0.501      6.181      0.000
    U23$1              6.612      1.123      5.889      0.000
    U23$2              7.835      1.121      6.988      0.000
    U24$1             31.847      0.000    999.000    999.000

Latent Class C2#2

 Thresholds
    U21$1             -2.005      0.374     -5.358      0.000
    U21$2              2.860      1.257      2.276      0.023
    U23$1            -12.085      2.246     -5.380      0.000
    U23$2              5.718      1.697      3.369      0.001
    U24$1             -2.621      0.762     -3.438      0.001

Latent Class C2#3

 Thresholds
    U21$1             -3.782      0.202    -18.707      0.000
    U21$2             -2.977      0.162    -18.418      0.000
    U23$1             -9.786      0.810    -12.083      0.000
    U23$2             -5.533      0.904     -6.119      0.000
    U24$1             -0.555      0.262     -2.122      0.034

Latent Class C2#4

 Thresholds
    U21$1             -4.180      0.689     -6.065      0.000
    U21$2             -1.692      0.289     -5.854      0.000
    U23$1              3.770      1.628      2.316      0.021
    U23$2              5.116      1.703      3.003      0.003
    U24$1             33.010      0.000    999.000    999.000

Latent Class C2#5

 Thresholds
    U21$1            -32.598      0.000    999.000    999.000
    U21$2             -0.253      0.336     -0.751      0.453
    U23$1             -8.662      0.978     -8.857      0.000
    U23$2              6.190      1.537      4.029      0.000
    U24$1             -0.029      0.380     -0.075      0.940

Parameters for Class-specific Model Parts of C3

Latent Class C3#1

 Thresholds
    U31$1              2.577      0.567      4.544      0.000
    U31$2              3.094      0.501      6.181      0.000
    U33$1              6.612      1.123      5.889      0.000
    U33$2              7.835      1.121      6.988      0.000
    U34$1             31.847      0.000    999.000    999.000

Latent Class C3#2

 Thresholds
    U31$1             -2.005      0.374     -5.358      0.000
    U31$2              2.860      1.257      2.276      0.023
    U33$1            -12.085      2.246     -5.380      0.000
    U33$2              5.718      1.697      3.369      0.001
    U34$1             -2.621      0.762     -3.438      0.001

Latent Class C3#3

 Thresholds
    U31$1             -3.782      0.202    -18.707      0.000
    U31$2             -2.977      0.162    -18.418      0.000
    U33$1             -9.786      0.810    -12.083      0.000
    U33$2             -5.533      0.904     -6.119      0.000
    U34$1             -0.555      0.262     -2.122      0.034

Latent Class C3#4

 Thresholds
    U31$1             -4.180      0.689     -6.065      0.000
    U31$2             -1.692      0.289     -5.854      0.000
    U33$1              3.770      1.628      2.316      0.021
    U33$2              5.116      1.703      3.003      0.003
    U34$1             33.010      0.000    999.000    999.000

Latent Class C3#5

 Thresholds
    U31$1            -32.598      0.000    999.000    999.000
    U31$2             -0.253      0.336     -0.751      0.453
    U33$1             -8.662      0.978     -8.857      0.000
    U33$2              6.190      1.537      4.029      0.000
    U34$1             -0.029      0.380     -0.075      0.940

Categorical Latent Variables

 Means
    CB#1               0.911      0.047     19.251      0.000
    C1#1               0.155      0.019      8.268      0.000
    C1#2               0.037      0.010      3.871      0.000
    C1#3               0.254      0.024     10.373      0.000
    C1#4               0.431      0.023     18.484      0.000

Latent Class CB#1

 C2#1     ON
    C1#1               0.531      0.043     12.424      0.000
    C1#2               0.075      0.029      2.577      0.010
    C1#3               0.033      0.008      4.059      0.000
    C1#4               0.015      0.015      1.027      0.304
    C1#5               0.008      0.013      0.572      0.568

 C2#2     ON
    C1#1               0.067      0.019      3.554      0.000
    C1#2               0.623      0.107      5.822      0.000
    C1#3               0.144      0.029      5.022      0.000
    C1#4               0.015      0.011      1.342      0.180
    C1#5               0.221      0.045      4.926      0.000

 C2#3     ON
    C1#1               0.074      0.020      3.711      0.000
    C1#2               0.264      0.047      5.637      0.000
    C1#3               0.586      0.031     19.038      0.000
    C1#4               0.145      0.019      7.823      0.000
    C1#5               0.336      0.037      9.124      0.000

 C2#4     ON
    C1#1               0.296      0.038      7.784      0.000
    C1#2               0.010      0.014      0.680      0.496
    C1#3               0.055      0.011      4.958      0.000
    C1#4               0.619      0.034     18.126      0.000
    C1#5               0.072      0.016      4.577      0.000

 C3#1     ON
    C2#1               0.531      0.043     12.424      0.000
    C2#2               0.075      0.029      2.577      0.010
    C2#3               0.033      0.008      4.059      0.000
    C2#4               0.015      0.015      1.027      0.304
    C2#5               0.008      0.013      0.572      0.568

 C3#2     ON
    C2#1               0.067      0.019      3.554      0.000
    C2#2               0.623      0.107      5.822      0.000
    C2#3               0.144      0.029      5.022      0.000
    C2#4               0.015      0.011      1.342      0.180
    C2#5               0.221      0.045      4.926      0.000

 C3#3     ON
    C2#1               0.074      0.020      3.711      0.000
    C2#2               0.264      0.047      5.637      0.000
    C2#3               0.586      0.031     19.038      0.000
    C2#4               0.145      0.019      7.823      0.000
    C2#5               0.336      0.037      9.124      0.000

 C3#4     ON
    C2#1               0.296      0.038      7.784      0.000
    C2#2               0.010      0.014      0.680      0.496
    C2#3               0.055      0.011      4.958      0.000
    C2#4               0.619      0.034     18.126      0.000
    C2#5               0.072      0.016      4.577      0.000

Latent Class CB#2

 C2#1     ON
    C1#1               1.000      0.000    999.000    999.000
    C1#2               0.000      0.000    999.000    999.000
    C1#3               0.000      0.000    999.000    999.000
    C1#4               0.000      0.000    999.000    999.000
    C1#5               0.000      0.000    999.000    999.000

 C2#2     ON
    C1#1               0.000      0.000    999.000    999.000
    C1#2               1.000      0.000    999.000    999.000
    C1#3               0.000      0.000    999.000    999.000
    C1#4               0.000      0.000    999.000    999.000
    C1#5               0.000      0.000    999.000    999.000

 C2#3     ON
    C1#1               0.000      0.000    999.000    999.000
    C1#2               0.000      0.000    999.000    999.000
    C1#3               1.000      0.000    999.000    999.000
    C1#4               0.000      0.000    999.000    999.000
    C1#5               0.000      0.000    999.000    999.000

 C2#4     ON
    C1#1               0.000      0.000    999.000    999.000
    C1#2               0.000      0.000    999.000    999.000
    C1#3               0.000      0.000    999.000    999.000
    C1#4               1.000      0.000    999.000    999.000
    C1#5               0.000      0.000    999.000    999.000

 C3#1     ON
    C2#1               1.000      0.000    999.000    999.000
    C2#2               0.000      0.000    999.000    999.000
    C2#3               0.000      0.000    999.000    999.000
    C2#4               0.000      0.000    999.000    999.000
    C2#5               0.000      0.000    999.000    999.000

 C3#2     ON
    C2#1               0.000      0.000    999.000    999.000
    C2#2               1.000      0.000    999.000    999.000
    C2#3               0.000      0.000    999.000    999.000
    C2#4               0.000      0.000    999.000    999.000
    C2#5               0.000      0.000    999.000    999.000

 C3#3     ON
    C2#1               0.000      0.000    999.000    999.000
    C2#2               0.000      0.000    999.000    999.000
    C2#3               1.000      0.000    999.000    999.000
    C2#4               0.000      0.000    999.000    999.000
    C2#5               0.000      0.000    999.000    999.000

 C3#4     ON
    C2#1               0.000      0.000    999.000    999.000
    C2#2               0.000      0.000    999.000    999.000
    C2#3               0.000      0.000    999.000    999.000
    C2#4               1.000      0.000    999.000    999.000
    C2#5               0.000      0.000    999.000    999.000


RESULTS IN PROBABILITY SCALE

                    Estimate

Results for Class-specific Model Parts of C1

Latent Class C1#1

 U11
    Category 1         0.866
    Category 2         0.041
    Category 3         0.093
 U13
    Category 1         0.927
    Category 2         0.030
    Category 3         0.043
 U14
    Category 1         1.000
    Category 2         0.000

Latent Class C1#2

 U11
    Category 1         0.193
    Category 2         0.696
    Category 3         0.111
 U13
    Category 1         0.004
    Category 2         0.891
    Category 3         0.104
 U14
    Category 1         0.127
    Category 2         0.873

Latent Class C1#3

 U11
    Category 1         0.055
    Category 2         0.047
    Category 3         0.898
 U13
    Category 1         0.016
    Category 2         0.096
    Category 3         0.888
 U14
    Category 1         0.403
    Category 2         0.597

Latent Class C1#4

 U11
    Category 1         0.040
    Category 2         0.192
    Category 3         0.768
 U13
    Category 1         0.796
    Category 2         0.073
    Category 3         0.130
 U14
    Category 1         1.000
    Category 2         0.000

Latent Class C1#5

 U11
    Category 1         0.000
    Category 2         0.456
    Category 3         0.544
 U13
    Category 1         0.029
    Category 2         0.884
    Category 3         0.087
 U14
    Category 1         0.495
    Category 2         0.505

Results for Class-specific Model Parts of C2

Latent Class C2#1

 U21
    Category 1         0.866
    Category 2         0.041
    Category 3         0.093
 U23
    Category 1         0.927
    Category 2         0.030
    Category 3         0.043
 U24
    Category 1         1.000
    Category 2         0.000

Latent Class C2#2

 U21
    Category 1         0.193
    Category 2         0.696
    Category 3         0.111
 U23
    Category 1         0.004
    Category 2         0.891
    Category 3         0.104
 U24
    Category 1         0.127
    Category 2         0.873

Latent Class C2#3

 U21
    Category 1         0.055
    Category 2         0.047
    Category 3         0.898
 U23
    Category 1         0.016
    Category 2         0.096
    Category 3         0.888
 U24
    Category 1         0.403
    Category 2         0.597

Latent Class C2#4

 U21
    Category 1         0.040
    Category 2         0.192
    Category 3         0.768
 U23
    Category 1         0.796
    Category 2         0.073
    Category 3         0.130
 U24
    Category 1         1.000
    Category 2         0.000

Latent Class C2#5

 U21
    Category 1         0.000
    Category 2         0.456
    Category 3         0.544
 U23
    Category 1         0.029
    Category 2         0.884
    Category 3         0.087
 U24
    Category 1         0.495
    Category 2         0.505

Results for Class-specific Model Parts of C3

Latent Class C3#1

 U31
    Category 1         0.866
    Category 2         0.041
    Category 3         0.093
 U33
    Category 1         0.927
    Category 2         0.030
    Category 3         0.043
 U34
    Category 1         1.000
    Category 2         0.000

Latent Class C3#2

 U31
    Category 1         0.193
    Category 2         0.696
    Category 3         0.111
 U33
    Category 1         0.004
    Category 2         0.891
    Category 3         0.104
 U34
    Category 1         0.127
    Category 2         0.873

Latent Class C3#3

 U31
    Category 1         0.055
    Category 2         0.047
    Category 3         0.898
 U33
    Category 1         0.016
    Category 2         0.096
    Category 3         0.888
 U34
    Category 1         0.403
    Category 2         0.597

Latent Class C3#4

 U31
    Category 1         0.040
    Category 2         0.192
    Category 3         0.768
 U33
    Category 1         0.796
    Category 2         0.073
    Category 3         0.130
 U34
    Category 1         1.000
    Category 2         0.000

Latent Class C3#5

 U31
    Category 1         0.000
    Category 2         0.456
    Category 3         0.544
 U33
    Category 1         0.029
    Category 2         0.884
    Category 3         0.087
 U34
    Category 1         0.495
    Category 2         0.505


QUALITY OF NUMERICAL RESULTS

     Condition Number for the Information Matrix              0.258E-05
       (ratio of smallest to largest eigenvalue)


     Beginning Time:  09:21:17
        Ending Time:  09:33:29
       Elapsed Time:  00:12:12



MUTHEN & MUTHEN
3463 Stoner Ave.
Los Angeles, CA  90066

Tel: (310) 391-9971
Fax: (310) 391-8971
Web: www.StatModel.com
Support: Support@StatModel.com

Copyright (c) 1998-2019 Muthen & Muthen
